[0.390s] Invoking command in '/home/ant/ros2_ws/build/my_robot_interfaces': CMAKE_PREFIX_PATH=${CMAKE_PREFIX_PATH}:/home/ant/ros2_ws/install/my_py_pkg:/opt/ros/humble CONDA_PROMPT_MODIFIER=(base) /usr/bin/cmake --build /home/ant/ros2_ws/build/my_robot_interfaces -- -j4 -l4
[0.616s] [  9%] Built target my_robot_interfaces__rosidl_generator_c
[0.652s] [ 12%] Built target my_robot_interfaces__cpp
[0.655s] [ 12%] Built target ament_cmake_python_copy_my_robot_interfaces
[0.906s] [ 22%] Built target my_robot_interfaces__rosidl_typesupport_c
[0.955s] [ 32%] Built target my_robot_interfaces__rosidl_typesupport_fastrtps_c
[1.004s] [ 41%] Built target my_robot_interfaces__rosidl_typesupport_introspection_c
[1.263s] [ 51%] Built target my_robot_interfaces__rosidl_typesupport_cpp
[1.327s] [ 61%] Built target my_robot_interfaces__rosidl_typesupport_fastrtps_cpp
[1.388s] [ 70%] Built target my_robot_interfaces__rosidl_typesupport_introspection_cpp
[1.517s] [ 70%] Built target my_robot_interfaces
[1.598s] [ 74%] Built target my_robot_interfaces__py
[1.928s] [ 80%] Built target my_robot_interfaces__rosidl_generator_py
[2.224s] [ 87%] Built target my_robot_interfaces__rosidl_typesupport_fastrtps_c__pyext
[2.287s] [ 93%] Built target my_robot_interfaces__rosidl_typesupport_introspection_c__pyext
[2.323s] [100%] Built target my_robot_interfaces__rosidl_typesupport_c__pyext
[2.381s] running egg_info
[2.381s] writing my_robot_interfaces.egg-info/PKG-INFO
[2.382s] writing dependency_links to my_robot_interfaces.egg-info/dependency_links.txt
[2.382s] writing top-level names to my_robot_interfaces.egg-info/top_level.txt
[2.384s] reading manifest file 'my_robot_interfaces.egg-info/SOURCES.txt'
[2.439s] writing manifest file 'my_robot_interfaces.egg-info/SOURCES.txt'
[2.540s] [100%] Built target ament_cmake_python_build_my_robot_interfaces_egg
[2.584s] Invoked command in '/home/ant/ros2_ws/build/my_robot_interfaces' returned '0': CMAKE_PREFIX_PATH=${CMAKE_PREFIX_PATH}:/home/ant/ros2_ws/install/my_py_pkg:/opt/ros/humble CONDA_PROMPT_MODIFIER=(base) /usr/bin/cmake --build /home/ant/ros2_ws/build/my_robot_interfaces -- -j4 -l4
[3.088s] Invoking command in '/home/ant/ros2_ws/build/my_robot_interfaces': CMAKE_PREFIX_PATH=${CMAKE_PREFIX_PATH}:/home/ant/ros2_ws/install/my_py_pkg:/opt/ros/humble CONDA_PROMPT_MODIFIER=(base) /usr/bin/cmake --install /home/ant/ros2_ws/build/my_robot_interfaces
[3.119s] -- Install configuration: ""
[3.119s] -- Up-to-date: /home/ant/ros2_ws/install/my_robot_interfaces/share/ament_index/resource_index/rosidl_interfaces/my_robot_interfaces
[3.120s] -- Up-to-date: /home/ant/ros2_ws/install/my_robot_interfaces/include/my_robot_interfaces/my_robot_interfaces
[3.120s] -- Up-to-date: /home/ant/ros2_ws/install/my_robot_interfaces/include/my_robot_interfaces/my_robot_interfaces/msg
[3.120s] -- Up-to-date: /home/ant/ros2_ws/install/my_robot_interfaces/include/my_robot_interfaces/my_robot_interfaces/msg/detail
[3.120s] -- Up-to-date: /home/ant/ros2_ws/install/my_robot_interfaces/include/my_robot_interfaces/my_robot_interfaces/msg/detail/hardware_status__functions.c
[3.121s] -- Up-to-date: /home/ant/ros2_ws/install/my_robot_interfaces/include/my_robot_interfaces/my_robot_interfaces/msg/detail/hardware_status__type_support.h
[3.121s] -- Up-to-date: /home/ant/ros2_ws/install/my_robot_interfaces/include/my_robot_interfaces/my_robot_interfaces/msg/detail/hardware_status__functions.h
[3.122s] -- Up-to-date: /home/ant/ros2_ws/install/my_robot_interfaces/include/my_robot_interfaces/my_robot_interfaces/msg/detail/hardware_status__struct.h
[3.126s] -- Up-to-date: /home/ant/ros2_ws/install/my_robot_interfaces/include/my_robot_interfaces/my_robot_interfaces/msg/rosidl_generator_c__visibility_control.h
[3.126s] -- Up-to-date: /home/ant/ros2_ws/install/my_robot_interfaces/include/my_robot_interfaces/my_robot_interfaces/msg/hardware_status.h
[3.127s] -- Up-to-date: /home/ant/ros2_ws/install/my_robot_interfaces/share/my_robot_interfaces/environment/library_path.sh
[3.127s] -- Up-to-date: /home/ant/ros2_ws/install/my_robot_interfaces/share/my_robot_interfaces/environment/library_path.dsv
[3.127s] -- Up-to-date: /home/ant/ros2_ws/install/my_robot_interfaces/lib/libmy_robot_interfaces__rosidl_generator_c.so
[3.128s] -- Up-to-date: /home/ant/ros2_ws/install/my_robot_interfaces/include/my_robot_interfaces/my_robot_interfaces
[3.129s] -- Up-to-date: /home/ant/ros2_ws/install/my_robot_interfaces/include/my_robot_interfaces/my_robot_interfaces/msg
[3.129s] -- Up-to-date: /home/ant/ros2_ws/install/my_robot_interfaces/include/my_robot_interfaces/my_robot_interfaces/msg/detail
[3.129s] -- Up-to-date: /home/ant/ros2_ws/install/my_robot_interfaces/include/my_robot_interfaces/my_robot_interfaces/msg/detail/hardware_status__rosidl_typesupport_fastrtps_c.h
[3.129s] -- Up-to-date: /home/ant/ros2_ws/install/my_robot_interfaces/include/my_robot_interfaces/my_robot_interfaces/msg/rosidl_typesupport_fastrtps_c__visibility_control.h
[3.130s] -- Up-to-date: /home/ant/ros2_ws/install/my_robot_interfaces/lib/libmy_robot_interfaces__rosidl_typesupport_fastrtps_c.so
[3.133s] -- Up-to-date: /home/ant/ros2_ws/install/my_robot_interfaces/include/my_robot_interfaces/my_robot_interfaces
[3.134s] -- Up-to-date: /home/ant/ros2_ws/install/my_robot_interfaces/include/my_robot_interfaces/my_robot_interfaces/msg
[3.134s] -- Up-to-date: /home/ant/ros2_ws/install/my_robot_interfaces/include/my_robot_interfaces/my_robot_interfaces/msg/detail
[3.134s] -- Up-to-date: /home/ant/ros2_ws/install/my_robot_interfaces/include/my_robot_interfaces/my_robot_interfaces/msg/detail/hardware_status__type_support.c
[3.134s] -- Up-to-date: /home/ant/ros2_ws/install/my_robot_interfaces/include/my_robot_interfaces/my_robot_interfaces/msg/detail/hardware_status__rosidl_typesupport_introspection_c.h
[3.135s] -- Up-to-date: /home/ant/ros2_ws/install/my_robot_interfaces/include/my_robot_interfaces/my_robot_interfaces/msg/rosidl_typesupport_introspection_c__visibility_control.h
[3.135s] -- Up-to-date: /home/ant/ros2_ws/install/my_robot_interfaces/lib/libmy_robot_interfaces__rosidl_typesupport_introspection_c.so
[3.135s] -- Up-to-date: /home/ant/ros2_ws/install/my_robot_interfaces/lib/libmy_robot_interfaces__rosidl_typesupport_c.so
[3.136s] -- Up-to-date: /home/ant/ros2_ws/install/my_robot_interfaces/include/my_robot_interfaces/my_robot_interfaces
[3.136s] -- Up-to-date: /home/ant/ros2_ws/install/my_robot_interfaces/include/my_robot_interfaces/my_robot_interfaces/msg
[3.137s] -- Up-to-date: /home/ant/ros2_ws/install/my_robot_interfaces/include/my_robot_interfaces/my_robot_interfaces/msg/detail
[3.137s] -- Up-to-date: /home/ant/ros2_ws/install/my_robot_interfaces/include/my_robot_interfaces/my_robot_interfaces/msg/detail/hardware_status__struct.hpp
[3.137s] -- Up-to-date: /home/ant/ros2_ws/install/my_robot_interfaces/include/my_robot_interfaces/my_robot_interfaces/msg/detail/hardware_status__traits.hpp
[3.137s] -- Up-to-date: /home/ant/ros2_ws/install/my_robot_interfaces/include/my_robot_interfaces/my_robot_interfaces/msg/detail/hardware_status__builder.hpp
[3.138s] -- Up-to-date: /home/ant/ros2_ws/install/my_robot_interfaces/include/my_robot_interfaces/my_robot_interfaces/msg/hardware_status.hpp
[3.138s] -- Up-to-date: /home/ant/ros2_ws/install/my_robot_interfaces/include/my_robot_interfaces/my_robot_interfaces
[3.138s] -- Up-to-date: /home/ant/ros2_ws/install/my_robot_interfaces/include/my_robot_interfaces/my_robot_interfaces/msg
[3.138s] -- Up-to-date: /home/ant/ros2_ws/install/my_robot_interfaces/include/my_robot_interfaces/my_robot_interfaces/msg/detail
[3.139s] -- Up-to-date: /home/ant/ros2_ws/install/my_robot_interfaces/include/my_robot_interfaces/my_robot_interfaces/msg/detail/hardware_status__rosidl_typesupport_fastrtps_cpp.hpp
[3.139s] -- Up-to-date: /home/ant/ros2_ws/install/my_robot_interfaces/include/my_robot_interfaces/my_robot_interfaces/msg/detail/dds_fastrtps
[3.139s] -- Up-to-date: /home/ant/ros2_ws/install/my_robot_interfaces/include/my_robot_interfaces/my_robot_interfaces/msg/rosidl_typesupport_fastrtps_cpp__visibility_control.h
[3.139s] -- Up-to-date: /home/ant/ros2_ws/install/my_robot_interfaces/lib/libmy_robot_interfaces__rosidl_typesupport_fastrtps_cpp.so
[3.140s] -- Up-to-date: /home/ant/ros2_ws/install/my_robot_interfaces/include/my_robot_interfaces/my_robot_interfaces
[3.140s] -- Up-to-date: /home/ant/ros2_ws/install/my_robot_interfaces/include/my_robot_interfaces/my_robot_interfaces/msg
[3.140s] -- Up-to-date: /home/ant/ros2_ws/install/my_robot_interfaces/include/my_robot_interfaces/my_robot_interfaces/msg/detail
[3.140s] -- Up-to-date: /home/ant/ros2_ws/install/my_robot_interfaces/include/my_robot_interfaces/my_robot_interfaces/msg/detail/hardware_status__type_support.cpp
[3.140s] -- Up-to-date: /home/ant/ros2_ws/install/my_robot_interfaces/include/my_robot_interfaces/my_robot_interfaces/msg/detail/hardware_status__rosidl_typesupport_introspection_cpp.hpp
[3.141s] -- Up-to-date: /home/ant/ros2_ws/install/my_robot_interfaces/lib/libmy_robot_interfaces__rosidl_typesupport_introspection_cpp.so
[3.141s] -- Up-to-date: /home/ant/ros2_ws/install/my_robot_interfaces/lib/libmy_robot_interfaces__rosidl_typesupport_cpp.so
[3.141s] -- Up-to-date: /home/ant/ros2_ws/install/my_robot_interfaces/share/my_robot_interfaces/environment/pythonpath.sh
[3.141s] -- Up-to-date: /home/ant/ros2_ws/install/my_robot_interfaces/share/my_robot_interfaces/environment/pythonpath.dsv
[3.142s] -- Up-to-date: /home/ant/ros2_ws/install/my_robot_interfaces/local/lib/python3.10/dist-packages/my_robot_interfaces-0.0.0-py3.10.egg-info
[3.142s] -- Installing: /home/ant/ros2_ws/install/my_robot_interfaces/local/lib/python3.10/dist-packages/my_robot_interfaces-0.0.0-py3.10.egg-info/PKG-INFO
[3.142s] -- Installing: /home/ant/ros2_ws/install/my_robot_interfaces/local/lib/python3.10/dist-packages/my_robot_interfaces-0.0.0-py3.10.egg-info/dependency_links.txt
[3.143s] -- Installing: /home/ant/ros2_ws/install/my_robot_interfaces/local/lib/python3.10/dist-packages/my_robot_interfaces-0.0.0-py3.10.egg-info/top_level.txt
[3.143s] -- Installing: /home/ant/ros2_ws/install/my_robot_interfaces/local/lib/python3.10/dist-packages/my_robot_interfaces-0.0.0-py3.10.egg-info/SOURCES.txt
[3.143s] -- Up-to-date: /home/ant/ros2_ws/install/my_robot_interfaces/local/lib/python3.10/dist-packages/my_robot_interfaces
[3.143s] -- Up-to-date: /home/ant/ros2_ws/install/my_robot_interfaces/local/lib/python3.10/dist-packages/my_robot_interfaces/my_robot_interfaces_s__rosidl_typesupport_introspection_c.cpython-311-x86_64-linux-gnu.so
[3.143s] -- Up-to-date: /home/ant/ros2_ws/install/my_robot_interfaces/local/lib/python3.10/dist-packages/my_robot_interfaces/_my_robot_interfaces_s.ep.rosidl_typesupport_c.c
[3.145s] -- Up-to-date: /home/ant/ros2_ws/install/my_robot_interfaces/local/lib/python3.10/dist-packages/my_robot_interfaces/libmy_robot_interfaces__rosidl_generator_py.so
[3.145s] -- Up-to-date: /home/ant/ros2_ws/install/my_robot_interfaces/local/lib/python3.10/dist-packages/my_robot_interfaces/_my_robot_interfaces_s.ep.rosidl_typesupport_fastrtps_c.c
[3.145s] -- Up-to-date: /home/ant/ros2_ws/install/my_robot_interfaces/local/lib/python3.10/dist-packages/my_robot_interfaces/my_robot_interfaces_s__rosidl_typesupport_fastrtps_c.cpython-311-x86_64-linux-gnu.so
[3.145s] -- Up-to-date: /home/ant/ros2_ws/install/my_robot_interfaces/local/lib/python3.10/dist-packages/my_robot_interfaces/msg
[3.146s] -- Up-to-date: /home/ant/ros2_ws/install/my_robot_interfaces/local/lib/python3.10/dist-packages/my_robot_interfaces/msg/_hardware_status.py
[3.146s] -- Up-to-date: /home/ant/ros2_ws/install/my_robot_interfaces/local/lib/python3.10/dist-packages/my_robot_interfaces/msg/__init__.py
[3.146s] -- Up-to-date: /home/ant/ros2_ws/install/my_robot_interfaces/local/lib/python3.10/dist-packages/my_robot_interfaces/msg/_hardware_status_s.c
[3.147s] -- Up-to-date: /home/ant/ros2_ws/install/my_robot_interfaces/local/lib/python3.10/dist-packages/my_robot_interfaces/my_robot_interfaces_s__rosidl_typesupport_c.cpython-311-x86_64-linux-gnu.so
[3.147s] -- Up-to-date: /home/ant/ros2_ws/install/my_robot_interfaces/local/lib/python3.10/dist-packages/my_robot_interfaces/__init__.py
[3.148s] -- Up-to-date: /home/ant/ros2_ws/install/my_robot_interfaces/local/lib/python3.10/dist-packages/my_robot_interfaces/_my_robot_interfaces_s.ep.rosidl_typesupport_introspection_c.c
[3.280s] Listing '/home/ant/ros2_ws/install/my_robot_interfaces/local/lib/python3.10/dist-packages/my_robot_interfaces'...
[3.281s] Listing '/home/ant/ros2_ws/install/my_robot_interfaces/local/lib/python3.10/dist-packages/my_robot_interfaces/msg'...
[3.295s] -- Up-to-date: /home/ant/ros2_ws/install/my_robot_interfaces/local/lib/python3.10/dist-packages/my_robot_interfaces/my_robot_interfaces_s__rosidl_typesupport_fastrtps_c.cpython-311-x86_64-linux-gnu.so
[3.297s] -- Up-to-date: /home/ant/ros2_ws/install/my_robot_interfaces/local/lib/python3.10/dist-packages/my_robot_interfaces/my_robot_interfaces_s__rosidl_typesupport_introspection_c.cpython-311-x86_64-linux-gnu.so
[3.298s] -- Up-to-date: /home/ant/ros2_ws/install/my_robot_interfaces/local/lib/python3.10/dist-packages/my_robot_interfaces/my_robot_interfaces_s__rosidl_typesupport_c.cpython-311-x86_64-linux-gnu.so
[3.298s] -- Up-to-date: /home/ant/ros2_ws/install/my_robot_interfaces/lib/libmy_robot_interfaces__rosidl_generator_py.so
[3.299s] -- Up-to-date: /home/ant/ros2_ws/install/my_robot_interfaces/share/my_robot_interfaces/msg/HardwareStatus.idl
[3.299s] -- Up-to-date: /home/ant/ros2_ws/install/my_robot_interfaces/share/my_robot_interfaces/msg/HardwareStatus.msg
[3.299s] -- Up-to-date: /home/ant/ros2_ws/install/my_robot_interfaces/share/ament_index/resource_index/package_run_dependencies/my_robot_interfaces
[3.300s] -- Up-to-date: /home/ant/ros2_ws/install/my_robot_interfaces/share/ament_index/resource_index/parent_prefix_path/my_robot_interfaces
[3.300s] -- Up-to-date: /home/ant/ros2_ws/install/my_robot_interfaces/share/my_robot_interfaces/environment/ament_prefix_path.sh
[3.300s] -- Up-to-date: /home/ant/ros2_ws/install/my_robot_interfaces/share/my_robot_interfaces/environment/ament_prefix_path.dsv
[3.300s] -- Up-to-date: /home/ant/ros2_ws/install/my_robot_interfaces/share/my_robot_interfaces/environment/path.sh
[3.301s] -- Up-to-date: /home/ant/ros2_ws/install/my_robot_interfaces/share/my_robot_interfaces/environment/path.dsv
[3.301s] -- Up-to-date: /home/ant/ros2_ws/install/my_robot_interfaces/share/my_robot_interfaces/local_setup.bash
[3.302s] -- Up-to-date: /home/ant/ros2_ws/install/my_robot_interfaces/share/my_robot_interfaces/local_setup.sh
[3.302s] -- Up-to-date: /home/ant/ros2_ws/install/my_robot_interfaces/share/my_robot_interfaces/local_setup.zsh
[3.303s] -- Up-to-date: /home/ant/ros2_ws/install/my_robot_interfaces/share/my_robot_interfaces/local_setup.dsv
[3.303s] -- Installing: /home/ant/ros2_ws/install/my_robot_interfaces/share/my_robot_interfaces/package.dsv
[3.304s] -- Up-to-date: /home/ant/ros2_ws/install/my_robot_interfaces/share/ament_index/resource_index/packages/my_robot_interfaces
[3.305s] -- Up-to-date: /home/ant/ros2_ws/install/my_robot_interfaces/share/my_robot_interfaces/cmake/export_my_robot_interfaces__rosidl_generator_cExport.cmake
[3.305s] -- Up-to-date: /home/ant/ros2_ws/install/my_robot_interfaces/share/my_robot_interfaces/cmake/export_my_robot_interfaces__rosidl_generator_cExport-noconfig.cmake
[3.307s] -- Up-to-date: /home/ant/ros2_ws/install/my_robot_interfaces/share/my_robot_interfaces/cmake/export_my_robot_interfaces__rosidl_typesupport_fastrtps_cExport.cmake
[3.308s] -- Up-to-date: /home/ant/ros2_ws/install/my_robot_interfaces/share/my_robot_interfaces/cmake/export_my_robot_interfaces__rosidl_typesupport_fastrtps_cExport-noconfig.cmake
[3.309s] -- Up-to-date: /home/ant/ros2_ws/install/my_robot_interfaces/share/my_robot_interfaces/cmake/my_robot_interfaces__rosidl_typesupport_introspection_cExport.cmake
[3.310s] -- Up-to-date: /home/ant/ros2_ws/install/my_robot_interfaces/share/my_robot_interfaces/cmake/my_robot_interfaces__rosidl_typesupport_introspection_cExport-noconfig.cmake
[3.311s] -- Up-to-date: /home/ant/ros2_ws/install/my_robot_interfaces/share/my_robot_interfaces/cmake/my_robot_interfaces__rosidl_typesupport_cExport.cmake
[3.311s] -- Up-to-date: /home/ant/ros2_ws/install/my_robot_interfaces/share/my_robot_interfaces/cmake/my_robot_interfaces__rosidl_typesupport_cExport-noconfig.cmake
[3.313s] -- Up-to-date: /home/ant/ros2_ws/install/my_robot_interfaces/share/my_robot_interfaces/cmake/export_my_robot_interfaces__rosidl_generator_cppExport.cmake
[3.315s] -- Up-to-date: /home/ant/ros2_ws/install/my_robot_interfaces/share/my_robot_interfaces/cmake/export_my_robot_interfaces__rosidl_typesupport_fastrtps_cppExport.cmake
[3.316s] -- Up-to-date: /home/ant/ros2_ws/install/my_robot_interfaces/share/my_robot_interfaces/cmake/export_my_robot_interfaces__rosidl_typesupport_fastrtps_cppExport-noconfig.cmake
[3.317s] -- Up-to-date: /home/ant/ros2_ws/install/my_robot_interfaces/share/my_robot_interfaces/cmake/my_robot_interfaces__rosidl_typesupport_introspection_cppExport.cmake
[3.318s] -- Up-to-date: /home/ant/ros2_ws/install/my_robot_interfaces/share/my_robot_interfaces/cmake/my_robot_interfaces__rosidl_typesupport_introspection_cppExport-noconfig.cmake
[3.319s] -- Up-to-date: /home/ant/ros2_ws/install/my_robot_interfaces/share/my_robot_interfaces/cmake/my_robot_interfaces__rosidl_typesupport_cppExport.cmake
[3.320s] -- Up-to-date: /home/ant/ros2_ws/install/my_robot_interfaces/share/my_robot_interfaces/cmake/my_robot_interfaces__rosidl_typesupport_cppExport-noconfig.cmake
[3.321s] -- Up-to-date: /home/ant/ros2_ws/install/my_robot_interfaces/share/my_robot_interfaces/cmake/export_my_robot_interfaces__rosidl_generator_pyExport.cmake
[3.322s] -- Up-to-date: /home/ant/ros2_ws/install/my_robot_interfaces/share/my_robot_interfaces/cmake/export_my_robot_interfaces__rosidl_generator_pyExport-noconfig.cmake
[3.323s] -- Up-to-date: /home/ant/ros2_ws/install/my_robot_interfaces/share/my_robot_interfaces/cmake/rosidl_cmake-extras.cmake
[3.323s] -- Up-to-date: /home/ant/ros2_ws/install/my_robot_interfaces/share/my_robot_interfaces/cmake/ament_cmake_export_include_directories-extras.cmake
[3.324s] -- Up-to-date: /home/ant/ros2_ws/install/my_robot_interfaces/share/my_robot_interfaces/cmake/ament_cmake_export_libraries-extras.cmake
[3.324s] -- Up-to-date: /home/ant/ros2_ws/install/my_robot_interfaces/share/my_robot_interfaces/cmake/ament_cmake_export_targets-extras.cmake
[3.325s] -- Up-to-date: /home/ant/ros2_ws/install/my_robot_interfaces/share/my_robot_interfaces/cmake/rosidl_cmake_export_typesupport_targets-extras.cmake
[3.332s] -- Up-to-date: /home/ant/ros2_ws/install/my_robot_interfaces/share/my_robot_interfaces/cmake/ament_cmake_export_dependencies-extras.cmake
[3.334s] -- Up-to-date: /home/ant/ros2_ws/install/my_robot_interfaces/share/my_robot_interfaces/cmake/rosidl_cmake_export_typesupport_libraries-extras.cmake
[3.335s] -- Up-to-date: /home/ant/ros2_ws/install/my_robot_interfaces/share/my_robot_interfaces/cmake/my_robot_interfacesConfig.cmake
[3.336s] -- Up-to-date: /home/ant/ros2_ws/install/my_robot_interfaces/share/my_robot_interfaces/cmake/my_robot_interfacesConfig-version.cmake
[3.336s] -- Up-to-date: /home/ant/ros2_ws/install/my_robot_interfaces/share/my_robot_interfaces/package.xml
[3.337s] Invoked command in '/home/ant/ros2_ws/build/my_robot_interfaces' returned '0': CMAKE_PREFIX_PATH=${CMAKE_PREFIX_PATH}:/home/ant/ros2_ws/install/my_py_pkg:/opt/ros/humble CONDA_PROMPT_MODIFIER=(base) /usr/bin/cmake --install /home/ant/ros2_ws/build/my_robot_interfaces
