[1.427s] DEBUG:colcon:Command line arguments: ['/usr/bin/colcon', 'build', '--packages-select', 'my_new_robot_interfaces']
[1.427s] DEBUG:colcon:Parsed command line arguments: Namespace(log_base=None, log_level=None, verb_name='build', build_base='build', install_base='install', merge_install=False, symlink_install=False, test_result_base=None, continue_on_error=False, executor='parallel', parallel_workers=4, event_handlers=None, ignore_user_meta=False, metas=['./colcon.meta'], base_paths=['.'], packages_ignore=None, packages_ignore_regex=None, paths=None, packages_up_to=None, packages_up_to_regex=None, packages_above=None, packages_above_and_dependencies=None, packages_above_depth=None, packages_select_by_dep=None, packages_skip_by_dep=None, packages_skip_up_to=None, packages_select_build_failed=False, packages_skip_build_finished=False, packages_select_test_failures=False, packages_skip_test_passed=False, packages_select=['my_new_robot_interfaces'], packages_skip=None, packages_select_regex=None, packages_skip_regex=None, packages_start=None, packages_end=None, allow_overriding=[], cmake_args=None, cmake_target=None, cmake_target_skip_unavailable=False, cmake_clean_cache=False, cmake_clean_first=False, cmake_force_configure=False, ament_cmake_args=None, catkin_cmake_args=None, catkin_skip_building_tests=False, verb_parser=<colcon_defaults.argument_parser.defaults.DefaultArgumentsDecorator object at 0x7f7acccc12a0>, verb_extension=<colcon_core.verb.build.BuildVerb object at 0x7f7acccc3970>, main=<bound method BuildVerb.main of <colcon_core.verb.build.BuildVerb object at 0x7f7acccc3970>>)
[1.515s] Level 1:colcon.colcon_core.package_discovery:discover_packages(colcon_meta) check parameters
[1.515s] Level 1:colcon.colcon_core.package_discovery:discover_packages(recursive) check parameters
[1.515s] Level 1:colcon.colcon_core.package_discovery:discover_packages(ignore) check parameters
[1.515s] Level 1:colcon.colcon_core.package_discovery:discover_packages(path) check parameters
[1.516s] Level 1:colcon.colcon_core.package_discovery:discover_packages(colcon_meta) discover
[1.516s] Level 1:colcon.colcon_core.package_discovery:discover_packages(recursive) discover
[1.516s] INFO:colcon.colcon_core.package_discovery:Crawling recursively for packages in '/home/ant/ros2_ws'
[1.516s] Level 1:colcon.colcon_core.package_identification:_identify(.) by extensions ['ignore', 'ignore_ament_install']
[1.516s] Level 1:colcon.colcon_core.package_identification:_identify(.) by extension 'ignore'
[1.516s] Level 1:colcon.colcon_core.package_identification:_identify(.) by extension 'ignore_ament_install'
[1.516s] Level 1:colcon.colcon_core.package_identification:_identify(.) by extensions ['colcon_pkg']
[1.516s] Level 1:colcon.colcon_core.package_identification:_identify(.) by extension 'colcon_pkg'
[1.516s] Level 1:colcon.colcon_core.package_identification:_identify(.) by extensions ['colcon_meta']
[1.516s] Level 1:colcon.colcon_core.package_identification:_identify(.) by extension 'colcon_meta'
[1.517s] Level 1:colcon.colcon_core.package_identification:_identify(.) by extensions ['ros']
[1.517s] Level 1:colcon.colcon_core.package_identification:_identify(.) by extension 'ros'
[1.533s] Level 1:colcon.colcon_core.package_identification:_identify(.) by extensions ['cmake', 'python']
[1.533s] Level 1:colcon.colcon_core.package_identification:_identify(.) by extension 'cmake'
[1.534s] Level 1:colcon.colcon_core.package_identification:_identify(.) by extension 'python'
[1.534s] Level 1:colcon.colcon_core.package_identification:_identify(.) by extensions ['python_setup_py']
[1.534s] Level 1:colcon.colcon_core.package_identification:_identify(.) by extension 'python_setup_py'
[1.534s] Level 1:colcon.colcon_core.package_identification:_identify(build) by extensions ['ignore', 'ignore_ament_install']
[1.534s] Level 1:colcon.colcon_core.package_identification:_identify(build) by extension 'ignore'
[1.534s] Level 1:colcon.colcon_core.package_identification:_identify(build) ignored
[1.535s] Level 1:colcon.colcon_core.package_identification:_identify(install) by extensions ['ignore', 'ignore_ament_install']
[1.535s] Level 1:colcon.colcon_core.package_identification:_identify(install) by extension 'ignore'
[1.535s] Level 1:colcon.colcon_core.package_identification:_identify(install) ignored
[1.535s] Level 1:colcon.colcon_core.package_identification:_identify(log) by extensions ['ignore', 'ignore_ament_install']
[1.535s] Level 1:colcon.colcon_core.package_identification:_identify(log) by extension 'ignore'
[1.535s] Level 1:colcon.colcon_core.package_identification:_identify(log) ignored
[1.536s] Level 1:colcon.colcon_core.package_identification:_identify(src) by extensions ['ignore', 'ignore_ament_install']
[1.536s] Level 1:colcon.colcon_core.package_identification:_identify(src) by extension 'ignore'
[1.536s] Level 1:colcon.colcon_core.package_identification:_identify(src) by extension 'ignore_ament_install'
[1.536s] Level 1:colcon.colcon_core.package_identification:_identify(src) by extensions ['colcon_pkg']
[1.536s] Level 1:colcon.colcon_core.package_identification:_identify(src) by extension 'colcon_pkg'
[1.536s] Level 1:colcon.colcon_core.package_identification:_identify(src) by extensions ['colcon_meta']
[1.536s] Level 1:colcon.colcon_core.package_identification:_identify(src) by extension 'colcon_meta'
[1.536s] Level 1:colcon.colcon_core.package_identification:_identify(src) by extensions ['ros']
[1.536s] Level 1:colcon.colcon_core.package_identification:_identify(src) by extension 'ros'
[1.536s] Level 1:colcon.colcon_core.package_identification:_identify(src) by extensions ['cmake', 'python']
[1.537s] Level 1:colcon.colcon_core.package_identification:_identify(src) by extension 'cmake'
[1.537s] Level 1:colcon.colcon_core.package_identification:_identify(src) by extension 'python'
[1.537s] Level 1:colcon.colcon_core.package_identification:_identify(src) by extensions ['python_setup_py']
[1.537s] Level 1:colcon.colcon_core.package_identification:_identify(src) by extension 'python_setup_py'
[1.537s] Level 1:colcon.colcon_core.package_identification:_identify(src/my_cpp_pkg) by extensions ['ignore', 'ignore_ament_install']
[1.537s] Level 1:colcon.colcon_core.package_identification:_identify(src/my_cpp_pkg) by extension 'ignore'
[1.537s] Level 1:colcon.colcon_core.package_identification:_identify(src/my_cpp_pkg) by extension 'ignore_ament_install'
[1.538s] Level 1:colcon.colcon_core.package_identification:_identify(src/my_cpp_pkg) by extensions ['colcon_pkg']
[1.538s] Level 1:colcon.colcon_core.package_identification:_identify(src/my_cpp_pkg) by extension 'colcon_pkg'
[1.538s] Level 1:colcon.colcon_core.package_identification:_identify(src/my_cpp_pkg) by extensions ['colcon_meta']
[1.538s] Level 1:colcon.colcon_core.package_identification:_identify(src/my_cpp_pkg) by extension 'colcon_meta'
[1.538s] Level 1:colcon.colcon_core.package_identification:_identify(src/my_cpp_pkg) by extensions ['ros']
[1.538s] Level 1:colcon.colcon_core.package_identification:_identify(src/my_cpp_pkg) by extension 'ros'
[1.542s] DEBUG:colcon.colcon_core.package_identification:Package 'src/my_cpp_pkg' with type 'ros.ament_cmake' and name 'my_cpp_pkg'
[1.542s] Level 1:colcon.colcon_core.package_identification:_identify(src/my_new_robot_interfaces) by extensions ['ignore', 'ignore_ament_install']
[1.542s] Level 1:colcon.colcon_core.package_identification:_identify(src/my_new_robot_interfaces) by extension 'ignore'
[1.542s] Level 1:colcon.colcon_core.package_identification:_identify(src/my_new_robot_interfaces) by extension 'ignore_ament_install'
[1.543s] Level 1:colcon.colcon_core.package_identification:_identify(src/my_new_robot_interfaces) by extensions ['colcon_pkg']
[1.543s] Level 1:colcon.colcon_core.package_identification:_identify(src/my_new_robot_interfaces) by extension 'colcon_pkg'
[1.543s] Level 1:colcon.colcon_core.package_identification:_identify(src/my_new_robot_interfaces) by extensions ['colcon_meta']
[1.543s] Level 1:colcon.colcon_core.package_identification:_identify(src/my_new_robot_interfaces) by extension 'colcon_meta'
[1.543s] Level 1:colcon.colcon_core.package_identification:_identify(src/my_new_robot_interfaces) by extensions ['ros']
[1.543s] Level 1:colcon.colcon_core.package_identification:_identify(src/my_new_robot_interfaces) by extension 'ros'
[1.544s] DEBUG:colcon.colcon_core.package_identification:Package 'src/my_new_robot_interfaces' with type 'ros.ament_cmake' and name 'my_new_robot_interfaces'
[1.544s] Level 1:colcon.colcon_core.package_identification:_identify(src/my_py_pkg) by extensions ['ignore', 'ignore_ament_install']
[1.544s] Level 1:colcon.colcon_core.package_identification:_identify(src/my_py_pkg) by extension 'ignore'
[1.544s] Level 1:colcon.colcon_core.package_identification:_identify(src/my_py_pkg) by extension 'ignore_ament_install'
[1.544s] Level 1:colcon.colcon_core.package_identification:_identify(src/my_py_pkg) by extensions ['colcon_pkg']
[1.544s] Level 1:colcon.colcon_core.package_identification:_identify(src/my_py_pkg) by extension 'colcon_pkg'
[1.544s] Level 1:colcon.colcon_core.package_identification:_identify(src/my_py_pkg) by extensions ['colcon_meta']
[1.544s] Level 1:colcon.colcon_core.package_identification:_identify(src/my_py_pkg) by extension 'colcon_meta'
[1.545s] Level 1:colcon.colcon_core.package_identification:_identify(src/my_py_pkg) by extensions ['ros']
[1.545s] Level 1:colcon.colcon_core.package_identification:_identify(src/my_py_pkg) by extension 'ros'
[1.546s] DEBUG:colcon.colcon_core.package_identification:Package 'src/my_py_pkg' with type 'ros.ament_python' and name 'my_py_pkg'
[1.546s] Level 1:colcon.colcon_core.package_identification:_identify(src/my_robot_interfaces) by extensions ['ignore', 'ignore_ament_install']
[1.546s] Level 1:colcon.colcon_core.package_identification:_identify(src/my_robot_interfaces) by extension 'ignore'
[1.546s] Level 1:colcon.colcon_core.package_identification:_identify(src/my_robot_interfaces) by extension 'ignore_ament_install'
[1.546s] Level 1:colcon.colcon_core.package_identification:_identify(src/my_robot_interfaces) by extensions ['colcon_pkg']
[1.546s] Level 1:colcon.colcon_core.package_identification:_identify(src/my_robot_interfaces) by extension 'colcon_pkg'
[1.546s] Level 1:colcon.colcon_core.package_identification:_identify(src/my_robot_interfaces) by extensions ['colcon_meta']
[1.546s] Level 1:colcon.colcon_core.package_identification:_identify(src/my_robot_interfaces) by extension 'colcon_meta'
[1.547s] Level 1:colcon.colcon_core.package_identification:_identify(src/my_robot_interfaces) by extensions ['ros']
[1.547s] Level 1:colcon.colcon_core.package_identification:_identify(src/my_robot_interfaces) by extension 'ros'
[1.547s] DEBUG:colcon.colcon_core.package_identification:Package 'src/my_robot_interfaces' with type 'ros.ament_cmake' and name 'my_robot_interfaces'
[1.547s] Level 1:colcon.colcon_core.package_discovery:discover_packages(recursive) using defaults
[1.548s] Level 1:colcon.colcon_core.package_discovery:discover_packages(ignore) discover
[1.548s] Level 1:colcon.colcon_core.package_discovery:discover_packages(ignore) using defaults
[1.548s] Level 1:colcon.colcon_core.package_discovery:discover_packages(path) discover
[1.548s] Level 1:colcon.colcon_core.package_discovery:discover_packages(path) using defaults
[1.640s] INFO:colcon.colcon_core.package_selection:Skipping not selected package 'my_cpp_pkg' in 'src/my_cpp_pkg'
[1.640s] INFO:colcon.colcon_core.package_selection:Skipping not selected package 'my_robot_interfaces' in 'src/my_robot_interfaces'
[1.640s] INFO:colcon.colcon_core.package_selection:Skipping not selected package 'my_py_pkg' in 'src/my_py_pkg'
[1.673s] Level 1:colcon.colcon_core.package_discovery:discover_packages(prefix_path) check parameters
[1.673s] Level 1:colcon.colcon_core.package_discovery:discover_packages(prefix_path) discover
[1.692s] WARNING:colcon.colcon_ros.prefix_path.ament:The path '/home/ant/ros2_ws/install/my_robot_interface' in the environment variable AMENT_PREFIX_PATH doesn't exist
[1.692s] WARNING:colcon.colcon_ros.prefix_path.catkin:The path '/home/ant/ros2_ws/install/my_robot_interface' in the environment variable CMAKE_PREFIX_PATH doesn't exist
[1.720s] DEBUG:colcon.colcon_installed_package_information.package_discovery:Found 4 installed packages in /home/ant/ros2_ws/install
[1.748s] DEBUG:colcon.colcon_installed_package_information.package_discovery:Found 270 installed packages in /opt/ros/humble
[1.750s] Level 1:colcon.colcon_core.package_discovery:discover_packages(prefix_path) using defaults
[1.863s] Level 5:colcon.colcon_core.verb:set package 'my_new_robot_interfaces' build argument 'cmake_args' from command line to 'None'
[1.863s] Level 5:colcon.colcon_core.verb:set package 'my_new_robot_interfaces' build argument 'cmake_target' from command line to 'None'
[1.863s] Level 5:colcon.colcon_core.verb:set package 'my_new_robot_interfaces' build argument 'cmake_target_skip_unavailable' from command line to 'False'
[1.863s] Level 5:colcon.colcon_core.verb:set package 'my_new_robot_interfaces' build argument 'cmake_clean_cache' from command line to 'False'
[1.863s] Level 5:colcon.colcon_core.verb:set package 'my_new_robot_interfaces' build argument 'cmake_clean_first' from command line to 'False'
[1.863s] Level 5:colcon.colcon_core.verb:set package 'my_new_robot_interfaces' build argument 'cmake_force_configure' from command line to 'False'
[1.863s] Level 5:colcon.colcon_core.verb:set package 'my_new_robot_interfaces' build argument 'ament_cmake_args' from command line to 'None'
[1.863s] Level 5:colcon.colcon_core.verb:set package 'my_new_robot_interfaces' build argument 'catkin_cmake_args' from command line to 'None'
[1.863s] Level 5:colcon.colcon_core.verb:set package 'my_new_robot_interfaces' build argument 'catkin_skip_building_tests' from command line to 'False'
[1.863s] DEBUG:colcon.colcon_core.verb:Building package 'my_new_robot_interfaces' with the following arguments: {'ament_cmake_args': None, 'build_base': '/home/ant/ros2_ws/build/my_new_robot_interfaces', 'catkin_cmake_args': None, 'catkin_skip_building_tests': False, 'cmake_args': None, 'cmake_clean_cache': False, 'cmake_clean_first': False, 'cmake_force_configure': False, 'cmake_target': None, 'cmake_target_skip_unavailable': False, 'install_base': '/home/ant/ros2_ws/install/my_new_robot_interfaces', 'merge_install': False, 'path': '/home/ant/ros2_ws/src/my_new_robot_interfaces', 'symlink_install': False, 'test_result_base': None}
[1.882s] INFO:colcon.colcon_core.executor:Executing jobs using 'parallel' executor
[1.906s] DEBUG:colcon.colcon_parallel_executor.executor.parallel:run_until_complete
[1.906s] INFO:colcon.colcon_ros.task.ament_cmake.build:Building ROS package in '/home/ant/ros2_ws/src/my_new_robot_interfaces' with build type 'ament_cmake'
[1.906s] INFO:colcon.colcon_cmake.task.cmake.build:Building CMake package in '/home/ant/ros2_ws/src/my_new_robot_interfaces'
[1.945s] INFO:colcon.colcon_core.plugin_system:Skipping extension 'colcon_core.shell.bat': Not used on non-Windows systems
[1.945s] INFO:colcon.colcon_core.shell:Skip shell extension 'powershell' for command environment: Not usable outside of PowerShell
[1.945s] DEBUG:colcon.colcon_core.shell:Skip shell extension 'dsv' for command environment
[2.028s] DEBUG:colcon.colcon_core.event_handler.log_command:Invoking command in '/home/ant/ros2_ws/build/my_new_robot_interfaces': CMAKE_PREFIX_PATH=${CMAKE_PREFIX_PATH}:/home/ant/ros2_ws/install/my_py_pkg:/opt/ros/humble CONDA_PROMPT_MODIFIER=(base) /usr/bin/cmake --build /home/ant/ros2_ws/build/my_new_robot_interfaces -- -j4 -l4
[2.828s] DEBUG:colcon.colcon_core.event_handler.log_command:Invoked command in '/home/ant/ros2_ws/build/my_new_robot_interfaces' returned '0': CMAKE_PREFIX_PATH=${CMAKE_PREFIX_PATH}:/home/ant/ros2_ws/install/my_py_pkg:/opt/ros/humble CONDA_PROMPT_MODIFIER=(base) /usr/bin/cmake --build /home/ant/ros2_ws/build/my_new_robot_interfaces -- -j4 -l4
[2.970s] DEBUG:colcon.colcon_core.event_handler.log_command:Invoking command in '/home/ant/ros2_ws/build/my_new_robot_interfaces': CMAKE_PREFIX_PATH=${CMAKE_PREFIX_PATH}:/home/ant/ros2_ws/install/my_py_pkg:/opt/ros/humble CONDA_PROMPT_MODIFIER=(base) /usr/bin/cmake --install /home/ant/ros2_ws/build/my_new_robot_interfaces
[3.081s] Level 1:colcon.colcon_core.environment:create_environment_scripts_only(my_new_robot_interfaces)
[3.082s] DEBUG:colcon.colcon_core.event_handler.log_command:Invoked command in '/home/ant/ros2_ws/build/my_new_robot_interfaces' returned '0': CMAKE_PREFIX_PATH=${CMAKE_PREFIX_PATH}:/home/ant/ros2_ws/install/my_py_pkg:/opt/ros/humble CONDA_PROMPT_MODIFIER=(base) /usr/bin/cmake --install /home/ant/ros2_ws/build/my_new_robot_interfaces
[3.106s] Level 1:colcon.colcon_core.environment:checking '/home/ant/ros2_ws/install/my_new_robot_interfaces' for CMake module files
[3.107s] Level 1:colcon.colcon_core.environment:checking '/home/ant/ros2_ws/install/my_new_robot_interfaces' for CMake config files
[3.108s] Level 1:colcon.colcon_core.shell:create_environment_hook('my_new_robot_interfaces', 'cmake_prefix_path')
[3.129s] INFO:colcon.colcon_core.shell:Creating environment hook '/home/ant/ros2_ws/install/my_new_robot_interfaces/share/my_new_robot_interfaces/hook/cmake_prefix_path.ps1'
[3.130s] INFO:colcon.colcon_core.shell:Creating environment descriptor '/home/ant/ros2_ws/install/my_new_robot_interfaces/share/my_new_robot_interfaces/hook/cmake_prefix_path.dsv'
[3.130s] INFO:colcon.colcon_core.shell:Creating environment hook '/home/ant/ros2_ws/install/my_new_robot_interfaces/share/my_new_robot_interfaces/hook/cmake_prefix_path.sh'
[3.133s] Level 1:colcon.colcon_core.environment:checking '/home/ant/ros2_ws/install/my_new_robot_interfaces/lib'
[3.134s] Level 1:colcon.colcon_core.shell:create_environment_hook('my_new_robot_interfaces', 'ld_library_path_lib')
[3.157s] INFO:colcon.colcon_core.shell:Creating environment hook '/home/ant/ros2_ws/install/my_new_robot_interfaces/share/my_new_robot_interfaces/hook/ld_library_path_lib.ps1'
[3.157s] INFO:colcon.colcon_core.shell:Creating environment descriptor '/home/ant/ros2_ws/install/my_new_robot_interfaces/share/my_new_robot_interfaces/hook/ld_library_path_lib.dsv'
[3.158s] INFO:colcon.colcon_core.shell:Creating environment hook '/home/ant/ros2_ws/install/my_new_robot_interfaces/share/my_new_robot_interfaces/hook/ld_library_path_lib.sh'
[3.158s] Level 1:colcon.colcon_core.environment:checking '/home/ant/ros2_ws/install/my_new_robot_interfaces/bin'
[3.159s] Level 1:colcon.colcon_core.environment:checking '/home/ant/ros2_ws/install/my_new_robot_interfaces/lib/pkgconfig/my_new_robot_interfaces.pc'
[3.159s] Level 1:colcon.colcon_core.environment:checking '/home/ant/ros2_ws/install/my_new_robot_interfaces/lib/python3.10/site-packages'
[3.159s] Level 1:colcon.colcon_core.environment:checking '/home/ant/ros2_ws/install/my_new_robot_interfaces/bin'
[3.177s] INFO:colcon.colcon_core.shell:Creating package script '/home/ant/ros2_ws/install/my_new_robot_interfaces/share/my_new_robot_interfaces/package.ps1'
[3.178s] INFO:colcon.colcon_core.shell:Creating package descriptor '/home/ant/ros2_ws/install/my_new_robot_interfaces/share/my_new_robot_interfaces/package.dsv'
[3.179s] INFO:colcon.colcon_core.shell:Creating package script '/home/ant/ros2_ws/install/my_new_robot_interfaces/share/my_new_robot_interfaces/package.sh'
[3.180s] INFO:colcon.colcon_core.shell:Creating package script '/home/ant/ros2_ws/install/my_new_robot_interfaces/share/my_new_robot_interfaces/package.bash'
[3.181s] INFO:colcon.colcon_core.shell:Creating package script '/home/ant/ros2_ws/install/my_new_robot_interfaces/share/my_new_robot_interfaces/package.zsh'
[3.181s] Level 1:colcon.colcon_core.environment:create_file_with_runtime_dependencies(/home/ant/ros2_ws/install/my_new_robot_interfaces/share/colcon-core/packages/my_new_robot_interfaces)
[3.307s] Level 1:colcon.colcon_core.environment:create_environment_scripts_only(my_new_robot_interfaces)
[3.333s] Level 1:colcon.colcon_core.environment:checking '/home/ant/ros2_ws/install/my_new_robot_interfaces' for CMake module files
[3.335s] Level 1:colcon.colcon_core.environment:checking '/home/ant/ros2_ws/install/my_new_robot_interfaces' for CMake config files
[3.336s] Level 1:colcon.colcon_core.shell:create_environment_hook('my_new_robot_interfaces', 'cmake_prefix_path')
[3.356s] INFO:colcon.colcon_core.shell:Creating environment hook '/home/ant/ros2_ws/install/my_new_robot_interfaces/share/my_new_robot_interfaces/hook/cmake_prefix_path.ps1'
[3.356s] INFO:colcon.colcon_core.shell:Creating environment descriptor '/home/ant/ros2_ws/install/my_new_robot_interfaces/share/my_new_robot_interfaces/hook/cmake_prefix_path.dsv'
[3.357s] INFO:colcon.colcon_core.shell:Creating environment hook '/home/ant/ros2_ws/install/my_new_robot_interfaces/share/my_new_robot_interfaces/hook/cmake_prefix_path.sh'
[3.357s] Level 1:colcon.colcon_core.environment:checking '/home/ant/ros2_ws/install/my_new_robot_interfaces/lib'
[3.358s] Level 1:colcon.colcon_core.shell:create_environment_hook('my_new_robot_interfaces', 'ld_library_path_lib')
[3.375s] INFO:colcon.colcon_core.shell:Creating environment hook '/home/ant/ros2_ws/install/my_new_robot_interfaces/share/my_new_robot_interfaces/hook/ld_library_path_lib.ps1'
[3.375s] INFO:colcon.colcon_core.shell:Creating environment descriptor '/home/ant/ros2_ws/install/my_new_robot_interfaces/share/my_new_robot_interfaces/hook/ld_library_path_lib.dsv'
[3.376s] INFO:colcon.colcon_core.shell:Creating environment hook '/home/ant/ros2_ws/install/my_new_robot_interfaces/share/my_new_robot_interfaces/hook/ld_library_path_lib.sh'
[3.376s] Level 1:colcon.colcon_core.environment:checking '/home/ant/ros2_ws/install/my_new_robot_interfaces/bin'
[3.376s] Level 1:colcon.colcon_core.environment:checking '/home/ant/ros2_ws/install/my_new_robot_interfaces/lib/pkgconfig/my_new_robot_interfaces.pc'
[3.377s] Level 1:colcon.colcon_core.environment:checking '/home/ant/ros2_ws/install/my_new_robot_interfaces/lib/python3.10/site-packages'
[3.377s] Level 1:colcon.colcon_core.environment:checking '/home/ant/ros2_ws/install/my_new_robot_interfaces/bin'
[3.393s] INFO:colcon.colcon_core.shell:Creating package script '/home/ant/ros2_ws/install/my_new_robot_interfaces/share/my_new_robot_interfaces/package.ps1'
[3.394s] INFO:colcon.colcon_core.shell:Creating package descriptor '/home/ant/ros2_ws/install/my_new_robot_interfaces/share/my_new_robot_interfaces/package.dsv'
[3.395s] INFO:colcon.colcon_core.shell:Creating package script '/home/ant/ros2_ws/install/my_new_robot_interfaces/share/my_new_robot_interfaces/package.sh'
[3.395s] INFO:colcon.colcon_core.shell:Creating package script '/home/ant/ros2_ws/install/my_new_robot_interfaces/share/my_new_robot_interfaces/package.bash'
[3.396s] INFO:colcon.colcon_core.shell:Creating package script '/home/ant/ros2_ws/install/my_new_robot_interfaces/share/my_new_robot_interfaces/package.zsh'
[3.396s] Level 1:colcon.colcon_core.environment:create_file_with_runtime_dependencies(/home/ant/ros2_ws/install/my_new_robot_interfaces/share/colcon-core/packages/my_new_robot_interfaces)
[3.397s] DEBUG:colcon.colcon_parallel_executor.executor.parallel:closing loop
[3.397s] DEBUG:colcon.colcon_parallel_executor.executor.parallel:loop closed
[3.398s] DEBUG:colcon.colcon_parallel_executor.executor.parallel:run_until_complete finished with '0'
[3.398s] DEBUG:colcon.colcon_core.event_reactor:joining thread
[3.440s] INFO:colcon.colcon_core.plugin_system:Skipping extension 'colcon_notification.desktop_notification.terminal_notifier': Not used on non-Darwin systems
[3.440s] INFO:colcon.colcon_core.plugin_system:Skipping extension 'colcon_notification.desktop_notification.win32': Not used on non-Windows systems
[3.440s] INFO:colcon.colcon_notification.desktop_notification:Sending desktop notification using 'notify2'
[3.461s] DEBUG:colcon.colcon_core.event_reactor:joined thread
[3.491s] INFO:colcon.colcon_core.shell:Creating prefix script '/home/ant/ros2_ws/install/local_setup.ps1'
[3.494s] INFO:colcon.colcon_core.shell:Creating prefix util module '/home/ant/ros2_ws/install/_local_setup_util_ps1.py'
[3.495s] INFO:colcon.colcon_core.shell:Creating prefix chain script '/home/ant/ros2_ws/install/setup.ps1'
[3.520s] INFO:colcon.colcon_core.shell:Creating prefix script '/home/ant/ros2_ws/install/local_setup.sh'
[3.521s] INFO:colcon.colcon_core.shell:Creating prefix util module '/home/ant/ros2_ws/install/_local_setup_util_sh.py'
[3.521s] INFO:colcon.colcon_core.shell:Creating prefix chain script '/home/ant/ros2_ws/install/setup.sh'
[3.541s] INFO:colcon.colcon_core.shell:Creating prefix script '/home/ant/ros2_ws/install/local_setup.bash'
[3.541s] INFO:colcon.colcon_core.shell:Creating prefix chain script '/home/ant/ros2_ws/install/setup.bash'
[3.574s] INFO:colcon.colcon_core.shell:Creating prefix script '/home/ant/ros2_ws/install/local_setup.zsh'
[3.575s] INFO:colcon.colcon_core.shell:Creating prefix chain script '/home/ant/ros2_ws/install/setup.zsh'
