[0.153s] Invoking command in '/home/ant/ros2_ws/build/more_interfaces': CMAKE_PREFIX_PATH=${CMAKE_PREFIX_PATH}:/home/ant/ros2_ws/install/my_py_pkg:/opt/ros/humble CONDA_PROMPT_MODIFIER=(base) /usr/bin/cmake --build /home/ant/ros2_ws/build/more_interfaces -- -j4 -l4
[0.287s] [  9%] Built target more_interfaces__rosidl_generator_c
[0.287s] [ 12%] Built target more_interfaces__cpp
[0.309s] [ 12%] Built target ament_cmake_python_copy_more_interfaces
[0.350s] [ 22%] Built target more_interfaces__rosidl_typesupport_fastrtps_c
[0.356s] [ 32%] Built target more_interfaces__rosidl_typesupport_introspection_c
[0.365s] [ 41%] Built target more_interfaces__rosidl_typesupport_c
[0.370s] [ 51%] Built target more_interfaces__rosidl_typesupport_fastrtps_cpp
[0.395s] [ 61%] Built target more_interfaces__rosidl_typesupport_introspection_cpp
[0.409s] [ 70%] Built target more_interfaces__rosidl_typesupport_cpp
[0.453s] [ 70%] Built target more_interfaces
[0.490s] [ 74%] Built target more_interfaces__py
[0.545s] [ 80%] Built target more_interfaces__rosidl_generator_py
[0.617s] [ 87%] Built target more_interfaces__rosidl_typesupport_c__pyext
[0.626s] [ 93%] Built target more_interfaces__rosidl_typesupport_fastrtps_c__pyext
[0.661s] [100%] Built target more_interfaces__rosidl_typesupport_introspection_c__pyext
[0.899s] running egg_info
[0.900s] writing more_interfaces.egg-info/PKG-INFO
[0.900s] writing dependency_links to more_interfaces.egg-info/dependency_links.txt
[0.900s] writing top-level names to more_interfaces.egg-info/top_level.txt
[0.906s] reading manifest file 'more_interfaces.egg-info/SOURCES.txt'
[0.907s] writing manifest file 'more_interfaces.egg-info/SOURCES.txt'
[0.987s] [100%] Built target ament_cmake_python_build_more_interfaces_egg
[1.012s] Invoked command in '/home/ant/ros2_ws/build/more_interfaces' returned '0': CMAKE_PREFIX_PATH=${CMAKE_PREFIX_PATH}:/home/ant/ros2_ws/install/my_py_pkg:/opt/ros/humble CONDA_PROMPT_MODIFIER=(base) /usr/bin/cmake --build /home/ant/ros2_ws/build/more_interfaces -- -j4 -l4
[1.159s] Invoking command in '/home/ant/ros2_ws/build/more_interfaces': CMAKE_PREFIX_PATH=${CMAKE_PREFIX_PATH}:/home/ant/ros2_ws/install/my_py_pkg:/opt/ros/humble CONDA_PROMPT_MODIFIER=(base) /usr/bin/cmake --install /home/ant/ros2_ws/build/more_interfaces
[1.170s] -- Install configuration: ""
[1.171s] -- Up-to-date: /home/ant/ros2_ws/install/more_interfaces/share/ament_index/resource_index/rosidl_interfaces/more_interfaces
[1.171s] -- Up-to-date: /home/ant/ros2_ws/install/more_interfaces/include/more_interfaces/more_interfaces
[1.171s] -- Up-to-date: /home/ant/ros2_ws/install/more_interfaces/include/more_interfaces/more_interfaces/msg
[1.171s] -- Up-to-date: /home/ant/ros2_ws/install/more_interfaces/include/more_interfaces/more_interfaces/msg/detail
[1.171s] -- Up-to-date: /home/ant/ros2_ws/install/more_interfaces/include/more_interfaces/more_interfaces/msg/detail/address_book__type_support.h
[1.171s] -- Up-to-date: /home/ant/ros2_ws/install/more_interfaces/include/more_interfaces/more_interfaces/msg/detail/address_book__struct.h
[1.172s] -- Up-to-date: /home/ant/ros2_ws/install/more_interfaces/include/more_interfaces/more_interfaces/msg/detail/address_book__functions.c
[1.172s] -- Up-to-date: /home/ant/ros2_ws/install/more_interfaces/include/more_interfaces/more_interfaces/msg/detail/address_book__functions.h
[1.172s] -- Up-to-date: /home/ant/ros2_ws/install/more_interfaces/include/more_interfaces/more_interfaces/msg/rosidl_generator_c__visibility_control.h
[1.172s] -- Up-to-date: /home/ant/ros2_ws/install/more_interfaces/include/more_interfaces/more_interfaces/msg/address_book.h
[1.172s] -- Up-to-date: /home/ant/ros2_ws/install/more_interfaces/share/more_interfaces/environment/library_path.sh
[1.172s] -- Up-to-date: /home/ant/ros2_ws/install/more_interfaces/share/more_interfaces/environment/library_path.dsv
[1.172s] -- Up-to-date: /home/ant/ros2_ws/install/more_interfaces/lib/libmore_interfaces__rosidl_generator_c.so
[1.173s] -- Up-to-date: /home/ant/ros2_ws/install/more_interfaces/include/more_interfaces/more_interfaces
[1.173s] -- Up-to-date: /home/ant/ros2_ws/install/more_interfaces/include/more_interfaces/more_interfaces/msg
[1.173s] -- Up-to-date: /home/ant/ros2_ws/install/more_interfaces/include/more_interfaces/more_interfaces/msg/detail
[1.173s] -- Up-to-date: /home/ant/ros2_ws/install/more_interfaces/include/more_interfaces/more_interfaces/msg/detail/address_book__rosidl_typesupport_fastrtps_c.h
[1.173s] -- Up-to-date: /home/ant/ros2_ws/install/more_interfaces/include/more_interfaces/more_interfaces/msg/rosidl_typesupport_fastrtps_c__visibility_control.h
[1.173s] -- Up-to-date: /home/ant/ros2_ws/install/more_interfaces/lib/libmore_interfaces__rosidl_typesupport_fastrtps_c.so
[1.173s] -- Up-to-date: /home/ant/ros2_ws/install/more_interfaces/include/more_interfaces/more_interfaces
[1.174s] -- Up-to-date: /home/ant/ros2_ws/install/more_interfaces/include/more_interfaces/more_interfaces/msg
[1.174s] -- Up-to-date: /home/ant/ros2_ws/install/more_interfaces/include/more_interfaces/more_interfaces/msg/detail
[1.174s] -- Up-to-date: /home/ant/ros2_ws/install/more_interfaces/include/more_interfaces/more_interfaces/msg/detail/address_book__type_support.c
[1.174s] -- Up-to-date: /home/ant/ros2_ws/install/more_interfaces/include/more_interfaces/more_interfaces/msg/detail/address_book__rosidl_typesupport_introspection_c.h
[1.174s] -- Up-to-date: /home/ant/ros2_ws/install/more_interfaces/include/more_interfaces/more_interfaces/msg/rosidl_typesupport_introspection_c__visibility_control.h
[1.174s] -- Up-to-date: /home/ant/ros2_ws/install/more_interfaces/lib/libmore_interfaces__rosidl_typesupport_introspection_c.so
[1.174s] -- Up-to-date: /home/ant/ros2_ws/install/more_interfaces/lib/libmore_interfaces__rosidl_typesupport_c.so
[1.175s] -- Up-to-date: /home/ant/ros2_ws/install/more_interfaces/include/more_interfaces/more_interfaces
[1.175s] -- Up-to-date: /home/ant/ros2_ws/install/more_interfaces/include/more_interfaces/more_interfaces/msg
[1.175s] -- Up-to-date: /home/ant/ros2_ws/install/more_interfaces/include/more_interfaces/more_interfaces/msg/detail
[1.175s] -- Up-to-date: /home/ant/ros2_ws/install/more_interfaces/include/more_interfaces/more_interfaces/msg/detail/address_book__builder.hpp
[1.175s] -- Up-to-date: /home/ant/ros2_ws/install/more_interfaces/include/more_interfaces/more_interfaces/msg/detail/address_book__struct.hpp
[1.176s] -- Up-to-date: /home/ant/ros2_ws/install/more_interfaces/include/more_interfaces/more_interfaces/msg/detail/address_book__traits.hpp
[1.176s] -- Up-to-date: /home/ant/ros2_ws/install/more_interfaces/include/more_interfaces/more_interfaces/msg/address_book.hpp
[1.176s] -- Up-to-date: /home/ant/ros2_ws/install/more_interfaces/include/more_interfaces/more_interfaces
[1.176s] -- Up-to-date: /home/ant/ros2_ws/install/more_interfaces/include/more_interfaces/more_interfaces/msg
[1.176s] -- Up-to-date: /home/ant/ros2_ws/install/more_interfaces/include/more_interfaces/more_interfaces/msg/detail
[1.177s] -- Up-to-date: /home/ant/ros2_ws/install/more_interfaces/include/more_interfaces/more_interfaces/msg/detail/address_book__rosidl_typesupport_fastrtps_cpp.hpp
[1.177s] -- Up-to-date: /home/ant/ros2_ws/install/more_interfaces/include/more_interfaces/more_interfaces/msg/detail/dds_fastrtps
[1.177s] -- Up-to-date: /home/ant/ros2_ws/install/more_interfaces/include/more_interfaces/more_interfaces/msg/rosidl_typesupport_fastrtps_cpp__visibility_control.h
[1.177s] -- Up-to-date: /home/ant/ros2_ws/install/more_interfaces/lib/libmore_interfaces__rosidl_typesupport_fastrtps_cpp.so
[1.177s] -- Up-to-date: /home/ant/ros2_ws/install/more_interfaces/include/more_interfaces/more_interfaces
[1.177s] -- Up-to-date: /home/ant/ros2_ws/install/more_interfaces/include/more_interfaces/more_interfaces/msg
[1.178s] -- Up-to-date: /home/ant/ros2_ws/install/more_interfaces/include/more_interfaces/more_interfaces/msg/detail
[1.178s] -- Up-to-date: /home/ant/ros2_ws/install/more_interfaces/include/more_interfaces/more_interfaces/msg/detail/address_book__type_support.cpp
[1.178s] -- Up-to-date: /home/ant/ros2_ws/install/more_interfaces/include/more_interfaces/more_interfaces/msg/detail/address_book__rosidl_typesupport_introspection_cpp.hpp
[1.178s] -- Up-to-date: /home/ant/ros2_ws/install/more_interfaces/lib/libmore_interfaces__rosidl_typesupport_introspection_cpp.so
[1.178s] -- Up-to-date: /home/ant/ros2_ws/install/more_interfaces/lib/libmore_interfaces__rosidl_typesupport_cpp.so
[1.178s] -- Up-to-date: /home/ant/ros2_ws/install/more_interfaces/share/more_interfaces/environment/pythonpath.sh
[1.179s] -- Up-to-date: /home/ant/ros2_ws/install/more_interfaces/share/more_interfaces/environment/pythonpath.dsv
[1.179s] -- Up-to-date: /home/ant/ros2_ws/install/more_interfaces/local/lib/python3.10/dist-packages/more_interfaces-0.0.0-py3.10.egg-info
[1.179s] -- Installing: /home/ant/ros2_ws/install/more_interfaces/local/lib/python3.10/dist-packages/more_interfaces-0.0.0-py3.10.egg-info/PKG-INFO
[1.179s] -- Installing: /home/ant/ros2_ws/install/more_interfaces/local/lib/python3.10/dist-packages/more_interfaces-0.0.0-py3.10.egg-info/dependency_links.txt
[1.179s] -- Installing: /home/ant/ros2_ws/install/more_interfaces/local/lib/python3.10/dist-packages/more_interfaces-0.0.0-py3.10.egg-info/top_level.txt
[1.180s] -- Installing: /home/ant/ros2_ws/install/more_interfaces/local/lib/python3.10/dist-packages/more_interfaces-0.0.0-py3.10.egg-info/SOURCES.txt
[1.180s] -- Up-to-date: /home/ant/ros2_ws/install/more_interfaces/local/lib/python3.10/dist-packages/more_interfaces
[1.180s] -- Up-to-date: /home/ant/ros2_ws/install/more_interfaces/local/lib/python3.10/dist-packages/more_interfaces/_more_interfaces_s.ep.rosidl_typesupport_introspection_c.c
[1.180s] -- Up-to-date: /home/ant/ros2_ws/install/more_interfaces/local/lib/python3.10/dist-packages/more_interfaces/libmore_interfaces__rosidl_generator_py.so
[1.181s] -- Up-to-date: /home/ant/ros2_ws/install/more_interfaces/local/lib/python3.10/dist-packages/more_interfaces/_more_interfaces_s.ep.rosidl_typesupport_c.c
[1.181s] -- Up-to-date: /home/ant/ros2_ws/install/more_interfaces/local/lib/python3.10/dist-packages/more_interfaces/more_interfaces_s__rosidl_typesupport_introspection_c.cpython-311-x86_64-linux-gnu.so
[1.181s] -- Up-to-date: /home/ant/ros2_ws/install/more_interfaces/local/lib/python3.10/dist-packages/more_interfaces/more_interfaces_s__rosidl_typesupport_fastrtps_c.cpython-311-x86_64-linux-gnu.so
[1.181s] -- Up-to-date: /home/ant/ros2_ws/install/more_interfaces/local/lib/python3.10/dist-packages/more_interfaces/msg
[1.181s] -- Up-to-date: /home/ant/ros2_ws/install/more_interfaces/local/lib/python3.10/dist-packages/more_interfaces/msg/_address_book_s.c
[1.182s] -- Up-to-date: /home/ant/ros2_ws/install/more_interfaces/local/lib/python3.10/dist-packages/more_interfaces/msg/__init__.py
[1.182s] -- Up-to-date: /home/ant/ros2_ws/install/more_interfaces/local/lib/python3.10/dist-packages/more_interfaces/msg/_address_book.py
[1.182s] -- Up-to-date: /home/ant/ros2_ws/install/more_interfaces/local/lib/python3.10/dist-packages/more_interfaces/_more_interfaces_s.ep.rosidl_typesupport_fastrtps_c.c
[1.182s] -- Up-to-date: /home/ant/ros2_ws/install/more_interfaces/local/lib/python3.10/dist-packages/more_interfaces/more_interfaces_s__rosidl_typesupport_c.cpython-311-x86_64-linux-gnu.so
[1.182s] -- Up-to-date: /home/ant/ros2_ws/install/more_interfaces/local/lib/python3.10/dist-packages/more_interfaces/__init__.py
[1.236s] Listing '/home/ant/ros2_ws/install/more_interfaces/local/lib/python3.10/dist-packages/more_interfaces'...
[1.236s] Listing '/home/ant/ros2_ws/install/more_interfaces/local/lib/python3.10/dist-packages/more_interfaces/msg'...
[1.244s] -- Up-to-date: /home/ant/ros2_ws/install/more_interfaces/local/lib/python3.10/dist-packages/more_interfaces/more_interfaces_s__rosidl_typesupport_fastrtps_c.cpython-311-x86_64-linux-gnu.so
[1.245s] -- Up-to-date: /home/ant/ros2_ws/install/more_interfaces/local/lib/python3.10/dist-packages/more_interfaces/more_interfaces_s__rosidl_typesupport_introspection_c.cpython-311-x86_64-linux-gnu.so
[1.246s] -- Up-to-date: /home/ant/ros2_ws/install/more_interfaces/local/lib/python3.10/dist-packages/more_interfaces/more_interfaces_s__rosidl_typesupport_c.cpython-311-x86_64-linux-gnu.so
[1.246s] -- Up-to-date: /home/ant/ros2_ws/install/more_interfaces/lib/libmore_interfaces__rosidl_generator_py.so
[1.247s] -- Up-to-date: /home/ant/ros2_ws/install/more_interfaces/share/more_interfaces/msg/AddressBook.idl
[1.247s] -- Up-to-date: /home/ant/ros2_ws/install/more_interfaces/share/more_interfaces/msg/AddressBook.msg
[1.248s] -- Up-to-date: /home/ant/ros2_ws/install/more_interfaces/share/ament_index/resource_index/package_run_dependencies/more_interfaces
[1.248s] -- Up-to-date: /home/ant/ros2_ws/install/more_interfaces/share/ament_index/resource_index/parent_prefix_path/more_interfaces
[1.248s] -- Up-to-date: /home/ant/ros2_ws/install/more_interfaces/share/more_interfaces/environment/ament_prefix_path.sh
[1.248s] -- Up-to-date: /home/ant/ros2_ws/install/more_interfaces/share/more_interfaces/environment/ament_prefix_path.dsv
[1.248s] -- Up-to-date: /home/ant/ros2_ws/install/more_interfaces/share/more_interfaces/environment/path.sh
[1.249s] -- Up-to-date: /home/ant/ros2_ws/install/more_interfaces/share/more_interfaces/environment/path.dsv
[1.249s] -- Up-to-date: /home/ant/ros2_ws/install/more_interfaces/share/more_interfaces/local_setup.bash
[1.249s] -- Up-to-date: /home/ant/ros2_ws/install/more_interfaces/share/more_interfaces/local_setup.sh
[1.249s] -- Up-to-date: /home/ant/ros2_ws/install/more_interfaces/share/more_interfaces/local_setup.zsh
[1.250s] -- Up-to-date: /home/ant/ros2_ws/install/more_interfaces/share/more_interfaces/local_setup.dsv
[1.250s] -- Installing: /home/ant/ros2_ws/install/more_interfaces/share/more_interfaces/package.dsv
[1.250s] -- Up-to-date: /home/ant/ros2_ws/install/more_interfaces/share/ament_index/resource_index/packages/more_interfaces
[1.250s] -- Up-to-date: /home/ant/ros2_ws/install/more_interfaces/share/more_interfaces/cmake/export_more_interfaces__rosidl_generator_cExport.cmake
[1.250s] -- Up-to-date: /home/ant/ros2_ws/install/more_interfaces/share/more_interfaces/cmake/export_more_interfaces__rosidl_generator_cExport-noconfig.cmake
[1.250s] -- Up-to-date: /home/ant/ros2_ws/install/more_interfaces/share/more_interfaces/cmake/export_more_interfaces__rosidl_typesupport_fastrtps_cExport.cmake
[1.251s] -- Up-to-date: /home/ant/ros2_ws/install/more_interfaces/share/more_interfaces/cmake/export_more_interfaces__rosidl_typesupport_fastrtps_cExport-noconfig.cmake
[1.251s] -- Up-to-date: /home/ant/ros2_ws/install/more_interfaces/share/more_interfaces/cmake/more_interfaces__rosidl_typesupport_introspection_cExport.cmake
[1.251s] -- Up-to-date: /home/ant/ros2_ws/install/more_interfaces/share/more_interfaces/cmake/more_interfaces__rosidl_typesupport_introspection_cExport-noconfig.cmake
[1.252s] -- Up-to-date: /home/ant/ros2_ws/install/more_interfaces/share/more_interfaces/cmake/more_interfaces__rosidl_typesupport_cExport.cmake
[1.252s] -- Up-to-date: /home/ant/ros2_ws/install/more_interfaces/share/more_interfaces/cmake/more_interfaces__rosidl_typesupport_cExport-noconfig.cmake
[1.252s] -- Up-to-date: /home/ant/ros2_ws/install/more_interfaces/share/more_interfaces/cmake/export_more_interfaces__rosidl_generator_cppExport.cmake
[1.252s] -- Up-to-date: /home/ant/ros2_ws/install/more_interfaces/share/more_interfaces/cmake/export_more_interfaces__rosidl_typesupport_fastrtps_cppExport.cmake
[1.252s] -- Up-to-date: /home/ant/ros2_ws/install/more_interfaces/share/more_interfaces/cmake/export_more_interfaces__rosidl_typesupport_fastrtps_cppExport-noconfig.cmake
[1.252s] -- Up-to-date: /home/ant/ros2_ws/install/more_interfaces/share/more_interfaces/cmake/more_interfaces__rosidl_typesupport_introspection_cppExport.cmake
[1.252s] -- Up-to-date: /home/ant/ros2_ws/install/more_interfaces/share/more_interfaces/cmake/more_interfaces__rosidl_typesupport_introspection_cppExport-noconfig.cmake
[1.252s] -- Up-to-date: /home/ant/ros2_ws/install/more_interfaces/share/more_interfaces/cmake/more_interfaces__rosidl_typesupport_cppExport.cmake
[1.253s] -- Up-to-date: /home/ant/ros2_ws/install/more_interfaces/share/more_interfaces/cmake/more_interfaces__rosidl_typesupport_cppExport-noconfig.cmake
[1.253s] -- Up-to-date: /home/ant/ros2_ws/install/more_interfaces/share/more_interfaces/cmake/export_more_interfaces__rosidl_generator_pyExport.cmake
[1.253s] -- Up-to-date: /home/ant/ros2_ws/install/more_interfaces/share/more_interfaces/cmake/export_more_interfaces__rosidl_generator_pyExport-noconfig.cmake
[1.253s] -- Up-to-date: /home/ant/ros2_ws/install/more_interfaces/share/more_interfaces/cmake/rosidl_cmake-extras.cmake
[1.253s] -- Up-to-date: /home/ant/ros2_ws/install/more_interfaces/share/more_interfaces/cmake/ament_cmake_export_include_directories-extras.cmake
[1.253s] -- Up-to-date: /home/ant/ros2_ws/install/more_interfaces/share/more_interfaces/cmake/ament_cmake_export_libraries-extras.cmake
[1.253s] -- Up-to-date: /home/ant/ros2_ws/install/more_interfaces/share/more_interfaces/cmake/ament_cmake_export_targets-extras.cmake
[1.254s] -- Up-to-date: /home/ant/ros2_ws/install/more_interfaces/share/more_interfaces/cmake/rosidl_cmake_export_typesupport_targets-extras.cmake
[1.254s] -- Up-to-date: /home/ant/ros2_ws/install/more_interfaces/share/more_interfaces/cmake/ament_cmake_export_dependencies-extras.cmake
[1.254s] -- Up-to-date: /home/ant/ros2_ws/install/more_interfaces/share/more_interfaces/cmake/rosidl_cmake_export_typesupport_libraries-extras.cmake
[1.254s] -- Up-to-date: /home/ant/ros2_ws/install/more_interfaces/share/more_interfaces/cmake/more_interfacesConfig.cmake
[1.254s] -- Up-to-date: /home/ant/ros2_ws/install/more_interfaces/share/more_interfaces/cmake/more_interfacesConfig-version.cmake
[1.254s] -- Up-to-date: /home/ant/ros2_ws/install/more_interfaces/share/more_interfaces/package.xml
[1.256s] Invoked command in '/home/ant/ros2_ws/build/more_interfaces' returned '0': CMAKE_PREFIX_PATH=${CMAKE_PREFIX_PATH}:/home/ant/ros2_ws/install/my_py_pkg:/opt/ros/humble CONDA_PROMPT_MODIFIER=(base) /usr/bin/cmake --install /home/ant/ros2_ws/build/more_interfaces
