[0.174s] Invoking command in '/home/ant/ros2_ws/build/my_new_robot_interfaces': CMAKE_PREFIX_PATH=${CMAKE_PREFIX_PATH}:/home/ant/ros2_ws/install/my_py_pkg:/opt/ros/humble CONDA_PROMPT_MODIFIER=(py310) /usr/bin/cmake /home/ant/ros2_ws/src/my_new_robot_interfaces -DCMAKE_INSTALL_PREFIX=/home/ant/ros2_ws/install/my_new_robot_interfaces
[0.224s] -- Found ament_cmake: 1.3.5 (/opt/ros/humble/share/ament_cmake/cmake)
[1.055s] -- Found rosidl_default_generators: 1.2.0 (/opt/ros/humble/share/rosidl_default_generators/cmake)
[1.061s] -- Using all available rosidl_typesupport_c: rosidl_typesupport_fastrtps_c;rosidl_typesupport_introspection_c
[1.069s] -- Found rosidl_adapter: 3.1.5 (/opt/ros/humble/share/rosidl_adapter/cmake)
[1.172s] -- Using all available rosidl_typesupport_cpp: rosidl_typesupport_fastrtps_cpp;rosidl_typesupport_introspection_cpp
[1.630s] [31mCMake Error at /opt/ros/humble/share/rosidl_adapter/cmake/rosidl_adapt_interfaces.cmake:59 (message):
[1.630s]   execute_process(/home/ant/anaconda3/envs/py310/bin/python3.10 -m
[1.630s]   rosidl_adapter --package-name my_new_robot_interfaces --arguments-file
[1.631s]   /home/ant/ros2_ws/build/my_new_robot_interfaces/rosidl_adapter__arguments__my_new_robot_interfaces.json
[1.631s]   --output-dir
[1.631s]   /home/ant/ros2_ws/build/my_new_robot_interfaces/rosidl_adapter/my_new_robot_interfaces
[1.631s]   --output-file
[1.632s]   /home/ant/ros2_ws/build/my_new_robot_interfaces/rosidl_adapter/my_new_robot_interfaces.idls)
[1.632s]   returned error code 1:
[1.633s] 
[1.633s]   Traceback (most recent call last):
[1.633s] 
[1.633s]     File "/home/ant/anaconda3/envs/py310/lib/python3.10/runpy.py", line 196, in _run_module_as_main
[1.633s]       return _run_code(code, main_globals, None,
[1.634s]     File "/home/ant/anaconda3/envs/py310/lib/python3.10/runpy.py", line 86, in _run_code
[1.634s]       exec(code, run_globals)
[1.634s]     File "/opt/ros/humble/local/lib/python3.10/dist-packages/rosidl_adapter/__main__.py", line 19, in <module>
[1.634s]       sys.exit(main())
[1.634s]     File "/opt/ros/humble/local/lib/python3.10/dist-packages/rosidl_adapter/main.py", line 53, in main
[1.635s]       abs_idl_file = convert_to_idl(
[1.635s]     File "/opt/ros/humble/local/lib/python3.10/dist-packages/rosidl_adapter/__init__.py", line 18, in convert_to_idl
[1.635s]       from rosidl_adapter.msg import convert_msg_to_idl
[1.635s]     File "/opt/ros/humble/local/lib/python3.10/dist-packages/rosidl_adapter/msg/__init__.py", line 16, in <module>
[1.635s]       from rosidl_adapter.resource import expand_template
[1.635s]     File "/opt/ros/humble/local/lib/python3.10/dist-packages/rosidl_adapter/resource/__init__.py", line 19, in <module>
[1.636s]       import em
[1.636s] 
[1.636s]   ModuleNotFoundError: No module named 'em'
[1.636s] 
[1.636s] Call Stack (most recent call first):
[1.637s]   /opt/ros/humble/share/rosidl_cmake/cmake/rosidl_generate_interfaces.cmake:130 (rosidl_adapt_interfaces)
[1.637s]   CMakeLists.txt:17 (rosidl_generate_interfaces)
[1.637s] 
[1.637s] [0m
[1.637s] -- Configuring incomplete, errors occurred!
[1.637s] See also "/home/ant/ros2_ws/build/my_new_robot_interfaces/CMakeFiles/CMakeOutput.log".
