[0.769s] Invoking command in '/home/ant/ros2_ws/build/more_interfaces': CMAKE_PREFIX_PATH=${CMAKE_PREFIX_PATH}:/home/ant/ros2_ws/install/my_py_pkg:/opt/ros/humble CONDA_PROMPT_MODIFIER=(py310) /usr/bin/cmake /home/ant/ros2_ws/src/more_interfaces -DCMAKE_INSTALL_PREFIX=/home/ant/ros2_ws/install/more_interfaces
[0.852s] -- Found ament_cmake: 1.3.5 (/opt/ros/humble/share/ament_cmake/cmake)
[1.483s] -- Found ament_lint_auto: 0.12.8 (/opt/ros/humble/share/ament_lint_auto/cmake)
[1.804s] -- Found rosidl_default_generators: 1.2.0 (/opt/ros/humble/share/rosidl_default_generators/cmake)
[1.818s] -- Using all available rosidl_typesupport_c: rosidl_typesupport_fastrtps_c;rosidl_typesupport_introspection_c
[1.843s] -- Found rosidl_adapter: 3.1.5 (/opt/ros/humble/share/rosidl_adapter/cmake)
[1.980s] -- Using all available rosidl_typesupport_cpp: rosidl_typesupport_fastrtps_cpp;rosidl_typesupport_introspection_cpp
[2.555s] [31mCMake Error at /opt/ros/humble/share/rosidl_adapter/cmake/rosidl_adapt_interfaces.cmake:59 (message):
[2.555s]   execute_process(/home/ant/anaconda3/envs/py310/bin/python3.10 -m
[2.556s]   rosidl_adapter --package-name more_interfaces --arguments-file
[2.556s]   /home/ant/ros2_ws/build/more_interfaces/rosidl_adapter__arguments__more_interfaces.json
[2.556s]   --output-dir
[2.556s]   /home/ant/ros2_ws/build/more_interfaces/rosidl_adapter/more_interfaces
[2.556s]   --output-file
[2.557s]   /home/ant/ros2_ws/build/more_interfaces/rosidl_adapter/more_interfaces.idls)
[2.557s]   returned error code 1:
[2.557s] 
[2.557s]   Traceback (most recent call last):
[2.558s] 
[2.558s]     File "/home/ant/anaconda3/envs/py310/lib/python3.10/runpy.py", line 196, in _run_module_as_main
[2.558s]       return _run_code(code, main_globals, None,
[2.558s]     File "/home/ant/anaconda3/envs/py310/lib/python3.10/runpy.py", line 86, in _run_code
[2.558s]       exec(code, run_globals)
[2.558s]     File "/opt/ros/humble/local/lib/python3.10/dist-packages/rosidl_adapter/__main__.py", line 19, in <module>
[2.558s]       sys.exit(main())
[2.559s]     File "/opt/ros/humble/local/lib/python3.10/dist-packages/rosidl_adapter/main.py", line 53, in main
[2.559s]       abs_idl_file = convert_to_idl(
[2.559s]     File "/opt/ros/humble/local/lib/python3.10/dist-packages/rosidl_adapter/__init__.py", line 18, in convert_to_idl
[2.559s]       from rosidl_adapter.msg import convert_msg_to_idl
[2.559s]     File "/opt/ros/humble/local/lib/python3.10/dist-packages/rosidl_adapter/msg/__init__.py", line 16, in <module>
[2.559s]       from rosidl_adapter.resource import expand_template
[2.560s]     File "/opt/ros/humble/local/lib/python3.10/dist-packages/rosidl_adapter/resource/__init__.py", line 19, in <module>
[2.560s]       import em
[2.560s] 
[2.560s]   ModuleNotFoundError: No module named 'em'
[2.560s] 
[2.560s] Call Stack (most recent call first):
[2.560s]   /opt/ros/humble/share/rosidl_cmake/cmake/rosidl_generate_interfaces.cmake:130 (rosidl_adapt_interfaces)
[2.567s]   CMakeLists.txt:32 (rosidl_generate_interfaces)
[2.567s] 
[2.567s] [0m
[2.568s] -- Configuring incomplete, errors occurred!
[2.568s] See also "/home/ant/ros2_ws/build/more_interfaces/CMakeFiles/CMakeOutput.log".
