[0.118s] Invoking command in '/home/ant/ros2_ws/build/my_new_robot_interfaces': CMAKE_PREFIX_PATH=${CMAKE_PREFIX_PATH}:/home/ant/ros2_ws/install/my_py_pkg:/opt/ros/humble CONDA_PROMPT_MODIFIER=(base) /usr/bin/cmake --build /home/ant/ros2_ws/build/my_new_robot_interfaces -- -j4 -l4
[0.290s] [35m[1mConsolidate compiler generated dependencies of target my_new_robot_interfaces__rosidl_generator_c[0m
[0.318s] [ 12%] Built target my_new_robot_interfaces__cpp
[0.318s] [ 12%] Built target my_new_robot_interfaces__rosidl_generator_c
[0.344s] [ 12%] Built target ament_cmake_python_copy_my_new_robot_interfaces
[0.345s] [35m[1mConsolidate compiler generated dependencies of target my_new_robot_interfaces__rosidl_typesupport_c[0m
[0.349s] [35m[1mConsolidate compiler generated dependencies of target my_new_robot_interfaces__rosidl_typesupport_introspection_c[0m
[0.360s] [35m[1mConsolidate compiler generated dependencies of target my_new_robot_interfaces__rosidl_typesupport_fastrtps_c[0m
[0.371s] [ 22%] Built target my_new_robot_interfaces__rosidl_typesupport_c
[0.373s] [35m[1mConsolidate compiler generated dependencies of target my_new_robot_interfaces__rosidl_typesupport_fastrtps_cpp[0m
[0.385s] [ 32%] Built target my_new_robot_interfaces__rosidl_typesupport_introspection_c
[0.396s] [35m[1mConsolidate compiler generated dependencies of target my_new_robot_interfaces__rosidl_typesupport_introspection_cpp[0m
[0.398s] [ 41%] Built target my_new_robot_interfaces__rosidl_typesupport_fastrtps_c
[0.405s] [ 51%] Built target my_new_robot_interfaces__rosidl_typesupport_fastrtps_cpp
[0.412s] [35m[1mConsolidate compiler generated dependencies of target my_new_robot_interfaces__rosidl_typesupport_cpp[0m
[0.440s] [ 61%] Built target my_new_robot_interfaces__rosidl_typesupport_introspection_cpp
[0.440s] [ 70%] Built target my_new_robot_interfaces__rosidl_typesupport_cpp
[0.472s] [ 70%] Built target my_new_robot_interfaces
[0.504s] [ 74%] Built target my_new_robot_interfaces__py
[0.529s] [35m[1mConsolidate compiler generated dependencies of target my_new_robot_interfaces__rosidl_generator_py[0m
[0.553s] [ 80%] Built target my_new_robot_interfaces__rosidl_generator_py
[0.575s] [35m[1mConsolidate compiler generated dependencies of target my_new_robot_interfaces__rosidl_typesupport_c__pyext[0m
[0.575s] [35m[1mConsolidate compiler generated dependencies of target my_new_robot_interfaces__rosidl_typesupport_introspection_c__pyext[0m
[0.576s] [35m[1mConsolidate compiler generated dependencies of target my_new_robot_interfaces__rosidl_typesupport_fastrtps_c__pyext[0m
[0.604s] [ 87%] Built target my_new_robot_interfaces__rosidl_typesupport_introspection_c__pyext
[0.621s] [ 93%] Built target my_new_robot_interfaces__rosidl_typesupport_fastrtps_c__pyext
[0.630s] [100%] Built target my_new_robot_interfaces__rosidl_typesupport_c__pyext
[0.856s] running egg_info
[0.857s] writing my_new_robot_interfaces.egg-info/PKG-INFO
[0.857s] writing dependency_links to my_new_robot_interfaces.egg-info/dependency_links.txt
[0.857s] writing top-level names to my_new_robot_interfaces.egg-info/top_level.txt
[0.861s] reading manifest file 'my_new_robot_interfaces.egg-info/SOURCES.txt'
[0.862s] writing manifest file 'my_new_robot_interfaces.egg-info/SOURCES.txt'
[0.898s] [100%] Built target ament_cmake_python_build_my_new_robot_interfaces_egg
[0.919s] Invoked command in '/home/ant/ros2_ws/build/my_new_robot_interfaces' returned '0': CMAKE_PREFIX_PATH=${CMAKE_PREFIX_PATH}:/home/ant/ros2_ws/install/my_py_pkg:/opt/ros/humble CONDA_PROMPT_MODIFIER=(base) /usr/bin/cmake --build /home/ant/ros2_ws/build/my_new_robot_interfaces -- -j4 -l4
[1.061s] Invoking command in '/home/ant/ros2_ws/build/my_new_robot_interfaces': CMAKE_PREFIX_PATH=${CMAKE_PREFIX_PATH}:/home/ant/ros2_ws/install/my_py_pkg:/opt/ros/humble CONDA_PROMPT_MODIFIER=(base) /usr/bin/cmake --install /home/ant/ros2_ws/build/my_new_robot_interfaces
[1.076s] -- Install configuration: ""
[1.077s] -- Up-to-date: /home/ant/ros2_ws/install/my_new_robot_interfaces/share/ament_index/resource_index/rosidl_interfaces/my_new_robot_interfaces
[1.077s] -- Up-to-date: /home/ant/ros2_ws/install/my_new_robot_interfaces/include/my_new_robot_interfaces/my_new_robot_interfaces
[1.077s] -- Up-to-date: /home/ant/ros2_ws/install/my_new_robot_interfaces/include/my_new_robot_interfaces/my_new_robot_interfaces/msg
[1.077s] -- Up-to-date: /home/ant/ros2_ws/install/my_new_robot_interfaces/include/my_new_robot_interfaces/my_new_robot_interfaces/msg/detail
[1.078s] -- Up-to-date: /home/ant/ros2_ws/install/my_new_robot_interfaces/include/my_new_robot_interfaces/my_new_robot_interfaces/msg/detail/hardware_check__struct.h
[1.078s] -- Up-to-date: /home/ant/ros2_ws/install/my_new_robot_interfaces/include/my_new_robot_interfaces/my_new_robot_interfaces/msg/detail/hardware_check__type_support.h
[1.078s] -- Up-to-date: /home/ant/ros2_ws/install/my_new_robot_interfaces/include/my_new_robot_interfaces/my_new_robot_interfaces/msg/detail/hardware_check__functions.h
[1.078s] -- Up-to-date: /home/ant/ros2_ws/install/my_new_robot_interfaces/include/my_new_robot_interfaces/my_new_robot_interfaces/msg/detail/hardware_check__functions.c
[1.079s] -- Up-to-date: /home/ant/ros2_ws/install/my_new_robot_interfaces/include/my_new_robot_interfaces/my_new_robot_interfaces/msg/rosidl_generator_c__visibility_control.h
[1.079s] -- Up-to-date: /home/ant/ros2_ws/install/my_new_robot_interfaces/include/my_new_robot_interfaces/my_new_robot_interfaces/msg/hardware_check.h
[1.079s] -- Up-to-date: /home/ant/ros2_ws/install/my_new_robot_interfaces/share/my_new_robot_interfaces/environment/library_path.sh
[1.079s] -- Up-to-date: /home/ant/ros2_ws/install/my_new_robot_interfaces/share/my_new_robot_interfaces/environment/library_path.dsv
[1.080s] -- Up-to-date: /home/ant/ros2_ws/install/my_new_robot_interfaces/lib/libmy_new_robot_interfaces__rosidl_generator_c.so
[1.080s] -- Up-to-date: /home/ant/ros2_ws/install/my_new_robot_interfaces/include/my_new_robot_interfaces/my_new_robot_interfaces
[1.080s] -- Up-to-date: /home/ant/ros2_ws/install/my_new_robot_interfaces/include/my_new_robot_interfaces/my_new_robot_interfaces/msg
[1.080s] -- Up-to-date: /home/ant/ros2_ws/install/my_new_robot_interfaces/include/my_new_robot_interfaces/my_new_robot_interfaces/msg/detail
[1.081s] -- Up-to-date: /home/ant/ros2_ws/install/my_new_robot_interfaces/include/my_new_robot_interfaces/my_new_robot_interfaces/msg/detail/hardware_check__rosidl_typesupport_fastrtps_c.h
[1.081s] -- Up-to-date: /home/ant/ros2_ws/install/my_new_robot_interfaces/include/my_new_robot_interfaces/my_new_robot_interfaces/msg/rosidl_typesupport_fastrtps_c__visibility_control.h
[1.081s] -- Up-to-date: /home/ant/ros2_ws/install/my_new_robot_interfaces/lib/libmy_new_robot_interfaces__rosidl_typesupport_fastrtps_c.so
[1.081s] -- Up-to-date: /home/ant/ros2_ws/install/my_new_robot_interfaces/include/my_new_robot_interfaces/my_new_robot_interfaces
[1.082s] -- Up-to-date: /home/ant/ros2_ws/install/my_new_robot_interfaces/include/my_new_robot_interfaces/my_new_robot_interfaces/msg
[1.082s] -- Up-to-date: /home/ant/ros2_ws/install/my_new_robot_interfaces/include/my_new_robot_interfaces/my_new_robot_interfaces/msg/detail
[1.082s] -- Up-to-date: /home/ant/ros2_ws/install/my_new_robot_interfaces/include/my_new_robot_interfaces/my_new_robot_interfaces/msg/detail/hardware_check__type_support.c
[1.082s] -- Up-to-date: /home/ant/ros2_ws/install/my_new_robot_interfaces/include/my_new_robot_interfaces/my_new_robot_interfaces/msg/detail/hardware_check__rosidl_typesupport_introspection_c.h
[1.082s] -- Up-to-date: /home/ant/ros2_ws/install/my_new_robot_interfaces/include/my_new_robot_interfaces/my_new_robot_interfaces/msg/rosidl_typesupport_introspection_c__visibility_control.h
[1.083s] -- Up-to-date: /home/ant/ros2_ws/install/my_new_robot_interfaces/lib/libmy_new_robot_interfaces__rosidl_typesupport_introspection_c.so
[1.083s] -- Up-to-date: /home/ant/ros2_ws/install/my_new_robot_interfaces/lib/libmy_new_robot_interfaces__rosidl_typesupport_c.so
[1.083s] -- Up-to-date: /home/ant/ros2_ws/install/my_new_robot_interfaces/include/my_new_robot_interfaces/my_new_robot_interfaces
[1.084s] -- Up-to-date: /home/ant/ros2_ws/install/my_new_robot_interfaces/include/my_new_robot_interfaces/my_new_robot_interfaces/msg
[1.084s] -- Up-to-date: /home/ant/ros2_ws/install/my_new_robot_interfaces/include/my_new_robot_interfaces/my_new_robot_interfaces/msg/detail
[1.084s] -- Up-to-date: /home/ant/ros2_ws/install/my_new_robot_interfaces/include/my_new_robot_interfaces/my_new_robot_interfaces/msg/detail/hardware_check__traits.hpp
[1.084s] -- Up-to-date: /home/ant/ros2_ws/install/my_new_robot_interfaces/include/my_new_robot_interfaces/my_new_robot_interfaces/msg/detail/hardware_check__struct.hpp
[1.085s] -- Up-to-date: /home/ant/ros2_ws/install/my_new_robot_interfaces/include/my_new_robot_interfaces/my_new_robot_interfaces/msg/detail/hardware_check__builder.hpp
[1.085s] -- Up-to-date: /home/ant/ros2_ws/install/my_new_robot_interfaces/include/my_new_robot_interfaces/my_new_robot_interfaces/msg/hardware_check.hpp
[1.085s] -- Up-to-date: /home/ant/ros2_ws/install/my_new_robot_interfaces/include/my_new_robot_interfaces/my_new_robot_interfaces
[1.085s] -- Up-to-date: /home/ant/ros2_ws/install/my_new_robot_interfaces/include/my_new_robot_interfaces/my_new_robot_interfaces/msg
[1.086s] -- Up-to-date: /home/ant/ros2_ws/install/my_new_robot_interfaces/include/my_new_robot_interfaces/my_new_robot_interfaces/msg/detail
[1.086s] -- Up-to-date: /home/ant/ros2_ws/install/my_new_robot_interfaces/include/my_new_robot_interfaces/my_new_robot_interfaces/msg/detail/hardware_check__rosidl_typesupport_fastrtps_cpp.hpp
[1.086s] -- Up-to-date: /home/ant/ros2_ws/install/my_new_robot_interfaces/include/my_new_robot_interfaces/my_new_robot_interfaces/msg/detail/dds_fastrtps
[1.086s] -- Up-to-date: /home/ant/ros2_ws/install/my_new_robot_interfaces/include/my_new_robot_interfaces/my_new_robot_interfaces/msg/rosidl_typesupport_fastrtps_cpp__visibility_control.h
[1.086s] -- Up-to-date: /home/ant/ros2_ws/install/my_new_robot_interfaces/lib/libmy_new_robot_interfaces__rosidl_typesupport_fastrtps_cpp.so
[1.087s] -- Up-to-date: /home/ant/ros2_ws/install/my_new_robot_interfaces/include/my_new_robot_interfaces/my_new_robot_interfaces
[1.087s] -- Up-to-date: /home/ant/ros2_ws/install/my_new_robot_interfaces/include/my_new_robot_interfaces/my_new_robot_interfaces/msg
[1.087s] -- Up-to-date: /home/ant/ros2_ws/install/my_new_robot_interfaces/include/my_new_robot_interfaces/my_new_robot_interfaces/msg/detail
[1.087s] -- Up-to-date: /home/ant/ros2_ws/install/my_new_robot_interfaces/include/my_new_robot_interfaces/my_new_robot_interfaces/msg/detail/hardware_check__rosidl_typesupport_introspection_cpp.hpp
[1.088s] -- Up-to-date: /home/ant/ros2_ws/install/my_new_robot_interfaces/include/my_new_robot_interfaces/my_new_robot_interfaces/msg/detail/hardware_check__type_support.cpp
[1.088s] -- Up-to-date: /home/ant/ros2_ws/install/my_new_robot_interfaces/lib/libmy_new_robot_interfaces__rosidl_typesupport_introspection_cpp.so
[1.088s] -- Up-to-date: /home/ant/ros2_ws/install/my_new_robot_interfaces/lib/libmy_new_robot_interfaces__rosidl_typesupport_cpp.so
[1.088s] -- Up-to-date: /home/ant/ros2_ws/install/my_new_robot_interfaces/share/my_new_robot_interfaces/environment/pythonpath.sh
[1.089s] -- Up-to-date: /home/ant/ros2_ws/install/my_new_robot_interfaces/share/my_new_robot_interfaces/environment/pythonpath.dsv
[1.091s] -- Up-to-date: /home/ant/ros2_ws/install/my_new_robot_interfaces/local/lib/python3.10/dist-packages/my_new_robot_interfaces-0.0.0-py3.10.egg-info
[1.091s] -- Installing: /home/ant/ros2_ws/install/my_new_robot_interfaces/local/lib/python3.10/dist-packages/my_new_robot_interfaces-0.0.0-py3.10.egg-info/PKG-INFO
[1.091s] -- Installing: /home/ant/ros2_ws/install/my_new_robot_interfaces/local/lib/python3.10/dist-packages/my_new_robot_interfaces-0.0.0-py3.10.egg-info/dependency_links.txt
[1.091s] -- Installing: /home/ant/ros2_ws/install/my_new_robot_interfaces/local/lib/python3.10/dist-packages/my_new_robot_interfaces-0.0.0-py3.10.egg-info/top_level.txt
[1.091s] -- Installing: /home/ant/ros2_ws/install/my_new_robot_interfaces/local/lib/python3.10/dist-packages/my_new_robot_interfaces-0.0.0-py3.10.egg-info/SOURCES.txt
[1.092s] -- Up-to-date: /home/ant/ros2_ws/install/my_new_robot_interfaces/local/lib/python3.10/dist-packages/my_new_robot_interfaces
[1.092s] -- Up-to-date: /home/ant/ros2_ws/install/my_new_robot_interfaces/local/lib/python3.10/dist-packages/my_new_robot_interfaces/my_new_robot_interfaces_s__rosidl_typesupport_introspection_c.cpython-311-x86_64-linux-gnu.so
[1.092s] -- Up-to-date: /home/ant/ros2_ws/install/my_new_robot_interfaces/local/lib/python3.10/dist-packages/my_new_robot_interfaces/_my_new_robot_interfaces_s.ep.rosidl_typesupport_fastrtps_c.c
[1.092s] -- Up-to-date: /home/ant/ros2_ws/install/my_new_robot_interfaces/local/lib/python3.10/dist-packages/my_new_robot_interfaces/my_new_robot_interfaces_s__rosidl_typesupport_fastrtps_c.cpython-311-x86_64-linux-gnu.so
[1.092s] -- Up-to-date: /home/ant/ros2_ws/install/my_new_robot_interfaces/local/lib/python3.10/dist-packages/my_new_robot_interfaces/my_new_robot_interfaces_s__rosidl_typesupport_c.cpython-311-x86_64-linux-gnu.so
[1.093s] -- Up-to-date: /home/ant/ros2_ws/install/my_new_robot_interfaces/local/lib/python3.10/dist-packages/my_new_robot_interfaces/msg
[1.093s] -- Up-to-date: /home/ant/ros2_ws/install/my_new_robot_interfaces/local/lib/python3.10/dist-packages/my_new_robot_interfaces/msg/__init__.py
[1.093s] -- Up-to-date: /home/ant/ros2_ws/install/my_new_robot_interfaces/local/lib/python3.10/dist-packages/my_new_robot_interfaces/msg/_hardware_check_s.c
[1.093s] -- Up-to-date: /home/ant/ros2_ws/install/my_new_robot_interfaces/local/lib/python3.10/dist-packages/my_new_robot_interfaces/msg/_hardware_check.py
[1.093s] -- Up-to-date: /home/ant/ros2_ws/install/my_new_robot_interfaces/local/lib/python3.10/dist-packages/my_new_robot_interfaces/_my_new_robot_interfaces_s.ep.rosidl_typesupport_c.c
[1.093s] -- Up-to-date: /home/ant/ros2_ws/install/my_new_robot_interfaces/local/lib/python3.10/dist-packages/my_new_robot_interfaces/libmy_new_robot_interfaces__rosidl_generator_py.so
[1.094s] -- Up-to-date: /home/ant/ros2_ws/install/my_new_robot_interfaces/local/lib/python3.10/dist-packages/my_new_robot_interfaces/__init__.py
[1.094s] -- Up-to-date: /home/ant/ros2_ws/install/my_new_robot_interfaces/local/lib/python3.10/dist-packages/my_new_robot_interfaces/_my_new_robot_interfaces_s.ep.rosidl_typesupport_introspection_c.c
[1.153s] Listing '/home/ant/ros2_ws/install/my_new_robot_interfaces/local/lib/python3.10/dist-packages/my_new_robot_interfaces'...
[1.153s] Listing '/home/ant/ros2_ws/install/my_new_robot_interfaces/local/lib/python3.10/dist-packages/my_new_robot_interfaces/msg'...
[1.159s] -- Up-to-date: /home/ant/ros2_ws/install/my_new_robot_interfaces/local/lib/python3.10/dist-packages/my_new_robot_interfaces/my_new_robot_interfaces_s__rosidl_typesupport_fastrtps_c.cpython-311-x86_64-linux-gnu.so
[1.160s] -- Up-to-date: /home/ant/ros2_ws/install/my_new_robot_interfaces/local/lib/python3.10/dist-packages/my_new_robot_interfaces/my_new_robot_interfaces_s__rosidl_typesupport_introspection_c.cpython-311-x86_64-linux-gnu.so
[1.161s] -- Up-to-date: /home/ant/ros2_ws/install/my_new_robot_interfaces/local/lib/python3.10/dist-packages/my_new_robot_interfaces/my_new_robot_interfaces_s__rosidl_typesupport_c.cpython-311-x86_64-linux-gnu.so
[1.161s] -- Up-to-date: /home/ant/ros2_ws/install/my_new_robot_interfaces/lib/libmy_new_robot_interfaces__rosidl_generator_py.so
[1.162s] -- Up-to-date: /home/ant/ros2_ws/install/my_new_robot_interfaces/share/my_new_robot_interfaces/msg/HardwareCheck.idl
[1.162s] -- Up-to-date: /home/ant/ros2_ws/install/my_new_robot_interfaces/share/my_new_robot_interfaces/msg/HardwareCheck.msg
[1.162s] -- Up-to-date: /home/ant/ros2_ws/install/my_new_robot_interfaces/share/ament_index/resource_index/package_run_dependencies/my_new_robot_interfaces
[1.162s] -- Up-to-date: /home/ant/ros2_ws/install/my_new_robot_interfaces/share/ament_index/resource_index/parent_prefix_path/my_new_robot_interfaces
[1.163s] -- Up-to-date: /home/ant/ros2_ws/install/my_new_robot_interfaces/share/my_new_robot_interfaces/environment/ament_prefix_path.sh
[1.163s] -- Up-to-date: /home/ant/ros2_ws/install/my_new_robot_interfaces/share/my_new_robot_interfaces/environment/ament_prefix_path.dsv
[1.163s] -- Up-to-date: /home/ant/ros2_ws/install/my_new_robot_interfaces/share/my_new_robot_interfaces/environment/path.sh
[1.163s] -- Up-to-date: /home/ant/ros2_ws/install/my_new_robot_interfaces/share/my_new_robot_interfaces/environment/path.dsv
[1.163s] -- Up-to-date: /home/ant/ros2_ws/install/my_new_robot_interfaces/share/my_new_robot_interfaces/local_setup.bash
[1.164s] -- Up-to-date: /home/ant/ros2_ws/install/my_new_robot_interfaces/share/my_new_robot_interfaces/local_setup.sh
[1.164s] -- Up-to-date: /home/ant/ros2_ws/install/my_new_robot_interfaces/share/my_new_robot_interfaces/local_setup.zsh
[1.164s] -- Up-to-date: /home/ant/ros2_ws/install/my_new_robot_interfaces/share/my_new_robot_interfaces/local_setup.dsv
[1.164s] -- Installing: /home/ant/ros2_ws/install/my_new_robot_interfaces/share/my_new_robot_interfaces/package.dsv
[1.164s] -- Up-to-date: /home/ant/ros2_ws/install/my_new_robot_interfaces/share/ament_index/resource_index/packages/my_new_robot_interfaces
[1.165s] -- Up-to-date: /home/ant/ros2_ws/install/my_new_robot_interfaces/share/my_new_robot_interfaces/cmake/export_my_new_robot_interfaces__rosidl_generator_cExport.cmake
[1.165s] -- Up-to-date: /home/ant/ros2_ws/install/my_new_robot_interfaces/share/my_new_robot_interfaces/cmake/export_my_new_robot_interfaces__rosidl_generator_cExport-noconfig.cmake
[1.165s] -- Up-to-date: /home/ant/ros2_ws/install/my_new_robot_interfaces/share/my_new_robot_interfaces/cmake/export_my_new_robot_interfaces__rosidl_typesupport_fastrtps_cExport.cmake
[1.165s] -- Up-to-date: /home/ant/ros2_ws/install/my_new_robot_interfaces/share/my_new_robot_interfaces/cmake/export_my_new_robot_interfaces__rosidl_typesupport_fastrtps_cExport-noconfig.cmake
[1.165s] -- Up-to-date: /home/ant/ros2_ws/install/my_new_robot_interfaces/share/my_new_robot_interfaces/cmake/my_new_robot_interfaces__rosidl_typesupport_introspection_cExport.cmake
[1.165s] -- Up-to-date: /home/ant/ros2_ws/install/my_new_robot_interfaces/share/my_new_robot_interfaces/cmake/my_new_robot_interfaces__rosidl_typesupport_introspection_cExport-noconfig.cmake
[1.166s] -- Up-to-date: /home/ant/ros2_ws/install/my_new_robot_interfaces/share/my_new_robot_interfaces/cmake/my_new_robot_interfaces__rosidl_typesupport_cExport.cmake
[1.166s] -- Up-to-date: /home/ant/ros2_ws/install/my_new_robot_interfaces/share/my_new_robot_interfaces/cmake/my_new_robot_interfaces__rosidl_typesupport_cExport-noconfig.cmake
[1.166s] -- Up-to-date: /home/ant/ros2_ws/install/my_new_robot_interfaces/share/my_new_robot_interfaces/cmake/export_my_new_robot_interfaces__rosidl_generator_cppExport.cmake
[1.166s] -- Up-to-date: /home/ant/ros2_ws/install/my_new_robot_interfaces/share/my_new_robot_interfaces/cmake/export_my_new_robot_interfaces__rosidl_typesupport_fastrtps_cppExport.cmake
[1.166s] -- Up-to-date: /home/ant/ros2_ws/install/my_new_robot_interfaces/share/my_new_robot_interfaces/cmake/export_my_new_robot_interfaces__rosidl_typesupport_fastrtps_cppExport-noconfig.cmake
[1.167s] -- Up-to-date: /home/ant/ros2_ws/install/my_new_robot_interfaces/share/my_new_robot_interfaces/cmake/my_new_robot_interfaces__rosidl_typesupport_introspection_cppExport.cmake
[1.167s] -- Up-to-date: /home/ant/ros2_ws/install/my_new_robot_interfaces/share/my_new_robot_interfaces/cmake/my_new_robot_interfaces__rosidl_typesupport_introspection_cppExport-noconfig.cmake
[1.167s] -- Up-to-date: /home/ant/ros2_ws/install/my_new_robot_interfaces/share/my_new_robot_interfaces/cmake/my_new_robot_interfaces__rosidl_typesupport_cppExport.cmake
[1.167s] -- Up-to-date: /home/ant/ros2_ws/install/my_new_robot_interfaces/share/my_new_robot_interfaces/cmake/my_new_robot_interfaces__rosidl_typesupport_cppExport-noconfig.cmake
[1.168s] -- Up-to-date: /home/ant/ros2_ws/install/my_new_robot_interfaces/share/my_new_robot_interfaces/cmake/export_my_new_robot_interfaces__rosidl_generator_pyExport.cmake
[1.168s] -- Up-to-date: /home/ant/ros2_ws/install/my_new_robot_interfaces/share/my_new_robot_interfaces/cmake/export_my_new_robot_interfaces__rosidl_generator_pyExport-noconfig.cmake
[1.168s] -- Up-to-date: /home/ant/ros2_ws/install/my_new_robot_interfaces/share/my_new_robot_interfaces/cmake/rosidl_cmake-extras.cmake
[1.168s] -- Up-to-date: /home/ant/ros2_ws/install/my_new_robot_interfaces/share/my_new_robot_interfaces/cmake/ament_cmake_export_include_directories-extras.cmake
[1.169s] -- Up-to-date: /home/ant/ros2_ws/install/my_new_robot_interfaces/share/my_new_robot_interfaces/cmake/ament_cmake_export_libraries-extras.cmake
[1.169s] -- Up-to-date: /home/ant/ros2_ws/install/my_new_robot_interfaces/share/my_new_robot_interfaces/cmake/ament_cmake_export_targets-extras.cmake
[1.169s] -- Up-to-date: /home/ant/ros2_ws/install/my_new_robot_interfaces/share/my_new_robot_interfaces/cmake/rosidl_cmake_export_typesupport_targets-extras.cmake
[1.169s] -- Up-to-date: /home/ant/ros2_ws/install/my_new_robot_interfaces/share/my_new_robot_interfaces/cmake/ament_cmake_export_dependencies-extras.cmake
[1.169s] -- Up-to-date: /home/ant/ros2_ws/install/my_new_robot_interfaces/share/my_new_robot_interfaces/cmake/rosidl_cmake_export_typesupport_libraries-extras.cmake
[1.169s] -- Up-to-date: /home/ant/ros2_ws/install/my_new_robot_interfaces/share/my_new_robot_interfaces/cmake/my_new_robot_interfacesConfig.cmake
[1.169s] -- Up-to-date: /home/ant/ros2_ws/install/my_new_robot_interfaces/share/my_new_robot_interfaces/cmake/my_new_robot_interfacesConfig-version.cmake
[1.169s] -- Up-to-date: /home/ant/ros2_ws/install/my_new_robot_interfaces/share/my_new_robot_interfaces/package.xml
[1.173s] Invoked command in '/home/ant/ros2_ws/build/my_new_robot_interfaces' returned '0': CMAKE_PREFIX_PATH=${CMAKE_PREFIX_PATH}:/home/ant/ros2_ws/install/my_py_pkg:/opt/ros/humble CONDA_PROMPT_MODIFIER=(base) /usr/bin/cmake --install /home/ant/ros2_ws/build/my_new_robot_interfaces
