[0.311s] Invoking command in '/home/ant/ros2_ws/build/my_cpp_pkg': CMAKE_PREFIX_PATH=${CMAKE_PREFIX_PATH}:/home/ant/ros2_ws/install/my_py_pkg:/opt/ros/humble CONDA_PROMPT_MODIFIER=(base) /usr/bin/cmake --build /home/ant/ros2_ws/build/my_cpp_pkg -- -j4 -l4
[0.471s] -- Found ament_cmake: 1.3.5 (/opt/ros/humble/share/ament_cmake/cmake)
[1.072s] -- Found rclcpp: 16.0.6 (/opt/ros/humble/share/rclcpp/cmake)
[1.139s] -- Found rosidl_generator_c: 3.1.5 (/opt/ros/humble/share/rosidl_generator_c/cmake)
[1.144s] -- Found rosidl_adapter: 3.1.5 (/opt/ros/humble/share/rosidl_adapter/cmake)
[1.157s] -- Found rosidl_generator_cpp: 3.1.5 (/opt/ros/humble/share/rosidl_generator_cpp/cmake)
[1.180s] -- Using all available rosidl_typesupport_c: rosidl_typesupport_fastrtps_c;rosidl_typesupport_introspection_c
[1.207s] -- Using all available rosidl_typesupport_cpp: rosidl_typesupport_fastrtps_cpp;rosidl_typesupport_introspection_cpp
[1.478s] -- Found rmw_implementation_cmake: 6.1.1 (/opt/ros/humble/share/rmw_implementation_cmake/cmake)
[1.484s] -- Found rmw_fastrtps_cpp: 6.2.4 (/opt/ros/humble/share/rmw_fastrtps_cpp/cmake)
[2.037s] -- Using RMW implementation 'rmw_fastrtps_cpp' as default
[2.866s] -- Found example_interfaces: 0.9.3 (/opt/ros/humble/share/example_interfaces/cmake)
[3.608s] -- Configuring done
[3.693s] -- Generating done
[3.698s] -- Build files have been written to: /home/ant/ros2_ws/build/my_cpp_pkg
[3.782s] [35m[1mConsolidate compiler generated dependencies of target cpp_node[0m
[3.826s] [ 33%] Built target cpp_node
[3.863s] [35m[1mConsolidate compiler generated dependencies of target smartphone[0m
[3.912s] [ 50%] [32m[1mLinking CXX executable smartphone[0m
[5.961s] [ 66%] Built target smartphone
[6.035s] [35m[1mConsolidate compiler generated dependencies of target robot_news_station[0m
[6.128s] [100%] Built target robot_news_station
[6.179s] Invoked command in '/home/ant/ros2_ws/build/my_cpp_pkg' returned '0': CMAKE_PREFIX_PATH=${CMAKE_PREFIX_PATH}:/home/ant/ros2_ws/install/my_py_pkg:/opt/ros/humble CONDA_PROMPT_MODIFIER=(base) /usr/bin/cmake --build /home/ant/ros2_ws/build/my_cpp_pkg -- -j4 -l4
[6.404s] Invoking command in '/home/ant/ros2_ws/build/my_cpp_pkg': CMAKE_PREFIX_PATH=${CMAKE_PREFIX_PATH}:/home/ant/ros2_ws/install/my_py_pkg:/opt/ros/humble CONDA_PROMPT_MODIFIER=(base) /usr/bin/cmake --install /home/ant/ros2_ws/build/my_cpp_pkg
[6.444s] -- Install configuration: ""
[6.447s] -- Up-to-date: /home/ant/ros2_ws/install/my_cpp_pkg/lib/my_cpp_pkg/cpp_node
[6.447s] -- Up-to-date: /home/ant/ros2_ws/install/my_cpp_pkg/lib/my_cpp_pkg/robot_news_station
[6.450s] -- Installing: /home/ant/ros2_ws/install/my_cpp_pkg/lib/my_cpp_pkg/smartphone
[6.462s] -- Set runtime path of "/home/ant/ros2_ws/install/my_cpp_pkg/lib/my_cpp_pkg/smartphone" to ""
[6.463s] -- Up-to-date: /home/ant/ros2_ws/install/my_cpp_pkg/share/ament_index/resource_index/package_run_dependencies/my_cpp_pkg
[6.466s] -- Up-to-date: /home/ant/ros2_ws/install/my_cpp_pkg/share/ament_index/resource_index/parent_prefix_path/my_cpp_pkg
[6.469s] -- Up-to-date: /home/ant/ros2_ws/install/my_cpp_pkg/share/my_cpp_pkg/environment/ament_prefix_path.sh
[6.474s] -- Installing: /home/ant/ros2_ws/install/my_cpp_pkg/share/my_cpp_pkg/environment/ament_prefix_path.dsv
[6.475s] -- Up-to-date: /home/ant/ros2_ws/install/my_cpp_pkg/share/my_cpp_pkg/environment/path.sh
[6.475s] -- Installing: /home/ant/ros2_ws/install/my_cpp_pkg/share/my_cpp_pkg/environment/path.dsv
[6.476s] -- Up-to-date: /home/ant/ros2_ws/install/my_cpp_pkg/share/my_cpp_pkg/local_setup.bash
[6.476s] -- Up-to-date: /home/ant/ros2_ws/install/my_cpp_pkg/share/my_cpp_pkg/local_setup.sh
[6.476s] -- Up-to-date: /home/ant/ros2_ws/install/my_cpp_pkg/share/my_cpp_pkg/local_setup.zsh
[6.477s] -- Installing: /home/ant/ros2_ws/install/my_cpp_pkg/share/my_cpp_pkg/local_setup.dsv
[6.477s] -- Installing: /home/ant/ros2_ws/install/my_cpp_pkg/share/my_cpp_pkg/package.dsv
[6.478s] -- Up-to-date: /home/ant/ros2_ws/install/my_cpp_pkg/share/ament_index/resource_index/packages/my_cpp_pkg
[6.478s] -- Up-to-date: /home/ant/ros2_ws/install/my_cpp_pkg/share/my_cpp_pkg/cmake/my_cpp_pkgConfig.cmake
[6.479s] -- Up-to-date: /home/ant/ros2_ws/install/my_cpp_pkg/share/my_cpp_pkg/cmake/my_cpp_pkgConfig-version.cmake
[6.480s] -- Up-to-date: /home/ant/ros2_ws/install/my_cpp_pkg/share/my_cpp_pkg/package.xml
[6.487s] Invoked command in '/home/ant/ros2_ws/build/my_cpp_pkg' returned '0': CMAKE_PREFIX_PATH=${CMAKE_PREFIX_PATH}:/home/ant/ros2_ws/install/my_py_pkg:/opt/ros/humble CONDA_PROMPT_MODIFIER=(base) /usr/bin/cmake --install /home/ant/ros2_ws/build/my_cpp_pkg
