[0.147s] Invoking command in '/home/ant/ros2_ws/build/my_new_robot_interfaces': CMAKE_PREFIX_PATH=${CMAKE_PREFIX_PATH}:/home/ant/ros2_ws/install/my_py_pkg:/opt/ros/humble CONDA_PROMPT_MODIFIER=(base) /usr/bin/cmake --build /home/ant/ros2_ws/build/my_new_robot_interfaces -- -j4 -l4
[0.408s] [  3%] Built target my_new_robot_interfaces__cpp
[0.491s] [ 12%] Built target my_new_robot_interfaces__rosidl_generator_c
[0.511s] [ 12%] Built target ament_cmake_python_copy_my_new_robot_interfaces
[0.828s] [ 22%] Built target my_new_robot_interfaces__rosidl_typesupport_introspection_cpp
[0.866s] [ 35%] Built target my_new_robot_interfaces__rosidl_typesupport_fastrtps_cpp
[0.892s] [ 41%] Built target my_new_robot_interfaces__rosidl_typesupport_cpp
[1.107s] [ 51%] Built target my_new_robot_interfaces__rosidl_typesupport_fastrtps_c
[1.128s] [ 61%] Built target my_new_robot_interfaces__rosidl_typesupport_introspection_c
[1.181s] [ 70%] Built target my_new_robot_interfaces__rosidl_typesupport_c
[1.406s] [ 70%] Built target my_new_robot_interfaces
[1.808s] [ 74%] Built target my_new_robot_interfaces__py
[1.989s] [ 80%] Built target my_new_robot_interfaces__rosidl_generator_py
[2.211s] [ 87%] Built target my_new_robot_interfaces__rosidl_typesupport_fastrtps_c__pyext
[2.220s] [ 93%] Built target my_new_robot_interfaces__rosidl_typesupport_introspection_c__pyext
[2.235s] [100%] Built target my_new_robot_interfaces__rosidl_typesupport_c__pyext
[2.298s] running egg_info
[2.302s] writing my_new_robot_interfaces.egg-info/PKG-INFO
[2.302s] writing dependency_links to my_new_robot_interfaces.egg-info/dependency_links.txt
[2.302s] writing top-level names to my_new_robot_interfaces.egg-info/top_level.txt
[2.306s] reading manifest file 'my_new_robot_interfaces.egg-info/SOURCES.txt'
[2.308s] writing manifest file 'my_new_robot_interfaces.egg-info/SOURCES.txt'
[2.478s] [100%] Built target ament_cmake_python_build_my_new_robot_interfaces_egg
[2.831s] Invoked command in '/home/ant/ros2_ws/build/my_new_robot_interfaces' returned '0': CMAKE_PREFIX_PATH=${CMAKE_PREFIX_PATH}:/home/ant/ros2_ws/install/my_py_pkg:/opt/ros/humble CONDA_PROMPT_MODIFIER=(base) /usr/bin/cmake --build /home/ant/ros2_ws/build/my_new_robot_interfaces -- -j4 -l4
[3.229s] Invoking command in '/home/ant/ros2_ws/build/my_new_robot_interfaces': CMAKE_PREFIX_PATH=${CMAKE_PREFIX_PATH}:/home/ant/ros2_ws/install/my_py_pkg:/opt/ros/humble CONDA_PROMPT_MODIFIER=(base) /usr/bin/cmake --install /home/ant/ros2_ws/build/my_new_robot_interfaces
[3.253s] -- Install configuration: ""
[3.255s] -- Up-to-date: /home/ant/ros2_ws/install/my_new_robot_interfaces/share/ament_index/resource_index/rosidl_interfaces/my_new_robot_interfaces
[3.259s] -- Up-to-date: /home/ant/ros2_ws/install/my_new_robot_interfaces/include/my_new_robot_interfaces/my_new_robot_interfaces
[3.259s] -- Up-to-date: /home/ant/ros2_ws/install/my_new_robot_interfaces/include/my_new_robot_interfaces/my_new_robot_interfaces/msg
[3.260s] -- Up-to-date: /home/ant/ros2_ws/install/my_new_robot_interfaces/include/my_new_robot_interfaces/my_new_robot_interfaces/msg/detail
[3.263s] -- Up-to-date: /home/ant/ros2_ws/install/my_new_robot_interfaces/include/my_new_robot_interfaces/my_new_robot_interfaces/msg/detail/hardware_check__struct.h
[3.264s] -- Up-to-date: /home/ant/ros2_ws/install/my_new_robot_interfaces/include/my_new_robot_interfaces/my_new_robot_interfaces/msg/detail/hardware_check__type_support.h
[3.264s] -- Up-to-date: /home/ant/ros2_ws/install/my_new_robot_interfaces/include/my_new_robot_interfaces/my_new_robot_interfaces/msg/detail/hardware_check__functions.h
[3.265s] -- Up-to-date: /home/ant/ros2_ws/install/my_new_robot_interfaces/include/my_new_robot_interfaces/my_new_robot_interfaces/msg/detail/hardware_check__functions.c
[3.268s] -- Up-to-date: /home/ant/ros2_ws/install/my_new_robot_interfaces/include/my_new_robot_interfaces/my_new_robot_interfaces/msg/rosidl_generator_c__visibility_control.h
[3.268s] -- Up-to-date: /home/ant/ros2_ws/install/my_new_robot_interfaces/include/my_new_robot_interfaces/my_new_robot_interfaces/msg/hardware_check.h
[3.269s] -- Up-to-date: /home/ant/ros2_ws/install/my_new_robot_interfaces/share/my_new_robot_interfaces/environment/library_path.sh
[3.270s] -- Up-to-date: /home/ant/ros2_ws/install/my_new_robot_interfaces/share/my_new_robot_interfaces/environment/library_path.dsv
[3.270s] -- Up-to-date: /home/ant/ros2_ws/install/my_new_robot_interfaces/lib/libmy_new_robot_interfaces__rosidl_generator_c.so
[3.270s] -- Up-to-date: /home/ant/ros2_ws/install/my_new_robot_interfaces/include/my_new_robot_interfaces/my_new_robot_interfaces
[3.270s] -- Up-to-date: /home/ant/ros2_ws/install/my_new_robot_interfaces/include/my_new_robot_interfaces/my_new_robot_interfaces/msg
[3.270s] -- Up-to-date: /home/ant/ros2_ws/install/my_new_robot_interfaces/include/my_new_robot_interfaces/my_new_robot_interfaces/msg/detail
[3.278s] -- Up-to-date: /home/ant/ros2_ws/install/my_new_robot_interfaces/include/my_new_robot_interfaces/my_new_robot_interfaces/msg/detail/hardware_check__rosidl_typesupport_fastrtps_c.h
[3.278s] -- Up-to-date: /home/ant/ros2_ws/install/my_new_robot_interfaces/include/my_new_robot_interfaces/my_new_robot_interfaces/msg/rosidl_typesupport_fastrtps_c__visibility_control.h
[3.278s] -- Up-to-date: /home/ant/ros2_ws/install/my_new_robot_interfaces/lib/libmy_new_robot_interfaces__rosidl_typesupport_fastrtps_c.so
[3.278s] -- Up-to-date: /home/ant/ros2_ws/install/my_new_robot_interfaces/include/my_new_robot_interfaces/my_new_robot_interfaces
[3.278s] -- Up-to-date: /home/ant/ros2_ws/install/my_new_robot_interfaces/include/my_new_robot_interfaces/my_new_robot_interfaces/msg
[3.279s] -- Up-to-date: /home/ant/ros2_ws/install/my_new_robot_interfaces/include/my_new_robot_interfaces/my_new_robot_interfaces/msg/detail
[3.279s] -- Up-to-date: /home/ant/ros2_ws/install/my_new_robot_interfaces/include/my_new_robot_interfaces/my_new_robot_interfaces/msg/detail/hardware_check__type_support.c
[3.280s] -- Up-to-date: /home/ant/ros2_ws/install/my_new_robot_interfaces/include/my_new_robot_interfaces/my_new_robot_interfaces/msg/detail/hardware_check__rosidl_typesupport_introspection_c.h
[3.280s] -- Up-to-date: /home/ant/ros2_ws/install/my_new_robot_interfaces/include/my_new_robot_interfaces/my_new_robot_interfaces/msg/rosidl_typesupport_introspection_c__visibility_control.h
[3.280s] -- Up-to-date: /home/ant/ros2_ws/install/my_new_robot_interfaces/lib/libmy_new_robot_interfaces__rosidl_typesupport_introspection_c.so
[3.280s] -- Up-to-date: /home/ant/ros2_ws/install/my_new_robot_interfaces/lib/libmy_new_robot_interfaces__rosidl_typesupport_c.so
[3.281s] -- Up-to-date: /home/ant/ros2_ws/install/my_new_robot_interfaces/include/my_new_robot_interfaces/my_new_robot_interfaces
[3.281s] -- Up-to-date: /home/ant/ros2_ws/install/my_new_robot_interfaces/include/my_new_robot_interfaces/my_new_robot_interfaces/msg
[3.281s] -- Up-to-date: /home/ant/ros2_ws/install/my_new_robot_interfaces/include/my_new_robot_interfaces/my_new_robot_interfaces/msg/detail
[3.281s] -- Up-to-date: /home/ant/ros2_ws/install/my_new_robot_interfaces/include/my_new_robot_interfaces/my_new_robot_interfaces/msg/detail/hardware_check__traits.hpp
[3.281s] -- Up-to-date: /home/ant/ros2_ws/install/my_new_robot_interfaces/include/my_new_robot_interfaces/my_new_robot_interfaces/msg/detail/hardware_check__struct.hpp
[3.281s] -- Up-to-date: /home/ant/ros2_ws/install/my_new_robot_interfaces/include/my_new_robot_interfaces/my_new_robot_interfaces/msg/detail/hardware_check__builder.hpp
[3.282s] -- Up-to-date: /home/ant/ros2_ws/install/my_new_robot_interfaces/include/my_new_robot_interfaces/my_new_robot_interfaces/msg/hardware_check.hpp
[3.282s] -- Up-to-date: /home/ant/ros2_ws/install/my_new_robot_interfaces/include/my_new_robot_interfaces/my_new_robot_interfaces
[3.282s] -- Up-to-date: /home/ant/ros2_ws/install/my_new_robot_interfaces/include/my_new_robot_interfaces/my_new_robot_interfaces/msg
[3.282s] -- Up-to-date: /home/ant/ros2_ws/install/my_new_robot_interfaces/include/my_new_robot_interfaces/my_new_robot_interfaces/msg/detail
[3.282s] -- Up-to-date: /home/ant/ros2_ws/install/my_new_robot_interfaces/include/my_new_robot_interfaces/my_new_robot_interfaces/msg/detail/hardware_check__rosidl_typesupport_fastrtps_cpp.hpp
[3.282s] -- Up-to-date: /home/ant/ros2_ws/install/my_new_robot_interfaces/include/my_new_robot_interfaces/my_new_robot_interfaces/msg/detail/dds_fastrtps
[3.282s] -- Up-to-date: /home/ant/ros2_ws/install/my_new_robot_interfaces/include/my_new_robot_interfaces/my_new_robot_interfaces/msg/rosidl_typesupport_fastrtps_cpp__visibility_control.h
[3.283s] -- Up-to-date: /home/ant/ros2_ws/install/my_new_robot_interfaces/lib/libmy_new_robot_interfaces__rosidl_typesupport_fastrtps_cpp.so
[3.283s] -- Up-to-date: /home/ant/ros2_ws/install/my_new_robot_interfaces/include/my_new_robot_interfaces/my_new_robot_interfaces
[3.283s] -- Up-to-date: /home/ant/ros2_ws/install/my_new_robot_interfaces/include/my_new_robot_interfaces/my_new_robot_interfaces/msg
[3.283s] -- Up-to-date: /home/ant/ros2_ws/install/my_new_robot_interfaces/include/my_new_robot_interfaces/my_new_robot_interfaces/msg/detail
[3.283s] -- Up-to-date: /home/ant/ros2_ws/install/my_new_robot_interfaces/include/my_new_robot_interfaces/my_new_robot_interfaces/msg/detail/hardware_check__rosidl_typesupport_introspection_cpp.hpp
[3.284s] -- Up-to-date: /home/ant/ros2_ws/install/my_new_robot_interfaces/include/my_new_robot_interfaces/my_new_robot_interfaces/msg/detail/hardware_check__type_support.cpp
[3.284s] -- Up-to-date: /home/ant/ros2_ws/install/my_new_robot_interfaces/lib/libmy_new_robot_interfaces__rosidl_typesupport_introspection_cpp.so
[3.284s] -- Up-to-date: /home/ant/ros2_ws/install/my_new_robot_interfaces/lib/libmy_new_robot_interfaces__rosidl_typesupport_cpp.so
[3.284s] -- Up-to-date: /home/ant/ros2_ws/install/my_new_robot_interfaces/share/my_new_robot_interfaces/environment/pythonpath.sh
[3.284s] -- Up-to-date: /home/ant/ros2_ws/install/my_new_robot_interfaces/share/my_new_robot_interfaces/environment/pythonpath.dsv
[3.284s] -- Up-to-date: /home/ant/ros2_ws/install/my_new_robot_interfaces/local/lib/python3.10/dist-packages/my_new_robot_interfaces-0.0.0-py3.10.egg-info
[3.284s] -- Installing: /home/ant/ros2_ws/install/my_new_robot_interfaces/local/lib/python3.10/dist-packages/my_new_robot_interfaces-0.0.0-py3.10.egg-info/PKG-INFO
[3.285s] -- Installing: /home/ant/ros2_ws/install/my_new_robot_interfaces/local/lib/python3.10/dist-packages/my_new_robot_interfaces-0.0.0-py3.10.egg-info/dependency_links.txt
[3.285s] -- Installing: /home/ant/ros2_ws/install/my_new_robot_interfaces/local/lib/python3.10/dist-packages/my_new_robot_interfaces-0.0.0-py3.10.egg-info/top_level.txt
[3.285s] -- Installing: /home/ant/ros2_ws/install/my_new_robot_interfaces/local/lib/python3.10/dist-packages/my_new_robot_interfaces-0.0.0-py3.10.egg-info/SOURCES.txt
[3.285s] -- Up-to-date: /home/ant/ros2_ws/install/my_new_robot_interfaces/local/lib/python3.10/dist-packages/my_new_robot_interfaces
[3.285s] -- Up-to-date: /home/ant/ros2_ws/install/my_new_robot_interfaces/local/lib/python3.10/dist-packages/my_new_robot_interfaces/my_new_robot_interfaces_s__rosidl_typesupport_introspection_c.cpython-311-x86_64-linux-gnu.so
[3.285s] -- Up-to-date: /home/ant/ros2_ws/install/my_new_robot_interfaces/local/lib/python3.10/dist-packages/my_new_robot_interfaces/_my_new_robot_interfaces_s.ep.rosidl_typesupport_fastrtps_c.c
[3.285s] -- Up-to-date: /home/ant/ros2_ws/install/my_new_robot_interfaces/local/lib/python3.10/dist-packages/my_new_robot_interfaces/my_new_robot_interfaces_s__rosidl_typesupport_fastrtps_c.cpython-311-x86_64-linux-gnu.so
[3.286s] -- Up-to-date: /home/ant/ros2_ws/install/my_new_robot_interfaces/local/lib/python3.10/dist-packages/my_new_robot_interfaces/my_new_robot_interfaces_s__rosidl_typesupport_c.cpython-311-x86_64-linux-gnu.so
[3.287s] -- Up-to-date: /home/ant/ros2_ws/install/my_new_robot_interfaces/local/lib/python3.10/dist-packages/my_new_robot_interfaces/msg
[3.287s] -- Up-to-date: /home/ant/ros2_ws/install/my_new_robot_interfaces/local/lib/python3.10/dist-packages/my_new_robot_interfaces/msg/__init__.py
[3.287s] -- Up-to-date: /home/ant/ros2_ws/install/my_new_robot_interfaces/local/lib/python3.10/dist-packages/my_new_robot_interfaces/msg/_hardware_check_s.c
[3.287s] -- Up-to-date: /home/ant/ros2_ws/install/my_new_robot_interfaces/local/lib/python3.10/dist-packages/my_new_robot_interfaces/msg/_hardware_check.py
[3.287s] -- Up-to-date: /home/ant/ros2_ws/install/my_new_robot_interfaces/local/lib/python3.10/dist-packages/my_new_robot_interfaces/_my_new_robot_interfaces_s.ep.rosidl_typesupport_c.c
[3.287s] -- Up-to-date: /home/ant/ros2_ws/install/my_new_robot_interfaces/local/lib/python3.10/dist-packages/my_new_robot_interfaces/libmy_new_robot_interfaces__rosidl_generator_py.so
[3.288s] -- Up-to-date: /home/ant/ros2_ws/install/my_new_robot_interfaces/local/lib/python3.10/dist-packages/my_new_robot_interfaces/__init__.py
[3.288s] -- Up-to-date: /home/ant/ros2_ws/install/my_new_robot_interfaces/local/lib/python3.10/dist-packages/my_new_robot_interfaces/_my_new_robot_interfaces_s.ep.rosidl_typesupport_introspection_c.c
[3.380s] Listing '/home/ant/ros2_ws/install/my_new_robot_interfaces/local/lib/python3.10/dist-packages/my_new_robot_interfaces'...
[3.380s] Listing '/home/ant/ros2_ws/install/my_new_robot_interfaces/local/lib/python3.10/dist-packages/my_new_robot_interfaces/msg'...
[3.400s] -- Up-to-date: /home/ant/ros2_ws/install/my_new_robot_interfaces/local/lib/python3.10/dist-packages/my_new_robot_interfaces/my_new_robot_interfaces_s__rosidl_typesupport_fastrtps_c.cpython-311-x86_64-linux-gnu.so
[3.401s] -- Up-to-date: /home/ant/ros2_ws/install/my_new_robot_interfaces/local/lib/python3.10/dist-packages/my_new_robot_interfaces/my_new_robot_interfaces_s__rosidl_typesupport_introspection_c.cpython-311-x86_64-linux-gnu.so
[3.402s] -- Up-to-date: /home/ant/ros2_ws/install/my_new_robot_interfaces/local/lib/python3.10/dist-packages/my_new_robot_interfaces/my_new_robot_interfaces_s__rosidl_typesupport_c.cpython-311-x86_64-linux-gnu.so
[3.405s] -- Up-to-date: /home/ant/ros2_ws/install/my_new_robot_interfaces/lib/libmy_new_robot_interfaces__rosidl_generator_py.so
[3.406s] -- Up-to-date: /home/ant/ros2_ws/install/my_new_robot_interfaces/share/my_new_robot_interfaces/msg/HardwareCheck.idl
[3.408s] -- Up-to-date: /home/ant/ros2_ws/install/my_new_robot_interfaces/share/my_new_robot_interfaces/msg/HardwareCheck.msg
[3.409s] -- Up-to-date: /home/ant/ros2_ws/install/my_new_robot_interfaces/share/ament_index/resource_index/package_run_dependencies/my_new_robot_interfaces
[3.409s] -- Up-to-date: /home/ant/ros2_ws/install/my_new_robot_interfaces/share/ament_index/resource_index/parent_prefix_path/my_new_robot_interfaces
[3.409s] -- Up-to-date: /home/ant/ros2_ws/install/my_new_robot_interfaces/share/my_new_robot_interfaces/environment/ament_prefix_path.sh
[3.410s] -- Up-to-date: /home/ant/ros2_ws/install/my_new_robot_interfaces/share/my_new_robot_interfaces/environment/ament_prefix_path.dsv
[3.410s] -- Up-to-date: /home/ant/ros2_ws/install/my_new_robot_interfaces/share/my_new_robot_interfaces/environment/path.sh
[3.410s] -- Up-to-date: /home/ant/ros2_ws/install/my_new_robot_interfaces/share/my_new_robot_interfaces/environment/path.dsv
[3.411s] -- Up-to-date: /home/ant/ros2_ws/install/my_new_robot_interfaces/share/my_new_robot_interfaces/local_setup.bash
[3.411s] -- Up-to-date: /home/ant/ros2_ws/install/my_new_robot_interfaces/share/my_new_robot_interfaces/local_setup.sh
[3.411s] -- Up-to-date: /home/ant/ros2_ws/install/my_new_robot_interfaces/share/my_new_robot_interfaces/local_setup.zsh
[3.412s] -- Up-to-date: /home/ant/ros2_ws/install/my_new_robot_interfaces/share/my_new_robot_interfaces/local_setup.dsv
[3.412s] -- Installing: /home/ant/ros2_ws/install/my_new_robot_interfaces/share/my_new_robot_interfaces/package.dsv
[3.412s] -- Up-to-date: /home/ant/ros2_ws/install/my_new_robot_interfaces/share/ament_index/resource_index/packages/my_new_robot_interfaces
[3.412s] -- Up-to-date: /home/ant/ros2_ws/install/my_new_robot_interfaces/share/my_new_robot_interfaces/cmake/export_my_new_robot_interfaces__rosidl_generator_cExport.cmake
[3.412s] -- Up-to-date: /home/ant/ros2_ws/install/my_new_robot_interfaces/share/my_new_robot_interfaces/cmake/export_my_new_robot_interfaces__rosidl_generator_cExport-noconfig.cmake
[3.413s] -- Up-to-date: /home/ant/ros2_ws/install/my_new_robot_interfaces/share/my_new_robot_interfaces/cmake/export_my_new_robot_interfaces__rosidl_typesupport_fastrtps_cExport.cmake
[3.413s] -- Up-to-date: /home/ant/ros2_ws/install/my_new_robot_interfaces/share/my_new_robot_interfaces/cmake/export_my_new_robot_interfaces__rosidl_typesupport_fastrtps_cExport-noconfig.cmake
[3.413s] -- Up-to-date: /home/ant/ros2_ws/install/my_new_robot_interfaces/share/my_new_robot_interfaces/cmake/my_new_robot_interfaces__rosidl_typesupport_introspection_cExport.cmake
[3.413s] -- Up-to-date: /home/ant/ros2_ws/install/my_new_robot_interfaces/share/my_new_robot_interfaces/cmake/my_new_robot_interfaces__rosidl_typesupport_introspection_cExport-noconfig.cmake
[3.415s] -- Up-to-date: /home/ant/ros2_ws/install/my_new_robot_interfaces/share/my_new_robot_interfaces/cmake/my_new_robot_interfaces__rosidl_typesupport_cExport.cmake
[3.416s] -- Up-to-date: /home/ant/ros2_ws/install/my_new_robot_interfaces/share/my_new_robot_interfaces/cmake/my_new_robot_interfaces__rosidl_typesupport_cExport-noconfig.cmake
[3.416s] -- Up-to-date: /home/ant/ros2_ws/install/my_new_robot_interfaces/share/my_new_robot_interfaces/cmake/export_my_new_robot_interfaces__rosidl_generator_cppExport.cmake
[3.418s] -- Up-to-date: /home/ant/ros2_ws/install/my_new_robot_interfaces/share/my_new_robot_interfaces/cmake/export_my_new_robot_interfaces__rosidl_typesupport_fastrtps_cppExport.cmake
[3.418s] -- Up-to-date: /home/ant/ros2_ws/install/my_new_robot_interfaces/share/my_new_robot_interfaces/cmake/export_my_new_robot_interfaces__rosidl_typesupport_fastrtps_cppExport-noconfig.cmake
[3.418s] -- Up-to-date: /home/ant/ros2_ws/install/my_new_robot_interfaces/share/my_new_robot_interfaces/cmake/my_new_robot_interfaces__rosidl_typesupport_introspection_cppExport.cmake
[3.419s] -- Up-to-date: /home/ant/ros2_ws/install/my_new_robot_interfaces/share/my_new_robot_interfaces/cmake/my_new_robot_interfaces__rosidl_typesupport_introspection_cppExport-noconfig.cmake
[3.419s] -- Up-to-date: /home/ant/ros2_ws/install/my_new_robot_interfaces/share/my_new_robot_interfaces/cmake/my_new_robot_interfaces__rosidl_typesupport_cppExport.cmake
[3.420s] -- Up-to-date: /home/ant/ros2_ws/install/my_new_robot_interfaces/share/my_new_robot_interfaces/cmake/my_new_robot_interfaces__rosidl_typesupport_cppExport-noconfig.cmake
[3.421s] -- Up-to-date: /home/ant/ros2_ws/install/my_new_robot_interfaces/share/my_new_robot_interfaces/cmake/export_my_new_robot_interfaces__rosidl_generator_pyExport.cmake
[3.422s] -- Up-to-date: /home/ant/ros2_ws/install/my_new_robot_interfaces/share/my_new_robot_interfaces/cmake/export_my_new_robot_interfaces__rosidl_generator_pyExport-noconfig.cmake
[3.423s] -- Up-to-date: /home/ant/ros2_ws/install/my_new_robot_interfaces/share/my_new_robot_interfaces/cmake/rosidl_cmake-extras.cmake
[3.423s] -- Up-to-date: /home/ant/ros2_ws/install/my_new_robot_interfaces/share/my_new_robot_interfaces/cmake/ament_cmake_export_include_directories-extras.cmake
[3.423s] -- Up-to-date: /home/ant/ros2_ws/install/my_new_robot_interfaces/share/my_new_robot_interfaces/cmake/ament_cmake_export_libraries-extras.cmake
[3.424s] -- Up-to-date: /home/ant/ros2_ws/install/my_new_robot_interfaces/share/my_new_robot_interfaces/cmake/ament_cmake_export_targets-extras.cmake
[3.424s] -- Up-to-date: /home/ant/ros2_ws/install/my_new_robot_interfaces/share/my_new_robot_interfaces/cmake/rosidl_cmake_export_typesupport_targets-extras.cmake
[3.424s] -- Up-to-date: /home/ant/ros2_ws/install/my_new_robot_interfaces/share/my_new_robot_interfaces/cmake/ament_cmake_export_dependencies-extras.cmake
[3.424s] -- Up-to-date: /home/ant/ros2_ws/install/my_new_robot_interfaces/share/my_new_robot_interfaces/cmake/rosidl_cmake_export_typesupport_libraries-extras.cmake
[3.424s] -- Up-to-date: /home/ant/ros2_ws/install/my_new_robot_interfaces/share/my_new_robot_interfaces/cmake/my_new_robot_interfacesConfig.cmake
[3.424s] -- Up-to-date: /home/ant/ros2_ws/install/my_new_robot_interfaces/share/my_new_robot_interfaces/cmake/my_new_robot_interfacesConfig-version.cmake
[3.425s] -- Up-to-date: /home/ant/ros2_ws/install/my_new_robot_interfaces/share/my_new_robot_interfaces/package.xml
[3.431s] Invoked command in '/home/ant/ros2_ws/build/my_new_robot_interfaces' returned '0': CMAKE_PREFIX_PATH=${CMAKE_PREFIX_PATH}:/home/ant/ros2_ws/install/my_py_pkg:/opt/ros/humble CONDA_PROMPT_MODIFIER=(base) /usr/bin/cmake --install /home/ant/ros2_ws/build/my_new_robot_interfaces
