[1.093s] Invoking command in '/home/ant/ros2_ws/src/my_py_pkg': PYTHONPATH=/home/ant/ros2_ws/build/my_py_pkg/prefix_override:/home/ant/ros2_ws/install/my_py_pkg/lib/python3.10/site-packages:${PYTHONPATH} /usr/bin/python3 setup.py egg_info --egg-base ../../build/my_py_pkg build --build-base /home/ant/ros2_ws/build/my_py_pkg/build install --record /home/ant/ros2_ws/build/my_py_pkg/install.log --single-version-externally-managed
[1.682s] running egg_info
[1.685s] writing ../../build/my_py_pkg/my_py_pkg.egg-info/PKG-INFO
[1.686s] writing dependency_links to ../../build/my_py_pkg/my_py_pkg.egg-info/dependency_links.txt
[1.686s] writing entry points to ../../build/my_py_pkg/my_py_pkg.egg-info/entry_points.txt
[1.687s] writing requirements to ../../build/my_py_pkg/my_py_pkg.egg-info/requires.txt
[1.688s] writing top-level names to ../../build/my_py_pkg/my_py_pkg.egg-info/top_level.txt
[1.693s] reading manifest file '../../build/my_py_pkg/my_py_pkg.egg-info/SOURCES.txt'
[1.699s] writing manifest file '../../build/my_py_pkg/my_py_pkg.egg-info/SOURCES.txt'
[1.700s] running build
[1.700s] running build_py
[1.706s] running install
[1.706s] running install_lib
[1.709s] running install_data
[1.710s] running install_egg_info
[1.718s] removing '/home/ant/ros2_ws/install/my_py_pkg/lib/python3.10/site-packages/my_py_pkg-0.0.0-py3.10.egg-info' (and everything under it)
[1.721s] Copying ../../build/my_py_pkg/my_py_pkg.egg-info to /home/ant/ros2_ws/install/my_py_pkg/lib/python3.10/site-packages/my_py_pkg-0.0.0-py3.10.egg-info
[1.725s] running install_scripts
[1.796s] writing list of installed files to '/home/ant/ros2_ws/build/my_py_pkg/install.log'
[1.889s] Invoked command in '/home/ant/ros2_ws/src/my_py_pkg' returned '0': PYTHONPATH=/home/ant/ros2_ws/build/my_py_pkg/prefix_override:/home/ant/ros2_ws/install/my_py_pkg/lib/python3.10/site-packages:${PYTHONPATH} /usr/bin/python3 setup.py egg_info --egg-base ../../build/my_py_pkg build --build-base /home/ant/ros2_ws/build/my_py_pkg/build install --record /home/ant/ros2_ws/build/my_py_pkg/install.log --single-version-externally-managed
