[0.189s] Invoking command in '/home/ant/ros2_ws/build/more_interfaces': CMAKE_PREFIX_PATH=${CMAKE_PREFIX_PATH}:/home/ant/ros2_ws/install/my_py_pkg:/opt/ros/humble CONDA_PROMPT_MODIFIER=(base) /usr/bin/cmake --build /home/ant/ros2_ws/build/more_interfaces -- -j4 -l4
[0.318s] -- Found ament_cmake: 1.3.5 (/opt/ros/humble/share/ament_cmake/cmake)
[0.633s] -- Found ament_lint_auto: 0.12.8 (/opt/ros/humble/share/ament_lint_auto/cmake)
[0.777s] -- Found rosidl_default_generators: 1.2.0 (/opt/ros/humble/share/rosidl_default_generators/cmake)
[0.782s] -- Using all available rosidl_typesupport_c: rosidl_typesupport_fastrtps_c;rosidl_typesupport_introspection_c
[0.787s] -- Found rosidl_adapter: 3.1.5 (/opt/ros/humble/share/rosidl_adapter/cmake)
[0.873s] -- Using all available rosidl_typesupport_cpp: rosidl_typesupport_fastrtps_cpp;rosidl_typesupport_introspection_cpp
[1.273s] -- Found ament_cmake_ros: 0.10.0 (/opt/ros/humble/share/ament_cmake_ros/cmake)
[1.562s] -- Using all available rosidl_typesupport_c: rosidl_typesupport_fastrtps_c;rosidl_typesupport_introspection_c
[1.995s] -- Using all available rosidl_typesupport_cpp: rosidl_typesupport_fastrtps_cpp;rosidl_typesupport_introspection_cpp
[2.055s] -- Found python_cmake_module: 0.10.0 (/opt/ros/humble/share/python_cmake_module/cmake)
[2.094s] -- Using PYTHON_EXECUTABLE: /home/ant/anaconda3/bin/python3
[2.095s] -- Using PYTHON_INCLUDE_DIRS: /home/ant/anaconda3/include/python3.11
[2.095s] -- Using PYTHON_LIBRARIES: /home/ant/anaconda3/lib/libpython3.11.so
[2.466s] -- Using numpy include directory: /home/ant/anaconda3/lib/python3.11/site-packages/numpy/core/include
[2.482s] -- Added test 'lint_cmake' to check CMake code style
[2.483s] -- Added test 'xmllint' to check XML markup files
[2.489s] -- Configuring done
[2.551s] -- Generating done
[2.557s] -- Build files have been written to: /home/ant/ros2_ws/build/more_interfaces
[2.597s] [35m[1mConsolidate compiler generated dependencies of target more_interfaces__rosidl_generator_c[0m
[2.619s] [  3%] Built target more_interfaces__cpp
[2.620s] [ 12%] Built target more_interfaces__rosidl_generator_c
[2.666s] [ 12%] Built target ament_cmake_python_copy_more_interfaces
[2.666s] [35m[1mConsolidate compiler generated dependencies of target more_interfaces__rosidl_typesupport_fastrtps_cpp[0m
[2.677s] [35m[1mConsolidate compiler generated dependencies of target more_interfaces__rosidl_typesupport_introspection_cpp[0m
[2.692s] [35m[1mConsolidate compiler generated dependencies of target more_interfaces__rosidl_typesupport_cpp[0m
[2.694s] [35m[1mConsolidate compiler generated dependencies of target more_interfaces__rosidl_typesupport_fastrtps_c[0m
[2.734s] [ 22%] Built target more_interfaces__rosidl_typesupport_fastrtps_cpp
[2.742s] [ 32%] Built target more_interfaces__rosidl_typesupport_fastrtps_c
[2.755s] [ 41%] Built target more_interfaces__rosidl_typesupport_introspection_cpp
[2.773s] [ 51%] Built target more_interfaces__rosidl_typesupport_cpp
[2.787s] [35m[1mConsolidate compiler generated dependencies of target more_interfaces__rosidl_typesupport_introspection_c[0m
[2.793s] [35m[1mConsolidate compiler generated dependencies of target more_interfaces__rosidl_typesupport_c[0m
[2.819s] [ 61%] Built target more_interfaces__rosidl_typesupport_introspection_c
[2.822s] [ 70%] Built target more_interfaces__rosidl_typesupport_c
[2.884s] [ 70%] Built target more_interfaces
[2.974s] [ 74%] Built target more_interfaces__py
[3.000s] [35m[1mConsolidate compiler generated dependencies of target more_interfaces__rosidl_generator_py[0m
[3.038s] [ 80%] Built target more_interfaces__rosidl_generator_py
[3.074s] [35m[1mConsolidate compiler generated dependencies of target more_interfaces__rosidl_typesupport_c__pyext[0m
[3.082s] [35m[1mConsolidate compiler generated dependencies of target more_interfaces__rosidl_typesupport_introspection_c__pyext[0m
[3.091s] [35m[1mConsolidate compiler generated dependencies of target more_interfaces__rosidl_typesupport_fastrtps_c__pyext[0m
[3.157s] [ 87%] Built target more_interfaces__rosidl_typesupport_c__pyext
[3.194s] [ 93%] Built target more_interfaces__rosidl_typesupport_fastrtps_c__pyext
[3.210s] [100%] Built target more_interfaces__rosidl_typesupport_introspection_c__pyext
[3.444s] running egg_info
[3.445s] writing more_interfaces.egg-info/PKG-INFO
[3.445s] writing dependency_links to more_interfaces.egg-info/dependency_links.txt
[3.445s] writing top-level names to more_interfaces.egg-info/top_level.txt
[3.449s] reading manifest file 'more_interfaces.egg-info/SOURCES.txt'
[3.450s] writing manifest file 'more_interfaces.egg-info/SOURCES.txt'
[3.489s] [100%] Built target ament_cmake_python_build_more_interfaces_egg
[3.508s] Invoked command in '/home/ant/ros2_ws/build/more_interfaces' returned '0': CMAKE_PREFIX_PATH=${CMAKE_PREFIX_PATH}:/home/ant/ros2_ws/install/my_py_pkg:/opt/ros/humble CONDA_PROMPT_MODIFIER=(base) /usr/bin/cmake --build /home/ant/ros2_ws/build/more_interfaces -- -j4 -l4
[3.639s] Invoking command in '/home/ant/ros2_ws/build/more_interfaces': CMAKE_PREFIX_PATH=${CMAKE_PREFIX_PATH}:/home/ant/ros2_ws/install/my_py_pkg:/opt/ros/humble CONDA_PROMPT_MODIFIER=(base) /usr/bin/cmake --install /home/ant/ros2_ws/build/more_interfaces
[3.657s] -- Install configuration: ""
[3.657s] -- Up-to-date: /home/ant/ros2_ws/install/more_interfaces/share/ament_index/resource_index/rosidl_interfaces/more_interfaces
[3.657s] -- Up-to-date: /home/ant/ros2_ws/install/more_interfaces/include/more_interfaces/more_interfaces
[3.657s] -- Up-to-date: /home/ant/ros2_ws/install/more_interfaces/include/more_interfaces/more_interfaces/msg
[3.657s] -- Up-to-date: /home/ant/ros2_ws/install/more_interfaces/include/more_interfaces/more_interfaces/msg/detail
[3.658s] -- Up-to-date: /home/ant/ros2_ws/install/more_interfaces/include/more_interfaces/more_interfaces/msg/detail/address_book__type_support.h
[3.658s] -- Up-to-date: /home/ant/ros2_ws/install/more_interfaces/include/more_interfaces/more_interfaces/msg/detail/address_book__struct.h
[3.658s] -- Up-to-date: /home/ant/ros2_ws/install/more_interfaces/include/more_interfaces/more_interfaces/msg/detail/address_book__functions.c
[3.658s] -- Up-to-date: /home/ant/ros2_ws/install/more_interfaces/include/more_interfaces/more_interfaces/msg/detail/address_book__functions.h
[3.658s] -- Up-to-date: /home/ant/ros2_ws/install/more_interfaces/include/more_interfaces/more_interfaces/msg/rosidl_generator_c__visibility_control.h
[3.658s] -- Up-to-date: /home/ant/ros2_ws/install/more_interfaces/include/more_interfaces/more_interfaces/msg/address_book.h
[3.659s] -- Up-to-date: /home/ant/ros2_ws/install/more_interfaces/share/more_interfaces/environment/library_path.sh
[3.659s] -- Installing: /home/ant/ros2_ws/install/more_interfaces/share/more_interfaces/environment/library_path.dsv
[3.659s] -- Up-to-date: /home/ant/ros2_ws/install/more_interfaces/lib/libmore_interfaces__rosidl_generator_c.so
[3.659s] -- Up-to-date: /home/ant/ros2_ws/install/more_interfaces/include/more_interfaces/more_interfaces
[3.659s] -- Up-to-date: /home/ant/ros2_ws/install/more_interfaces/include/more_interfaces/more_interfaces/msg
[3.659s] -- Up-to-date: /home/ant/ros2_ws/install/more_interfaces/include/more_interfaces/more_interfaces/msg/detail
[3.659s] -- Up-to-date: /home/ant/ros2_ws/install/more_interfaces/include/more_interfaces/more_interfaces/msg/detail/address_book__rosidl_typesupport_fastrtps_c.h
[3.659s] -- Up-to-date: /home/ant/ros2_ws/install/more_interfaces/include/more_interfaces/more_interfaces/msg/rosidl_typesupport_fastrtps_c__visibility_control.h
[3.660s] -- Up-to-date: /home/ant/ros2_ws/install/more_interfaces/lib/libmore_interfaces__rosidl_typesupport_fastrtps_c.so
[3.660s] -- Up-to-date: /home/ant/ros2_ws/install/more_interfaces/include/more_interfaces/more_interfaces
[3.660s] -- Up-to-date: /home/ant/ros2_ws/install/more_interfaces/include/more_interfaces/more_interfaces/msg
[3.660s] -- Up-to-date: /home/ant/ros2_ws/install/more_interfaces/include/more_interfaces/more_interfaces/msg/detail
[3.660s] -- Up-to-date: /home/ant/ros2_ws/install/more_interfaces/include/more_interfaces/more_interfaces/msg/detail/address_book__type_support.c
[3.660s] -- Up-to-date: /home/ant/ros2_ws/install/more_interfaces/include/more_interfaces/more_interfaces/msg/detail/address_book__rosidl_typesupport_introspection_c.h
[3.661s] -- Up-to-date: /home/ant/ros2_ws/install/more_interfaces/include/more_interfaces/more_interfaces/msg/rosidl_typesupport_introspection_c__visibility_control.h
[3.661s] -- Up-to-date: /home/ant/ros2_ws/install/more_interfaces/lib/libmore_interfaces__rosidl_typesupport_introspection_c.so
[3.661s] -- Up-to-date: /home/ant/ros2_ws/install/more_interfaces/lib/libmore_interfaces__rosidl_typesupport_c.so
[3.662s] -- Up-to-date: /home/ant/ros2_ws/install/more_interfaces/include/more_interfaces/more_interfaces
[3.662s] -- Up-to-date: /home/ant/ros2_ws/install/more_interfaces/include/more_interfaces/more_interfaces/msg
[3.663s] -- Up-to-date: /home/ant/ros2_ws/install/more_interfaces/include/more_interfaces/more_interfaces/msg/detail
[3.663s] -- Up-to-date: /home/ant/ros2_ws/install/more_interfaces/include/more_interfaces/more_interfaces/msg/detail/address_book__builder.hpp
[3.663s] -- Up-to-date: /home/ant/ros2_ws/install/more_interfaces/include/more_interfaces/more_interfaces/msg/detail/address_book__struct.hpp
[3.663s] -- Up-to-date: /home/ant/ros2_ws/install/more_interfaces/include/more_interfaces/more_interfaces/msg/detail/address_book__traits.hpp
[3.664s] -- Up-to-date: /home/ant/ros2_ws/install/more_interfaces/include/more_interfaces/more_interfaces/msg/address_book.hpp
[3.664s] -- Up-to-date: /home/ant/ros2_ws/install/more_interfaces/include/more_interfaces/more_interfaces
[3.664s] -- Up-to-date: /home/ant/ros2_ws/install/more_interfaces/include/more_interfaces/more_interfaces/msg
[3.664s] -- Up-to-date: /home/ant/ros2_ws/install/more_interfaces/include/more_interfaces/more_interfaces/msg/detail
[3.665s] -- Up-to-date: /home/ant/ros2_ws/install/more_interfaces/include/more_interfaces/more_interfaces/msg/detail/address_book__rosidl_typesupport_fastrtps_cpp.hpp
[3.665s] -- Up-to-date: /home/ant/ros2_ws/install/more_interfaces/include/more_interfaces/more_interfaces/msg/detail/dds_fastrtps
[3.665s] -- Up-to-date: /home/ant/ros2_ws/install/more_interfaces/include/more_interfaces/more_interfaces/msg/rosidl_typesupport_fastrtps_cpp__visibility_control.h
[3.665s] -- Up-to-date: /home/ant/ros2_ws/install/more_interfaces/lib/libmore_interfaces__rosidl_typesupport_fastrtps_cpp.so
[3.666s] -- Up-to-date: /home/ant/ros2_ws/install/more_interfaces/include/more_interfaces/more_interfaces
[3.666s] -- Up-to-date: /home/ant/ros2_ws/install/more_interfaces/include/more_interfaces/more_interfaces/msg
[3.666s] -- Up-to-date: /home/ant/ros2_ws/install/more_interfaces/include/more_interfaces/more_interfaces/msg/detail
[3.666s] -- Up-to-date: /home/ant/ros2_ws/install/more_interfaces/include/more_interfaces/more_interfaces/msg/detail/address_book__type_support.cpp
[3.666s] -- Up-to-date: /home/ant/ros2_ws/install/more_interfaces/include/more_interfaces/more_interfaces/msg/detail/address_book__rosidl_typesupport_introspection_cpp.hpp
[3.667s] -- Up-to-date: /home/ant/ros2_ws/install/more_interfaces/lib/libmore_interfaces__rosidl_typesupport_introspection_cpp.so
[3.667s] -- Up-to-date: /home/ant/ros2_ws/install/more_interfaces/lib/libmore_interfaces__rosidl_typesupport_cpp.so
[3.667s] -- Up-to-date: /home/ant/ros2_ws/install/more_interfaces/share/more_interfaces/environment/pythonpath.sh
[3.668s] -- Installing: /home/ant/ros2_ws/install/more_interfaces/share/more_interfaces/environment/pythonpath.dsv
[3.668s] -- Up-to-date: /home/ant/ros2_ws/install/more_interfaces/local/lib/python3.10/dist-packages/more_interfaces-0.0.0-py3.10.egg-info
[3.668s] -- Installing: /home/ant/ros2_ws/install/more_interfaces/local/lib/python3.10/dist-packages/more_interfaces-0.0.0-py3.10.egg-info/PKG-INFO
[3.668s] -- Installing: /home/ant/ros2_ws/install/more_interfaces/local/lib/python3.10/dist-packages/more_interfaces-0.0.0-py3.10.egg-info/dependency_links.txt
[3.668s] -- Installing: /home/ant/ros2_ws/install/more_interfaces/local/lib/python3.10/dist-packages/more_interfaces-0.0.0-py3.10.egg-info/top_level.txt
[3.669s] -- Installing: /home/ant/ros2_ws/install/more_interfaces/local/lib/python3.10/dist-packages/more_interfaces-0.0.0-py3.10.egg-info/SOURCES.txt
[3.669s] -- Up-to-date: /home/ant/ros2_ws/install/more_interfaces/local/lib/python3.10/dist-packages/more_interfaces
[3.669s] -- Up-to-date: /home/ant/ros2_ws/install/more_interfaces/local/lib/python3.10/dist-packages/more_interfaces/_more_interfaces_s.ep.rosidl_typesupport_introspection_c.c
[3.669s] -- Up-to-date: /home/ant/ros2_ws/install/more_interfaces/local/lib/python3.10/dist-packages/more_interfaces/libmore_interfaces__rosidl_generator_py.so
[3.670s] -- Up-to-date: /home/ant/ros2_ws/install/more_interfaces/local/lib/python3.10/dist-packages/more_interfaces/_more_interfaces_s.ep.rosidl_typesupport_c.c
[3.670s] -- Up-to-date: /home/ant/ros2_ws/install/more_interfaces/local/lib/python3.10/dist-packages/more_interfaces/more_interfaces_s__rosidl_typesupport_introspection_c.cpython-311-x86_64-linux-gnu.so
[3.670s] -- Up-to-date: /home/ant/ros2_ws/install/more_interfaces/local/lib/python3.10/dist-packages/more_interfaces/more_interfaces_s__rosidl_typesupport_fastrtps_c.cpython-311-x86_64-linux-gnu.so
[3.670s] -- Up-to-date: /home/ant/ros2_ws/install/more_interfaces/local/lib/python3.10/dist-packages/more_interfaces/msg
[3.670s] -- Up-to-date: /home/ant/ros2_ws/install/more_interfaces/local/lib/python3.10/dist-packages/more_interfaces/msg/_address_book_s.c
[3.670s] -- Up-to-date: /home/ant/ros2_ws/install/more_interfaces/local/lib/python3.10/dist-packages/more_interfaces/msg/__init__.py
[3.670s] -- Up-to-date: /home/ant/ros2_ws/install/more_interfaces/local/lib/python3.10/dist-packages/more_interfaces/msg/_address_book.py
[3.670s] -- Up-to-date: /home/ant/ros2_ws/install/more_interfaces/local/lib/python3.10/dist-packages/more_interfaces/_more_interfaces_s.ep.rosidl_typesupport_fastrtps_c.c
[3.671s] -- Up-to-date: /home/ant/ros2_ws/install/more_interfaces/local/lib/python3.10/dist-packages/more_interfaces/more_interfaces_s__rosidl_typesupport_c.cpython-311-x86_64-linux-gnu.so
[3.671s] -- Installing: /home/ant/ros2_ws/install/more_interfaces/local/lib/python3.10/dist-packages/more_interfaces/__init__.py
[3.744s] Listing '/home/ant/ros2_ws/install/more_interfaces/local/lib/python3.10/dist-packages/more_interfaces'...
[3.745s] Compiling '/home/ant/ros2_ws/install/more_interfaces/local/lib/python3.10/dist-packages/more_interfaces/__init__.py'...
[3.745s] Listing '/home/ant/ros2_ws/install/more_interfaces/local/lib/python3.10/dist-packages/more_interfaces/msg'...
[3.755s] -- Up-to-date: /home/ant/ros2_ws/install/more_interfaces/local/lib/python3.10/dist-packages/more_interfaces/more_interfaces_s__rosidl_typesupport_fastrtps_c.cpython-311-x86_64-linux-gnu.so
[3.756s] -- Up-to-date: /home/ant/ros2_ws/install/more_interfaces/local/lib/python3.10/dist-packages/more_interfaces/more_interfaces_s__rosidl_typesupport_introspection_c.cpython-311-x86_64-linux-gnu.so
[3.757s] -- Up-to-date: /home/ant/ros2_ws/install/more_interfaces/local/lib/python3.10/dist-packages/more_interfaces/more_interfaces_s__rosidl_typesupport_c.cpython-311-x86_64-linux-gnu.so
[3.757s] -- Up-to-date: /home/ant/ros2_ws/install/more_interfaces/lib/libmore_interfaces__rosidl_generator_py.so
[3.758s] -- Up-to-date: /home/ant/ros2_ws/install/more_interfaces/share/more_interfaces/msg/AddressBook.idl
[3.758s] -- Up-to-date: /home/ant/ros2_ws/install/more_interfaces/share/more_interfaces/msg/AddressBook.msg
[3.758s] -- Up-to-date: /home/ant/ros2_ws/install/more_interfaces/share/ament_index/resource_index/package_run_dependencies/more_interfaces
[3.759s] -- Up-to-date: /home/ant/ros2_ws/install/more_interfaces/share/ament_index/resource_index/parent_prefix_path/more_interfaces
[3.759s] -- Up-to-date: /home/ant/ros2_ws/install/more_interfaces/share/more_interfaces/environment/ament_prefix_path.sh
[3.759s] -- Installing: /home/ant/ros2_ws/install/more_interfaces/share/more_interfaces/environment/ament_prefix_path.dsv
[3.759s] -- Up-to-date: /home/ant/ros2_ws/install/more_interfaces/share/more_interfaces/environment/path.sh
[3.760s] -- Installing: /home/ant/ros2_ws/install/more_interfaces/share/more_interfaces/environment/path.dsv
[3.760s] -- Up-to-date: /home/ant/ros2_ws/install/more_interfaces/share/more_interfaces/local_setup.bash
[3.760s] -- Up-to-date: /home/ant/ros2_ws/install/more_interfaces/share/more_interfaces/local_setup.sh
[3.760s] -- Up-to-date: /home/ant/ros2_ws/install/more_interfaces/share/more_interfaces/local_setup.zsh
[3.760s] -- Installing: /home/ant/ros2_ws/install/more_interfaces/share/more_interfaces/local_setup.dsv
[3.760s] -- Installing: /home/ant/ros2_ws/install/more_interfaces/share/more_interfaces/package.dsv
[3.761s] -- Up-to-date: /home/ant/ros2_ws/install/more_interfaces/share/ament_index/resource_index/packages/more_interfaces
[3.761s] -- Up-to-date: /home/ant/ros2_ws/install/more_interfaces/share/more_interfaces/cmake/export_more_interfaces__rosidl_generator_cExport.cmake
[3.762s] -- Up-to-date: /home/ant/ros2_ws/install/more_interfaces/share/more_interfaces/cmake/export_more_interfaces__rosidl_generator_cExport-noconfig.cmake
[3.762s] -- Up-to-date: /home/ant/ros2_ws/install/more_interfaces/share/more_interfaces/cmake/export_more_interfaces__rosidl_typesupport_fastrtps_cExport.cmake
[3.763s] -- Up-to-date: /home/ant/ros2_ws/install/more_interfaces/share/more_interfaces/cmake/export_more_interfaces__rosidl_typesupport_fastrtps_cExport-noconfig.cmake
[3.763s] -- Up-to-date: /home/ant/ros2_ws/install/more_interfaces/share/more_interfaces/cmake/more_interfaces__rosidl_typesupport_introspection_cExport.cmake
[3.764s] -- Up-to-date: /home/ant/ros2_ws/install/more_interfaces/share/more_interfaces/cmake/more_interfaces__rosidl_typesupport_introspection_cExport-noconfig.cmake
[3.764s] -- Up-to-date: /home/ant/ros2_ws/install/more_interfaces/share/more_interfaces/cmake/more_interfaces__rosidl_typesupport_cExport.cmake
[3.765s] -- Up-to-date: /home/ant/ros2_ws/install/more_interfaces/share/more_interfaces/cmake/more_interfaces__rosidl_typesupport_cExport-noconfig.cmake
[3.765s] -- Up-to-date: /home/ant/ros2_ws/install/more_interfaces/share/more_interfaces/cmake/export_more_interfaces__rosidl_generator_cppExport.cmake
[3.765s] -- Up-to-date: /home/ant/ros2_ws/install/more_interfaces/share/more_interfaces/cmake/export_more_interfaces__rosidl_typesupport_fastrtps_cppExport.cmake
[3.765s] -- Up-to-date: /home/ant/ros2_ws/install/more_interfaces/share/more_interfaces/cmake/export_more_interfaces__rosidl_typesupport_fastrtps_cppExport-noconfig.cmake
[3.765s] -- Up-to-date: /home/ant/ros2_ws/install/more_interfaces/share/more_interfaces/cmake/more_interfaces__rosidl_typesupport_introspection_cppExport.cmake
[3.766s] -- Up-to-date: /home/ant/ros2_ws/install/more_interfaces/share/more_interfaces/cmake/more_interfaces__rosidl_typesupport_introspection_cppExport-noconfig.cmake
[3.766s] -- Up-to-date: /home/ant/ros2_ws/install/more_interfaces/share/more_interfaces/cmake/more_interfaces__rosidl_typesupport_cppExport.cmake
[3.767s] -- Up-to-date: /home/ant/ros2_ws/install/more_interfaces/share/more_interfaces/cmake/more_interfaces__rosidl_typesupport_cppExport-noconfig.cmake
[3.767s] -- Up-to-date: /home/ant/ros2_ws/install/more_interfaces/share/more_interfaces/cmake/export_more_interfaces__rosidl_generator_pyExport.cmake
[3.767s] -- Up-to-date: /home/ant/ros2_ws/install/more_interfaces/share/more_interfaces/cmake/export_more_interfaces__rosidl_generator_pyExport-noconfig.cmake
[3.767s] -- Up-to-date: /home/ant/ros2_ws/install/more_interfaces/share/more_interfaces/cmake/rosidl_cmake-extras.cmake
[3.767s] -- Up-to-date: /home/ant/ros2_ws/install/more_interfaces/share/more_interfaces/cmake/ament_cmake_export_include_directories-extras.cmake
[3.768s] -- Up-to-date: /home/ant/ros2_ws/install/more_interfaces/share/more_interfaces/cmake/ament_cmake_export_libraries-extras.cmake
[3.769s] -- Up-to-date: /home/ant/ros2_ws/install/more_interfaces/share/more_interfaces/cmake/ament_cmake_export_targets-extras.cmake
[3.769s] -- Up-to-date: /home/ant/ros2_ws/install/more_interfaces/share/more_interfaces/cmake/rosidl_cmake_export_typesupport_targets-extras.cmake
[3.769s] -- Up-to-date: /home/ant/ros2_ws/install/more_interfaces/share/more_interfaces/cmake/ament_cmake_export_dependencies-extras.cmake
[3.769s] -- Up-to-date: /home/ant/ros2_ws/install/more_interfaces/share/more_interfaces/cmake/rosidl_cmake_export_typesupport_libraries-extras.cmake
[3.769s] -- Up-to-date: /home/ant/ros2_ws/install/more_interfaces/share/more_interfaces/cmake/more_interfacesConfig.cmake
[3.769s] -- Up-to-date: /home/ant/ros2_ws/install/more_interfaces/share/more_interfaces/cmake/more_interfacesConfig-version.cmake
[3.769s] -- Installing: /home/ant/ros2_ws/install/more_interfaces/share/more_interfaces/package.xml
[3.771s] Invoked command in '/home/ant/ros2_ws/build/more_interfaces' returned '0': CMAKE_PREFIX_PATH=${CMAKE_PREFIX_PATH}:/home/ant/ros2_ws/install/my_py_pkg:/opt/ros/humble CONDA_PROMPT_MODIFIER=(base) /usr/bin/cmake --install /home/ant/ros2_ws/build/more_interfaces
