[0.402s] Invoking command in '/home/ant/ros2_ws/build/my_robot_interfaces': CMAKE_PREFIX_PATH=${CMAKE_PREFIX_PATH}:/home/ant/ros2_ws/install/my_py_pkg:/opt/ros/humble CONDA_PROMPT_MODIFIER=(base) /usr/bin/cmake /home/ant/ros2_ws/src/my_robot_interfaces -DCMAKE_INSTALL_PREFIX=/home/ant/ros2_ws/install/my_robot_interfaces
[0.470s] -- Found ament_cmake: 1.3.5 (/opt/ros/humble/share/ament_cmake/cmake)
[1.685s] -- Found rosidl_default_generators: 1.2.0 (/opt/ros/humble/share/rosidl_default_generators/cmake)
[1.701s] -- Using all available rosidl_typesupport_c: rosidl_typesupport_fastrtps_c;rosidl_typesupport_introspection_c
[1.719s] -- Found rosidl_adapter: 3.1.5 (/opt/ros/humble/share/rosidl_adapter/cmake)
[1.991s] -- Using all available rosidl_typesupport_cpp: rosidl_typesupport_fastrtps_cpp;rosidl_typesupport_introspection_cpp
[2.672s] [31mCMake Error at /opt/ros/humble/share/rosidl_adapter/cmake/rosidl_adapt_interfaces.cmake:59 (message):
[2.673s]   execute_process(/home/ant/anaconda3/envs/py310/bin/python3.10 -m
[2.674s]   rosidl_adapter --package-name my_robot_interfaces --arguments-file
[2.675s]   /home/ant/ros2_ws/build/my_robot_interfaces/rosidl_adapter__arguments__my_robot_interfaces.json
[2.675s]   --output-dir
[2.675s]   /home/ant/ros2_ws/build/my_robot_interfaces/rosidl_adapter/my_robot_interfaces
[2.675s]   --output-file
[2.676s]   /home/ant/ros2_ws/build/my_robot_interfaces/rosidl_adapter/my_robot_interfaces.idls)
[2.676s]   returned error code 1:
[2.676s] 
[2.676s]   Traceback (most recent call last):
[2.676s] 
[2.677s]     File "/home/ant/anaconda3/envs/py310/lib/python3.10/runpy.py", line 196, in _run_module_as_main
[2.677s]       return _run_code(code, main_globals, None,
[2.686s]     File "/home/ant/anaconda3/envs/py310/lib/python3.10/runpy.py", line 86, in _run_code
[2.687s]       exec(code, run_globals)
[2.687s]     File "/opt/ros/humble/local/lib/python3.10/dist-packages/rosidl_adapter/__main__.py", line 19, in <module>
[2.687s]       sys.exit(main())
[2.687s]     File "/opt/ros/humble/local/lib/python3.10/dist-packages/rosidl_adapter/main.py", line 53, in main
[2.687s]       abs_idl_file = convert_to_idl(
[2.688s]     File "/opt/ros/humble/local/lib/python3.10/dist-packages/rosidl_adapter/__init__.py", line 18, in convert_to_idl
[2.688s]       from rosidl_adapter.msg import convert_msg_to_idl
[2.688s]     File "/opt/ros/humble/local/lib/python3.10/dist-packages/rosidl_adapter/msg/__init__.py", line 16, in <module>
[2.688s]       from rosidl_adapter.resource import expand_template
[2.688s]     File "/opt/ros/humble/local/lib/python3.10/dist-packages/rosidl_adapter/resource/__init__.py", line 19, in <module>
[2.689s]       import em
[2.689s] 
[2.689s]   ModuleNotFoundError: No module named 'em'
[2.689s] 
[2.689s] Call Stack (most recent call first):
[2.689s]   /opt/ros/humble/share/rosidl_cmake/cmake/rosidl_generate_interfaces.cmake:130 (rosidl_adapt_interfaces)
[2.698s]   CMakeLists.txt:12 (rosidl_generate_interfaces)
[2.699s] 
[2.707s] [0m
[2.707s] -- Configuring incomplete, errors occurred!
[2.707s] See also "/home/ant/ros2_ws/build/my_robot_interfaces/CMakeFiles/CMakeOutput.log".
