[1.198s] DEBUG:colcon:Command line arguments: ['/usr/bin/colcon', 'build', '--packages-select', 'my_py_pkg']
[1.198s] DEBUG:colcon:Parsed command line arguments: Namespace(log_base=None, log_level=None, verb_name='build', build_base='build', install_base='install', merge_install=False, symlink_install=False, test_result_base=None, continue_on_error=False, executor='parallel', parallel_workers=4, event_handlers=None, ignore_user_meta=False, metas=['./colcon.meta'], base_paths=['.'], packages_ignore=None, packages_ignore_regex=None, paths=None, packages_up_to=None, packages_up_to_regex=None, packages_above=None, packages_above_and_dependencies=None, packages_above_depth=None, packages_select_by_dep=None, packages_skip_by_dep=None, packages_skip_up_to=None, packages_select_build_failed=False, packages_skip_build_finished=False, packages_select_test_failures=False, packages_skip_test_passed=False, packages_select=['my_py_pkg'], packages_skip=None, packages_select_regex=None, packages_skip_regex=None, packages_start=None, packages_end=None, allow_overriding=[], cmake_args=None, cmake_target=None, cmake_target_skip_unavailable=False, cmake_clean_cache=False, cmake_clean_first=False, cmake_force_configure=False, ament_cmake_args=None, catkin_cmake_args=None, catkin_skip_building_tests=False, verb_parser=<colcon_defaults.argument_parser.defaults.DefaultArgumentsDecorator object at 0x7f7affa07850>, verb_extension=<colcon_core.verb.build.BuildVerb object at 0x7f7affa04130>, main=<bound method BuildVerb.main of <colcon_core.verb.build.BuildVerb object at 0x7f7affa04130>>)
[1.255s] Level 1:colcon.colcon_core.package_discovery:discover_packages(colcon_meta) check parameters
[1.255s] Level 1:colcon.colcon_core.package_discovery:discover_packages(recursive) check parameters
[1.255s] Level 1:colcon.colcon_core.package_discovery:discover_packages(ignore) check parameters
[1.255s] Level 1:colcon.colcon_core.package_discovery:discover_packages(path) check parameters
[1.255s] Level 1:colcon.colcon_core.package_discovery:discover_packages(colcon_meta) discover
[1.255s] Level 1:colcon.colcon_core.package_discovery:discover_packages(recursive) discover
[1.255s] INFO:colcon.colcon_core.package_discovery:Crawling recursively for packages in '/home/ant/ros2_ws'
[1.255s] Level 1:colcon.colcon_core.package_identification:_identify(.) by extensions ['ignore', 'ignore_ament_install']
[1.255s] Level 1:colcon.colcon_core.package_identification:_identify(.) by extension 'ignore'
[1.256s] Level 1:colcon.colcon_core.package_identification:_identify(.) by extension 'ignore_ament_install'
[1.256s] Level 1:colcon.colcon_core.package_identification:_identify(.) by extensions ['colcon_pkg']
[1.256s] Level 1:colcon.colcon_core.package_identification:_identify(.) by extension 'colcon_pkg'
[1.256s] Level 1:colcon.colcon_core.package_identification:_identify(.) by extensions ['colcon_meta']
[1.256s] Level 1:colcon.colcon_core.package_identification:_identify(.) by extension 'colcon_meta'
[1.256s] Level 1:colcon.colcon_core.package_identification:_identify(.) by extensions ['ros']
[1.256s] Level 1:colcon.colcon_core.package_identification:_identify(.) by extension 'ros'
[1.269s] Level 1:colcon.colcon_core.package_identification:_identify(.) by extensions ['cmake', 'python']
[1.269s] Level 1:colcon.colcon_core.package_identification:_identify(.) by extension 'cmake'
[1.269s] Level 1:colcon.colcon_core.package_identification:_identify(.) by extension 'python'
[1.270s] Level 1:colcon.colcon_core.package_identification:_identify(.) by extensions ['python_setup_py']
[1.270s] Level 1:colcon.colcon_core.package_identification:_identify(.) by extension 'python_setup_py'
[1.270s] Level 1:colcon.colcon_core.package_identification:_identify(build) by extensions ['ignore', 'ignore_ament_install']
[1.270s] Level 1:colcon.colcon_core.package_identification:_identify(build) by extension 'ignore'
[1.270s] Level 1:colcon.colcon_core.package_identification:_identify(build) ignored
[1.270s] Level 1:colcon.colcon_core.package_identification:_identify(install) by extensions ['ignore', 'ignore_ament_install']
[1.271s] Level 1:colcon.colcon_core.package_identification:_identify(install) by extension 'ignore'
[1.271s] Level 1:colcon.colcon_core.package_identification:_identify(install) ignored
[1.271s] Level 1:colcon.colcon_core.package_identification:_identify(log) by extensions ['ignore', 'ignore_ament_install']
[1.271s] Level 1:colcon.colcon_core.package_identification:_identify(log) by extension 'ignore'
[1.271s] Level 1:colcon.colcon_core.package_identification:_identify(log) ignored
[1.271s] Level 1:colcon.colcon_core.package_identification:_identify(src) by extensions ['ignore', 'ignore_ament_install']
[1.272s] Level 1:colcon.colcon_core.package_identification:_identify(src) by extension 'ignore'
[1.272s] Level 1:colcon.colcon_core.package_identification:_identify(src) by extension 'ignore_ament_install'
[1.272s] Level 1:colcon.colcon_core.package_identification:_identify(src) by extensions ['colcon_pkg']
[1.272s] Level 1:colcon.colcon_core.package_identification:_identify(src) by extension 'colcon_pkg'
[1.272s] Level 1:colcon.colcon_core.package_identification:_identify(src) by extensions ['colcon_meta']
[1.272s] Level 1:colcon.colcon_core.package_identification:_identify(src) by extension 'colcon_meta'
[1.272s] Level 1:colcon.colcon_core.package_identification:_identify(src) by extensions ['ros']
[1.272s] Level 1:colcon.colcon_core.package_identification:_identify(src) by extension 'ros'
[1.272s] Level 1:colcon.colcon_core.package_identification:_identify(src) by extensions ['cmake', 'python']
[1.272s] Level 1:colcon.colcon_core.package_identification:_identify(src) by extension 'cmake'
[1.272s] Level 1:colcon.colcon_core.package_identification:_identify(src) by extension 'python'
[1.273s] Level 1:colcon.colcon_core.package_identification:_identify(src) by extensions ['python_setup_py']
[1.273s] Level 1:colcon.colcon_core.package_identification:_identify(src) by extension 'python_setup_py'
[1.273s] Level 1:colcon.colcon_core.package_identification:_identify(src/my_cpp_pkg) by extensions ['ignore', 'ignore_ament_install']
[1.273s] Level 1:colcon.colcon_core.package_identification:_identify(src/my_cpp_pkg) by extension 'ignore'
[1.273s] Level 1:colcon.colcon_core.package_identification:_identify(src/my_cpp_pkg) by extension 'ignore_ament_install'
[1.273s] Level 1:colcon.colcon_core.package_identification:_identify(src/my_cpp_pkg) by extensions ['colcon_pkg']
[1.273s] Level 1:colcon.colcon_core.package_identification:_identify(src/my_cpp_pkg) by extension 'colcon_pkg'
[1.273s] Level 1:colcon.colcon_core.package_identification:_identify(src/my_cpp_pkg) by extensions ['colcon_meta']
[1.274s] Level 1:colcon.colcon_core.package_identification:_identify(src/my_cpp_pkg) by extension 'colcon_meta'
[1.274s] Level 1:colcon.colcon_core.package_identification:_identify(src/my_cpp_pkg) by extensions ['ros']
[1.274s] Level 1:colcon.colcon_core.package_identification:_identify(src/my_cpp_pkg) by extension 'ros'
[1.278s] DEBUG:colcon.colcon_core.package_identification:Package 'src/my_cpp_pkg' with type 'ros.ament_cmake' and name 'my_cpp_pkg'
[1.278s] Level 1:colcon.colcon_core.package_identification:_identify(src/my_py_pkg) by extensions ['ignore', 'ignore_ament_install']
[1.278s] Level 1:colcon.colcon_core.package_identification:_identify(src/my_py_pkg) by extension 'ignore'
[1.279s] Level 1:colcon.colcon_core.package_identification:_identify(src/my_py_pkg) by extension 'ignore_ament_install'
[1.279s] Level 1:colcon.colcon_core.package_identification:_identify(src/my_py_pkg) by extensions ['colcon_pkg']
[1.279s] Level 1:colcon.colcon_core.package_identification:_identify(src/my_py_pkg) by extension 'colcon_pkg'
[1.279s] Level 1:colcon.colcon_core.package_identification:_identify(src/my_py_pkg) by extensions ['colcon_meta']
[1.279s] Level 1:colcon.colcon_core.package_identification:_identify(src/my_py_pkg) by extension 'colcon_meta'
[1.279s] Level 1:colcon.colcon_core.package_identification:_identify(src/my_py_pkg) by extensions ['ros']
[1.279s] Level 1:colcon.colcon_core.package_identification:_identify(src/my_py_pkg) by extension 'ros'
[1.280s] DEBUG:colcon.colcon_core.package_identification:Package 'src/my_py_pkg' with type 'ros.ament_python' and name 'my_py_pkg'
[1.280s] Level 1:colcon.colcon_core.package_identification:_identify(src/my_robot_interfaces) by extensions ['ignore', 'ignore_ament_install']
[1.280s] Level 1:colcon.colcon_core.package_identification:_identify(src/my_robot_interfaces) by extension 'ignore'
[1.280s] Level 1:colcon.colcon_core.package_identification:_identify(src/my_robot_interfaces) by extension 'ignore_ament_install'
[1.280s] Level 1:colcon.colcon_core.package_identification:_identify(src/my_robot_interfaces) by extensions ['colcon_pkg']
[1.280s] Level 1:colcon.colcon_core.package_identification:_identify(src/my_robot_interfaces) by extension 'colcon_pkg'
[1.281s] Level 1:colcon.colcon_core.package_identification:_identify(src/my_robot_interfaces) by extensions ['colcon_meta']
[1.281s] Level 1:colcon.colcon_core.package_identification:_identify(src/my_robot_interfaces) by extension 'colcon_meta'
[1.281s] Level 1:colcon.colcon_core.package_identification:_identify(src/my_robot_interfaces) by extensions ['ros']
[1.281s] Level 1:colcon.colcon_core.package_identification:_identify(src/my_robot_interfaces) by extension 'ros'
[1.282s] DEBUG:colcon.colcon_core.package_identification:Package 'src/my_robot_interfaces' with type 'ros.ament_cmake' and name 'my_robot_interfaces'
[1.282s] Level 1:colcon.colcon_core.package_discovery:discover_packages(recursive) using defaults
[1.282s] Level 1:colcon.colcon_core.package_discovery:discover_packages(ignore) discover
[1.282s] Level 1:colcon.colcon_core.package_discovery:discover_packages(ignore) using defaults
[1.282s] Level 1:colcon.colcon_core.package_discovery:discover_packages(path) discover
[1.282s] Level 1:colcon.colcon_core.package_discovery:discover_packages(path) using defaults
[1.355s] INFO:colcon.colcon_core.package_selection:Skipping not selected package 'my_cpp_pkg' in 'src/my_cpp_pkg'
[1.355s] INFO:colcon.colcon_core.package_selection:Skipping not selected package 'my_robot_interfaces' in 'src/my_robot_interfaces'
[1.388s] Level 1:colcon.colcon_core.package_discovery:discover_packages(prefix_path) check parameters
[1.388s] Level 1:colcon.colcon_core.package_discovery:discover_packages(prefix_path) discover
[1.422s] DEBUG:colcon.colcon_installed_package_information.package_discovery:Found 3 installed packages in /home/ant/ros2_ws/install
[1.440s] DEBUG:colcon.colcon_installed_package_information.package_discovery:Found 270 installed packages in /opt/ros/humble
[1.441s] Level 1:colcon.colcon_core.package_discovery:discover_packages(prefix_path) using defaults
[1.549s] Level 5:colcon.colcon_core.verb:set package 'my_py_pkg' build argument 'cmake_args' from command line to 'None'
[1.550s] Level 5:colcon.colcon_core.verb:set package 'my_py_pkg' build argument 'cmake_target' from command line to 'None'
[1.550s] Level 5:colcon.colcon_core.verb:set package 'my_py_pkg' build argument 'cmake_target_skip_unavailable' from command line to 'False'
[1.550s] Level 5:colcon.colcon_core.verb:set package 'my_py_pkg' build argument 'cmake_clean_cache' from command line to 'False'
[1.550s] Level 5:colcon.colcon_core.verb:set package 'my_py_pkg' build argument 'cmake_clean_first' from command line to 'False'
[1.550s] Level 5:colcon.colcon_core.verb:set package 'my_py_pkg' build argument 'cmake_force_configure' from command line to 'False'
[1.550s] Level 5:colcon.colcon_core.verb:set package 'my_py_pkg' build argument 'ament_cmake_args' from command line to 'None'
[1.550s] Level 5:colcon.colcon_core.verb:set package 'my_py_pkg' build argument 'catkin_cmake_args' from command line to 'None'
[1.550s] Level 5:colcon.colcon_core.verb:set package 'my_py_pkg' build argument 'catkin_skip_building_tests' from command line to 'False'
[1.550s] DEBUG:colcon.colcon_core.verb:Building package 'my_py_pkg' with the following arguments: {'ament_cmake_args': None, 'build_base': '/home/ant/ros2_ws/build/my_py_pkg', 'catkin_cmake_args': None, 'catkin_skip_building_tests': False, 'cmake_args': None, 'cmake_clean_cache': False, 'cmake_clean_first': False, 'cmake_force_configure': False, 'cmake_target': None, 'cmake_target_skip_unavailable': False, 'install_base': '/home/ant/ros2_ws/install/my_py_pkg', 'merge_install': False, 'path': '/home/ant/ros2_ws/src/my_py_pkg', 'symlink_install': False, 'test_result_base': None}
[1.566s] INFO:colcon.colcon_core.executor:Executing jobs using 'parallel' executor
[1.583s] DEBUG:colcon.colcon_parallel_executor.executor.parallel:run_until_complete
[1.584s] INFO:colcon.colcon_ros.task.ament_python.build:Building ROS package in '/home/ant/ros2_ws/src/my_py_pkg' with build type 'ament_python'
[1.584s] Level 1:colcon.colcon_core.shell:create_environment_hook('my_py_pkg', 'ament_prefix_path')
[1.613s] INFO:colcon.colcon_core.plugin_system:Skipping extension 'colcon_core.shell.bat': Not used on non-Windows systems
[1.613s] INFO:colcon.colcon_core.shell:Creating environment hook '/home/ant/ros2_ws/install/my_py_pkg/share/my_py_pkg/hook/ament_prefix_path.ps1'
[1.615s] INFO:colcon.colcon_core.shell:Creating environment descriptor '/home/ant/ros2_ws/install/my_py_pkg/share/my_py_pkg/hook/ament_prefix_path.dsv'
[1.616s] INFO:colcon.colcon_core.shell:Creating environment hook '/home/ant/ros2_ws/install/my_py_pkg/share/my_py_pkg/hook/ament_prefix_path.sh'
[1.640s] INFO:colcon.colcon_core.shell:Skip shell extension 'powershell' for command environment: Not usable outside of PowerShell
[1.640s] DEBUG:colcon.colcon_core.shell:Skip shell extension 'dsv' for command environment
[2.184s] INFO:colcon.colcon_core.task.python.build:Building Python package in '/home/ant/ros2_ws/src/my_py_pkg'
[2.214s] INFO:colcon.colcon_core.shell:Skip shell extension 'powershell' for command environment: Not usable outside of PowerShell
[2.215s] DEBUG:colcon.colcon_core.shell:Skip shell extension 'dsv' for command environment
[2.781s] DEBUG:colcon.colcon_core.event_handler.log_command:Invoking command in '/home/ant/ros2_ws/src/my_py_pkg': CONDA_PROMPT_MODIFIER=(base) PYTHONPATH=/home/ant/ros2_ws/build/my_py_pkg/prefix_override:/home/ant/ros2_ws/install/my_py_pkg/lib/python3.10/site-packages:${PYTHONPATH} /usr/bin/python3 setup.py egg_info --egg-base ../../build/my_py_pkg build --build-base /home/ant/ros2_ws/build/my_py_pkg/build install --record /home/ant/ros2_ws/build/my_py_pkg/install.log --single-version-externally-managed
[3.241s] DEBUG:colcon.colcon_core.event_handler.log_command:Invoked command in '/home/ant/ros2_ws/src/my_py_pkg' returned '0': CONDA_PROMPT_MODIFIER=(base) PYTHONPATH=/home/ant/ros2_ws/build/my_py_pkg/prefix_override:/home/ant/ros2_ws/install/my_py_pkg/lib/python3.10/site-packages:${PYTHONPATH} /usr/bin/python3 setup.py egg_info --egg-base ../../build/my_py_pkg build --build-base /home/ant/ros2_ws/build/my_py_pkg/build install --record /home/ant/ros2_ws/build/my_py_pkg/install.log --single-version-externally-managed
[3.264s] Level 1:colcon.colcon_core.environment:checking '/home/ant/ros2_ws/install/my_py_pkg' for CMake module files
[3.264s] Level 1:colcon.colcon_core.environment:checking '/home/ant/ros2_ws/install/my_py_pkg' for CMake config files
[3.265s] Level 1:colcon.colcon_core.environment:checking '/home/ant/ros2_ws/install/my_py_pkg/lib'
[3.266s] Level 1:colcon.colcon_core.environment:checking '/home/ant/ros2_ws/install/my_py_pkg/bin'
[3.266s] Level 1:colcon.colcon_core.environment:checking '/home/ant/ros2_ws/install/my_py_pkg/lib/pkgconfig/my_py_pkg.pc'
[3.266s] Level 1:colcon.colcon_core.environment:checking '/home/ant/ros2_ws/install/my_py_pkg/lib/python3.10/site-packages'
[3.266s] Level 1:colcon.colcon_core.shell:create_environment_hook('my_py_pkg', 'pythonpath')
[3.284s] INFO:colcon.colcon_core.shell:Creating environment hook '/home/ant/ros2_ws/install/my_py_pkg/share/my_py_pkg/hook/pythonpath.ps1'
[3.284s] INFO:colcon.colcon_core.shell:Creating environment descriptor '/home/ant/ros2_ws/install/my_py_pkg/share/my_py_pkg/hook/pythonpath.dsv'
[3.285s] INFO:colcon.colcon_core.shell:Creating environment hook '/home/ant/ros2_ws/install/my_py_pkg/share/my_py_pkg/hook/pythonpath.sh'
[3.286s] Level 1:colcon.colcon_core.environment:checking '/home/ant/ros2_ws/install/my_py_pkg/bin'
[3.286s] Level 1:colcon.colcon_core.environment:create_environment_scripts_only(my_py_pkg)
[3.309s] INFO:colcon.colcon_core.shell:Creating package script '/home/ant/ros2_ws/install/my_py_pkg/share/my_py_pkg/package.ps1'
[3.310s] INFO:colcon.colcon_core.shell:Creating package descriptor '/home/ant/ros2_ws/install/my_py_pkg/share/my_py_pkg/package.dsv'
[3.311s] INFO:colcon.colcon_core.shell:Creating package script '/home/ant/ros2_ws/install/my_py_pkg/share/my_py_pkg/package.sh'
[3.312s] INFO:colcon.colcon_core.shell:Creating package script '/home/ant/ros2_ws/install/my_py_pkg/share/my_py_pkg/package.bash'
[3.313s] INFO:colcon.colcon_core.shell:Creating package script '/home/ant/ros2_ws/install/my_py_pkg/share/my_py_pkg/package.zsh'
[3.314s] Level 1:colcon.colcon_core.environment:create_file_with_runtime_dependencies(/home/ant/ros2_ws/install/my_py_pkg/share/colcon-core/packages/my_py_pkg)
[3.315s] DEBUG:colcon.colcon_parallel_executor.executor.parallel:closing loop
[3.318s] DEBUG:colcon.colcon_parallel_executor.executor.parallel:loop closed
[3.318s] DEBUG:colcon.colcon_parallel_executor.executor.parallel:run_until_complete finished with '0'
[3.319s] DEBUG:colcon.colcon_core.event_reactor:joining thread
[3.366s] INFO:colcon.colcon_core.plugin_system:Skipping extension 'colcon_notification.desktop_notification.terminal_notifier': Not used on non-Darwin systems
[3.366s] INFO:colcon.colcon_core.plugin_system:Skipping extension 'colcon_notification.desktop_notification.win32': Not used on non-Windows systems
[3.366s] INFO:colcon.colcon_notification.desktop_notification:Sending desktop notification using 'notify2'
[3.379s] DEBUG:colcon.colcon_core.event_reactor:joined thread
[3.399s] INFO:colcon.colcon_core.shell:Creating prefix script '/home/ant/ros2_ws/install/local_setup.ps1'
[3.400s] INFO:colcon.colcon_core.shell:Creating prefix util module '/home/ant/ros2_ws/install/_local_setup_util_ps1.py'
[3.402s] INFO:colcon.colcon_core.shell:Creating prefix chain script '/home/ant/ros2_ws/install/setup.ps1'
[3.420s] INFO:colcon.colcon_core.shell:Creating prefix script '/home/ant/ros2_ws/install/local_setup.sh'
[3.421s] INFO:colcon.colcon_core.shell:Creating prefix util module '/home/ant/ros2_ws/install/_local_setup_util_sh.py'
[3.421s] INFO:colcon.colcon_core.shell:Creating prefix chain script '/home/ant/ros2_ws/install/setup.sh'
[3.439s] INFO:colcon.colcon_core.shell:Creating prefix script '/home/ant/ros2_ws/install/local_setup.bash'
[3.440s] INFO:colcon.colcon_core.shell:Creating prefix chain script '/home/ant/ros2_ws/install/setup.bash'
[3.457s] INFO:colcon.colcon_core.shell:Creating prefix script '/home/ant/ros2_ws/install/local_setup.zsh'
[3.458s] INFO:colcon.colcon_core.shell:Creating prefix chain script '/home/ant/ros2_ws/install/setup.zsh'
