[0.102s] Invoking command in '/home/ant/ros2_ws/build/my_robot_bringup': CMAKE_PREFIX_PATH=${CMAKE_PREFIX_PATH}:/home/ant/ros2_ws/install/my_py_pkg:/opt/ros/humble /usr/bin/cmake /home/ant/ros2_ws/src/my_robot_bringup -DCMAKE_INSTALL_PREFIX=/home/ant/ros2_ws/install/my_robot_bringup
[0.346s] -- The C compiler identification is GNU 11.4.0
[0.497s] -- The CXX compiler identification is GNU 11.4.0
[0.515s] -- Detecting C compiler ABI info
[0.639s] -- Detecting C compiler ABI info - done
[0.658s] -- Check for working C compiler: /usr/bin/cc - skipped
[0.659s] -- Detecting C compile features
[0.660s] -- Detecting C compile features - done
[0.664s] -- Detecting CXX compiler ABI info
[0.794s] -- Detecting CXX compiler ABI info - done
[0.805s] -- Check for working CXX compiler: /usr/bin/c++ - skipped
[0.805s] -- Detecting CXX compile features
[0.806s] -- Detecting CXX compile features - done
[0.819s] -- Found ament_cmake: 1.3.5 (/opt/ros/humble/share/ament_cmake/cmake)
[1.096s] -- Found Python3: /usr/bin/python3.10 (found version "3.10.12") found components: Interpreter 
[1.356s] -- Configuring done
[1.360s] -- Generating done
[1.361s] -- Build files have been written to: /home/ant/ros2_ws/build/my_robot_bringup
[1.367s] Invoked command in '/home/ant/ros2_ws/build/my_robot_bringup' returned '0': CMAKE_PREFIX_PATH=${CMAKE_PREFIX_PATH}:/home/ant/ros2_ws/install/my_py_pkg:/opt/ros/humble /usr/bin/cmake /home/ant/ros2_ws/src/my_robot_bringup -DCMAKE_INSTALL_PREFIX=/home/ant/ros2_ws/install/my_robot_bringup
[1.370s] Invoking command in '/home/ant/ros2_ws/build/my_robot_bringup': CMAKE_PREFIX_PATH=${CMAKE_PREFIX_PATH}:/home/ant/ros2_ws/install/my_py_pkg:/opt/ros/humble /usr/bin/cmake --build /home/ant/ros2_ws/build/my_robot_bringup -- -j4 -l4
[1.437s] Invoked command in '/home/ant/ros2_ws/build/my_robot_bringup' returned '0': CMAKE_PREFIX_PATH=${CMAKE_PREFIX_PATH}:/home/ant/ros2_ws/install/my_py_pkg:/opt/ros/humble /usr/bin/cmake --build /home/ant/ros2_ws/build/my_robot_bringup -- -j4 -l4
[1.494s] Invoking command in '/home/ant/ros2_ws/build/my_robot_bringup': CMAKE_PREFIX_PATH=${CMAKE_PREFIX_PATH}:/home/ant/ros2_ws/install/my_py_pkg:/opt/ros/humble /usr/bin/cmake --install /home/ant/ros2_ws/build/my_robot_bringup
[1.505s] -- Install configuration: ""
[1.505s] -- Installing: /home/ant/ros2_ws/install/my_robot_bringup/share/my_robot_bringup/launch
[1.505s] -- Installing: /home/ant/ros2_ws/install/my_robot_bringup/share/my_robot_bringup/launch/number_app.launch.py
[1.505s] -- Installing: /home/ant/ros2_ws/install/my_robot_bringup/share/ament_index/resource_index/package_run_dependencies/my_robot_bringup
[1.506s] -- Installing: /home/ant/ros2_ws/install/my_robot_bringup/share/ament_index/resource_index/parent_prefix_path/my_robot_bringup
[1.506s] -- Installing: /home/ant/ros2_ws/install/my_robot_bringup/share/my_robot_bringup/environment/ament_prefix_path.sh
[1.506s] -- Installing: /home/ant/ros2_ws/install/my_robot_bringup/share/my_robot_bringup/environment/ament_prefix_path.dsv
[1.506s] -- Installing: /home/ant/ros2_ws/install/my_robot_bringup/share/my_robot_bringup/environment/path.sh
[1.507s] -- Installing: /home/ant/ros2_ws/install/my_robot_bringup/share/my_robot_bringup/environment/path.dsv
[1.507s] -- Installing: /home/ant/ros2_ws/install/my_robot_bringup/share/my_robot_bringup/local_setup.bash
[1.508s] -- Installing: /home/ant/ros2_ws/install/my_robot_bringup/share/my_robot_bringup/local_setup.sh
[1.508s] -- Installing: /home/ant/ros2_ws/install/my_robot_bringup/share/my_robot_bringup/local_setup.zsh
[1.508s] -- Installing: /home/ant/ros2_ws/install/my_robot_bringup/share/my_robot_bringup/local_setup.dsv
[1.508s] -- Installing: /home/ant/ros2_ws/install/my_robot_bringup/share/my_robot_bringup/package.dsv
[1.509s] -- Installing: /home/ant/ros2_ws/install/my_robot_bringup/share/ament_index/resource_index/packages/my_robot_bringup
[1.509s] -- Installing: /home/ant/ros2_ws/install/my_robot_bringup/share/my_robot_bringup/cmake/my_robot_bringupConfig.cmake
[1.509s] -- Installing: /home/ant/ros2_ws/install/my_robot_bringup/share/my_robot_bringup/cmake/my_robot_bringupConfig-version.cmake
[1.510s] -- Installing: /home/ant/ros2_ws/install/my_robot_bringup/share/my_robot_bringup/package.xml
[1.513s] Invoked command in '/home/ant/ros2_ws/build/my_robot_bringup' returned '0': CMAKE_PREFIX_PATH=${CMAKE_PREFIX_PATH}:/home/ant/ros2_ws/install/my_py_pkg:/opt/ros/humble /usr/bin/cmake --install /home/ant/ros2_ws/build/my_robot_bringup
