[0.262s] Invoking command in '/home/ant/ros2_ws/build/my_new_robot_interfaces': CMAKE_PREFIX_PATH=${CMAKE_PREFIX_PATH}:/home/ant/ros2_ws/install/my_py_pkg:/opt/ros/humble CONDA_PROMPT_MODIFIER=(base) /usr/bin/cmake --build /home/ant/ros2_ws/build/my_new_robot_interfaces -- -j4 -l4
[0.555s] [  3%] Built target my_new_robot_interfaces__cpp
[0.559s] [ 12%] Built target my_new_robot_interfaces__rosidl_generator_c
[0.653s] [ 12%] Built target ament_cmake_python_copy_my_new_robot_interfaces
[0.746s] [ 22%] Built target my_new_robot_interfaces__rosidl_typesupport_introspection_cpp
[0.751s] [ 32%] Built target my_new_robot_interfaces__rosidl_typesupport_fastrtps_cpp
[0.769s] [ 41%] Built target my_new_robot_interfaces__rosidl_typesupport_cpp
[0.859s] [ 51%] Built target my_new_robot_interfaces__rosidl_typesupport_fastrtps_c
[0.921s] [ 61%] Built target my_new_robot_interfaces__rosidl_typesupport_introspection_c
[0.932s] [ 70%] Built target my_new_robot_interfaces__rosidl_typesupport_c
[1.055s] [ 70%] Built target my_new_robot_interfaces
[1.287s] [ 74%] Built target my_new_robot_interfaces__py
[1.457s] [ 80%] Built target my_new_robot_interfaces__rosidl_generator_py
[1.613s] [ 87%] Built target my_new_robot_interfaces__rosidl_typesupport_fastrtps_c__pyext
[1.672s] [ 93%] Built target my_new_robot_interfaces__rosidl_typesupport_c__pyext
[1.787s] [100%] Built target my_new_robot_interfaces__rosidl_typesupport_introspection_c__pyext
[2.248s] running egg_info
[2.254s] writing my_new_robot_interfaces.egg-info/PKG-INFO
[2.255s] writing dependency_links to my_new_robot_interfaces.egg-info/dependency_links.txt
[2.256s] writing top-level names to my_new_robot_interfaces.egg-info/top_level.txt
[2.265s] reading manifest file 'my_new_robot_interfaces.egg-info/SOURCES.txt'
[2.276s] writing manifest file 'my_new_robot_interfaces.egg-info/SOURCES.txt'
[2.359s] [100%] Built target ament_cmake_python_build_my_new_robot_interfaces_egg
[2.440s] Invoked command in '/home/ant/ros2_ws/build/my_new_robot_interfaces' returned '0': CMAKE_PREFIX_PATH=${CMAKE_PREFIX_PATH}:/home/ant/ros2_ws/install/my_py_pkg:/opt/ros/humble CONDA_PROMPT_MODIFIER=(base) /usr/bin/cmake --build /home/ant/ros2_ws/build/my_new_robot_interfaces -- -j4 -l4
[2.616s] Invoking command in '/home/ant/ros2_ws/build/my_new_robot_interfaces': CMAKE_PREFIX_PATH=${CMAKE_PREFIX_PATH}:/home/ant/ros2_ws/install/my_py_pkg:/opt/ros/humble CONDA_PROMPT_MODIFIER=(base) /usr/bin/cmake --install /home/ant/ros2_ws/build/my_new_robot_interfaces
[2.630s] -- Install configuration: ""
[2.630s] -- Installing: /home/ant/ros2_ws/install/my_new_robot_interfaces/share/ament_index/resource_index/rosidl_interfaces/my_new_robot_interfaces
[2.630s] -- Installing: /home/ant/ros2_ws/install/my_new_robot_interfaces/include/my_new_robot_interfaces/my_new_robot_interfaces
[2.631s] -- Installing: /home/ant/ros2_ws/install/my_new_robot_interfaces/include/my_new_robot_interfaces/my_new_robot_interfaces/msg
[2.631s] -- Installing: /home/ant/ros2_ws/install/my_new_robot_interfaces/include/my_new_robot_interfaces/my_new_robot_interfaces/msg/detail
[2.631s] -- Installing: /home/ant/ros2_ws/install/my_new_robot_interfaces/include/my_new_robot_interfaces/my_new_robot_interfaces/msg/detail/hardware_check__struct.h
[2.631s] -- Installing: /home/ant/ros2_ws/install/my_new_robot_interfaces/include/my_new_robot_interfaces/my_new_robot_interfaces/msg/detail/hardware_check__type_support.h
[2.632s] -- Installing: /home/ant/ros2_ws/install/my_new_robot_interfaces/include/my_new_robot_interfaces/my_new_robot_interfaces/msg/detail/hardware_check__functions.h
[2.633s] -- Installing: /home/ant/ros2_ws/install/my_new_robot_interfaces/include/my_new_robot_interfaces/my_new_robot_interfaces/msg/detail/hardware_check__functions.c
[2.633s] -- Installing: /home/ant/ros2_ws/install/my_new_robot_interfaces/include/my_new_robot_interfaces/my_new_robot_interfaces/msg/rosidl_generator_c__visibility_control.h
[2.634s] -- Installing: /home/ant/ros2_ws/install/my_new_robot_interfaces/include/my_new_robot_interfaces/my_new_robot_interfaces/msg/hardware_check.h
[2.635s] -- Installing: /home/ant/ros2_ws/install/my_new_robot_interfaces/share/my_new_robot_interfaces/environment/library_path.sh
[2.637s] -- Installing: /home/ant/ros2_ws/install/my_new_robot_interfaces/share/my_new_robot_interfaces/environment/library_path.dsv
[2.639s] -- Installing: /home/ant/ros2_ws/install/my_new_robot_interfaces/lib/libmy_new_robot_interfaces__rosidl_generator_c.so
[2.640s] -- Set runtime path of "/home/ant/ros2_ws/install/my_new_robot_interfaces/lib/libmy_new_robot_interfaces__rosidl_generator_c.so" to ""
[2.640s] -- Up-to-date: /home/ant/ros2_ws/install/my_new_robot_interfaces/include/my_new_robot_interfaces/my_new_robot_interfaces
[2.640s] -- Up-to-date: /home/ant/ros2_ws/install/my_new_robot_interfaces/include/my_new_robot_interfaces/my_new_robot_interfaces/msg
[2.641s] -- Up-to-date: /home/ant/ros2_ws/install/my_new_robot_interfaces/include/my_new_robot_interfaces/my_new_robot_interfaces/msg/detail
[2.641s] -- Installing: /home/ant/ros2_ws/install/my_new_robot_interfaces/include/my_new_robot_interfaces/my_new_robot_interfaces/msg/detail/hardware_check__rosidl_typesupport_fastrtps_c.h
[2.643s] -- Installing: /home/ant/ros2_ws/install/my_new_robot_interfaces/include/my_new_robot_interfaces/my_new_robot_interfaces/msg/rosidl_typesupport_fastrtps_c__visibility_control.h
[2.645s] -- Installing: /home/ant/ros2_ws/install/my_new_robot_interfaces/lib/libmy_new_robot_interfaces__rosidl_typesupport_fastrtps_c.so
[2.648s] -- Set runtime path of "/home/ant/ros2_ws/install/my_new_robot_interfaces/lib/libmy_new_robot_interfaces__rosidl_typesupport_fastrtps_c.so" to ""
[2.649s] -- Up-to-date: /home/ant/ros2_ws/install/my_new_robot_interfaces/include/my_new_robot_interfaces/my_new_robot_interfaces
[2.649s] -- Up-to-date: /home/ant/ros2_ws/install/my_new_robot_interfaces/include/my_new_robot_interfaces/my_new_robot_interfaces/msg
[2.649s] -- Up-to-date: /home/ant/ros2_ws/install/my_new_robot_interfaces/include/my_new_robot_interfaces/my_new_robot_interfaces/msg/detail
[2.649s] -- Installing: /home/ant/ros2_ws/install/my_new_robot_interfaces/include/my_new_robot_interfaces/my_new_robot_interfaces/msg/detail/hardware_check__type_support.c
[2.650s] -- Installing: /home/ant/ros2_ws/install/my_new_robot_interfaces/include/my_new_robot_interfaces/my_new_robot_interfaces/msg/detail/hardware_check__rosidl_typesupport_introspection_c.h
[2.651s] -- Installing: /home/ant/ros2_ws/install/my_new_robot_interfaces/include/my_new_robot_interfaces/my_new_robot_interfaces/msg/rosidl_typesupport_introspection_c__visibility_control.h
[2.652s] -- Installing: /home/ant/ros2_ws/install/my_new_robot_interfaces/lib/libmy_new_robot_interfaces__rosidl_typesupport_introspection_c.so
[2.671s] -- Set runtime path of "/home/ant/ros2_ws/install/my_new_robot_interfaces/lib/libmy_new_robot_interfaces__rosidl_typesupport_introspection_c.so" to ""
[2.672s] -- Installing: /home/ant/ros2_ws/install/my_new_robot_interfaces/lib/libmy_new_robot_interfaces__rosidl_typesupport_c.so
[2.674s] -- Set runtime path of "/home/ant/ros2_ws/install/my_new_robot_interfaces/lib/libmy_new_robot_interfaces__rosidl_typesupport_c.so" to ""
[2.675s] -- Up-to-date: /home/ant/ros2_ws/install/my_new_robot_interfaces/include/my_new_robot_interfaces/my_new_robot_interfaces
[2.675s] -- Up-to-date: /home/ant/ros2_ws/install/my_new_robot_interfaces/include/my_new_robot_interfaces/my_new_robot_interfaces/msg
[2.675s] -- Up-to-date: /home/ant/ros2_ws/install/my_new_robot_interfaces/include/my_new_robot_interfaces/my_new_robot_interfaces/msg/detail
[2.676s] -- Installing: /home/ant/ros2_ws/install/my_new_robot_interfaces/include/my_new_robot_interfaces/my_new_robot_interfaces/msg/detail/hardware_check__traits.hpp
[2.676s] -- Installing: /home/ant/ros2_ws/install/my_new_robot_interfaces/include/my_new_robot_interfaces/my_new_robot_interfaces/msg/detail/hardware_check__struct.hpp
[2.676s] -- Installing: /home/ant/ros2_ws/install/my_new_robot_interfaces/include/my_new_robot_interfaces/my_new_robot_interfaces/msg/detail/hardware_check__builder.hpp
[2.677s] -- Installing: /home/ant/ros2_ws/install/my_new_robot_interfaces/include/my_new_robot_interfaces/my_new_robot_interfaces/msg/hardware_check.hpp
[2.677s] -- Up-to-date: /home/ant/ros2_ws/install/my_new_robot_interfaces/include/my_new_robot_interfaces/my_new_robot_interfaces
[2.677s] -- Up-to-date: /home/ant/ros2_ws/install/my_new_robot_interfaces/include/my_new_robot_interfaces/my_new_robot_interfaces/msg
[2.677s] -- Up-to-date: /home/ant/ros2_ws/install/my_new_robot_interfaces/include/my_new_robot_interfaces/my_new_robot_interfaces/msg/detail
[2.678s] -- Installing: /home/ant/ros2_ws/install/my_new_robot_interfaces/include/my_new_robot_interfaces/my_new_robot_interfaces/msg/detail/hardware_check__rosidl_typesupport_fastrtps_cpp.hpp
[2.678s] -- Installing: /home/ant/ros2_ws/install/my_new_robot_interfaces/include/my_new_robot_interfaces/my_new_robot_interfaces/msg/detail/dds_fastrtps
[2.678s] -- Installing: /home/ant/ros2_ws/install/my_new_robot_interfaces/include/my_new_robot_interfaces/my_new_robot_interfaces/msg/rosidl_typesupport_fastrtps_cpp__visibility_control.h
[2.679s] -- Installing: /home/ant/ros2_ws/install/my_new_robot_interfaces/lib/libmy_new_robot_interfaces__rosidl_typesupport_fastrtps_cpp.so
[2.679s] -- Set runtime path of "/home/ant/ros2_ws/install/my_new_robot_interfaces/lib/libmy_new_robot_interfaces__rosidl_typesupport_fastrtps_cpp.so" to ""
[2.679s] -- Up-to-date: /home/ant/ros2_ws/install/my_new_robot_interfaces/include/my_new_robot_interfaces/my_new_robot_interfaces
[2.680s] -- Up-to-date: /home/ant/ros2_ws/install/my_new_robot_interfaces/include/my_new_robot_interfaces/my_new_robot_interfaces/msg
[2.680s] -- Up-to-date: /home/ant/ros2_ws/install/my_new_robot_interfaces/include/my_new_robot_interfaces/my_new_robot_interfaces/msg/detail
[2.680s] -- Installing: /home/ant/ros2_ws/install/my_new_robot_interfaces/include/my_new_robot_interfaces/my_new_robot_interfaces/msg/detail/hardware_check__rosidl_typesupport_introspection_cpp.hpp
[2.680s] -- Installing: /home/ant/ros2_ws/install/my_new_robot_interfaces/include/my_new_robot_interfaces/my_new_robot_interfaces/msg/detail/hardware_check__type_support.cpp
[2.682s] -- Installing: /home/ant/ros2_ws/install/my_new_robot_interfaces/lib/libmy_new_robot_interfaces__rosidl_typesupport_introspection_cpp.so
[2.686s] -- Set runtime path of "/home/ant/ros2_ws/install/my_new_robot_interfaces/lib/libmy_new_robot_interfaces__rosidl_typesupport_introspection_cpp.so" to ""
[2.686s] -- Installing: /home/ant/ros2_ws/install/my_new_robot_interfaces/lib/libmy_new_robot_interfaces__rosidl_typesupport_cpp.so
[2.686s] -- Set runtime path of "/home/ant/ros2_ws/install/my_new_robot_interfaces/lib/libmy_new_robot_interfaces__rosidl_typesupport_cpp.so" to ""
[2.686s] -- Installing: /home/ant/ros2_ws/install/my_new_robot_interfaces/share/my_new_robot_interfaces/environment/pythonpath.sh
[2.687s] -- Installing: /home/ant/ros2_ws/install/my_new_robot_interfaces/share/my_new_robot_interfaces/environment/pythonpath.dsv
[2.687s] -- Installing: /home/ant/ros2_ws/install/my_new_robot_interfaces/local/lib/python3.10/dist-packages/my_new_robot_interfaces-0.0.0-py3.10.egg-info
[2.687s] -- Installing: /home/ant/ros2_ws/install/my_new_robot_interfaces/local/lib/python3.10/dist-packages/my_new_robot_interfaces-0.0.0-py3.10.egg-info/PKG-INFO
[2.687s] -- Installing: /home/ant/ros2_ws/install/my_new_robot_interfaces/local/lib/python3.10/dist-packages/my_new_robot_interfaces-0.0.0-py3.10.egg-info/dependency_links.txt
[2.687s] -- Installing: /home/ant/ros2_ws/install/my_new_robot_interfaces/local/lib/python3.10/dist-packages/my_new_robot_interfaces-0.0.0-py3.10.egg-info/top_level.txt
[2.687s] -- Installing: /home/ant/ros2_ws/install/my_new_robot_interfaces/local/lib/python3.10/dist-packages/my_new_robot_interfaces-0.0.0-py3.10.egg-info/SOURCES.txt
[2.687s] -- Installing: /home/ant/ros2_ws/install/my_new_robot_interfaces/local/lib/python3.10/dist-packages/my_new_robot_interfaces
[2.688s] -- Installing: /home/ant/ros2_ws/install/my_new_robot_interfaces/local/lib/python3.10/dist-packages/my_new_robot_interfaces/my_new_robot_interfaces_s__rosidl_typesupport_introspection_c.cpython-311-x86_64-linux-gnu.so
[2.688s] -- Installing: /home/ant/ros2_ws/install/my_new_robot_interfaces/local/lib/python3.10/dist-packages/my_new_robot_interfaces/_my_new_robot_interfaces_s.ep.rosidl_typesupport_fastrtps_c.c
[2.688s] -- Installing: /home/ant/ros2_ws/install/my_new_robot_interfaces/local/lib/python3.10/dist-packages/my_new_robot_interfaces/my_new_robot_interfaces_s__rosidl_typesupport_fastrtps_c.cpython-311-x86_64-linux-gnu.so
[2.688s] -- Installing: /home/ant/ros2_ws/install/my_new_robot_interfaces/local/lib/python3.10/dist-packages/my_new_robot_interfaces/my_new_robot_interfaces_s__rosidl_typesupport_c.cpython-311-x86_64-linux-gnu.so
[2.688s] -- Installing: /home/ant/ros2_ws/install/my_new_robot_interfaces/local/lib/python3.10/dist-packages/my_new_robot_interfaces/msg
[2.689s] -- Installing: /home/ant/ros2_ws/install/my_new_robot_interfaces/local/lib/python3.10/dist-packages/my_new_robot_interfaces/msg/__init__.py
[2.689s] -- Installing: /home/ant/ros2_ws/install/my_new_robot_interfaces/local/lib/python3.10/dist-packages/my_new_robot_interfaces/msg/_hardware_check_s.c
[2.689s] -- Installing: /home/ant/ros2_ws/install/my_new_robot_interfaces/local/lib/python3.10/dist-packages/my_new_robot_interfaces/msg/_hardware_check.py
[2.689s] -- Installing: /home/ant/ros2_ws/install/my_new_robot_interfaces/local/lib/python3.10/dist-packages/my_new_robot_interfaces/_my_new_robot_interfaces_s.ep.rosidl_typesupport_c.c
[2.689s] -- Installing: /home/ant/ros2_ws/install/my_new_robot_interfaces/local/lib/python3.10/dist-packages/my_new_robot_interfaces/libmy_new_robot_interfaces__rosidl_generator_py.so
[2.689s] -- Installing: /home/ant/ros2_ws/install/my_new_robot_interfaces/local/lib/python3.10/dist-packages/my_new_robot_interfaces/__init__.py
[2.690s] -- Installing: /home/ant/ros2_ws/install/my_new_robot_interfaces/local/lib/python3.10/dist-packages/my_new_robot_interfaces/_my_new_robot_interfaces_s.ep.rosidl_typesupport_introspection_c.c
[2.786s] Listing '/home/ant/ros2_ws/install/my_new_robot_interfaces/local/lib/python3.10/dist-packages/my_new_robot_interfaces'...
[2.786s] Compiling '/home/ant/ros2_ws/install/my_new_robot_interfaces/local/lib/python3.10/dist-packages/my_new_robot_interfaces/__init__.py'...
[2.786s] Listing '/home/ant/ros2_ws/install/my_new_robot_interfaces/local/lib/python3.10/dist-packages/my_new_robot_interfaces/msg'...
[2.786s] Compiling '/home/ant/ros2_ws/install/my_new_robot_interfaces/local/lib/python3.10/dist-packages/my_new_robot_interfaces/msg/__init__.py'...
[2.786s] Compiling '/home/ant/ros2_ws/install/my_new_robot_interfaces/local/lib/python3.10/dist-packages/my_new_robot_interfaces/msg/_hardware_check.py'...
[2.794s] -- Installing: /home/ant/ros2_ws/install/my_new_robot_interfaces/local/lib/python3.10/dist-packages/my_new_robot_interfaces/my_new_robot_interfaces_s__rosidl_typesupport_fastrtps_c.cpython-311-x86_64-linux-gnu.so
[2.795s] -- Set runtime path of "/home/ant/ros2_ws/install/my_new_robot_interfaces/local/lib/python3.10/dist-packages/my_new_robot_interfaces/my_new_robot_interfaces_s__rosidl_typesupport_fastrtps_c.cpython-311-x86_64-linux-gnu.so" to ""
[2.795s] -- Installing: /home/ant/ros2_ws/install/my_new_robot_interfaces/local/lib/python3.10/dist-packages/my_new_robot_interfaces/my_new_robot_interfaces_s__rosidl_typesupport_introspection_c.cpython-311-x86_64-linux-gnu.so
[2.796s] -- Set runtime path of "/home/ant/ros2_ws/install/my_new_robot_interfaces/local/lib/python3.10/dist-packages/my_new_robot_interfaces/my_new_robot_interfaces_s__rosidl_typesupport_introspection_c.cpython-311-x86_64-linux-gnu.so" to ""
[2.796s] -- Installing: /home/ant/ros2_ws/install/my_new_robot_interfaces/local/lib/python3.10/dist-packages/my_new_robot_interfaces/my_new_robot_interfaces_s__rosidl_typesupport_c.cpython-311-x86_64-linux-gnu.so
[2.797s] -- Set runtime path of "/home/ant/ros2_ws/install/my_new_robot_interfaces/local/lib/python3.10/dist-packages/my_new_robot_interfaces/my_new_robot_interfaces_s__rosidl_typesupport_c.cpython-311-x86_64-linux-gnu.so" to ""
[2.798s] -- Installing: /home/ant/ros2_ws/install/my_new_robot_interfaces/lib/libmy_new_robot_interfaces__rosidl_generator_py.so
[2.798s] -- Set runtime path of "/home/ant/ros2_ws/install/my_new_robot_interfaces/lib/libmy_new_robot_interfaces__rosidl_generator_py.so" to ""
[2.799s] -- Installing: /home/ant/ros2_ws/install/my_new_robot_interfaces/share/my_new_robot_interfaces/msg/HardwareCheck.idl
[2.799s] -- Installing: /home/ant/ros2_ws/install/my_new_robot_interfaces/share/my_new_robot_interfaces/msg/HardwareCheck.msg
[2.800s] -- Installing: /home/ant/ros2_ws/install/my_new_robot_interfaces/share/ament_index/resource_index/package_run_dependencies/my_new_robot_interfaces
[2.800s] -- Installing: /home/ant/ros2_ws/install/my_new_robot_interfaces/share/ament_index/resource_index/parent_prefix_path/my_new_robot_interfaces
[2.803s] -- Installing: /home/ant/ros2_ws/install/my_new_robot_interfaces/share/my_new_robot_interfaces/environment/ament_prefix_path.sh
[2.803s] -- Installing: /home/ant/ros2_ws/install/my_new_robot_interfaces/share/my_new_robot_interfaces/environment/ament_prefix_path.dsv
[2.804s] -- Installing: /home/ant/ros2_ws/install/my_new_robot_interfaces/share/my_new_robot_interfaces/environment/path.sh
[2.804s] -- Installing: /home/ant/ros2_ws/install/my_new_robot_interfaces/share/my_new_robot_interfaces/environment/path.dsv
[2.806s] -- Installing: /home/ant/ros2_ws/install/my_new_robot_interfaces/share/my_new_robot_interfaces/local_setup.bash
[2.807s] -- Installing: /home/ant/ros2_ws/install/my_new_robot_interfaces/share/my_new_robot_interfaces/local_setup.sh
[2.807s] -- Installing: /home/ant/ros2_ws/install/my_new_robot_interfaces/share/my_new_robot_interfaces/local_setup.zsh
[2.808s] -- Installing: /home/ant/ros2_ws/install/my_new_robot_interfaces/share/my_new_robot_interfaces/local_setup.dsv
[2.808s] -- Installing: /home/ant/ros2_ws/install/my_new_robot_interfaces/share/my_new_robot_interfaces/package.dsv
[2.809s] -- Installing: /home/ant/ros2_ws/install/my_new_robot_interfaces/share/ament_index/resource_index/packages/my_new_robot_interfaces
[2.810s] -- Installing: /home/ant/ros2_ws/install/my_new_robot_interfaces/share/my_new_robot_interfaces/cmake/export_my_new_robot_interfaces__rosidl_generator_cExport.cmake
[2.810s] -- Installing: /home/ant/ros2_ws/install/my_new_robot_interfaces/share/my_new_robot_interfaces/cmake/export_my_new_robot_interfaces__rosidl_generator_cExport-noconfig.cmake
[2.811s] -- Installing: /home/ant/ros2_ws/install/my_new_robot_interfaces/share/my_new_robot_interfaces/cmake/export_my_new_robot_interfaces__rosidl_typesupport_fastrtps_cExport.cmake
[2.812s] -- Installing: /home/ant/ros2_ws/install/my_new_robot_interfaces/share/my_new_robot_interfaces/cmake/export_my_new_robot_interfaces__rosidl_typesupport_fastrtps_cExport-noconfig.cmake
[2.812s] -- Installing: /home/ant/ros2_ws/install/my_new_robot_interfaces/share/my_new_robot_interfaces/cmake/my_new_robot_interfaces__rosidl_typesupport_introspection_cExport.cmake
[2.813s] -- Installing: /home/ant/ros2_ws/install/my_new_robot_interfaces/share/my_new_robot_interfaces/cmake/my_new_robot_interfaces__rosidl_typesupport_introspection_cExport-noconfig.cmake
[2.814s] -- Installing: /home/ant/ros2_ws/install/my_new_robot_interfaces/share/my_new_robot_interfaces/cmake/my_new_robot_interfaces__rosidl_typesupport_cExport.cmake
[2.815s] -- Installing: /home/ant/ros2_ws/install/my_new_robot_interfaces/share/my_new_robot_interfaces/cmake/my_new_robot_interfaces__rosidl_typesupport_cExport-noconfig.cmake
[2.819s] -- Installing: /home/ant/ros2_ws/install/my_new_robot_interfaces/share/my_new_robot_interfaces/cmake/export_my_new_robot_interfaces__rosidl_generator_cppExport.cmake
[2.819s] -- Installing: /home/ant/ros2_ws/install/my_new_robot_interfaces/share/my_new_robot_interfaces/cmake/export_my_new_robot_interfaces__rosidl_typesupport_fastrtps_cppExport.cmake
[2.820s] -- Installing: /home/ant/ros2_ws/install/my_new_robot_interfaces/share/my_new_robot_interfaces/cmake/export_my_new_robot_interfaces__rosidl_typesupport_fastrtps_cppExport-noconfig.cmake
[2.820s] -- Installing: /home/ant/ros2_ws/install/my_new_robot_interfaces/share/my_new_robot_interfaces/cmake/my_new_robot_interfaces__rosidl_typesupport_introspection_cppExport.cmake
[2.821s] -- Installing: /home/ant/ros2_ws/install/my_new_robot_interfaces/share/my_new_robot_interfaces/cmake/my_new_robot_interfaces__rosidl_typesupport_introspection_cppExport-noconfig.cmake
[2.821s] -- Installing: /home/ant/ros2_ws/install/my_new_robot_interfaces/share/my_new_robot_interfaces/cmake/my_new_robot_interfaces__rosidl_typesupport_cppExport.cmake
[2.822s] -- Installing: /home/ant/ros2_ws/install/my_new_robot_interfaces/share/my_new_robot_interfaces/cmake/my_new_robot_interfaces__rosidl_typesupport_cppExport-noconfig.cmake
[2.822s] -- Installing: /home/ant/ros2_ws/install/my_new_robot_interfaces/share/my_new_robot_interfaces/cmake/export_my_new_robot_interfaces__rosidl_generator_pyExport.cmake
[2.822s] -- Installing: /home/ant/ros2_ws/install/my_new_robot_interfaces/share/my_new_robot_interfaces/cmake/export_my_new_robot_interfaces__rosidl_generator_pyExport-noconfig.cmake
[2.823s] -- Installing: /home/ant/ros2_ws/install/my_new_robot_interfaces/share/my_new_robot_interfaces/cmake/rosidl_cmake-extras.cmake
[2.824s] -- Installing: /home/ant/ros2_ws/install/my_new_robot_interfaces/share/my_new_robot_interfaces/cmake/ament_cmake_export_include_directories-extras.cmake
[2.826s] -- Installing: /home/ant/ros2_ws/install/my_new_robot_interfaces/share/my_new_robot_interfaces/cmake/ament_cmake_export_libraries-extras.cmake
[2.838s] -- Installing: /home/ant/ros2_ws/install/my_new_robot_interfaces/share/my_new_robot_interfaces/cmake/ament_cmake_export_targets-extras.cmake
[2.838s] -- Installing: /home/ant/ros2_ws/install/my_new_robot_interfaces/share/my_new_robot_interfaces/cmake/rosidl_cmake_export_typesupport_targets-extras.cmake
[2.838s] -- Installing: /home/ant/ros2_ws/install/my_new_robot_interfaces/share/my_new_robot_interfaces/cmake/ament_cmake_export_dependencies-extras.cmake
[2.839s] -- Installing: /home/ant/ros2_ws/install/my_new_robot_interfaces/share/my_new_robot_interfaces/cmake/rosidl_cmake_export_typesupport_libraries-extras.cmake
[2.839s] -- Installing: /home/ant/ros2_ws/install/my_new_robot_interfaces/share/my_new_robot_interfaces/cmake/my_new_robot_interfacesConfig.cmake
[2.840s] -- Installing: /home/ant/ros2_ws/install/my_new_robot_interfaces/share/my_new_robot_interfaces/cmake/my_new_robot_interfacesConfig-version.cmake
[2.840s] -- Installing: /home/ant/ros2_ws/install/my_new_robot_interfaces/share/my_new_robot_interfaces/package.xml
[3.037s] Invoked command in '/home/ant/ros2_ws/build/my_new_robot_interfaces' returned '0': CMAKE_PREFIX_PATH=${CMAKE_PREFIX_PATH}:/home/ant/ros2_ws/install/my_py_pkg:/opt/ros/humble CONDA_PROMPT_MODIFIER=(base) /usr/bin/cmake --install /home/ant/ros2_ws/build/my_new_robot_interfaces
