[0.102s] Invoking command in '/home/ant/ros2_ws/build/my_cpp_pkg': CMAKE_PREFIX_PATH=${CMAKE_PREFIX_PATH}:/home/ant/ros2_ws/install/my_py_pkg:/opt/ros/humble CONDA_PROMPT_MODIFIER=(base) /usr/bin/cmake --build /home/ant/ros2_ws/build/my_cpp_pkg -- -j4 -l4
[0.176s] -- Found ament_cmake: 1.3.5 (/opt/ros/humble/share/ament_cmake/cmake)
[0.499s] -- Found rclcpp: 16.0.6 (/opt/ros/humble/share/rclcpp/cmake)
[0.581s] -- Found rosidl_generator_c: 3.1.5 (/opt/ros/humble/share/rosidl_generator_c/cmake)
[0.586s] -- Found rosidl_adapter: 3.1.5 (/opt/ros/humble/share/rosidl_adapter/cmake)
[0.597s] -- Found rosidl_generator_cpp: 3.1.5 (/opt/ros/humble/share/rosidl_generator_cpp/cmake)
[0.625s] -- Using all available rosidl_typesupport_c: rosidl_typesupport_fastrtps_c;rosidl_typesupport_introspection_c
[0.655s] -- Using all available rosidl_typesupport_cpp: rosidl_typesupport_fastrtps_cpp;rosidl_typesupport_introspection_cpp
[0.780s] -- Found rmw_implementation_cmake: 6.1.1 (/opt/ros/humble/share/rmw_implementation_cmake/cmake)
[0.784s] -- Found rmw_fastrtps_cpp: 6.2.4 (/opt/ros/humble/share/rmw_fastrtps_cpp/cmake)
[1.066s] -- Using RMW implementation 'rmw_fastrtps_cpp' as default
[1.454s] [31mCMake Error at CMakeLists.txt:11 (find_package):
[1.454s]   find_package called with invalid argument "Required"
[1.454s] 
[1.454s] [0m
[1.455s] [31mCMake Error at /opt/ros/humble/share/ament_cmake_target_dependencies/cmake/ament_target_dependencies.cmake:77 (message):
[1.455s]   ament_target_dependencies() the passed package name 'example_interfaces'
[1.455s]   was not found before
[1.456s] Call Stack (most recent call first):
[1.456s]   CMakeLists.txt:18 (ament_target_dependencies)
[1.456s] 
[1.456s] [0m
[1.456s] -- Configuring incomplete, errors occurred!
[1.456s] See also "/home/ant/ros2_ws/build/my_cpp_pkg/CMakeFiles/CMakeOutput.log".
[1.466s] gmake: *** [Makefile:267: cmake_check_build_system] Error 1
[1.470s] Invoked command in '/home/ant/ros2_ws/build/my_cpp_pkg' returned '2': CMAKE_PREFIX_PATH=${CMAKE_PREFIX_PATH}:/home/ant/ros2_ws/install/my_py_pkg:/opt/ros/humble CONDA_PROMPT_MODIFIER=(base) /usr/bin/cmake --build /home/ant/ros2_ws/build/my_cpp_pkg -- -j4 -l4
