[0.576s] Invoking command in '/home/ant/ros2_ws/build/my_robot_interfaces': CMAKE_PREFIX_PATH=${CMAKE_PREFIX_PATH}:/home/ant/ros2_ws/install/my_py_pkg:/opt/ros/humble CONDA_PROMPT_MODIFIER=(py310) /usr/bin/cmake /home/ant/ros2_ws/src/my_robot_interfaces -DCMAKE_INSTALL_PREFIX=/home/ant/ros2_ws/install/my_robot_interfaces
[0.913s] -- The C compiler identification is GNU 11.4.0
[1.673s] -- The CXX compiler identification is GNU 11.4.0
[1.708s] -- Detecting C compiler ABI info
[1.988s] -- Detecting C compiler ABI info - done
[2.016s] -- Check for working C compiler: /usr/bin/cc - skipped
[2.017s] -- Detecting C compile features
[2.017s] -- Detecting C compile features - done
[2.024s] -- Detecting CXX compiler ABI info
[2.626s] -- Detecting CXX compiler ABI info - done
[2.668s] -- Check for working CXX compiler: /usr/bin/c++ - skipped
[2.671s] -- Detecting CXX compile features
[2.686s] -- Detecting CXX compile features - done
[2.699s] -- Found ament_cmake: 1.3.5 (/opt/ros/humble/share/ament_cmake/cmake)
[4.199s] -- Found Python3: /home/ant/anaconda3/envs/py310/bin/python3.10 (found version "3.10.13") found components: Interpreter 
[4.507s] -- Found rosidl_default_generators: 1.2.0 (/opt/ros/humble/share/rosidl_default_generators/cmake)
[4.519s] -- Using all available rosidl_typesupport_c: rosidl_typesupport_fastrtps_c;rosidl_typesupport_introspection_c
[4.535s] -- Found rosidl_adapter: 3.1.5 (/opt/ros/humble/share/rosidl_adapter/cmake)
[4.683s] -- Using all available rosidl_typesupport_cpp: rosidl_typesupport_fastrtps_cpp;rosidl_typesupport_introspection_cpp
[4.990s] [31mCMake Error at /opt/ros/humble/share/rosidl_adapter/cmake/rosidl_adapt_interfaces.cmake:59 (message):
[4.990s]   execute_process(/home/ant/anaconda3/envs/py310/bin/python3.10 -m
[4.992s]   rosidl_adapter --package-name my_robot_interfaces --arguments-file
[4.992s]   /home/ant/ros2_ws/build/my_robot_interfaces/rosidl_adapter__arguments__my_robot_interfaces.json
[4.992s]   --output-dir
[4.992s]   /home/ant/ros2_ws/build/my_robot_interfaces/rosidl_adapter/my_robot_interfaces
[4.992s]   --output-file
[4.993s]   /home/ant/ros2_ws/build/my_robot_interfaces/rosidl_adapter/my_robot_interfaces.idls)
[4.993s]   returned error code 1:
[4.993s] 
[4.993s]   Traceback (most recent call last):
[4.993s] 
[4.993s]     File "/home/ant/anaconda3/envs/py310/lib/python3.10/runpy.py", line 196, in _run_module_as_main
[4.994s]       return _run_code(code, main_globals, None,
[4.994s]     File "/home/ant/anaconda3/envs/py310/lib/python3.10/runpy.py", line 86, in _run_code
[4.994s]       exec(code, run_globals)
[4.994s]     File "/opt/ros/humble/local/lib/python3.10/dist-packages/rosidl_adapter/__main__.py", line 19, in <module>
[4.994s]       sys.exit(main())
[4.994s]     File "/opt/ros/humble/local/lib/python3.10/dist-packages/rosidl_adapter/main.py", line 53, in main
[4.994s]       abs_idl_file = convert_to_idl(
[4.994s]     File "/opt/ros/humble/local/lib/python3.10/dist-packages/rosidl_adapter/__init__.py", line 18, in convert_to_idl
[4.995s]       from rosidl_adapter.msg import convert_msg_to_idl
[4.995s]     File "/opt/ros/humble/local/lib/python3.10/dist-packages/rosidl_adapter/msg/__init__.py", line 16, in <module>
[4.995s]       from rosidl_adapter.resource import expand_template
[4.995s]     File "/opt/ros/humble/local/lib/python3.10/dist-packages/rosidl_adapter/resource/__init__.py", line 19, in <module>
[4.995s]       import em
[5.002s] 
[5.002s]   ModuleNotFoundError: No module named 'em'
[5.002s] 
[5.002s] Call Stack (most recent call first):
[5.002s]   /opt/ros/humble/share/rosidl_cmake/cmake/rosidl_generate_interfaces.cmake:130 (rosidl_adapt_interfaces)
[5.003s]   CMakeLists.txt:12 (rosidl_generate_interfaces)
[5.003s] 
[5.003s] [0m
[5.003s] -- Configuring incomplete, errors occurred!
[5.003s] See also "/home/ant/ros2_ws/build/my_robot_interfaces/CMakeFiles/CMakeOutput.log".
