[1.326s] Invoking command in '/home/ant/ros2_ws/build/my_py_pkg': CMAKE_PREFIX_PATH=/home/ant/ros2_ws/install/my_robot_interfaces:/home/ant/ros2_ws/install/more_interfaces:/home/ant/ros2_ws/install/my_new_robot_interfaces:/home/ant/ros2_ws/install/my_cpp_pkg LD_LIBRARY_PATH=/home/ant/ros2_ws/install/my_robot_interfaces/lib:/home/ant/ros2_ws/install/more_interfaces/lib:/home/ant/ros2_ws/install/my_new_robot_interfaces/lib:/opt/ros/humble/opt/rviz_ogre_vendor/lib:/opt/ros/humble/lib/x86_64-linux-gnu:/opt/ros/humble/lib PYTHONPATH=/home/ant/ros2_ws/build/my_py_pkg/prefix_override:/home/ant/ros2_ws/install/my_py_pkg/lib/python3.10/site-packages:${PYTHONPATH} /usr/bin/python3 setup.py develop --editable --build-directory /home/ant/ros2_ws/build/my_py_pkg/build --no-deps install_data
[1.744s] running develop
[1.969s] running egg_info
[1.969s] writing my_py_pkg.egg-info/PKG-INFO
[1.977s] writing dependency_links to my_py_pkg.egg-info/dependency_links.txt
[1.978s] writing entry points to my_py_pkg.egg-info/entry_points.txt
[1.979s] writing requirements to my_py_pkg.egg-info/requires.txt
[1.979s] writing top-level names to my_py_pkg.egg-info/top_level.txt
[1.987s] reading manifest file 'my_py_pkg.egg-info/SOURCES.txt'
[1.989s] writing manifest file 'my_py_pkg.egg-info/SOURCES.txt'
[1.991s] running build_ext
[1.991s] Creating /home/ant/ros2_ws/install/my_py_pkg/lib/python3.10/site-packages/my-py-pkg.egg-link (link to .)
[1.993s] Installing add_two_ints_client script to /home/ant/ros2_ws/install/my_py_pkg/lib/my_py_pkg
[1.993s] Installing add_two_ints_client_no_oop script to /home/ant/ros2_ws/install/my_py_pkg/lib/my_py_pkg
[1.993s] Installing add_two_ints_server script to /home/ant/ros2_ws/install/my_py_pkg/lib/my_py_pkg
[1.994s] Installing battery_client script to /home/ant/ros2_ws/install/my_py_pkg/lib/my_py_pkg
[1.994s] Installing hw_status_publisher script to /home/ant/ros2_ws/install/my_py_pkg/lib/my_py_pkg
[1.994s] Installing led_panel script to /home/ant/ros2_ws/install/my_py_pkg/lib/my_py_pkg
[1.994s] Installing number_count script to /home/ant/ros2_ws/install/my_py_pkg/lib/my_py_pkg
[1.995s] Installing number_publisher script to /home/ant/ros2_ws/install/my_py_pkg/lib/my_py_pkg
[1.995s] Installing py_node script to /home/ant/ros2_ws/install/my_py_pkg/lib/my_py_pkg
[1.995s] Installing robot_news_station script to /home/ant/ros2_ws/install/my_py_pkg/lib/my_py_pkg
[1.995s] Installing smartphone script to /home/ant/ros2_ws/install/my_py_pkg/lib/my_py_pkg
[1.996s] 
[1.996s] Installed /home/ant/ros2_ws/build/my_py_pkg
[1.996s] running install_data
[2.062s] Invoked command in '/home/ant/ros2_ws/build/my_py_pkg' returned '0': CMAKE_PREFIX_PATH=/home/ant/ros2_ws/install/my_robot_interfaces:/home/ant/ros2_ws/install/more_interfaces:/home/ant/ros2_ws/install/my_new_robot_interfaces:/home/ant/ros2_ws/install/my_cpp_pkg LD_LIBRARY_PATH=/home/ant/ros2_ws/install/my_robot_interfaces/lib:/home/ant/ros2_ws/install/more_interfaces/lib:/home/ant/ros2_ws/install/my_new_robot_interfaces/lib:/opt/ros/humble/opt/rviz_ogre_vendor/lib:/opt/ros/humble/lib/x86_64-linux-gnu:/opt/ros/humble/lib PYTHONPATH=/home/ant/ros2_ws/build/my_py_pkg/prefix_override:/home/ant/ros2_ws/install/my_py_pkg/lib/python3.10/site-packages:${PYTHONPATH} /usr/bin/python3 setup.py develop --editable --build-directory /home/ant/ros2_ws/build/my_py_pkg/build --no-deps install_data
