[0.484s] Invoking command in '/home/ant/ros2_ws/build/my_cpp_pkg': CMAKE_PREFIX_PATH=${CMAKE_PREFIX_PATH}:/home/ant/ros2_ws/install/my_py_pkg:/opt/ros/humble CONDA_PROMPT_MODIFIER=(base) /usr/bin/cmake --build /home/ant/ros2_ws/build/my_cpp_pkg -- -j4 -l4
[1.256s] Invoked command in '/home/ant/ros2_ws/build/my_cpp_pkg' returned '0': CMAKE_PREFIX_PATH=${CMAKE_PREFIX_PATH}:/home/ant/ros2_ws/install/my_py_pkg:/opt/ros/humble CONDA_PROMPT_MODIFIER=(base) /usr/bin/cmake --build /home/ant/ros2_ws/build/my_cpp_pkg -- -j4 -l4
[1.337s] Invoking command in '/home/ant/ros2_ws/build/my_cpp_pkg': CMAKE_PREFIX_PATH=${CMAKE_PREFIX_PATH}:/home/ant/ros2_ws/install/my_py_pkg:/opt/ros/humble CONDA_PROMPT_MODIFIER=(base) /usr/bin/cmake --install /home/ant/ros2_ws/build/my_cpp_pkg
[1.368s] -- Install configuration: ""
[1.369s] -- Up-to-date: /home/ant/ros2_ws/install/my_cpp_pkg/share/ament_index/resource_index/package_run_dependencies/my_cpp_pkg
[1.370s] -- Up-to-date: /home/ant/ros2_ws/install/my_cpp_pkg/share/ament_index/resource_index/parent_prefix_path/my_cpp_pkg
[1.370s] -- Up-to-date: /home/ant/ros2_ws/install/my_cpp_pkg/share/my_cpp_pkg/environment/ament_prefix_path.sh
[1.370s] -- Up-to-date: /home/ant/ros2_ws/install/my_cpp_pkg/share/my_cpp_pkg/environment/ament_prefix_path.dsv
[1.370s] -- Up-to-date: /home/ant/ros2_ws/install/my_cpp_pkg/share/my_cpp_pkg/environment/path.sh
[1.371s] -- Up-to-date: /home/ant/ros2_ws/install/my_cpp_pkg/share/my_cpp_pkg/environment/path.dsv
[1.371s] -- Up-to-date: /home/ant/ros2_ws/install/my_cpp_pkg/share/my_cpp_pkg/local_setup.bash
[1.371s] -- Up-to-date: /home/ant/ros2_ws/install/my_cpp_pkg/share/my_cpp_pkg/local_setup.sh
[1.371s] -- Up-to-date: /home/ant/ros2_ws/install/my_cpp_pkg/share/my_cpp_pkg/local_setup.zsh
[1.372s] -- Up-to-date: /home/ant/ros2_ws/install/my_cpp_pkg/share/my_cpp_pkg/local_setup.dsv
[1.372s] -- Installing: /home/ant/ros2_ws/install/my_cpp_pkg/share/my_cpp_pkg/package.dsv
[1.372s] -- Up-to-date: /home/ant/ros2_ws/install/my_cpp_pkg/share/ament_index/resource_index/packages/my_cpp_pkg
[1.373s] -- Up-to-date: /home/ant/ros2_ws/install/my_cpp_pkg/share/my_cpp_pkg/cmake/my_cpp_pkgConfig.cmake
[1.373s] -- Up-to-date: /home/ant/ros2_ws/install/my_cpp_pkg/share/my_cpp_pkg/cmake/my_cpp_pkgConfig-version.cmake
[1.373s] -- Up-to-date: /home/ant/ros2_ws/install/my_cpp_pkg/share/my_cpp_pkg/package.xml
[1.383s] Invoked command in '/home/ant/ros2_ws/build/my_cpp_pkg' returned '0': CMAKE_PREFIX_PATH=${CMAKE_PREFIX_PATH}:/home/ant/ros2_ws/install/my_py_pkg:/opt/ros/humble CONDA_PROMPT_MODIFIER=(base) /usr/bin/cmake --install /home/ant/ros2_ws/build/my_cpp_pkg
