[1.188s] Invoking command in '/home/ant/ros2_ws/src/my_py_pkg': PYTHONPATH=/home/ant/ros2_ws/build/my_py_pkg/prefix_override:/home/ant/ros2_ws/install/my_py_pkg/lib/python3.10/site-packages:${PYTHONPATH} /usr/bin/python3 setup.py egg_info --egg-base ../../build/my_py_pkg build --build-base /home/ant/ros2_ws/build/my_py_pkg/build install --record /home/ant/ros2_ws/build/my_py_pkg/install.log --single-version-externally-managed
[1.528s] running egg_info
[1.529s] writing ../../build/my_py_pkg/my_py_pkg.egg-info/PKG-INFO
[1.537s] writing dependency_links to ../../build/my_py_pkg/my_py_pkg.egg-info/dependency_links.txt
[1.538s] writing entry points to ../../build/my_py_pkg/my_py_pkg.egg-info/entry_points.txt
[1.538s] writing requirements to ../../build/my_py_pkg/my_py_pkg.egg-info/requires.txt
[1.539s] writing top-level names to ../../build/my_py_pkg/my_py_pkg.egg-info/top_level.txt
[1.545s] reading manifest file '../../build/my_py_pkg/my_py_pkg.egg-info/SOURCES.txt'
[1.548s] writing manifest file '../../build/my_py_pkg/my_py_pkg.egg-info/SOURCES.txt'
[1.548s] running build
[1.548s] running build_py
[1.549s] copying my_py_pkg/my_first_node.py -> /home/ant/ros2_ws/build/my_py_pkg/build/lib/my_py_pkg
[1.550s] running install
[1.550s] running install_lib
[1.552s] copying /home/ant/ros2_ws/build/my_py_pkg/build/lib/my_py_pkg/my_first_node.py -> /home/ant/ros2_ws/install/my_py_pkg/lib/python3.10/site-packages/my_py_pkg
[1.553s] byte-compiling /home/ant/ros2_ws/install/my_py_pkg/lib/python3.10/site-packages/my_py_pkg/my_first_node.py to my_first_node.cpython-310.pyc
[1.554s] running install_data
[1.555s] running install_egg_info
[1.558s] removing '/home/ant/ros2_ws/install/my_py_pkg/lib/python3.10/site-packages/my_py_pkg-0.0.0-py3.10.egg-info' (and everything under it)
[1.559s] Copying ../../build/my_py_pkg/my_py_pkg.egg-info to /home/ant/ros2_ws/install/my_py_pkg/lib/python3.10/site-packages/my_py_pkg-0.0.0-py3.10.egg-info
[1.560s] running install_scripts
[1.585s] Installing py_node script to /home/ant/ros2_ws/install/my_py_pkg/lib/my_py_pkg
[1.585s] writing list of installed files to '/home/ant/ros2_ws/build/my_py_pkg/install.log'
[1.628s] Invoked command in '/home/ant/ros2_ws/src/my_py_pkg' returned '0': PYTHONPATH=/home/ant/ros2_ws/build/my_py_pkg/prefix_override:/home/ant/ros2_ws/install/my_py_pkg/lib/python3.10/site-packages:${PYTHONPATH} /usr/bin/python3 setup.py egg_info --egg-base ../../build/my_py_pkg build --build-base /home/ant/ros2_ws/build/my_py_pkg/build install --record /home/ant/ros2_ws/build/my_py_pkg/install.log --single-version-externally-managed
