[0.187s] Invoking command in '/home/ant/ros2_ws/build/more_interfaces': CMAKE_PREFIX_PATH=${CMAKE_PREFIX_PATH}:/home/ant/ros2_ws/install/my_py_pkg:/opt/ros/humble CONDA_PROMPT_MODIFIER=(py310) /usr/bin/cmake --build /home/ant/ros2_ws/build/more_interfaces -- -j4 -l4
[0.304s] [  9%] Built target more_interfaces__rosidl_generator_c
[0.310s] [ 12%] Built target more_interfaces__cpp
[0.344s] [ 12%] Built target ament_cmake_python_copy_more_interfaces
[0.407s] [ 22%] Built target more_interfaces__rosidl_typesupport_introspection_c
[0.432s] [ 41%] Built target more_interfaces__rosidl_typesupport_fastrtps_cpp
[0.433s] [ 41%] Built target more_interfaces__rosidl_typesupport_fastrtps_c
[0.440s] [ 51%] Built target more_interfaces__rosidl_typesupport_c
[0.497s] [ 61%] Built target more_interfaces__rosidl_typesupport_introspection_cpp
[0.506s] [ 70%] Built target more_interfaces__rosidl_typesupport_cpp
[0.573s] [ 70%] Built target more_interfaces
[0.639s] [ 74%] Built target more_interfaces__py
[0.698s] [ 80%] Built target more_interfaces__rosidl_generator_py
[0.803s] [ 87%] Built target more_interfaces__rosidl_typesupport_fastrtps_c__pyext
[0.807s] [ 93%] Built target more_interfaces__rosidl_typesupport_introspection_c__pyext
[0.823s] [100%] Built target more_interfaces__rosidl_typesupport_c__pyext
[1.124s] running egg_info
[1.128s] writing more_interfaces.egg-info/PKG-INFO
[1.130s] writing dependency_links to more_interfaces.egg-info/dependency_links.txt
[1.130s] writing top-level names to more_interfaces.egg-info/top_level.txt
[1.135s] reading manifest file 'more_interfaces.egg-info/SOURCES.txt'
[1.136s] writing manifest file 'more_interfaces.egg-info/SOURCES.txt'
[1.185s] [100%] Built target ament_cmake_python_build_more_interfaces_egg
[1.203s] Invoked command in '/home/ant/ros2_ws/build/more_interfaces' returned '0': CMAKE_PREFIX_PATH=${CMAKE_PREFIX_PATH}:/home/ant/ros2_ws/install/my_py_pkg:/opt/ros/humble CONDA_PROMPT_MODIFIER=(py310) /usr/bin/cmake --build /home/ant/ros2_ws/build/more_interfaces -- -j4 -l4
[1.372s] Invoking command in '/home/ant/ros2_ws/build/more_interfaces': CMAKE_PREFIX_PATH=${CMAKE_PREFIX_PATH}:/home/ant/ros2_ws/install/my_py_pkg:/opt/ros/humble CONDA_PROMPT_MODIFIER=(py310) /usr/bin/cmake --install /home/ant/ros2_ws/build/more_interfaces
[1.387s] -- Install configuration: ""
[1.387s] -- Up-to-date: /home/ant/ros2_ws/install/more_interfaces/share/ament_index/resource_index/rosidl_interfaces/more_interfaces
[1.387s] -- Up-to-date: /home/ant/ros2_ws/install/more_interfaces/include/more_interfaces/more_interfaces
[1.387s] -- Up-to-date: /home/ant/ros2_ws/install/more_interfaces/include/more_interfaces/more_interfaces/msg
[1.388s] -- Up-to-date: /home/ant/ros2_ws/install/more_interfaces/include/more_interfaces/more_interfaces/msg/detail
[1.388s] -- Up-to-date: /home/ant/ros2_ws/install/more_interfaces/include/more_interfaces/more_interfaces/msg/detail/address_book__type_support.h
[1.388s] -- Up-to-date: /home/ant/ros2_ws/install/more_interfaces/include/more_interfaces/more_interfaces/msg/detail/address_book__struct.h
[1.388s] -- Up-to-date: /home/ant/ros2_ws/install/more_interfaces/include/more_interfaces/more_interfaces/msg/detail/address_book__functions.c
[1.388s] -- Up-to-date: /home/ant/ros2_ws/install/more_interfaces/include/more_interfaces/more_interfaces/msg/detail/address_book__functions.h
[1.388s] -- Up-to-date: /home/ant/ros2_ws/install/more_interfaces/include/more_interfaces/more_interfaces/msg/rosidl_generator_c__visibility_control.h
[1.388s] -- Up-to-date: /home/ant/ros2_ws/install/more_interfaces/include/more_interfaces/more_interfaces/msg/address_book.h
[1.389s] -- Up-to-date: /home/ant/ros2_ws/install/more_interfaces/share/more_interfaces/environment/library_path.sh
[1.389s] -- Up-to-date: /home/ant/ros2_ws/install/more_interfaces/share/more_interfaces/environment/library_path.dsv
[1.389s] -- Up-to-date: /home/ant/ros2_ws/install/more_interfaces/lib/libmore_interfaces__rosidl_generator_c.so
[1.389s] -- Up-to-date: /home/ant/ros2_ws/install/more_interfaces/include/more_interfaces/more_interfaces
[1.389s] -- Up-to-date: /home/ant/ros2_ws/install/more_interfaces/include/more_interfaces/more_interfaces/msg
[1.390s] -- Up-to-date: /home/ant/ros2_ws/install/more_interfaces/include/more_interfaces/more_interfaces/msg/detail
[1.390s] -- Up-to-date: /home/ant/ros2_ws/install/more_interfaces/include/more_interfaces/more_interfaces/msg/detail/address_book__rosidl_typesupport_fastrtps_c.h
[1.390s] -- Up-to-date: /home/ant/ros2_ws/install/more_interfaces/include/more_interfaces/more_interfaces/msg/rosidl_typesupport_fastrtps_c__visibility_control.h
[1.390s] -- Up-to-date: /home/ant/ros2_ws/install/more_interfaces/lib/libmore_interfaces__rosidl_typesupport_fastrtps_c.so
[1.390s] -- Up-to-date: /home/ant/ros2_ws/install/more_interfaces/include/more_interfaces/more_interfaces
[1.391s] -- Up-to-date: /home/ant/ros2_ws/install/more_interfaces/include/more_interfaces/more_interfaces/msg
[1.391s] -- Up-to-date: /home/ant/ros2_ws/install/more_interfaces/include/more_interfaces/more_interfaces/msg/detail
[1.391s] -- Up-to-date: /home/ant/ros2_ws/install/more_interfaces/include/more_interfaces/more_interfaces/msg/detail/address_book__type_support.c
[1.391s] -- Up-to-date: /home/ant/ros2_ws/install/more_interfaces/include/more_interfaces/more_interfaces/msg/detail/address_book__rosidl_typesupport_introspection_c.h
[1.391s] -- Up-to-date: /home/ant/ros2_ws/install/more_interfaces/include/more_interfaces/more_interfaces/msg/rosidl_typesupport_introspection_c__visibility_control.h
[1.392s] -- Up-to-date: /home/ant/ros2_ws/install/more_interfaces/lib/libmore_interfaces__rosidl_typesupport_introspection_c.so
[1.392s] -- Up-to-date: /home/ant/ros2_ws/install/more_interfaces/lib/libmore_interfaces__rosidl_typesupport_c.so
[1.392s] -- Up-to-date: /home/ant/ros2_ws/install/more_interfaces/include/more_interfaces/more_interfaces
[1.392s] -- Up-to-date: /home/ant/ros2_ws/install/more_interfaces/include/more_interfaces/more_interfaces/msg
[1.393s] -- Up-to-date: /home/ant/ros2_ws/install/more_interfaces/include/more_interfaces/more_interfaces/msg/detail
[1.394s] -- Up-to-date: /home/ant/ros2_ws/install/more_interfaces/include/more_interfaces/more_interfaces/msg/detail/address_book__builder.hpp
[1.394s] -- Up-to-date: /home/ant/ros2_ws/install/more_interfaces/include/more_interfaces/more_interfaces/msg/detail/address_book__struct.hpp
[1.394s] -- Up-to-date: /home/ant/ros2_ws/install/more_interfaces/include/more_interfaces/more_interfaces/msg/detail/address_book__traits.hpp
[1.394s] -- Up-to-date: /home/ant/ros2_ws/install/more_interfaces/include/more_interfaces/more_interfaces/msg/address_book.hpp
[1.394s] -- Up-to-date: /home/ant/ros2_ws/install/more_interfaces/include/more_interfaces/more_interfaces
[1.395s] -- Up-to-date: /home/ant/ros2_ws/install/more_interfaces/include/more_interfaces/more_interfaces/msg
[1.395s] -- Up-to-date: /home/ant/ros2_ws/install/more_interfaces/include/more_interfaces/more_interfaces/msg/detail
[1.395s] -- Up-to-date: /home/ant/ros2_ws/install/more_interfaces/include/more_interfaces/more_interfaces/msg/detail/address_book__rosidl_typesupport_fastrtps_cpp.hpp
[1.395s] -- Up-to-date: /home/ant/ros2_ws/install/more_interfaces/include/more_interfaces/more_interfaces/msg/detail/dds_fastrtps
[1.396s] -- Up-to-date: /home/ant/ros2_ws/install/more_interfaces/include/more_interfaces/more_interfaces/msg/rosidl_typesupport_fastrtps_cpp__visibility_control.h
[1.396s] -- Up-to-date: /home/ant/ros2_ws/install/more_interfaces/lib/libmore_interfaces__rosidl_typesupport_fastrtps_cpp.so
[1.396s] -- Up-to-date: /home/ant/ros2_ws/install/more_interfaces/include/more_interfaces/more_interfaces
[1.396s] -- Up-to-date: /home/ant/ros2_ws/install/more_interfaces/include/more_interfaces/more_interfaces/msg
[1.396s] -- Up-to-date: /home/ant/ros2_ws/install/more_interfaces/include/more_interfaces/more_interfaces/msg/detail
[1.396s] -- Up-to-date: /home/ant/ros2_ws/install/more_interfaces/include/more_interfaces/more_interfaces/msg/detail/address_book__type_support.cpp
[1.397s] -- Up-to-date: /home/ant/ros2_ws/install/more_interfaces/include/more_interfaces/more_interfaces/msg/detail/address_book__rosidl_typesupport_introspection_cpp.hpp
[1.397s] -- Up-to-date: /home/ant/ros2_ws/install/more_interfaces/lib/libmore_interfaces__rosidl_typesupport_introspection_cpp.so
[1.397s] -- Up-to-date: /home/ant/ros2_ws/install/more_interfaces/lib/libmore_interfaces__rosidl_typesupport_cpp.so
[1.397s] -- Up-to-date: /home/ant/ros2_ws/install/more_interfaces/share/more_interfaces/environment/pythonpath.sh
[1.397s] -- Up-to-date: /home/ant/ros2_ws/install/more_interfaces/share/more_interfaces/environment/pythonpath.dsv
[1.401s] -- Up-to-date: /home/ant/ros2_ws/install/more_interfaces/local/lib/python3.10/dist-packages/more_interfaces-0.0.0-py3.10.egg-info
[1.402s] -- Installing: /home/ant/ros2_ws/install/more_interfaces/local/lib/python3.10/dist-packages/more_interfaces-0.0.0-py3.10.egg-info/PKG-INFO
[1.402s] -- Installing: /home/ant/ros2_ws/install/more_interfaces/local/lib/python3.10/dist-packages/more_interfaces-0.0.0-py3.10.egg-info/dependency_links.txt
[1.402s] -- Installing: /home/ant/ros2_ws/install/more_interfaces/local/lib/python3.10/dist-packages/more_interfaces-0.0.0-py3.10.egg-info/top_level.txt
[1.403s] -- Installing: /home/ant/ros2_ws/install/more_interfaces/local/lib/python3.10/dist-packages/more_interfaces-0.0.0-py3.10.egg-info/SOURCES.txt
[1.403s] -- Up-to-date: /home/ant/ros2_ws/install/more_interfaces/local/lib/python3.10/dist-packages/more_interfaces
[1.403s] -- Up-to-date: /home/ant/ros2_ws/install/more_interfaces/local/lib/python3.10/dist-packages/more_interfaces/_more_interfaces_s.ep.rosidl_typesupport_introspection_c.c
[1.403s] -- Up-to-date: /home/ant/ros2_ws/install/more_interfaces/local/lib/python3.10/dist-packages/more_interfaces/libmore_interfaces__rosidl_generator_py.so
[1.404s] -- Up-to-date: /home/ant/ros2_ws/install/more_interfaces/local/lib/python3.10/dist-packages/more_interfaces/_more_interfaces_s.ep.rosidl_typesupport_c.c
[1.404s] -- Up-to-date: /home/ant/ros2_ws/install/more_interfaces/local/lib/python3.10/dist-packages/more_interfaces/more_interfaces_s__rosidl_typesupport_introspection_c.cpython-311-x86_64-linux-gnu.so
[1.404s] -- Up-to-date: /home/ant/ros2_ws/install/more_interfaces/local/lib/python3.10/dist-packages/more_interfaces/more_interfaces_s__rosidl_typesupport_fastrtps_c.cpython-311-x86_64-linux-gnu.so
[1.404s] -- Up-to-date: /home/ant/ros2_ws/install/more_interfaces/local/lib/python3.10/dist-packages/more_interfaces/msg
[1.404s] -- Up-to-date: /home/ant/ros2_ws/install/more_interfaces/local/lib/python3.10/dist-packages/more_interfaces/msg/_address_book_s.c
[1.404s] -- Up-to-date: /home/ant/ros2_ws/install/more_interfaces/local/lib/python3.10/dist-packages/more_interfaces/msg/__init__.py
[1.405s] -- Up-to-date: /home/ant/ros2_ws/install/more_interfaces/local/lib/python3.10/dist-packages/more_interfaces/msg/_address_book.py
[1.405s] -- Up-to-date: /home/ant/ros2_ws/install/more_interfaces/local/lib/python3.10/dist-packages/more_interfaces/_more_interfaces_s.ep.rosidl_typesupport_fastrtps_c.c
[1.405s] -- Up-to-date: /home/ant/ros2_ws/install/more_interfaces/local/lib/python3.10/dist-packages/more_interfaces/more_interfaces_s__rosidl_typesupport_c.cpython-311-x86_64-linux-gnu.so
[1.406s] -- Up-to-date: /home/ant/ros2_ws/install/more_interfaces/local/lib/python3.10/dist-packages/more_interfaces/__init__.py
[1.478s] Listing '/home/ant/ros2_ws/install/more_interfaces/local/lib/python3.10/dist-packages/more_interfaces'...
[1.478s] Listing '/home/ant/ros2_ws/install/more_interfaces/local/lib/python3.10/dist-packages/more_interfaces/msg'...
[1.488s] -- Up-to-date: /home/ant/ros2_ws/install/more_interfaces/local/lib/python3.10/dist-packages/more_interfaces/more_interfaces_s__rosidl_typesupport_fastrtps_c.cpython-311-x86_64-linux-gnu.so
[1.489s] -- Up-to-date: /home/ant/ros2_ws/install/more_interfaces/local/lib/python3.10/dist-packages/more_interfaces/more_interfaces_s__rosidl_typesupport_introspection_c.cpython-311-x86_64-linux-gnu.so
[1.489s] -- Up-to-date: /home/ant/ros2_ws/install/more_interfaces/local/lib/python3.10/dist-packages/more_interfaces/more_interfaces_s__rosidl_typesupport_c.cpython-311-x86_64-linux-gnu.so
[1.490s] -- Up-to-date: /home/ant/ros2_ws/install/more_interfaces/lib/libmore_interfaces__rosidl_generator_py.so
[1.490s] -- Up-to-date: /home/ant/ros2_ws/install/more_interfaces/share/more_interfaces/msg/AddressBook.idl
[1.491s] -- Up-to-date: /home/ant/ros2_ws/install/more_interfaces/share/more_interfaces/msg/AddressBook.msg
[1.491s] -- Up-to-date: /home/ant/ros2_ws/install/more_interfaces/share/ament_index/resource_index/package_run_dependencies/more_interfaces
[1.491s] -- Up-to-date: /home/ant/ros2_ws/install/more_interfaces/share/ament_index/resource_index/parent_prefix_path/more_interfaces
[1.491s] -- Up-to-date: /home/ant/ros2_ws/install/more_interfaces/share/more_interfaces/environment/ament_prefix_path.sh
[1.491s] -- Up-to-date: /home/ant/ros2_ws/install/more_interfaces/share/more_interfaces/environment/ament_prefix_path.dsv
[1.492s] -- Up-to-date: /home/ant/ros2_ws/install/more_interfaces/share/more_interfaces/environment/path.sh
[1.492s] -- Up-to-date: /home/ant/ros2_ws/install/more_interfaces/share/more_interfaces/environment/path.dsv
[1.492s] -- Up-to-date: /home/ant/ros2_ws/install/more_interfaces/share/more_interfaces/local_setup.bash
[1.492s] -- Up-to-date: /home/ant/ros2_ws/install/more_interfaces/share/more_interfaces/local_setup.sh
[1.492s] -- Up-to-date: /home/ant/ros2_ws/install/more_interfaces/share/more_interfaces/local_setup.zsh
[1.493s] -- Up-to-date: /home/ant/ros2_ws/install/more_interfaces/share/more_interfaces/local_setup.dsv
[1.493s] -- Installing: /home/ant/ros2_ws/install/more_interfaces/share/more_interfaces/package.dsv
[1.493s] -- Up-to-date: /home/ant/ros2_ws/install/more_interfaces/share/ament_index/resource_index/packages/more_interfaces
[1.493s] -- Up-to-date: /home/ant/ros2_ws/install/more_interfaces/share/more_interfaces/cmake/export_more_interfaces__rosidl_generator_cExport.cmake
[1.493s] -- Up-to-date: /home/ant/ros2_ws/install/more_interfaces/share/more_interfaces/cmake/export_more_interfaces__rosidl_generator_cExport-noconfig.cmake
[1.494s] -- Up-to-date: /home/ant/ros2_ws/install/more_interfaces/share/more_interfaces/cmake/export_more_interfaces__rosidl_typesupport_fastrtps_cExport.cmake
[1.494s] -- Up-to-date: /home/ant/ros2_ws/install/more_interfaces/share/more_interfaces/cmake/export_more_interfaces__rosidl_typesupport_fastrtps_cExport-noconfig.cmake
[1.494s] -- Up-to-date: /home/ant/ros2_ws/install/more_interfaces/share/more_interfaces/cmake/more_interfaces__rosidl_typesupport_introspection_cExport.cmake
[1.494s] -- Up-to-date: /home/ant/ros2_ws/install/more_interfaces/share/more_interfaces/cmake/more_interfaces__rosidl_typesupport_introspection_cExport-noconfig.cmake
[1.495s] -- Up-to-date: /home/ant/ros2_ws/install/more_interfaces/share/more_interfaces/cmake/more_interfaces__rosidl_typesupport_cExport.cmake
[1.495s] -- Up-to-date: /home/ant/ros2_ws/install/more_interfaces/share/more_interfaces/cmake/more_interfaces__rosidl_typesupport_cExport-noconfig.cmake
[1.495s] -- Up-to-date: /home/ant/ros2_ws/install/more_interfaces/share/more_interfaces/cmake/export_more_interfaces__rosidl_generator_cppExport.cmake
[1.495s] -- Up-to-date: /home/ant/ros2_ws/install/more_interfaces/share/more_interfaces/cmake/export_more_interfaces__rosidl_typesupport_fastrtps_cppExport.cmake
[1.495s] -- Up-to-date: /home/ant/ros2_ws/install/more_interfaces/share/more_interfaces/cmake/export_more_interfaces__rosidl_typesupport_fastrtps_cppExport-noconfig.cmake
[1.496s] -- Up-to-date: /home/ant/ros2_ws/install/more_interfaces/share/more_interfaces/cmake/more_interfaces__rosidl_typesupport_introspection_cppExport.cmake
[1.496s] -- Up-to-date: /home/ant/ros2_ws/install/more_interfaces/share/more_interfaces/cmake/more_interfaces__rosidl_typesupport_introspection_cppExport-noconfig.cmake
[1.496s] -- Up-to-date: /home/ant/ros2_ws/install/more_interfaces/share/more_interfaces/cmake/more_interfaces__rosidl_typesupport_cppExport.cmake
[1.496s] -- Up-to-date: /home/ant/ros2_ws/install/more_interfaces/share/more_interfaces/cmake/more_interfaces__rosidl_typesupport_cppExport-noconfig.cmake
[1.496s] -- Up-to-date: /home/ant/ros2_ws/install/more_interfaces/share/more_interfaces/cmake/export_more_interfaces__rosidl_generator_pyExport.cmake
[1.496s] -- Up-to-date: /home/ant/ros2_ws/install/more_interfaces/share/more_interfaces/cmake/export_more_interfaces__rosidl_generator_pyExport-noconfig.cmake
[1.496s] -- Up-to-date: /home/ant/ros2_ws/install/more_interfaces/share/more_interfaces/cmake/rosidl_cmake-extras.cmake
[1.497s] -- Up-to-date: /home/ant/ros2_ws/install/more_interfaces/share/more_interfaces/cmake/ament_cmake_export_include_directories-extras.cmake
[1.497s] -- Up-to-date: /home/ant/ros2_ws/install/more_interfaces/share/more_interfaces/cmake/ament_cmake_export_libraries-extras.cmake
[1.497s] -- Up-to-date: /home/ant/ros2_ws/install/more_interfaces/share/more_interfaces/cmake/ament_cmake_export_targets-extras.cmake
[1.497s] -- Up-to-date: /home/ant/ros2_ws/install/more_interfaces/share/more_interfaces/cmake/rosidl_cmake_export_typesupport_targets-extras.cmake
[1.497s] -- Up-to-date: /home/ant/ros2_ws/install/more_interfaces/share/more_interfaces/cmake/ament_cmake_export_dependencies-extras.cmake
[1.498s] -- Up-to-date: /home/ant/ros2_ws/install/more_interfaces/share/more_interfaces/cmake/rosidl_cmake_export_typesupport_libraries-extras.cmake
[1.499s] -- Up-to-date: /home/ant/ros2_ws/install/more_interfaces/share/more_interfaces/cmake/more_interfacesConfig.cmake
[1.499s] -- Up-to-date: /home/ant/ros2_ws/install/more_interfaces/share/more_interfaces/cmake/more_interfacesConfig-version.cmake
[1.505s] -- Up-to-date: /home/ant/ros2_ws/install/more_interfaces/share/more_interfaces/package.xml
[1.506s] Invoked command in '/home/ant/ros2_ws/build/more_interfaces' returned '0': CMAKE_PREFIX_PATH=${CMAKE_PREFIX_PATH}:/home/ant/ros2_ws/install/my_py_pkg:/opt/ros/humble CONDA_PROMPT_MODIFIER=(py310) /usr/bin/cmake --install /home/ant/ros2_ws/build/more_interfaces
