[0.240s] Invoking command in '/home/ant/ros2_ws/build/my_new_robot_interfaces': CMAKE_PREFIX_PATH=${CMAKE_PREFIX_PATH}:/home/ant/ros2_ws/install/my_py_pkg:/opt/ros/humble CONDA_PROMPT_MODIFIER=(base) /usr/bin/cmake /home/ant/ros2_ws/src/my_new_robot_interfaces -DCMAKE_INSTALL_PREFIX=/home/ant/ros2_ws/install/my_new_robot_interfaces
[0.313s] -- Found ament_cmake: 1.3.5 (/opt/ros/humble/share/ament_cmake/cmake)
[0.929s] -- Found rosidl_default_generators: 1.2.0 (/opt/ros/humble/share/rosidl_default_generators/cmake)
[0.934s] -- Using all available rosidl_typesupport_c: rosidl_typesupport_fastrtps_c;rosidl_typesupport_introspection_c
[0.942s] -- Found rosidl_adapter: 3.1.5 (/opt/ros/humble/share/rosidl_adapter/cmake)
[1.105s] -- Using all available rosidl_typesupport_cpp: rosidl_typesupport_fastrtps_cpp;rosidl_typesupport_introspection_cpp
[1.688s] [31mCMake Error at /opt/ros/humble/share/rosidl_adapter/cmake/rosidl_adapt_interfaces.cmake:59 (message):
[1.688s]   execute_process(/home/ant/anaconda3/envs/py310/bin/python3.10 -m
[1.690s]   rosidl_adapter --package-name my_new_robot_interfaces --arguments-file
[1.690s]   /home/ant/ros2_ws/build/my_new_robot_interfaces/rosidl_adapter__arguments__my_new_robot_interfaces.json
[1.690s]   --output-dir
[1.690s]   /home/ant/ros2_ws/build/my_new_robot_interfaces/rosidl_adapter/my_new_robot_interfaces
[1.690s]   --output-file
[1.691s]   /home/ant/ros2_ws/build/my_new_robot_interfaces/rosidl_adapter/my_new_robot_interfaces.idls)
[1.691s]   returned error code 1:
[1.691s] 
[1.691s]   Traceback (most recent call last):
[1.691s] 
[1.691s]     File "/home/ant/anaconda3/envs/py310/lib/python3.10/runpy.py", line 196, in _run_module_as_main
[1.691s]       return _run_code(code, main_globals, None,
[1.691s]     File "/home/ant/anaconda3/envs/py310/lib/python3.10/runpy.py", line 86, in _run_code
[1.692s]       exec(code, run_globals)
[1.692s]     File "/opt/ros/humble/local/lib/python3.10/dist-packages/rosidl_adapter/__main__.py", line 19, in <module>
[1.692s]       sys.exit(main())
[1.692s]     File "/opt/ros/humble/local/lib/python3.10/dist-packages/rosidl_adapter/main.py", line 53, in main
[1.692s]       abs_idl_file = convert_to_idl(
[1.692s]     File "/opt/ros/humble/local/lib/python3.10/dist-packages/rosidl_adapter/__init__.py", line 18, in convert_to_idl
[1.692s]       from rosidl_adapter.msg import convert_msg_to_idl
[1.693s]     File "/opt/ros/humble/local/lib/python3.10/dist-packages/rosidl_adapter/msg/__init__.py", line 16, in <module>
[1.693s]       from rosidl_adapter.resource import expand_template
[1.693s]     File "/opt/ros/humble/local/lib/python3.10/dist-packages/rosidl_adapter/resource/__init__.py", line 19, in <module>
[1.693s]       import em
[1.735s] 
[1.736s]   ModuleNotFoundError: No module named 'em'
[1.736s] 
[1.736s] Call Stack (most recent call first):
[1.736s]   /opt/ros/humble/share/rosidl_cmake/cmake/rosidl_generate_interfaces.cmake:130 (rosidl_adapt_interfaces)
[1.736s]   CMakeLists.txt:17 (rosidl_generate_interfaces)
[1.736s] 
[1.736s] [0m
[1.737s] -- Configuring incomplete, errors occurred!
[1.737s] See also "/home/ant/ros2_ws/build/my_new_robot_interfaces/CMakeFiles/CMakeOutput.log".
[1.737s] Invoked command in '/home/ant/ros2_ws/build/my_new_robot_interfaces' returned '1': CMAKE_PREFIX_PATH=${CMAKE_PREFIX_PATH}:/home/ant/ros2_ws/install/my_py_pkg:/opt/ros/humble CONDA_PROMPT_MODIFIER=(base) /usr/bin/cmake /home/ant/ros2_ws/src/my_new_robot_interfaces -DCMAKE_INSTALL_PREFIX=/home/ant/ros2_ws/install/my_new_robot_interfaces
