/home/ant/ros2_ws/install/my_py_pkg/lib/python3.10/site-packages/my_py_pkg/add_two_ints_server.py
/home/ant/ros2_ws/install/my_py_pkg/lib/python3.10/site-packages/my_py_pkg/py_node_template.py
/home/ant/ros2_ws/install/my_py_pkg/lib/python3.10/site-packages/my_py_pkg/turtle_controller.py
/home/ant/ros2_ws/install/my_py_pkg/lib/python3.10/site-packages/my_py_pkg/battery_client.py
/home/ant/ros2_ws/install/my_py_pkg/lib/python3.10/site-packages/my_py_pkg/add_two_ints_client.py
/home/ant/ros2_ws/install/my_py_pkg/lib/python3.10/site-packages/my_py_pkg/hw_status_publisher.py
/home/ant/ros2_ws/install/my_py_pkg/lib/python3.10/site-packages/my_py_pkg/number_count.py
/home/ant/ros2_ws/install/my_py_pkg/lib/python3.10/site-packages/my_py_pkg/turtle_spawner.py
/home/ant/ros2_ws/install/my_py_pkg/lib/python3.10/site-packages/my_py_pkg/smartphone.py
/home/ant/ros2_ws/install/my_py_pkg/lib/python3.10/site-packages/my_py_pkg/robot_news_station.py
/home/ant/ros2_ws/install/my_py_pkg/lib/python3.10/site-packages/my_py_pkg/add_two_ints_client_no_oop.py
/home/ant/ros2_ws/install/my_py_pkg/lib/python3.10/site-packages/my_py_pkg/__init__.py
/home/ant/ros2_ws/install/my_py_pkg/lib/python3.10/site-packages/my_py_pkg/led_panel.py
/home/ant/ros2_ws/install/my_py_pkg/lib/python3.10/site-packages/my_py_pkg/my_first_node.py
/home/ant/ros2_ws/install/my_py_pkg/lib/python3.10/site-packages/my_py_pkg/number_publisher.py
/home/ant/ros2_ws/install/my_py_pkg/lib/python3.10/site-packages/my_py_pkg/__pycache__/add_two_ints_server.cpython-310.pyc
/home/ant/ros2_ws/install/my_py_pkg/lib/python3.10/site-packages/my_py_pkg/__pycache__/py_node_template.cpython-310.pyc
/home/ant/ros2_ws/install/my_py_pkg/lib/python3.10/site-packages/my_py_pkg/__pycache__/turtle_controller.cpython-310.pyc
/home/ant/ros2_ws/install/my_py_pkg/lib/python3.10/site-packages/my_py_pkg/__pycache__/battery_client.cpython-310.pyc
/home/ant/ros2_ws/install/my_py_pkg/lib/python3.10/site-packages/my_py_pkg/__pycache__/add_two_ints_client.cpython-310.pyc
/home/ant/ros2_ws/install/my_py_pkg/lib/python3.10/site-packages/my_py_pkg/__pycache__/hw_status_publisher.cpython-310.pyc
/home/ant/ros2_ws/install/my_py_pkg/lib/python3.10/site-packages/my_py_pkg/__pycache__/number_count.cpython-310.pyc
/home/ant/ros2_ws/install/my_py_pkg/lib/python3.10/site-packages/my_py_pkg/__pycache__/turtle_spawner.cpython-310.pyc
/home/ant/ros2_ws/install/my_py_pkg/lib/python3.10/site-packages/my_py_pkg/__pycache__/smartphone.cpython-310.pyc
/home/ant/ros2_ws/install/my_py_pkg/lib/python3.10/site-packages/my_py_pkg/__pycache__/robot_news_station.cpython-310.pyc
/home/ant/ros2_ws/install/my_py_pkg/lib/python3.10/site-packages/my_py_pkg/__pycache__/add_two_ints_client_no_oop.cpython-310.pyc
/home/ant/ros2_ws/install/my_py_pkg/lib/python3.10/site-packages/my_py_pkg/__pycache__/__init__.cpython-310.pyc
/home/ant/ros2_ws/install/my_py_pkg/lib/python3.10/site-packages/my_py_pkg/__pycache__/led_panel.cpython-310.pyc
/home/ant/ros2_ws/install/my_py_pkg/lib/python3.10/site-packages/my_py_pkg/__pycache__/my_first_node.cpython-310.pyc
/home/ant/ros2_ws/install/my_py_pkg/lib/python3.10/site-packages/my_py_pkg/__pycache__/number_publisher.cpython-310.pyc
/home/ant/ros2_ws/install/my_py_pkg/share/ament_index/resource_index/packages/my_py_pkg
/home/ant/ros2_ws/install/my_py_pkg/share/my_py_pkg/package.xml
/home/ant/ros2_ws/install/my_py_pkg/lib/python3.10/site-packages/my_py_pkg-0.0.0-py3.10.egg-info/PKG-INFO
/home/ant/ros2_ws/install/my_py_pkg/lib/python3.10/site-packages/my_py_pkg-0.0.0-py3.10.egg-info/requires.txt
/home/ant/ros2_ws/install/my_py_pkg/lib/python3.10/site-packages/my_py_pkg-0.0.0-py3.10.egg-info/entry_points.txt
/home/ant/ros2_ws/install/my_py_pkg/lib/python3.10/site-packages/my_py_pkg-0.0.0-py3.10.egg-info/dependency_links.txt
/home/ant/ros2_ws/install/my_py_pkg/lib/python3.10/site-packages/my_py_pkg-0.0.0-py3.10.egg-info/top_level.txt
/home/ant/ros2_ws/install/my_py_pkg/lib/python3.10/site-packages/my_py_pkg-0.0.0-py3.10.egg-info/SOURCES.txt
/home/ant/ros2_ws/install/my_py_pkg/lib/python3.10/site-packages/my_py_pkg-0.0.0-py3.10.egg-info/zip-safe
/home/ant/ros2_ws/install/my_py_pkg/lib/my_py_pkg/add_two_ints_client
/home/ant/ros2_ws/install/my_py_pkg/lib/my_py_pkg/add_two_ints_client_no_oop
/home/ant/ros2_ws/install/my_py_pkg/lib/my_py_pkg/add_two_ints_server
/home/ant/ros2_ws/install/my_py_pkg/lib/my_py_pkg/battery_client
/home/ant/ros2_ws/install/my_py_pkg/lib/my_py_pkg/hw_status_publisher
/home/ant/ros2_ws/install/my_py_pkg/lib/my_py_pkg/led_panel
/home/ant/ros2_ws/install/my_py_pkg/lib/my_py_pkg/number_count
/home/ant/ros2_ws/install/my_py_pkg/lib/my_py_pkg/number_publisher
/home/ant/ros2_ws/install/my_py_pkg/lib/my_py_pkg/py_node
/home/ant/ros2_ws/install/my_py_pkg/lib/my_py_pkg/robot_news_station
/home/ant/ros2_ws/install/my_py_pkg/lib/my_py_pkg/smartphone
/home/ant/ros2_ws/install/my_py_pkg/lib/my_py_pkg/turtle_controller
/home/ant/ros2_ws/install/my_py_pkg/lib/my_py_pkg/turtle_spawner
