[1.806s] DEBUG:colcon:Command line arguments: ['/usr/bin/colcon', 'build', '--packages-select', 'my_cpp_pkg']
[1.807s] DEBUG:colcon:Parsed command line arguments: Namespace(log_base=None, log_level=None, verb_name='build', build_base='build', install_base='install', merge_install=False, symlink_install=False, test_result_base=None, continue_on_error=False, executor='parallel', parallel_workers=4, event_handlers=None, ignore_user_meta=False, metas=['./colcon.meta'], base_paths=['.'], packages_ignore=None, packages_ignore_regex=None, paths=None, packages_up_to=None, packages_up_to_regex=None, packages_above=None, packages_above_and_dependencies=None, packages_above_depth=None, packages_select_by_dep=None, packages_skip_by_dep=None, packages_skip_up_to=None, packages_select_build_failed=False, packages_skip_build_finished=False, packages_select_test_failures=False, packages_skip_test_passed=False, packages_select=['my_cpp_pkg'], packages_skip=None, packages_select_regex=None, packages_skip_regex=None, packages_start=None, packages_end=None, allow_overriding=[], cmake_args=None, cmake_target=None, cmake_target_skip_unavailable=False, cmake_clean_cache=False, cmake_clean_first=False, cmake_force_configure=False, ament_cmake_args=None, catkin_cmake_args=None, catkin_skip_building_tests=False, verb_parser=<colcon_defaults.argument_parser.defaults.DefaultArgumentsDecorator object at 0x7fb96a8cb520>, verb_extension=<colcon_core.verb.build.BuildVerb object at 0x7fb96a8cb790>, main=<bound method BuildVerb.main of <colcon_core.verb.build.BuildVerb object at 0x7fb96a8cb790>>)
[2.302s] Level 1:colcon.colcon_core.package_discovery:discover_packages(colcon_meta) check parameters
[2.303s] Level 1:colcon.colcon_core.package_discovery:discover_packages(recursive) check parameters
[2.304s] Level 1:colcon.colcon_core.package_discovery:discover_packages(ignore) check parameters
[2.304s] Level 1:colcon.colcon_core.package_discovery:discover_packages(path) check parameters
[2.304s] Level 1:colcon.colcon_core.package_discovery:discover_packages(colcon_meta) discover
[2.305s] Level 1:colcon.colcon_core.package_discovery:discover_packages(recursive) discover
[2.305s] INFO:colcon.colcon_core.package_discovery:Crawling recursively for packages in '/home/ant/ros2_ws'
[2.306s] Level 1:colcon.colcon_core.package_identification:_identify(.) by extensions ['ignore', 'ignore_ament_install']
[2.306s] Level 1:colcon.colcon_core.package_identification:_identify(.) by extension 'ignore'
[2.306s] Level 1:colcon.colcon_core.package_identification:_identify(.) by extension 'ignore_ament_install'
[2.307s] Level 1:colcon.colcon_core.package_identification:_identify(.) by extensions ['colcon_pkg']
[2.307s] Level 1:colcon.colcon_core.package_identification:_identify(.) by extension 'colcon_pkg'
[2.307s] Level 1:colcon.colcon_core.package_identification:_identify(.) by extensions ['colcon_meta']
[2.307s] Level 1:colcon.colcon_core.package_identification:_identify(.) by extension 'colcon_meta'
[2.307s] Level 1:colcon.colcon_core.package_identification:_identify(.) by extensions ['ros']
[2.307s] Level 1:colcon.colcon_core.package_identification:_identify(.) by extension 'ros'
[2.402s] Level 1:colcon.colcon_core.package_identification:_identify(.) by extensions ['cmake', 'python']
[2.403s] Level 1:colcon.colcon_core.package_identification:_identify(.) by extension 'cmake'
[2.404s] Level 1:colcon.colcon_core.package_identification:_identify(.) by extension 'python'
[2.406s] Level 1:colcon.colcon_core.package_identification:_identify(.) by extensions ['python_setup_py']
[2.407s] Level 1:colcon.colcon_core.package_identification:_identify(.) by extension 'python_setup_py'
[2.408s] Level 1:colcon.colcon_core.package_identification:_identify(build) by extensions ['ignore', 'ignore_ament_install']
[2.409s] Level 1:colcon.colcon_core.package_identification:_identify(build) by extension 'ignore'
[2.409s] Level 1:colcon.colcon_core.package_identification:_identify(build) ignored
[2.409s] Level 1:colcon.colcon_core.package_identification:_identify(install) by extensions ['ignore', 'ignore_ament_install']
[2.410s] Level 1:colcon.colcon_core.package_identification:_identify(install) by extension 'ignore'
[2.410s] Level 1:colcon.colcon_core.package_identification:_identify(install) ignored
[2.410s] Level 1:colcon.colcon_core.package_identification:_identify(log) by extensions ['ignore', 'ignore_ament_install']
[2.411s] Level 1:colcon.colcon_core.package_identification:_identify(log) by extension 'ignore'
[2.411s] Level 1:colcon.colcon_core.package_identification:_identify(log) ignored
[2.411s] Level 1:colcon.colcon_core.package_identification:_identify(src) by extensions ['ignore', 'ignore_ament_install']
[2.411s] Level 1:colcon.colcon_core.package_identification:_identify(src) by extension 'ignore'
[2.412s] Level 1:colcon.colcon_core.package_identification:_identify(src) by extension 'ignore_ament_install'
[2.413s] Level 1:colcon.colcon_core.package_identification:_identify(src) by extensions ['colcon_pkg']
[2.413s] Level 1:colcon.colcon_core.package_identification:_identify(src) by extension 'colcon_pkg'
[2.414s] Level 1:colcon.colcon_core.package_identification:_identify(src) by extensions ['colcon_meta']
[2.414s] Level 1:colcon.colcon_core.package_identification:_identify(src) by extension 'colcon_meta'
[2.414s] Level 1:colcon.colcon_core.package_identification:_identify(src) by extensions ['ros']
[2.414s] Level 1:colcon.colcon_core.package_identification:_identify(src) by extension 'ros'
[2.414s] Level 1:colcon.colcon_core.package_identification:_identify(src) by extensions ['cmake', 'python']
[2.415s] Level 1:colcon.colcon_core.package_identification:_identify(src) by extension 'cmake'
[2.415s] Level 1:colcon.colcon_core.package_identification:_identify(src) by extension 'python'
[2.415s] Level 1:colcon.colcon_core.package_identification:_identify(src) by extensions ['python_setup_py']
[2.415s] Level 1:colcon.colcon_core.package_identification:_identify(src) by extension 'python_setup_py'
[2.415s] Level 1:colcon.colcon_core.package_identification:_identify(src/my_cpp_pkg) by extensions ['ignore', 'ignore_ament_install']
[2.416s] Level 1:colcon.colcon_core.package_identification:_identify(src/my_cpp_pkg) by extension 'ignore'
[2.416s] Level 1:colcon.colcon_core.package_identification:_identify(src/my_cpp_pkg) by extension 'ignore_ament_install'
[2.416s] Level 1:colcon.colcon_core.package_identification:_identify(src/my_cpp_pkg) by extensions ['colcon_pkg']
[2.416s] Level 1:colcon.colcon_core.package_identification:_identify(src/my_cpp_pkg) by extension 'colcon_pkg'
[2.417s] Level 1:colcon.colcon_core.package_identification:_identify(src/my_cpp_pkg) by extensions ['colcon_meta']
[2.417s] Level 1:colcon.colcon_core.package_identification:_identify(src/my_cpp_pkg) by extension 'colcon_meta'
[2.417s] Level 1:colcon.colcon_core.package_identification:_identify(src/my_cpp_pkg) by extensions ['ros']
[2.417s] Level 1:colcon.colcon_core.package_identification:_identify(src/my_cpp_pkg) by extension 'ros'
[2.448s] DEBUG:colcon.colcon_core.package_identification:Package 'src/my_cpp_pkg' with type 'ros.ament_cmake' and name 'my_cpp_pkg'
[2.450s] Level 1:colcon.colcon_core.package_identification:_identify(src/my_py_pkg) by extensions ['ignore', 'ignore_ament_install']
[2.451s] Level 1:colcon.colcon_core.package_identification:_identify(src/my_py_pkg) by extension 'ignore'
[2.452s] Level 1:colcon.colcon_core.package_identification:_identify(src/my_py_pkg) by extension 'ignore_ament_install'
[2.453s] Level 1:colcon.colcon_core.package_identification:_identify(src/my_py_pkg) by extensions ['colcon_pkg']
[2.454s] Level 1:colcon.colcon_core.package_identification:_identify(src/my_py_pkg) by extension 'colcon_pkg'
[2.455s] Level 1:colcon.colcon_core.package_identification:_identify(src/my_py_pkg) by extensions ['colcon_meta']
[2.455s] Level 1:colcon.colcon_core.package_identification:_identify(src/my_py_pkg) by extension 'colcon_meta'
[2.456s] Level 1:colcon.colcon_core.package_identification:_identify(src/my_py_pkg) by extensions ['ros']
[2.456s] Level 1:colcon.colcon_core.package_identification:_identify(src/my_py_pkg) by extension 'ros'
[2.458s] DEBUG:colcon.colcon_core.package_identification:Package 'src/my_py_pkg' with type 'ros.ament_python' and name 'my_py_pkg'
[2.458s] Level 1:colcon.colcon_core.package_discovery:discover_packages(recursive) using defaults
[2.458s] Level 1:colcon.colcon_core.package_discovery:discover_packages(ignore) discover
[2.458s] Level 1:colcon.colcon_core.package_discovery:discover_packages(ignore) using defaults
[2.459s] Level 1:colcon.colcon_core.package_discovery:discover_packages(path) discover
[2.459s] Level 1:colcon.colcon_core.package_discovery:discover_packages(path) using defaults
[2.774s] INFO:colcon.colcon_core.package_selection:Skipping not selected package 'my_py_pkg' in 'src/my_py_pkg'
[2.933s] Level 1:colcon.colcon_core.package_discovery:discover_packages(prefix_path) check parameters
[2.933s] Level 1:colcon.colcon_core.package_discovery:discover_packages(prefix_path) discover
[3.163s] DEBUG:colcon.colcon_installed_package_information.package_discovery:Found 2 installed packages in /home/ant/ros2_ws/install
[3.241s] DEBUG:colcon.colcon_installed_package_information.package_discovery:Found 270 installed packages in /opt/ros/humble
[3.248s] Level 1:colcon.colcon_core.package_discovery:discover_packages(prefix_path) using defaults
[4.079s] Level 5:colcon.colcon_core.verb:set package 'my_cpp_pkg' build argument 'cmake_args' from command line to 'None'
[4.079s] Level 5:colcon.colcon_core.verb:set package 'my_cpp_pkg' build argument 'cmake_target' from command line to 'None'
[4.079s] Level 5:colcon.colcon_core.verb:set package 'my_cpp_pkg' build argument 'cmake_target_skip_unavailable' from command line to 'False'
[4.079s] Level 5:colcon.colcon_core.verb:set package 'my_cpp_pkg' build argument 'cmake_clean_cache' from command line to 'False'
[4.079s] Level 5:colcon.colcon_core.verb:set package 'my_cpp_pkg' build argument 'cmake_clean_first' from command line to 'False'
[4.079s] Level 5:colcon.colcon_core.verb:set package 'my_cpp_pkg' build argument 'cmake_force_configure' from command line to 'False'
[4.080s] Level 5:colcon.colcon_core.verb:set package 'my_cpp_pkg' build argument 'ament_cmake_args' from command line to 'None'
[4.080s] Level 5:colcon.colcon_core.verb:set package 'my_cpp_pkg' build argument 'catkin_cmake_args' from command line to 'None'
[4.080s] Level 5:colcon.colcon_core.verb:set package 'my_cpp_pkg' build argument 'catkin_skip_building_tests' from command line to 'False'
[4.080s] DEBUG:colcon.colcon_core.verb:Building package 'my_cpp_pkg' with the following arguments: {'ament_cmake_args': None, 'build_base': '/home/ant/ros2_ws/build/my_cpp_pkg', 'catkin_cmake_args': None, 'catkin_skip_building_tests': False, 'cmake_args': None, 'cmake_clean_cache': False, 'cmake_clean_first': False, 'cmake_force_configure': False, 'cmake_target': None, 'cmake_target_skip_unavailable': False, 'install_base': '/home/ant/ros2_ws/install/my_cpp_pkg', 'merge_install': False, 'path': '/home/ant/ros2_ws/src/my_cpp_pkg', 'symlink_install': False, 'test_result_base': None}
[4.161s] INFO:colcon.colcon_core.executor:Executing jobs using 'parallel' executor
[4.230s] DEBUG:colcon.colcon_parallel_executor.executor.parallel:run_until_complete
[4.231s] INFO:colcon.colcon_ros.task.ament_cmake.build:Building ROS package in '/home/ant/ros2_ws/src/my_cpp_pkg' with build type 'ament_cmake'
[4.231s] INFO:colcon.colcon_cmake.task.cmake.build:Building CMake package in '/home/ant/ros2_ws/src/my_cpp_pkg'
[4.449s] INFO:colcon.colcon_core.plugin_system:Skipping extension 'colcon_core.shell.bat': Not used on non-Windows systems
[4.450s] INFO:colcon.colcon_core.shell:Skip shell extension 'powershell' for command environment: Not usable outside of PowerShell
[4.451s] DEBUG:colcon.colcon_core.shell:Skip shell extension 'dsv' for command environment
[5.552s] DEBUG:colcon.colcon_core.event_handler.log_command:Invoking command in '/home/ant/ros2_ws/build/my_cpp_pkg': CMAKE_PREFIX_PATH=${CMAKE_PREFIX_PATH}:/home/ant/ros2_ws/install/my_py_pkg:/opt/ros/humble CONDA_PROMPT_MODIFIER=(base) /usr/bin/cmake --build /home/ant/ros2_ws/build/my_cpp_pkg -- -j4 -l4
[36.606s] DEBUG:colcon.colcon_core.event_handler.log_command:Invoked command in '/home/ant/ros2_ws/build/my_cpp_pkg' returned '0': CMAKE_PREFIX_PATH=${CMAKE_PREFIX_PATH}:/home/ant/ros2_ws/install/my_py_pkg:/opt/ros/humble CONDA_PROMPT_MODIFIER=(base) /usr/bin/cmake --build /home/ant/ros2_ws/build/my_cpp_pkg -- -j4 -l4
[37.362s] DEBUG:colcon.colcon_core.event_handler.log_command:Invoking command in '/home/ant/ros2_ws/build/my_cpp_pkg': CMAKE_PREFIX_PATH=${CMAKE_PREFIX_PATH}:/home/ant/ros2_ws/install/my_py_pkg:/opt/ros/humble CONDA_PROMPT_MODIFIER=(base) /usr/bin/cmake --install /home/ant/ros2_ws/build/my_cpp_pkg
[37.621s] Level 1:colcon.colcon_core.environment:create_environment_scripts_only(my_cpp_pkg)
[37.628s] DEBUG:colcon.colcon_core.event_handler.log_command:Invoked command in '/home/ant/ros2_ws/build/my_cpp_pkg' returned '0': CMAKE_PREFIX_PATH=${CMAKE_PREFIX_PATH}:/home/ant/ros2_ws/install/my_py_pkg:/opt/ros/humble CONDA_PROMPT_MODIFIER=(base) /usr/bin/cmake --install /home/ant/ros2_ws/build/my_cpp_pkg
[38.394s] Level 1:colcon.colcon_core.environment:checking '/home/ant/ros2_ws/install/my_cpp_pkg' for CMake module files
[38.407s] Level 1:colcon.colcon_core.environment:checking '/home/ant/ros2_ws/install/my_cpp_pkg' for CMake config files
[38.413s] Level 1:colcon.colcon_core.shell:create_environment_hook('my_cpp_pkg', 'cmake_prefix_path')
[38.530s] INFO:colcon.colcon_core.shell:Creating environment hook '/home/ant/ros2_ws/install/my_cpp_pkg/share/my_cpp_pkg/hook/cmake_prefix_path.ps1'
[38.540s] INFO:colcon.colcon_core.shell:Creating environment descriptor '/home/ant/ros2_ws/install/my_cpp_pkg/share/my_cpp_pkg/hook/cmake_prefix_path.dsv'
[38.546s] INFO:colcon.colcon_core.shell:Creating environment hook '/home/ant/ros2_ws/install/my_cpp_pkg/share/my_cpp_pkg/hook/cmake_prefix_path.sh'
[38.556s] Level 1:colcon.colcon_core.environment:checking '/home/ant/ros2_ws/install/my_cpp_pkg/lib'
[38.557s] Level 1:colcon.colcon_core.environment:checking '/home/ant/ros2_ws/install/my_cpp_pkg/bin'
[38.558s] Level 1:colcon.colcon_core.environment:checking '/home/ant/ros2_ws/install/my_cpp_pkg/lib/pkgconfig/my_cpp_pkg.pc'
[38.566s] Level 1:colcon.colcon_core.environment:checking '/home/ant/ros2_ws/install/my_cpp_pkg/lib/python3.10/site-packages'
[38.580s] Level 1:colcon.colcon_core.environment:checking '/home/ant/ros2_ws/install/my_cpp_pkg/bin'
[38.742s] INFO:colcon.colcon_core.shell:Creating package script '/home/ant/ros2_ws/install/my_cpp_pkg/share/my_cpp_pkg/package.ps1'
[38.747s] INFO:colcon.colcon_core.shell:Creating package descriptor '/home/ant/ros2_ws/install/my_cpp_pkg/share/my_cpp_pkg/package.dsv'
[38.751s] INFO:colcon.colcon_core.shell:Creating package script '/home/ant/ros2_ws/install/my_cpp_pkg/share/my_cpp_pkg/package.sh'
[38.756s] INFO:colcon.colcon_core.shell:Creating package script '/home/ant/ros2_ws/install/my_cpp_pkg/share/my_cpp_pkg/package.bash'
[38.764s] INFO:colcon.colcon_core.shell:Creating package script '/home/ant/ros2_ws/install/my_cpp_pkg/share/my_cpp_pkg/package.zsh'
[38.769s] Level 1:colcon.colcon_core.environment:create_file_with_runtime_dependencies(/home/ant/ros2_ws/install/my_cpp_pkg/share/colcon-core/packages/my_cpp_pkg)
[39.773s] Level 1:colcon.colcon_core.environment:create_environment_scripts_only(my_cpp_pkg)
[39.998s] Level 1:colcon.colcon_core.environment:checking '/home/ant/ros2_ws/install/my_cpp_pkg' for CMake module files
[40.001s] Level 1:colcon.colcon_core.environment:checking '/home/ant/ros2_ws/install/my_cpp_pkg' for CMake config files
[40.002s] Level 1:colcon.colcon_core.shell:create_environment_hook('my_cpp_pkg', 'cmake_prefix_path')
[40.168s] INFO:colcon.colcon_core.shell:Creating environment hook '/home/ant/ros2_ws/install/my_cpp_pkg/share/my_cpp_pkg/hook/cmake_prefix_path.ps1'
[40.172s] INFO:colcon.colcon_core.shell:Creating environment descriptor '/home/ant/ros2_ws/install/my_cpp_pkg/share/my_cpp_pkg/hook/cmake_prefix_path.dsv'
[40.174s] INFO:colcon.colcon_core.shell:Creating environment hook '/home/ant/ros2_ws/install/my_cpp_pkg/share/my_cpp_pkg/hook/cmake_prefix_path.sh'
[40.178s] Level 1:colcon.colcon_core.environment:checking '/home/ant/ros2_ws/install/my_cpp_pkg/lib'
[40.179s] Level 1:colcon.colcon_core.environment:checking '/home/ant/ros2_ws/install/my_cpp_pkg/bin'
[40.180s] Level 1:colcon.colcon_core.environment:checking '/home/ant/ros2_ws/install/my_cpp_pkg/lib/pkgconfig/my_cpp_pkg.pc'
[40.194s] Level 1:colcon.colcon_core.environment:checking '/home/ant/ros2_ws/install/my_cpp_pkg/lib/python3.10/site-packages'
[40.200s] Level 1:colcon.colcon_core.environment:checking '/home/ant/ros2_ws/install/my_cpp_pkg/bin'
[40.362s] INFO:colcon.colcon_core.shell:Creating package script '/home/ant/ros2_ws/install/my_cpp_pkg/share/my_cpp_pkg/package.ps1'
[40.365s] INFO:colcon.colcon_core.shell:Creating package descriptor '/home/ant/ros2_ws/install/my_cpp_pkg/share/my_cpp_pkg/package.dsv'
[40.371s] INFO:colcon.colcon_core.shell:Creating package script '/home/ant/ros2_ws/install/my_cpp_pkg/share/my_cpp_pkg/package.sh'
[40.379s] INFO:colcon.colcon_core.shell:Creating package script '/home/ant/ros2_ws/install/my_cpp_pkg/share/my_cpp_pkg/package.bash'
[40.383s] INFO:colcon.colcon_core.shell:Creating package script '/home/ant/ros2_ws/install/my_cpp_pkg/share/my_cpp_pkg/package.zsh'
[40.385s] Level 1:colcon.colcon_core.environment:create_file_with_runtime_dependencies(/home/ant/ros2_ws/install/my_cpp_pkg/share/colcon-core/packages/my_cpp_pkg)
[40.389s] DEBUG:colcon.colcon_parallel_executor.executor.parallel:closing loop
[40.395s] DEBUG:colcon.colcon_parallel_executor.executor.parallel:loop closed
[40.396s] DEBUG:colcon.colcon_parallel_executor.executor.parallel:run_until_complete finished with '0'
[40.396s] DEBUG:colcon.colcon_core.event_reactor:joining thread
[40.581s] INFO:colcon.colcon_core.plugin_system:Skipping extension 'colcon_notification.desktop_notification.terminal_notifier': Not used on non-Darwin systems
[40.581s] INFO:colcon.colcon_core.plugin_system:Skipping extension 'colcon_notification.desktop_notification.win32': Not used on non-Windows systems
[40.582s] INFO:colcon.colcon_notification.desktop_notification:Sending desktop notification using 'notify2'
[40.699s] DEBUG:colcon.colcon_core.event_reactor:joined thread
[40.756s] INFO:colcon.colcon_core.shell:Creating prefix script '/home/ant/ros2_ws/install/local_setup.ps1'
[40.758s] INFO:colcon.colcon_core.shell:Creating prefix util module '/home/ant/ros2_ws/install/_local_setup_util_ps1.py'
[40.762s] INFO:colcon.colcon_core.shell:Creating prefix chain script '/home/ant/ros2_ws/install/setup.ps1'
[40.801s] INFO:colcon.colcon_core.shell:Creating prefix script '/home/ant/ros2_ws/install/local_setup.sh'
[40.805s] INFO:colcon.colcon_core.shell:Creating prefix util module '/home/ant/ros2_ws/install/_local_setup_util_sh.py'
[40.807s] INFO:colcon.colcon_core.shell:Creating prefix chain script '/home/ant/ros2_ws/install/setup.sh'
[40.842s] INFO:colcon.colcon_core.shell:Creating prefix script '/home/ant/ros2_ws/install/local_setup.bash'
[40.843s] INFO:colcon.colcon_core.shell:Creating prefix chain script '/home/ant/ros2_ws/install/setup.bash'
[40.874s] INFO:colcon.colcon_core.shell:Creating prefix script '/home/ant/ros2_ws/install/local_setup.zsh'
[40.876s] INFO:colcon.colcon_core.shell:Creating prefix chain script '/home/ant/ros2_ws/install/setup.zsh'
