[0.097s] Invoking command in '/home/ant/ros2_ws/build/my_robot_bringup': CMAKE_PREFIX_PATH=${CMAKE_PREFIX_PATH}:/home/ant/ros2_ws/install/my_py_pkg:/opt/ros/humble /usr/bin/cmake /home/ant/ros2_ws/src/my_robot_bringup -DAMENT_CMAKE_SYMLINK_INSTALL=1 -DCMAKE_INSTALL_PREFIX=/home/ant/ros2_ws/install/my_robot_bringup
[0.123s] -- Found ament_cmake: 1.3.5 (/opt/ros/humble/share/ament_cmake/cmake)
[0.361s] -- Override CMake install command with custom implementation using symlinks instead of copying resources
[0.476s] -- Configuring done
[0.480s] -- Generating done
[0.482s] -- Build files have been written to: /home/ant/ros2_ws/build/my_robot_bringup
[0.486s] Invoked command in '/home/ant/ros2_ws/build/my_robot_bringup' returned '0': CMAKE_PREFIX_PATH=${CMAKE_PREFIX_PATH}:/home/ant/ros2_ws/install/my_py_pkg:/opt/ros/humble /usr/bin/cmake /home/ant/ros2_ws/src/my_robot_bringup -DAMENT_CMAKE_SYMLINK_INSTALL=1 -DCMAKE_INSTALL_PREFIX=/home/ant/ros2_ws/install/my_robot_bringup
[0.489s] Invoking command in '/home/ant/ros2_ws/build/my_robot_bringup': CMAKE_PREFIX_PATH=${CMAKE_PREFIX_PATH}:/home/ant/ros2_ws/install/my_py_pkg:/opt/ros/humble /usr/bin/cmake --build /home/ant/ros2_ws/build/my_robot_bringup -- -j4 -l4
[0.557s] Invoked command in '/home/ant/ros2_ws/build/my_robot_bringup' returned '0': CMAKE_PREFIX_PATH=${CMAKE_PREFIX_PATH}:/home/ant/ros2_ws/install/my_py_pkg:/opt/ros/humble /usr/bin/cmake --build /home/ant/ros2_ws/build/my_robot_bringup -- -j4 -l4
[0.604s] Invoking command in '/home/ant/ros2_ws/build/my_robot_bringup': CMAKE_PREFIX_PATH=${CMAKE_PREFIX_PATH}:/home/ant/ros2_ws/install/my_py_pkg:/opt/ros/humble /usr/bin/cmake --install /home/ant/ros2_ws/build/my_robot_bringup
[0.622s] -- Install configuration: ""
[0.622s] -- Execute custom install script
[0.623s] -- Symlinking: /home/ant/ros2_ws/install/my_robot_bringup/share/my_robot_bringup/launch/number_app.launch.py
[0.640s] -- Symlinking: /home/ant/ros2_ws/install/my_robot_bringup/share/ament_index/resource_index/package_run_dependencies/my_robot_bringup
[0.654s] -- Symlinking: /home/ant/ros2_ws/install/my_robot_bringup/share/ament_index/resource_index/parent_prefix_path/my_robot_bringup
[0.667s] -- Symlinking: /home/ant/ros2_ws/install/my_robot_bringup/share/my_robot_bringup/environment/ament_prefix_path.sh
[0.679s] -- Symlinking: /home/ant/ros2_ws/install/my_robot_bringup/share/my_robot_bringup/environment/ament_prefix_path.dsv
[0.692s] -- Symlinking: /home/ant/ros2_ws/install/my_robot_bringup/share/my_robot_bringup/environment/path.sh
[0.705s] -- Symlinking: /home/ant/ros2_ws/install/my_robot_bringup/share/my_robot_bringup/environment/path.dsv
[0.724s] -- Symlinking: /home/ant/ros2_ws/install/my_robot_bringup/share/my_robot_bringup/local_setup.bash
[0.738s] -- Symlinking: /home/ant/ros2_ws/install/my_robot_bringup/share/my_robot_bringup/local_setup.sh
[0.751s] -- Symlinking: /home/ant/ros2_ws/install/my_robot_bringup/share/my_robot_bringup/local_setup.zsh
[0.764s] -- Symlinking: /home/ant/ros2_ws/install/my_robot_bringup/share/my_robot_bringup/local_setup.dsv
[0.776s] -- Symlinking: /home/ant/ros2_ws/install/my_robot_bringup/share/my_robot_bringup/package.dsv
[0.789s] -- Symlinking: /home/ant/ros2_ws/install/my_robot_bringup/share/ament_index/resource_index/packages/my_robot_bringup
[0.802s] -- Symlinking: /home/ant/ros2_ws/install/my_robot_bringup/share/my_robot_bringup/cmake/my_robot_bringupConfig.cmake
[0.821s] -- Symlinking: /home/ant/ros2_ws/install/my_robot_bringup/share/my_robot_bringup/cmake/my_robot_bringupConfig-version.cmake
[0.836s] -- Symlinking: /home/ant/ros2_ws/install/my_robot_bringup/share/my_robot_bringup/package.xml
[0.852s] Invoked command in '/home/ant/ros2_ws/build/my_robot_bringup' returned '0': CMAKE_PREFIX_PATH=${CMAKE_PREFIX_PATH}:/home/ant/ros2_ws/install/my_py_pkg:/opt/ros/humble /usr/bin/cmake --install /home/ant/ros2_ws/build/my_robot_bringup
