[0.508s] Invoking command in '/home/ant/ros2_ws/build/more_interfaces': CMAKE_PREFIX_PATH=${CMAKE_PREFIX_PATH}:/home/ant/ros2_ws/install/my_py_pkg:/opt/ros/humble CONDA_PROMPT_MODIFIER=(py310) /usr/bin/cmake /home/ant/ros2_ws/src/more_interfaces -DCMAKE_INSTALL_PREFIX=/home/ant/ros2_ws/install/more_interfaces
[0.861s] -- The C compiler identification is GNU 11.4.0
[1.080s] -- The CXX compiler identification is GNU 11.4.0
[1.106s] -- Detecting C compiler ABI info
[1.394s] -- Detecting C compiler ABI info - done
[1.442s] -- Check for working C compiler: /usr/bin/cc - skipped
[1.442s] -- Detecting C compile features
[1.443s] -- Detecting C compile features - done
[1.456s] -- Detecting CXX compiler ABI info
[1.901s] -- Detecting CXX compiler ABI info - done
[1.947s] -- Check for working CXX compiler: /usr/bin/c++ - skipped
[1.948s] -- Detecting CXX compile features
[1.951s] -- Detecting CXX compile features - done
[1.989s] -- Found ament_cmake: 1.3.5 (/opt/ros/humble/share/ament_cmake/cmake)
[3.869s] -- Found Python3: /home/ant/anaconda3/envs/py310/bin/python3.10 (found version "3.10.13") found components: Interpreter 
[4.260s] -- Found ament_lint_auto: 0.12.8 (/opt/ros/humble/share/ament_lint_auto/cmake)
[4.624s] -- Found rosidl_default_generators: 1.2.0 (/opt/ros/humble/share/rosidl_default_generators/cmake)
[4.655s] -- Using all available rosidl_typesupport_c: rosidl_typesupport_fastrtps_c;rosidl_typesupport_introspection_c
[4.684s] -- Found rosidl_adapter: 3.1.5 (/opt/ros/humble/share/rosidl_adapter/cmake)
[4.823s] -- Using all available rosidl_typesupport_cpp: rosidl_typesupport_fastrtps_cpp;rosidl_typesupport_introspection_cpp
[5.228s] [31mCMake Error at /opt/ros/humble/share/rosidl_adapter/cmake/rosidl_adapt_interfaces.cmake:59 (message):
[5.228s]   execute_process(/home/ant/anaconda3/envs/py310/bin/python3.10 -m
[5.228s]   rosidl_adapter --package-name more_interfaces --arguments-file
[5.228s]   /home/ant/ros2_ws/build/more_interfaces/rosidl_adapter__arguments__more_interfaces.json
[5.229s]   --output-dir
[5.229s]   /home/ant/ros2_ws/build/more_interfaces/rosidl_adapter/more_interfaces
[5.230s]   --output-file
[5.230s]   /home/ant/ros2_ws/build/more_interfaces/rosidl_adapter/more_interfaces.idls)
[5.231s]   returned error code 1:
[5.231s] 
[5.231s]   Traceback (most recent call last):
[5.231s] 
[5.231s]     File "/home/ant/anaconda3/envs/py310/lib/python3.10/runpy.py", line 196, in _run_module_as_main
[5.232s]       return _run_code(code, main_globals, None,
[5.232s]     File "/home/ant/anaconda3/envs/py310/lib/python3.10/runpy.py", line 86, in _run_code
[5.232s]       exec(code, run_globals)
[5.232s]     File "/opt/ros/humble/local/lib/python3.10/dist-packages/rosidl_adapter/__main__.py", line 19, in <module>
[5.233s]       sys.exit(main())
[5.233s]     File "/opt/ros/humble/local/lib/python3.10/dist-packages/rosidl_adapter/main.py", line 53, in main
[5.233s]       abs_idl_file = convert_to_idl(
[5.233s]     File "/opt/ros/humble/local/lib/python3.10/dist-packages/rosidl_adapter/__init__.py", line 18, in convert_to_idl
[5.234s]       from rosidl_adapter.msg import convert_msg_to_idl
[5.242s]     File "/opt/ros/humble/local/lib/python3.10/dist-packages/rosidl_adapter/msg/__init__.py", line 16, in <module>
[5.242s]       from rosidl_adapter.resource import expand_template
[5.242s]     File "/opt/ros/humble/local/lib/python3.10/dist-packages/rosidl_adapter/resource/__init__.py", line 19, in <module>
[5.242s]       import em
[5.243s] 
[5.243s]   ModuleNotFoundError: No module named 'em'
[5.243s] 
[5.243s] Call Stack (most recent call first):
[5.243s]   /opt/ros/humble/share/rosidl_cmake/cmake/rosidl_generate_interfaces.cmake:130 (rosidl_adapt_interfaces)
[5.243s]   CMakeLists.txt:32 (rosidl_generate_interfaces)
[5.244s] 
[5.244s] [0m
[5.244s] -- Configuring incomplete, errors occurred!
[5.244s] See also "/home/ant/ros2_ws/build/more_interfaces/CMakeFiles/CMakeOutput.log".
