[0.961s] Invoking command in '/home/ant/ros2_ws/src/my_py_pkg': PYTHONPATH=/home/ant/ros2_ws/build/my_py_pkg/prefix_override:/home/ant/ros2_ws/install/my_py_pkg/lib/python3.10/site-packages:${PYTHONPATH} /usr/bin/python3 setup.py egg_info --egg-base ../../build/my_py_pkg build --build-base /home/ant/ros2_ws/build/my_py_pkg/build install --record /home/ant/ros2_ws/build/my_py_pkg/install.log --single-version-externally-managed
[1.240s] running egg_info
[1.241s] creating ../../build/my_py_pkg/my_py_pkg.egg-info
[1.241s] writing ../../build/my_py_pkg/my_py_pkg.egg-info/PKG-INFO
[1.242s] writing dependency_links to ../../build/my_py_pkg/my_py_pkg.egg-info/dependency_links.txt
[1.242s] writing entry points to ../../build/my_py_pkg/my_py_pkg.egg-info/entry_points.txt
[1.242s] writing requirements to ../../build/my_py_pkg/my_py_pkg.egg-info/requires.txt
[1.242s] writing top-level names to ../../build/my_py_pkg/my_py_pkg.egg-info/top_level.txt
[1.242s] writing manifest file '../../build/my_py_pkg/my_py_pkg.egg-info/SOURCES.txt'
[1.245s] reading manifest file '../../build/my_py_pkg/my_py_pkg.egg-info/SOURCES.txt'
[1.246s] writing manifest file '../../build/my_py_pkg/my_py_pkg.egg-info/SOURCES.txt'
[1.246s] running build
[1.247s] running build_py
[1.247s] creating /home/ant/ros2_ws/build/my_py_pkg/build
[1.247s] creating /home/ant/ros2_ws/build/my_py_pkg/build/lib
[1.247s] creating /home/ant/ros2_ws/build/my_py_pkg/build/lib/my_py_pkg
[1.247s] copying my_py_pkg/__init__.py -> /home/ant/ros2_ws/build/my_py_pkg/build/lib/my_py_pkg
[1.247s] running install
[1.253s] /usr/lib/python3/dist-packages/setuptools/command/install.py:34: SetuptoolsDeprecationWarning: setup.py install is deprecated. Use build and pip and other standards-based tools.
[1.253s]   warnings.warn(
[1.254s] running install_lib
[1.255s] creating /home/ant/ros2_ws/install/my_py_pkg/lib/python3.10/site-packages/my_py_pkg
[1.255s] copying /home/ant/ros2_ws/build/my_py_pkg/build/lib/my_py_pkg/__init__.py -> /home/ant/ros2_ws/install/my_py_pkg/lib/python3.10/site-packages/my_py_pkg
[1.255s] byte-compiling /home/ant/ros2_ws/install/my_py_pkg/lib/python3.10/site-packages/my_py_pkg/__init__.py to __init__.cpython-310.pyc
[1.256s] running install_data
[1.257s] creating /home/ant/ros2_ws/install/my_py_pkg/share/ament_index
[1.257s] creating /home/ant/ros2_ws/install/my_py_pkg/share/ament_index/resource_index
[1.257s] creating /home/ant/ros2_ws/install/my_py_pkg/share/ament_index/resource_index/packages
[1.257s] copying resource/my_py_pkg -> /home/ant/ros2_ws/install/my_py_pkg/share/ament_index/resource_index/packages
[1.257s] copying package.xml -> /home/ant/ros2_ws/install/my_py_pkg/share/my_py_pkg
[1.257s] running install_egg_info
[1.262s] Copying ../../build/my_py_pkg/my_py_pkg.egg-info to /home/ant/ros2_ws/install/my_py_pkg/lib/python3.10/site-packages/my_py_pkg-0.0.0-py3.10.egg-info
[1.264s] running install_scripts
[1.291s] writing list of installed files to '/home/ant/ros2_ws/build/my_py_pkg/install.log'
[1.326s] Invoked command in '/home/ant/ros2_ws/src/my_py_pkg' returned '0': PYTHONPATH=/home/ant/ros2_ws/build/my_py_pkg/prefix_override:/home/ant/ros2_ws/install/my_py_pkg/lib/python3.10/site-packages:${PYTHONPATH} /usr/bin/python3 setup.py egg_info --egg-base ../../build/my_py_pkg build --build-base /home/ant/ros2_ws/build/my_py_pkg/build install --record /home/ant/ros2_ws/build/my_py_pkg/install.log --single-version-externally-managed
