[0.117s] Invoking command in '/home/ant/ros2_ws/build/my_robot_interface': CMAKE_PREFIX_PATH=${CMAKE_PREFIX_PATH}:/home/ant/ros2_ws/install/my_py_pkg:/opt/ros/humble CONDA_PROMPT_MODIFIER=(base) /usr/bin/cmake --build /home/ant/ros2_ws/build/my_robot_interface -- -j4 -l4
[0.265s] [35m[1mConsolidate compiler generated dependencies of target my_robot_interface__rosidl_generator_c[0m
[0.330s] [  9%] Built target my_robot_interface__rosidl_generator_c
[0.337s] [ 12%] Built target my_robot_interface__cpp
[0.373s] [ 12%] Built target ament_cmake_python_copy_my_robot_interface
[0.399s] [35m[1mConsolidate compiler generated dependencies of target my_robot_interface__rosidl_typesupport_fastrtps_c[0m
[0.427s] [35m[1mConsolidate compiler generated dependencies of target my_robot_interface__rosidl_typesupport_cpp[0m
[0.454s] [ 22%] Built target my_robot_interface__rosidl_typesupport_fastrtps_c
[0.458s] [35m[1mConsolidate compiler generated dependencies of target my_robot_interface__rosidl_typesupport_fastrtps_cpp[0m
[0.461s] [35m[1mConsolidate compiler generated dependencies of target my_robot_interface__rosidl_typesupport_introspection_c[0m
[0.506s] [35m[1mConsolidate compiler generated dependencies of target my_robot_interface__rosidl_typesupport_c[0m
[0.507s] [ 32%] Built target my_robot_interface__rosidl_typesupport_cpp
[0.518s] [ 41%] Built target my_robot_interface__rosidl_typesupport_fastrtps_cpp
[0.535s] [ 51%] Built target my_robot_interface__rosidl_typesupport_introspection_c
[0.553s] [35m[1mConsolidate compiler generated dependencies of target my_robot_interface__rosidl_typesupport_introspection_cpp[0m
[0.557s] [ 61%] Built target my_robot_interface__rosidl_typesupport_c
[0.580s] [ 70%] Built target my_robot_interface__rosidl_typesupport_introspection_cpp
[0.642s] [ 70%] Built target my_robot_interface
[0.685s] [ 74%] Built target my_robot_interface__py
[0.702s] [35m[1mConsolidate compiler generated dependencies of target my_robot_interface__rosidl_generator_py[0m
[0.731s] [ 80%] Built target my_robot_interface__rosidl_generator_py
[0.757s] [35m[1mConsolidate compiler generated dependencies of target my_robot_interface__rosidl_typesupport_introspection_c__pyext[0m
[0.760s] [35m[1mConsolidate compiler generated dependencies of target my_robot_interface__rosidl_typesupport_fastrtps_c__pyext[0m
[0.763s] [35m[1mConsolidate compiler generated dependencies of target my_robot_interface__rosidl_typesupport_c__pyext[0m
[0.787s] [ 87%] Built target my_robot_interface__rosidl_typesupport_introspection_c__pyext
[0.791s] [ 93%] Built target my_robot_interface__rosidl_typesupport_fastrtps_c__pyext
[0.810s] [100%] Built target my_robot_interface__rosidl_typesupport_c__pyext
[1.061s] running egg_info
[1.064s] writing my_robot_interface.egg-info/PKG-INFO
[1.065s] writing dependency_links to my_robot_interface.egg-info/dependency_links.txt
[1.066s] writing top-level names to my_robot_interface.egg-info/top_level.txt
[1.077s] reading manifest file 'my_robot_interface.egg-info/SOURCES.txt'
[1.080s] writing manifest file 'my_robot_interface.egg-info/SOURCES.txt'
[1.152s] [100%] Built target ament_cmake_python_build_my_robot_interface_egg
[1.171s] Invoked command in '/home/ant/ros2_ws/build/my_robot_interface' returned '0': CMAKE_PREFIX_PATH=${CMAKE_PREFIX_PATH}:/home/ant/ros2_ws/install/my_py_pkg:/opt/ros/humble CONDA_PROMPT_MODIFIER=(base) /usr/bin/cmake --build /home/ant/ros2_ws/build/my_robot_interface -- -j4 -l4
[1.293s] Invoking command in '/home/ant/ros2_ws/build/my_robot_interface': CMAKE_PREFIX_PATH=${CMAKE_PREFIX_PATH}:/home/ant/ros2_ws/install/my_py_pkg:/opt/ros/humble CONDA_PROMPT_MODIFIER=(base) /usr/bin/cmake --install /home/ant/ros2_ws/build/my_robot_interface
[1.314s] -- Install configuration: ""
[1.315s] -- Up-to-date: /home/ant/ros2_ws/install/my_robot_interface/share/ament_index/resource_index/rosidl_interfaces/my_robot_interface
[1.316s] -- Up-to-date: /home/ant/ros2_ws/install/my_robot_interface/include/my_robot_interface/my_robot_interface
[1.316s] -- Up-to-date: /home/ant/ros2_ws/install/my_robot_interface/include/my_robot_interface/my_robot_interface/msg
[1.317s] -- Up-to-date: /home/ant/ros2_ws/install/my_robot_interface/include/my_robot_interface/my_robot_interface/msg/hardware_statuses.h
[1.317s] -- Up-to-date: /home/ant/ros2_ws/install/my_robot_interface/include/my_robot_interface/my_robot_interface/msg/detail
[1.319s] -- Up-to-date: /home/ant/ros2_ws/install/my_robot_interface/include/my_robot_interface/my_robot_interface/msg/detail/hardware_statuses__struct.h
[1.320s] -- Up-to-date: /home/ant/ros2_ws/install/my_robot_interface/include/my_robot_interface/my_robot_interface/msg/detail/hardware_statuses__type_support.h
[1.322s] -- Up-to-date: /home/ant/ros2_ws/install/my_robot_interface/include/my_robot_interface/my_robot_interface/msg/detail/hardware_statuses__functions.c
[1.322s] -- Up-to-date: /home/ant/ros2_ws/install/my_robot_interface/include/my_robot_interface/my_robot_interface/msg/detail/hardware_statuses__functions.h
[1.324s] -- Up-to-date: /home/ant/ros2_ws/install/my_robot_interface/include/my_robot_interface/my_robot_interface/msg/rosidl_generator_c__visibility_control.h
[1.324s] -- Up-to-date: /home/ant/ros2_ws/install/my_robot_interface/share/my_robot_interface/environment/library_path.sh
[1.326s] -- Up-to-date: /home/ant/ros2_ws/install/my_robot_interface/share/my_robot_interface/environment/library_path.dsv
[1.327s] -- Up-to-date: /home/ant/ros2_ws/install/my_robot_interface/lib/libmy_robot_interface__rosidl_generator_c.so
[1.327s] -- Up-to-date: /home/ant/ros2_ws/install/my_robot_interface/include/my_robot_interface/my_robot_interface
[1.327s] -- Up-to-date: /home/ant/ros2_ws/install/my_robot_interface/include/my_robot_interface/my_robot_interface/msg
[1.328s] -- Up-to-date: /home/ant/ros2_ws/install/my_robot_interface/include/my_robot_interface/my_robot_interface/msg/detail
[1.328s] -- Up-to-date: /home/ant/ros2_ws/install/my_robot_interface/include/my_robot_interface/my_robot_interface/msg/detail/hardware_statuses__rosidl_typesupport_fastrtps_c.h
[1.328s] -- Up-to-date: /home/ant/ros2_ws/install/my_robot_interface/include/my_robot_interface/my_robot_interface/msg/rosidl_typesupport_fastrtps_c__visibility_control.h
[1.329s] -- Up-to-date: /home/ant/ros2_ws/install/my_robot_interface/lib/libmy_robot_interface__rosidl_typesupport_fastrtps_c.so
[1.329s] -- Up-to-date: /home/ant/ros2_ws/install/my_robot_interface/include/my_robot_interface/my_robot_interface
[1.338s] -- Up-to-date: /home/ant/ros2_ws/install/my_robot_interface/include/my_robot_interface/my_robot_interface/msg
[1.339s] -- Up-to-date: /home/ant/ros2_ws/install/my_robot_interface/include/my_robot_interface/my_robot_interface/msg/hardware_statuses.hpp
[1.339s] -- Up-to-date: /home/ant/ros2_ws/install/my_robot_interface/include/my_robot_interface/my_robot_interface/msg/detail
[1.340s] -- Up-to-date: /home/ant/ros2_ws/install/my_robot_interface/include/my_robot_interface/my_robot_interface/msg/detail/hardware_statuses__struct.hpp
[1.342s] -- Up-to-date: /home/ant/ros2_ws/install/my_robot_interface/include/my_robot_interface/my_robot_interface/msg/detail/hardware_statuses__builder.hpp
[1.342s] -- Up-to-date: /home/ant/ros2_ws/install/my_robot_interface/include/my_robot_interface/my_robot_interface/msg/detail/hardware_statuses__traits.hpp
[1.342s] -- Up-to-date: /home/ant/ros2_ws/install/my_robot_interface/include/my_robot_interface/my_robot_interface
[1.342s] -- Up-to-date: /home/ant/ros2_ws/install/my_robot_interface/include/my_robot_interface/my_robot_interface/msg
[1.343s] -- Up-to-date: /home/ant/ros2_ws/install/my_robot_interface/include/my_robot_interface/my_robot_interface/msg/detail
[1.343s] -- Up-to-date: /home/ant/ros2_ws/install/my_robot_interface/include/my_robot_interface/my_robot_interface/msg/detail/hardware_statuses__rosidl_typesupport_fastrtps_cpp.hpp
[1.343s] -- Up-to-date: /home/ant/ros2_ws/install/my_robot_interface/include/my_robot_interface/my_robot_interface/msg/detail/dds_fastrtps
[1.343s] -- Up-to-date: /home/ant/ros2_ws/install/my_robot_interface/include/my_robot_interface/my_robot_interface/msg/rosidl_typesupport_fastrtps_cpp__visibility_control.h
[1.343s] -- Up-to-date: /home/ant/ros2_ws/install/my_robot_interface/lib/libmy_robot_interface__rosidl_typesupport_fastrtps_cpp.so
[1.343s] -- Up-to-date: /home/ant/ros2_ws/install/my_robot_interface/include/my_robot_interface/my_robot_interface
[1.343s] -- Up-to-date: /home/ant/ros2_ws/install/my_robot_interface/include/my_robot_interface/my_robot_interface/msg
[1.344s] -- Up-to-date: /home/ant/ros2_ws/install/my_robot_interface/include/my_robot_interface/my_robot_interface/msg/detail
[1.344s] -- Up-to-date: /home/ant/ros2_ws/install/my_robot_interface/include/my_robot_interface/my_robot_interface/msg/detail/hardware_statuses__type_support.c
[1.344s] -- Up-to-date: /home/ant/ros2_ws/install/my_robot_interface/include/my_robot_interface/my_robot_interface/msg/detail/hardware_statuses__rosidl_typesupport_introspection_c.h
[1.344s] -- Up-to-date: /home/ant/ros2_ws/install/my_robot_interface/include/my_robot_interface/my_robot_interface/msg/rosidl_typesupport_introspection_c__visibility_control.h
[1.344s] -- Up-to-date: /home/ant/ros2_ws/install/my_robot_interface/lib/libmy_robot_interface__rosidl_typesupport_introspection_c.so
[1.344s] -- Up-to-date: /home/ant/ros2_ws/install/my_robot_interface/lib/libmy_robot_interface__rosidl_typesupport_c.so
[1.345s] -- Up-to-date: /home/ant/ros2_ws/install/my_robot_interface/include/my_robot_interface/my_robot_interface
[1.345s] -- Up-to-date: /home/ant/ros2_ws/install/my_robot_interface/include/my_robot_interface/my_robot_interface/msg
[1.345s] -- Up-to-date: /home/ant/ros2_ws/install/my_robot_interface/include/my_robot_interface/my_robot_interface/msg/detail
[1.345s] -- Up-to-date: /home/ant/ros2_ws/install/my_robot_interface/include/my_robot_interface/my_robot_interface/msg/detail/hardware_statuses__rosidl_typesupport_introspection_cpp.hpp
[1.345s] -- Up-to-date: /home/ant/ros2_ws/install/my_robot_interface/include/my_robot_interface/my_robot_interface/msg/detail/hardware_statuses__type_support.cpp
[1.345s] -- Up-to-date: /home/ant/ros2_ws/install/my_robot_interface/lib/libmy_robot_interface__rosidl_typesupport_introspection_cpp.so
[1.345s] -- Up-to-date: /home/ant/ros2_ws/install/my_robot_interface/lib/libmy_robot_interface__rosidl_typesupport_cpp.so
[1.346s] -- Up-to-date: /home/ant/ros2_ws/install/my_robot_interface/share/my_robot_interface/environment/pythonpath.sh
[1.346s] -- Up-to-date: /home/ant/ros2_ws/install/my_robot_interface/share/my_robot_interface/environment/pythonpath.dsv
[1.346s] -- Up-to-date: /home/ant/ros2_ws/install/my_robot_interface/local/lib/python3.10/dist-packages/my_robot_interface-0.0.0-py3.10.egg-info
[1.346s] -- Installing: /home/ant/ros2_ws/install/my_robot_interface/local/lib/python3.10/dist-packages/my_robot_interface-0.0.0-py3.10.egg-info/PKG-INFO
[1.346s] -- Installing: /home/ant/ros2_ws/install/my_robot_interface/local/lib/python3.10/dist-packages/my_robot_interface-0.0.0-py3.10.egg-info/dependency_links.txt
[1.346s] -- Installing: /home/ant/ros2_ws/install/my_robot_interface/local/lib/python3.10/dist-packages/my_robot_interface-0.0.0-py3.10.egg-info/top_level.txt
[1.347s] -- Installing: /home/ant/ros2_ws/install/my_robot_interface/local/lib/python3.10/dist-packages/my_robot_interface-0.0.0-py3.10.egg-info/SOURCES.txt
[1.347s] -- Up-to-date: /home/ant/ros2_ws/install/my_robot_interface/local/lib/python3.10/dist-packages/my_robot_interface
[1.347s] -- Up-to-date: /home/ant/ros2_ws/install/my_robot_interface/local/lib/python3.10/dist-packages/my_robot_interface/_my_robot_interface_s.ep.rosidl_typesupport_introspection_c.c
[1.347s] -- Up-to-date: /home/ant/ros2_ws/install/my_robot_interface/local/lib/python3.10/dist-packages/my_robot_interface/_my_robot_interface_s.ep.rosidl_typesupport_c.c
[1.347s] -- Up-to-date: /home/ant/ros2_ws/install/my_robot_interface/local/lib/python3.10/dist-packages/my_robot_interface/my_robot_interface_s__rosidl_typesupport_fastrtps_c.cpython-311-x86_64-linux-gnu.so
[1.347s] -- Up-to-date: /home/ant/ros2_ws/install/my_robot_interface/local/lib/python3.10/dist-packages/my_robot_interface/my_robot_interface_s__rosidl_typesupport_c.cpython-311-x86_64-linux-gnu.so
[1.348s] -- Up-to-date: /home/ant/ros2_ws/install/my_robot_interface/local/lib/python3.10/dist-packages/my_robot_interface/msg
[1.348s] -- Up-to-date: /home/ant/ros2_ws/install/my_robot_interface/local/lib/python3.10/dist-packages/my_robot_interface/msg/_hardware_statuses_s.c
[1.348s] -- Up-to-date: /home/ant/ros2_ws/install/my_robot_interface/local/lib/python3.10/dist-packages/my_robot_interface/msg/__init__.py
[1.348s] -- Up-to-date: /home/ant/ros2_ws/install/my_robot_interface/local/lib/python3.10/dist-packages/my_robot_interface/msg/_hardware_statuses.py
[1.348s] -- Up-to-date: /home/ant/ros2_ws/install/my_robot_interface/local/lib/python3.10/dist-packages/my_robot_interface/libmy_robot_interface__rosidl_generator_py.so
[1.348s] -- Up-to-date: /home/ant/ros2_ws/install/my_robot_interface/local/lib/python3.10/dist-packages/my_robot_interface/_my_robot_interface_s.ep.rosidl_typesupport_fastrtps_c.c
[1.348s] -- Up-to-date: /home/ant/ros2_ws/install/my_robot_interface/local/lib/python3.10/dist-packages/my_robot_interface/__init__.py
[1.349s] -- Up-to-date: /home/ant/ros2_ws/install/my_robot_interface/local/lib/python3.10/dist-packages/my_robot_interface/my_robot_interface_s__rosidl_typesupport_introspection_c.cpython-311-x86_64-linux-gnu.so
[1.383s] Listing '/home/ant/ros2_ws/install/my_robot_interface/local/lib/python3.10/dist-packages/my_robot_interface'...
[1.384s] Listing '/home/ant/ros2_ws/install/my_robot_interface/local/lib/python3.10/dist-packages/my_robot_interface/msg'...
[1.391s] -- Up-to-date: /home/ant/ros2_ws/install/my_robot_interface/local/lib/python3.10/dist-packages/my_robot_interface/my_robot_interface_s__rosidl_typesupport_fastrtps_c.cpython-311-x86_64-linux-gnu.so
[1.391s] -- Up-to-date: /home/ant/ros2_ws/install/my_robot_interface/local/lib/python3.10/dist-packages/my_robot_interface/my_robot_interface_s__rosidl_typesupport_introspection_c.cpython-311-x86_64-linux-gnu.so
[1.392s] -- Up-to-date: /home/ant/ros2_ws/install/my_robot_interface/local/lib/python3.10/dist-packages/my_robot_interface/my_robot_interface_s__rosidl_typesupport_c.cpython-311-x86_64-linux-gnu.so
[1.393s] -- Up-to-date: /home/ant/ros2_ws/install/my_robot_interface/lib/libmy_robot_interface__rosidl_generator_py.so
[1.393s] -- Up-to-date: /home/ant/ros2_ws/install/my_robot_interface/share/my_robot_interface/msg/HardwareStatuses.idl
[1.393s] -- Up-to-date: /home/ant/ros2_ws/install/my_robot_interface/share/my_robot_interface/msg/HardwareStatuses.msg
[1.394s] -- Up-to-date: /home/ant/ros2_ws/install/my_robot_interface/share/ament_index/resource_index/package_run_dependencies/my_robot_interface
[1.394s] -- Up-to-date: /home/ant/ros2_ws/install/my_robot_interface/share/ament_index/resource_index/parent_prefix_path/my_robot_interface
[1.394s] -- Up-to-date: /home/ant/ros2_ws/install/my_robot_interface/share/my_robot_interface/environment/ament_prefix_path.sh
[1.394s] -- Up-to-date: /home/ant/ros2_ws/install/my_robot_interface/share/my_robot_interface/environment/ament_prefix_path.dsv
[1.394s] -- Up-to-date: /home/ant/ros2_ws/install/my_robot_interface/share/my_robot_interface/environment/path.sh
[1.395s] -- Up-to-date: /home/ant/ros2_ws/install/my_robot_interface/share/my_robot_interface/environment/path.dsv
[1.395s] -- Up-to-date: /home/ant/ros2_ws/install/my_robot_interface/share/my_robot_interface/local_setup.bash
[1.395s] -- Up-to-date: /home/ant/ros2_ws/install/my_robot_interface/share/my_robot_interface/local_setup.sh
[1.395s] -- Up-to-date: /home/ant/ros2_ws/install/my_robot_interface/share/my_robot_interface/local_setup.zsh
[1.395s] -- Up-to-date: /home/ant/ros2_ws/install/my_robot_interface/share/my_robot_interface/local_setup.dsv
[1.395s] -- Installing: /home/ant/ros2_ws/install/my_robot_interface/share/my_robot_interface/package.dsv
[1.395s] -- Up-to-date: /home/ant/ros2_ws/install/my_robot_interface/share/ament_index/resource_index/packages/my_robot_interface
[1.396s] -- Up-to-date: /home/ant/ros2_ws/install/my_robot_interface/share/my_robot_interface/cmake/export_my_robot_interface__rosidl_generator_cExport.cmake
[1.396s] -- Up-to-date: /home/ant/ros2_ws/install/my_robot_interface/share/my_robot_interface/cmake/export_my_robot_interface__rosidl_generator_cExport-noconfig.cmake
[1.396s] -- Up-to-date: /home/ant/ros2_ws/install/my_robot_interface/share/my_robot_interface/cmake/export_my_robot_interface__rosidl_typesupport_fastrtps_cExport.cmake
[1.396s] -- Up-to-date: /home/ant/ros2_ws/install/my_robot_interface/share/my_robot_interface/cmake/export_my_robot_interface__rosidl_typesupport_fastrtps_cExport-noconfig.cmake
[1.396s] -- Up-to-date: /home/ant/ros2_ws/install/my_robot_interface/share/my_robot_interface/cmake/export_my_robot_interface__rosidl_generator_cppExport.cmake
[1.396s] -- Up-to-date: /home/ant/ros2_ws/install/my_robot_interface/share/my_robot_interface/cmake/export_my_robot_interface__rosidl_typesupport_fastrtps_cppExport.cmake
[1.397s] -- Up-to-date: /home/ant/ros2_ws/install/my_robot_interface/share/my_robot_interface/cmake/export_my_robot_interface__rosidl_typesupport_fastrtps_cppExport-noconfig.cmake
[1.397s] -- Up-to-date: /home/ant/ros2_ws/install/my_robot_interface/share/my_robot_interface/cmake/my_robot_interface__rosidl_typesupport_introspection_cExport.cmake
[1.397s] -- Up-to-date: /home/ant/ros2_ws/install/my_robot_interface/share/my_robot_interface/cmake/my_robot_interface__rosidl_typesupport_introspection_cExport-noconfig.cmake
[1.397s] -- Up-to-date: /home/ant/ros2_ws/install/my_robot_interface/share/my_robot_interface/cmake/my_robot_interface__rosidl_typesupport_cExport.cmake
[1.397s] -- Up-to-date: /home/ant/ros2_ws/install/my_robot_interface/share/my_robot_interface/cmake/my_robot_interface__rosidl_typesupport_cExport-noconfig.cmake
[1.398s] -- Up-to-date: /home/ant/ros2_ws/install/my_robot_interface/share/my_robot_interface/cmake/my_robot_interface__rosidl_typesupport_introspection_cppExport.cmake
[1.398s] -- Up-to-date: /home/ant/ros2_ws/install/my_robot_interface/share/my_robot_interface/cmake/my_robot_interface__rosidl_typesupport_introspection_cppExport-noconfig.cmake
[1.398s] -- Up-to-date: /home/ant/ros2_ws/install/my_robot_interface/share/my_robot_interface/cmake/my_robot_interface__rosidl_typesupport_cppExport.cmake
[1.398s] -- Up-to-date: /home/ant/ros2_ws/install/my_robot_interface/share/my_robot_interface/cmake/my_robot_interface__rosidl_typesupport_cppExport-noconfig.cmake
[1.398s] -- Up-to-date: /home/ant/ros2_ws/install/my_robot_interface/share/my_robot_interface/cmake/export_my_robot_interface__rosidl_generator_pyExport.cmake
[1.398s] -- Up-to-date: /home/ant/ros2_ws/install/my_robot_interface/share/my_robot_interface/cmake/export_my_robot_interface__rosidl_generator_pyExport-noconfig.cmake
[1.399s] -- Up-to-date: /home/ant/ros2_ws/install/my_robot_interface/share/my_robot_interface/cmake/rosidl_cmake-extras.cmake
[1.399s] -- Up-to-date: /home/ant/ros2_ws/install/my_robot_interface/share/my_robot_interface/cmake/ament_cmake_export_include_directories-extras.cmake
[1.399s] -- Up-to-date: /home/ant/ros2_ws/install/my_robot_interface/share/my_robot_interface/cmake/ament_cmake_export_libraries-extras.cmake
[1.399s] -- Up-to-date: /home/ant/ros2_ws/install/my_robot_interface/share/my_robot_interface/cmake/ament_cmake_export_targets-extras.cmake
[1.399s] -- Up-to-date: /home/ant/ros2_ws/install/my_robot_interface/share/my_robot_interface/cmake/rosidl_cmake_export_typesupport_targets-extras.cmake
[1.399s] -- Up-to-date: /home/ant/ros2_ws/install/my_robot_interface/share/my_robot_interface/cmake/ament_cmake_export_dependencies-extras.cmake
[1.399s] -- Up-to-date: /home/ant/ros2_ws/install/my_robot_interface/share/my_robot_interface/cmake/rosidl_cmake_export_typesupport_libraries-extras.cmake
[1.400s] -- Up-to-date: /home/ant/ros2_ws/install/my_robot_interface/share/my_robot_interface/cmake/my_robot_interfaceConfig.cmake
[1.400s] -- Up-to-date: /home/ant/ros2_ws/install/my_robot_interface/share/my_robot_interface/cmake/my_robot_interfaceConfig-version.cmake
[1.400s] -- Up-to-date: /home/ant/ros2_ws/install/my_robot_interface/share/my_robot_interface/package.xml
[1.403s] Invoked command in '/home/ant/ros2_ws/build/my_robot_interface' returned '0': CMAKE_PREFIX_PATH=${CMAKE_PREFIX_PATH}:/home/ant/ros2_ws/install/my_py_pkg:/opt/ros/humble CONDA_PROMPT_MODIFIER=(base) /usr/bin/cmake --install /home/ant/ros2_ws/build/my_robot_interface
