[0.157s] Invoking command in '/home/ant/ros2_ws/build/more_interfaces': CMAKE_PREFIX_PATH=${CMAKE_PREFIX_PATH}:/home/ant/ros2_ws/install/my_py_pkg:/opt/ros/humble CONDA_PROMPT_MODIFIER=(base) /usr/bin/cmake --build /home/ant/ros2_ws/build/more_interfaces -- -j4 -l4
[0.220s] -- Found ament_cmake: 1.3.5 (/opt/ros/humble/share/ament_cmake/cmake)
[0.501s] -- Found ament_lint_auto: 0.12.8 (/opt/ros/humble/share/ament_lint_auto/cmake)
[0.605s] -- Found rosidl_default_generators: 1.2.0 (/opt/ros/humble/share/rosidl_default_generators/cmake)
[0.610s] -- Using all available rosidl_typesupport_c: rosidl_typesupport_fastrtps_c;rosidl_typesupport_introspection_c
[0.620s] -- Found rosidl_adapter: 3.1.5 (/opt/ros/humble/share/rosidl_adapter/cmake)
[0.664s] -- Using all available rosidl_typesupport_cpp: rosidl_typesupport_fastrtps_cpp;rosidl_typesupport_introspection_cpp
[1.048s] -- Found ament_cmake_ros: 0.10.0 (/opt/ros/humble/share/ament_cmake_ros/cmake)
[1.377s] -- Using all available rosidl_typesupport_c: rosidl_typesupport_fastrtps_c;rosidl_typesupport_introspection_c
[1.763s] -- Using all available rosidl_typesupport_cpp: rosidl_typesupport_fastrtps_cpp;rosidl_typesupport_introspection_cpp
[1.800s] -- Found python_cmake_module: 0.10.0 (/opt/ros/humble/share/python_cmake_module/cmake)
[1.853s] -- Using PYTHON_EXECUTABLE: /home/ant/anaconda3/bin/python3
[1.853s] -- Using PYTHON_INCLUDE_DIRS: /home/ant/anaconda3/include/python3.11
[1.853s] -- Using PYTHON_LIBRARIES: /home/ant/anaconda3/lib/libpython3.11.so
[2.079s] -- Using numpy include directory: /home/ant/anaconda3/lib/python3.11/site-packages/numpy/core/include
[2.097s] -- Added test 'lint_cmake' to check CMake code style
[2.099s] -- Added test 'xmllint' to check XML markup files
[2.103s] -- Configuring done
[2.170s] -- Generating done
[2.175s] -- Build files have been written to: /home/ant/ros2_ws/build/more_interfaces
[2.238s] [35m[1mConsolidate compiler generated dependencies of target more_interfaces__rosidl_generator_c[0m
[2.267s] [  3%] Built target more_interfaces__cpp
[2.290s] [ 12%] Built target more_interfaces__rosidl_generator_c
[2.296s] [35m[1mConsolidate compiler generated dependencies of target more_interfaces__rosidl_typesupport_fastrtps_cpp[0m
[2.301s] [35m[1mConsolidate compiler generated dependencies of target more_interfaces__rosidl_typesupport_cpp[0m
[2.314s] [35m[1mConsolidate compiler generated dependencies of target more_interfaces__rosidl_typesupport_introspection_cpp[0m
[2.315s] [ 12%] Built target ament_cmake_python_copy_more_interfaces
[2.347s] [ 22%] Built target more_interfaces__rosidl_typesupport_fastrtps_cpp
[2.353s] [ 32%] Built target more_interfaces__rosidl_typesupport_cpp
[2.355s] [35m[1mConsolidate compiler generated dependencies of target more_interfaces__rosidl_typesupport_fastrtps_c[0m
[2.377s] [ 41%] Built target more_interfaces__rosidl_typesupport_introspection_cpp
[2.380s] [35m[1mConsolidate compiler generated dependencies of target more_interfaces__rosidl_typesupport_c[0m
[2.384s] [35m[1mConsolidate compiler generated dependencies of target more_interfaces__rosidl_typesupport_introspection_c[0m
[2.402s] [ 51%] Built target more_interfaces__rosidl_typesupport_fastrtps_c
[2.410s] [ 70%] Built target more_interfaces__rosidl_typesupport_introspection_c
[2.410s] [ 70%] Built target more_interfaces__rosidl_typesupport_c
[2.461s] [ 70%] Built target more_interfaces
[2.494s] [ 74%] Built target more_interfaces__py
[2.511s] [35m[1mConsolidate compiler generated dependencies of target more_interfaces__rosidl_generator_py[0m
[2.556s] [ 80%] Built target more_interfaces__rosidl_generator_py
[2.580s] [35m[1mConsolidate compiler generated dependencies of target more_interfaces__rosidl_typesupport_fastrtps_c__pyext[0m
[2.580s] [35m[1mConsolidate compiler generated dependencies of target more_interfaces__rosidl_typesupport_c__pyext[0m
[2.583s] [35m[1mConsolidate compiler generated dependencies of target more_interfaces__rosidl_typesupport_introspection_c__pyext[0m
[2.610s] [ 87%] Built target more_interfaces__rosidl_typesupport_c__pyext
[2.620s] [ 93%] Built target more_interfaces__rosidl_typesupport_introspection_c__pyext
[2.643s] [100%] Built target more_interfaces__rosidl_typesupport_fastrtps_c__pyext
[2.959s] running egg_info
[2.960s] writing more_interfaces.egg-info/PKG-INFO
[2.961s] writing dependency_links to more_interfaces.egg-info/dependency_links.txt
[2.961s] writing top-level names to more_interfaces.egg-info/top_level.txt
[2.965s] reading manifest file 'more_interfaces.egg-info/SOURCES.txt'
[2.966s] writing manifest file 'more_interfaces.egg-info/SOURCES.txt'
[3.019s] [100%] Built target ament_cmake_python_build_more_interfaces_egg
[3.051s] Invoked command in '/home/ant/ros2_ws/build/more_interfaces' returned '0': CMAKE_PREFIX_PATH=${CMAKE_PREFIX_PATH}:/home/ant/ros2_ws/install/my_py_pkg:/opt/ros/humble CONDA_PROMPT_MODIFIER=(base) /usr/bin/cmake --build /home/ant/ros2_ws/build/more_interfaces -- -j4 -l4
[3.199s] Invoking command in '/home/ant/ros2_ws/build/more_interfaces': CMAKE_PREFIX_PATH=${CMAKE_PREFIX_PATH}:/home/ant/ros2_ws/install/my_py_pkg:/opt/ros/humble CONDA_PROMPT_MODIFIER=(base) /usr/bin/cmake --install /home/ant/ros2_ws/build/more_interfaces
[3.213s] -- Install configuration: ""
[3.213s] -- Up-to-date: /home/ant/ros2_ws/install/more_interfaces/share/ament_index/resource_index/rosidl_interfaces/more_interfaces
[3.214s] -- Up-to-date: /home/ant/ros2_ws/install/more_interfaces/include/more_interfaces/more_interfaces
[3.214s] -- Up-to-date: /home/ant/ros2_ws/install/more_interfaces/include/more_interfaces/more_interfaces/msg
[3.214s] -- Up-to-date: /home/ant/ros2_ws/install/more_interfaces/include/more_interfaces/more_interfaces/msg/detail
[3.215s] -- Up-to-date: /home/ant/ros2_ws/install/more_interfaces/include/more_interfaces/more_interfaces/msg/detail/address_book__type_support.h
[3.215s] -- Up-to-date: /home/ant/ros2_ws/install/more_interfaces/include/more_interfaces/more_interfaces/msg/detail/address_book__struct.h
[3.215s] -- Up-to-date: /home/ant/ros2_ws/install/more_interfaces/include/more_interfaces/more_interfaces/msg/detail/address_book__functions.c
[3.215s] -- Up-to-date: /home/ant/ros2_ws/install/more_interfaces/include/more_interfaces/more_interfaces/msg/detail/address_book__functions.h
[3.215s] -- Up-to-date: /home/ant/ros2_ws/install/more_interfaces/include/more_interfaces/more_interfaces/msg/rosidl_generator_c__visibility_control.h
[3.215s] -- Up-to-date: /home/ant/ros2_ws/install/more_interfaces/include/more_interfaces/more_interfaces/msg/address_book.h
[3.215s] -- Up-to-date: /home/ant/ros2_ws/install/more_interfaces/share/more_interfaces/environment/library_path.sh
[3.216s] -- Installing: /home/ant/ros2_ws/install/more_interfaces/share/more_interfaces/environment/library_path.dsv
[3.216s] -- Up-to-date: /home/ant/ros2_ws/install/more_interfaces/lib/libmore_interfaces__rosidl_generator_c.so
[3.216s] -- Up-to-date: /home/ant/ros2_ws/install/more_interfaces/include/more_interfaces/more_interfaces
[3.216s] -- Up-to-date: /home/ant/ros2_ws/install/more_interfaces/include/more_interfaces/more_interfaces/msg
[3.216s] -- Up-to-date: /home/ant/ros2_ws/install/more_interfaces/include/more_interfaces/more_interfaces/msg/detail
[3.217s] -- Up-to-date: /home/ant/ros2_ws/install/more_interfaces/include/more_interfaces/more_interfaces/msg/detail/address_book__rosidl_typesupport_fastrtps_c.h
[3.217s] -- Up-to-date: /home/ant/ros2_ws/install/more_interfaces/include/more_interfaces/more_interfaces/msg/rosidl_typesupport_fastrtps_c__visibility_control.h
[3.217s] -- Up-to-date: /home/ant/ros2_ws/install/more_interfaces/lib/libmore_interfaces__rosidl_typesupport_fastrtps_c.so
[3.217s] -- Up-to-date: /home/ant/ros2_ws/install/more_interfaces/include/more_interfaces/more_interfaces
[3.217s] -- Up-to-date: /home/ant/ros2_ws/install/more_interfaces/include/more_interfaces/more_interfaces/msg
[3.218s] -- Up-to-date: /home/ant/ros2_ws/install/more_interfaces/include/more_interfaces/more_interfaces/msg/detail
[3.218s] -- Up-to-date: /home/ant/ros2_ws/install/more_interfaces/include/more_interfaces/more_interfaces/msg/detail/address_book__type_support.c
[3.218s] -- Up-to-date: /home/ant/ros2_ws/install/more_interfaces/include/more_interfaces/more_interfaces/msg/detail/address_book__rosidl_typesupport_introspection_c.h
[3.218s] -- Up-to-date: /home/ant/ros2_ws/install/more_interfaces/include/more_interfaces/more_interfaces/msg/rosidl_typesupport_introspection_c__visibility_control.h
[3.218s] -- Up-to-date: /home/ant/ros2_ws/install/more_interfaces/lib/libmore_interfaces__rosidl_typesupport_introspection_c.so
[3.219s] -- Up-to-date: /home/ant/ros2_ws/install/more_interfaces/lib/libmore_interfaces__rosidl_typesupport_c.so
[3.219s] -- Up-to-date: /home/ant/ros2_ws/install/more_interfaces/include/more_interfaces/more_interfaces
[3.220s] -- Up-to-date: /home/ant/ros2_ws/install/more_interfaces/include/more_interfaces/more_interfaces/msg
[3.220s] -- Up-to-date: /home/ant/ros2_ws/install/more_interfaces/include/more_interfaces/more_interfaces/msg/detail
[3.221s] -- Up-to-date: /home/ant/ros2_ws/install/more_interfaces/include/more_interfaces/more_interfaces/msg/detail/address_book__builder.hpp
[3.222s] -- Up-to-date: /home/ant/ros2_ws/install/more_interfaces/include/more_interfaces/more_interfaces/msg/detail/address_book__struct.hpp
[3.223s] -- Up-to-date: /home/ant/ros2_ws/install/more_interfaces/include/more_interfaces/more_interfaces/msg/detail/address_book__traits.hpp
[3.224s] -- Up-to-date: /home/ant/ros2_ws/install/more_interfaces/include/more_interfaces/more_interfaces/msg/address_book.hpp
[3.224s] -- Up-to-date: /home/ant/ros2_ws/install/more_interfaces/include/more_interfaces/more_interfaces
[3.224s] -- Up-to-date: /home/ant/ros2_ws/install/more_interfaces/include/more_interfaces/more_interfaces/msg
[3.225s] -- Up-to-date: /home/ant/ros2_ws/install/more_interfaces/include/more_interfaces/more_interfaces/msg/detail
[3.225s] -- Up-to-date: /home/ant/ros2_ws/install/more_interfaces/include/more_interfaces/more_interfaces/msg/detail/address_book__rosidl_typesupport_fastrtps_cpp.hpp
[3.226s] -- Up-to-date: /home/ant/ros2_ws/install/more_interfaces/include/more_interfaces/more_interfaces/msg/detail/dds_fastrtps
[3.227s] -- Up-to-date: /home/ant/ros2_ws/install/more_interfaces/include/more_interfaces/more_interfaces/msg/rosidl_typesupport_fastrtps_cpp__visibility_control.h
[3.229s] -- Up-to-date: /home/ant/ros2_ws/install/more_interfaces/lib/libmore_interfaces__rosidl_typesupport_fastrtps_cpp.so
[3.230s] -- Up-to-date: /home/ant/ros2_ws/install/more_interfaces/include/more_interfaces/more_interfaces
[3.230s] -- Up-to-date: /home/ant/ros2_ws/install/more_interfaces/include/more_interfaces/more_interfaces/msg
[3.230s] -- Up-to-date: /home/ant/ros2_ws/install/more_interfaces/include/more_interfaces/more_interfaces/msg/detail
[3.231s] -- Up-to-date: /home/ant/ros2_ws/install/more_interfaces/include/more_interfaces/more_interfaces/msg/detail/address_book__type_support.cpp
[3.231s] -- Up-to-date: /home/ant/ros2_ws/install/more_interfaces/include/more_interfaces/more_interfaces/msg/detail/address_book__rosidl_typesupport_introspection_cpp.hpp
[3.231s] -- Up-to-date: /home/ant/ros2_ws/install/more_interfaces/lib/libmore_interfaces__rosidl_typesupport_introspection_cpp.so
[3.231s] -- Up-to-date: /home/ant/ros2_ws/install/more_interfaces/lib/libmore_interfaces__rosidl_typesupport_cpp.so
[3.231s] -- Up-to-date: /home/ant/ros2_ws/install/more_interfaces/share/more_interfaces/environment/pythonpath.sh
[3.232s] -- Installing: /home/ant/ros2_ws/install/more_interfaces/share/more_interfaces/environment/pythonpath.dsv
[3.232s] -- Up-to-date: /home/ant/ros2_ws/install/more_interfaces/local/lib/python3.10/dist-packages/more_interfaces-0.0.0-py3.10.egg-info
[3.234s] -- Installing: /home/ant/ros2_ws/install/more_interfaces/local/lib/python3.10/dist-packages/more_interfaces-0.0.0-py3.10.egg-info/PKG-INFO
[3.235s] -- Installing: /home/ant/ros2_ws/install/more_interfaces/local/lib/python3.10/dist-packages/more_interfaces-0.0.0-py3.10.egg-info/dependency_links.txt
[3.235s] -- Installing: /home/ant/ros2_ws/install/more_interfaces/local/lib/python3.10/dist-packages/more_interfaces-0.0.0-py3.10.egg-info/top_level.txt
[3.235s] -- Installing: /home/ant/ros2_ws/install/more_interfaces/local/lib/python3.10/dist-packages/more_interfaces-0.0.0-py3.10.egg-info/SOURCES.txt
[3.236s] -- Up-to-date: /home/ant/ros2_ws/install/more_interfaces/local/lib/python3.10/dist-packages/more_interfaces
[3.236s] -- Up-to-date: /home/ant/ros2_ws/install/more_interfaces/local/lib/python3.10/dist-packages/more_interfaces/_more_interfaces_s.ep.rosidl_typesupport_introspection_c.c
[3.236s] -- Up-to-date: /home/ant/ros2_ws/install/more_interfaces/local/lib/python3.10/dist-packages/more_interfaces/libmore_interfaces__rosidl_generator_py.so
[3.236s] -- Up-to-date: /home/ant/ros2_ws/install/more_interfaces/local/lib/python3.10/dist-packages/more_interfaces/_more_interfaces_s.ep.rosidl_typesupport_c.c
[3.236s] -- Up-to-date: /home/ant/ros2_ws/install/more_interfaces/local/lib/python3.10/dist-packages/more_interfaces/more_interfaces_s__rosidl_typesupport_introspection_c.cpython-311-x86_64-linux-gnu.so
[3.236s] -- Up-to-date: /home/ant/ros2_ws/install/more_interfaces/local/lib/python3.10/dist-packages/more_interfaces/more_interfaces_s__rosidl_typesupport_fastrtps_c.cpython-311-x86_64-linux-gnu.so
[3.236s] -- Up-to-date: /home/ant/ros2_ws/install/more_interfaces/local/lib/python3.10/dist-packages/more_interfaces/msg
[3.237s] -- Up-to-date: /home/ant/ros2_ws/install/more_interfaces/local/lib/python3.10/dist-packages/more_interfaces/msg/_address_book_s.c
[3.237s] -- Up-to-date: /home/ant/ros2_ws/install/more_interfaces/local/lib/python3.10/dist-packages/more_interfaces/msg/__init__.py
[3.237s] -- Up-to-date: /home/ant/ros2_ws/install/more_interfaces/local/lib/python3.10/dist-packages/more_interfaces/msg/_address_book.py
[3.237s] -- Up-to-date: /home/ant/ros2_ws/install/more_interfaces/local/lib/python3.10/dist-packages/more_interfaces/_more_interfaces_s.ep.rosidl_typesupport_fastrtps_c.c
[3.237s] -- Up-to-date: /home/ant/ros2_ws/install/more_interfaces/local/lib/python3.10/dist-packages/more_interfaces/more_interfaces_s__rosidl_typesupport_c.cpython-311-x86_64-linux-gnu.so
[3.237s] -- Installing: /home/ant/ros2_ws/install/more_interfaces/local/lib/python3.10/dist-packages/more_interfaces/__init__.py
[3.291s] Listing '/home/ant/ros2_ws/install/more_interfaces/local/lib/python3.10/dist-packages/more_interfaces'...
[3.291s] Compiling '/home/ant/ros2_ws/install/more_interfaces/local/lib/python3.10/dist-packages/more_interfaces/__init__.py'...
[3.291s] Listing '/home/ant/ros2_ws/install/more_interfaces/local/lib/python3.10/dist-packages/more_interfaces/msg'...
[3.298s] -- Up-to-date: /home/ant/ros2_ws/install/more_interfaces/local/lib/python3.10/dist-packages/more_interfaces/more_interfaces_s__rosidl_typesupport_fastrtps_c.cpython-311-x86_64-linux-gnu.so
[3.299s] -- Up-to-date: /home/ant/ros2_ws/install/more_interfaces/local/lib/python3.10/dist-packages/more_interfaces/more_interfaces_s__rosidl_typesupport_introspection_c.cpython-311-x86_64-linux-gnu.so
[3.299s] -- Up-to-date: /home/ant/ros2_ws/install/more_interfaces/local/lib/python3.10/dist-packages/more_interfaces/more_interfaces_s__rosidl_typesupport_c.cpython-311-x86_64-linux-gnu.so
[3.300s] -- Up-to-date: /home/ant/ros2_ws/install/more_interfaces/lib/libmore_interfaces__rosidl_generator_py.so
[3.301s] -- Up-to-date: /home/ant/ros2_ws/install/more_interfaces/share/more_interfaces/msg/AddressBook.idl
[3.301s] -- Up-to-date: /home/ant/ros2_ws/install/more_interfaces/share/more_interfaces/msg/AddressBook.msg
[3.301s] -- Up-to-date: /home/ant/ros2_ws/install/more_interfaces/share/ament_index/resource_index/package_run_dependencies/more_interfaces
[3.301s] -- Installing: /home/ant/ros2_ws/install/more_interfaces/share/ament_index/resource_index/parent_prefix_path/more_interfaces
[3.301s] -- Up-to-date: /home/ant/ros2_ws/install/more_interfaces/share/more_interfaces/environment/ament_prefix_path.sh
[3.301s] -- Installing: /home/ant/ros2_ws/install/more_interfaces/share/more_interfaces/environment/ament_prefix_path.dsv
[3.302s] -- Up-to-date: /home/ant/ros2_ws/install/more_interfaces/share/more_interfaces/environment/path.sh
[3.302s] -- Installing: /home/ant/ros2_ws/install/more_interfaces/share/more_interfaces/environment/path.dsv
[3.302s] -- Up-to-date: /home/ant/ros2_ws/install/more_interfaces/share/more_interfaces/local_setup.bash
[3.302s] -- Up-to-date: /home/ant/ros2_ws/install/more_interfaces/share/more_interfaces/local_setup.sh
[3.302s] -- Up-to-date: /home/ant/ros2_ws/install/more_interfaces/share/more_interfaces/local_setup.zsh
[3.302s] -- Installing: /home/ant/ros2_ws/install/more_interfaces/share/more_interfaces/local_setup.dsv
[3.303s] -- Installing: /home/ant/ros2_ws/install/more_interfaces/share/more_interfaces/package.dsv
[3.303s] -- Up-to-date: /home/ant/ros2_ws/install/more_interfaces/share/ament_index/resource_index/packages/more_interfaces
[3.303s] -- Up-to-date: /home/ant/ros2_ws/install/more_interfaces/share/more_interfaces/cmake/export_more_interfaces__rosidl_generator_cExport.cmake
[3.303s] -- Up-to-date: /home/ant/ros2_ws/install/more_interfaces/share/more_interfaces/cmake/export_more_interfaces__rosidl_generator_cExport-noconfig.cmake
[3.303s] -- Up-to-date: /home/ant/ros2_ws/install/more_interfaces/share/more_interfaces/cmake/export_more_interfaces__rosidl_typesupport_fastrtps_cExport.cmake
[3.303s] -- Up-to-date: /home/ant/ros2_ws/install/more_interfaces/share/more_interfaces/cmake/export_more_interfaces__rosidl_typesupport_fastrtps_cExport-noconfig.cmake
[3.304s] -- Up-to-date: /home/ant/ros2_ws/install/more_interfaces/share/more_interfaces/cmake/more_interfaces__rosidl_typesupport_introspection_cExport.cmake
[3.304s] -- Up-to-date: /home/ant/ros2_ws/install/more_interfaces/share/more_interfaces/cmake/more_interfaces__rosidl_typesupport_introspection_cExport-noconfig.cmake
[3.304s] -- Up-to-date: /home/ant/ros2_ws/install/more_interfaces/share/more_interfaces/cmake/more_interfaces__rosidl_typesupport_cExport.cmake
[3.304s] -- Up-to-date: /home/ant/ros2_ws/install/more_interfaces/share/more_interfaces/cmake/more_interfaces__rosidl_typesupport_cExport-noconfig.cmake
[3.304s] -- Up-to-date: /home/ant/ros2_ws/install/more_interfaces/share/more_interfaces/cmake/export_more_interfaces__rosidl_generator_cppExport.cmake
[3.304s] -- Up-to-date: /home/ant/ros2_ws/install/more_interfaces/share/more_interfaces/cmake/export_more_interfaces__rosidl_typesupport_fastrtps_cppExport.cmake
[3.305s] -- Up-to-date: /home/ant/ros2_ws/install/more_interfaces/share/more_interfaces/cmake/export_more_interfaces__rosidl_typesupport_fastrtps_cppExport-noconfig.cmake
[3.305s] -- Up-to-date: /home/ant/ros2_ws/install/more_interfaces/share/more_interfaces/cmake/more_interfaces__rosidl_typesupport_introspection_cppExport.cmake
[3.305s] -- Up-to-date: /home/ant/ros2_ws/install/more_interfaces/share/more_interfaces/cmake/more_interfaces__rosidl_typesupport_introspection_cppExport-noconfig.cmake
[3.305s] -- Up-to-date: /home/ant/ros2_ws/install/more_interfaces/share/more_interfaces/cmake/more_interfaces__rosidl_typesupport_cppExport.cmake
[3.305s] -- Up-to-date: /home/ant/ros2_ws/install/more_interfaces/share/more_interfaces/cmake/more_interfaces__rosidl_typesupport_cppExport-noconfig.cmake
[3.306s] -- Up-to-date: /home/ant/ros2_ws/install/more_interfaces/share/more_interfaces/cmake/export_more_interfaces__rosidl_generator_pyExport.cmake
[3.306s] -- Up-to-date: /home/ant/ros2_ws/install/more_interfaces/share/more_interfaces/cmake/export_more_interfaces__rosidl_generator_pyExport-noconfig.cmake
[3.306s] -- Up-to-date: /home/ant/ros2_ws/install/more_interfaces/share/more_interfaces/cmake/rosidl_cmake-extras.cmake
[3.306s] -- Up-to-date: /home/ant/ros2_ws/install/more_interfaces/share/more_interfaces/cmake/ament_cmake_export_include_directories-extras.cmake
[3.306s] -- Up-to-date: /home/ant/ros2_ws/install/more_interfaces/share/more_interfaces/cmake/ament_cmake_export_libraries-extras.cmake
[3.306s] -- Up-to-date: /home/ant/ros2_ws/install/more_interfaces/share/more_interfaces/cmake/ament_cmake_export_targets-extras.cmake
[3.307s] -- Up-to-date: /home/ant/ros2_ws/install/more_interfaces/share/more_interfaces/cmake/rosidl_cmake_export_typesupport_targets-extras.cmake
[3.307s] -- Up-to-date: /home/ant/ros2_ws/install/more_interfaces/share/more_interfaces/cmake/ament_cmake_export_dependencies-extras.cmake
[3.307s] -- Up-to-date: /home/ant/ros2_ws/install/more_interfaces/share/more_interfaces/cmake/rosidl_cmake_export_typesupport_libraries-extras.cmake
[3.307s] -- Up-to-date: /home/ant/ros2_ws/install/more_interfaces/share/more_interfaces/cmake/more_interfacesConfig.cmake
[3.307s] -- Up-to-date: /home/ant/ros2_ws/install/more_interfaces/share/more_interfaces/cmake/more_interfacesConfig-version.cmake
[3.307s] -- Up-to-date: /home/ant/ros2_ws/install/more_interfaces/share/more_interfaces/package.xml
[3.309s] Invoked command in '/home/ant/ros2_ws/build/more_interfaces' returned '0': CMAKE_PREFIX_PATH=${CMAKE_PREFIX_PATH}:/home/ant/ros2_ws/install/my_py_pkg:/opt/ros/humble CONDA_PROMPT_MODIFIER=(base) /usr/bin/cmake --install /home/ant/ros2_ws/build/more_interfaces
