[1.520s] DEBUG:colcon:Command line arguments: ['/usr/bin/colcon', 'build']
[1.521s] DEBUG:colcon:Parsed command line arguments: Namespace(log_base=None, log_level=None, verb_name='build', build_base='build', install_base='install', merge_install=False, symlink_install=False, test_result_base=None, continue_on_error=False, executor='parallel', parallel_workers=4, event_handlers=None, ignore_user_meta=False, metas=['./colcon.meta'], base_paths=['.'], packages_ignore=None, packages_ignore_regex=None, paths=None, packages_up_to=None, packages_up_to_regex=None, packages_above=None, packages_above_and_dependencies=None, packages_above_depth=None, packages_select_by_dep=None, packages_skip_by_dep=None, packages_skip_up_to=None, packages_select_build_failed=False, packages_skip_build_finished=False, packages_select_test_failures=False, packages_skip_test_passed=False, packages_select=None, packages_skip=None, packages_select_regex=None, packages_skip_regex=None, packages_start=None, packages_end=None, allow_overriding=[], cmake_args=None, cmake_target=None, cmake_target_skip_unavailable=False, cmake_clean_cache=False, cmake_clean_first=False, cmake_force_configure=False, ament_cmake_args=None, catkin_cmake_args=None, catkin_skip_building_tests=False, verb_parser=<colcon_defaults.argument_parser.defaults.DefaultArgumentsDecorator object at 0x7fd07c08c160>, verb_extension=<colcon_core.verb.build.BuildVerb object at 0x7fd07c08fee0>, main=<bound method BuildVerb.main of <colcon_core.verb.build.BuildVerb object at 0x7fd07c08fee0>>)
[1.614s] Level 1:colcon.colcon_core.package_discovery:discover_packages(colcon_meta) check parameters
[1.615s] Level 1:colcon.colcon_core.package_discovery:discover_packages(recursive) check parameters
[1.615s] Level 1:colcon.colcon_core.package_discovery:discover_packages(ignore) check parameters
[1.615s] Level 1:colcon.colcon_core.package_discovery:discover_packages(path) check parameters
[1.615s] Level 1:colcon.colcon_core.package_discovery:discover_packages(colcon_meta) discover
[1.616s] Level 1:colcon.colcon_core.package_discovery:discover_packages(recursive) discover
[1.616s] INFO:colcon.colcon_core.package_discovery:Crawling recursively for packages in '/home/ant/ros2_ws'
[1.616s] Level 1:colcon.colcon_core.package_identification:_identify(.) by extensions ['ignore', 'ignore_ament_install']
[1.616s] Level 1:colcon.colcon_core.package_identification:_identify(.) by extension 'ignore'
[1.617s] Level 1:colcon.colcon_core.package_identification:_identify(.) by extension 'ignore_ament_install'
[1.617s] Level 1:colcon.colcon_core.package_identification:_identify(.) by extensions ['colcon_pkg']
[1.617s] Level 1:colcon.colcon_core.package_identification:_identify(.) by extension 'colcon_pkg'
[1.617s] Level 1:colcon.colcon_core.package_identification:_identify(.) by extensions ['colcon_meta']
[1.617s] Level 1:colcon.colcon_core.package_identification:_identify(.) by extension 'colcon_meta'
[1.617s] Level 1:colcon.colcon_core.package_identification:_identify(.) by extensions ['ros']
[1.617s] Level 1:colcon.colcon_core.package_identification:_identify(.) by extension 'ros'
[1.638s] Level 1:colcon.colcon_core.package_identification:_identify(.) by extensions ['cmake', 'python']
[1.638s] Level 1:colcon.colcon_core.package_identification:_identify(.) by extension 'cmake'
[1.638s] Level 1:colcon.colcon_core.package_identification:_identify(.) by extension 'python'
[1.638s] Level 1:colcon.colcon_core.package_identification:_identify(.) by extensions ['python_setup_py']
[1.638s] Level 1:colcon.colcon_core.package_identification:_identify(.) by extension 'python_setup_py'
[1.638s] Level 1:colcon.colcon_core.package_identification:_identify(build) by extensions ['ignore', 'ignore_ament_install']
[1.638s] Level 1:colcon.colcon_core.package_identification:_identify(build) by extension 'ignore'
[1.638s] Level 1:colcon.colcon_core.package_identification:_identify(build) ignored
[1.639s] Level 1:colcon.colcon_core.package_identification:_identify(install) by extensions ['ignore', 'ignore_ament_install']
[1.639s] Level 1:colcon.colcon_core.package_identification:_identify(install) by extension 'ignore'
[1.639s] Level 1:colcon.colcon_core.package_identification:_identify(install) ignored
[1.639s] Level 1:colcon.colcon_core.package_identification:_identify(log) by extensions ['ignore', 'ignore_ament_install']
[1.639s] Level 1:colcon.colcon_core.package_identification:_identify(log) by extension 'ignore'
[1.639s] Level 1:colcon.colcon_core.package_identification:_identify(log) ignored
[1.639s] Level 1:colcon.colcon_core.package_identification:_identify(src) by extensions ['ignore', 'ignore_ament_install']
[1.639s] Level 1:colcon.colcon_core.package_identification:_identify(src) by extension 'ignore'
[1.639s] Level 1:colcon.colcon_core.package_identification:_identify(src) by extension 'ignore_ament_install'
[1.640s] Level 1:colcon.colcon_core.package_identification:_identify(src) by extensions ['colcon_pkg']
[1.640s] Level 1:colcon.colcon_core.package_identification:_identify(src) by extension 'colcon_pkg'
[1.640s] Level 1:colcon.colcon_core.package_identification:_identify(src) by extensions ['colcon_meta']
[1.640s] Level 1:colcon.colcon_core.package_identification:_identify(src) by extension 'colcon_meta'
[1.640s] Level 1:colcon.colcon_core.package_identification:_identify(src) by extensions ['ros']
[1.640s] Level 1:colcon.colcon_core.package_identification:_identify(src) by extension 'ros'
[1.640s] Level 1:colcon.colcon_core.package_identification:_identify(src) by extensions ['cmake', 'python']
[1.640s] Level 1:colcon.colcon_core.package_identification:_identify(src) by extension 'cmake'
[1.640s] Level 1:colcon.colcon_core.package_identification:_identify(src) by extension 'python'
[1.640s] Level 1:colcon.colcon_core.package_identification:_identify(src) by extensions ['python_setup_py']
[1.640s] Level 1:colcon.colcon_core.package_identification:_identify(src) by extension 'python_setup_py'
[1.640s] Level 1:colcon.colcon_core.package_identification:_identify(src/more_interfaces) by extensions ['ignore', 'ignore_ament_install']
[1.640s] Level 1:colcon.colcon_core.package_identification:_identify(src/more_interfaces) by extension 'ignore'
[1.640s] Level 1:colcon.colcon_core.package_identification:_identify(src/more_interfaces) by extension 'ignore_ament_install'
[1.641s] Level 1:colcon.colcon_core.package_identification:_identify(src/more_interfaces) by extensions ['colcon_pkg']
[1.641s] Level 1:colcon.colcon_core.package_identification:_identify(src/more_interfaces) by extension 'colcon_pkg'
[1.641s] Level 1:colcon.colcon_core.package_identification:_identify(src/more_interfaces) by extensions ['colcon_meta']
[1.641s] Level 1:colcon.colcon_core.package_identification:_identify(src/more_interfaces) by extension 'colcon_meta'
[1.641s] Level 1:colcon.colcon_core.package_identification:_identify(src/more_interfaces) by extensions ['ros']
[1.641s] Level 1:colcon.colcon_core.package_identification:_identify(src/more_interfaces) by extension 'ros'
[1.644s] DEBUG:colcon.colcon_core.package_identification:Package 'src/more_interfaces' with type 'ros.ament_cmake' and name 'more_interfaces'
[1.645s] Level 1:colcon.colcon_core.package_identification:_identify(src/my_cpp_pkg) by extensions ['ignore', 'ignore_ament_install']
[1.645s] Level 1:colcon.colcon_core.package_identification:_identify(src/my_cpp_pkg) by extension 'ignore'
[1.645s] Level 1:colcon.colcon_core.package_identification:_identify(src/my_cpp_pkg) by extension 'ignore_ament_install'
[1.645s] Level 1:colcon.colcon_core.package_identification:_identify(src/my_cpp_pkg) by extensions ['colcon_pkg']
[1.645s] Level 1:colcon.colcon_core.package_identification:_identify(src/my_cpp_pkg) by extension 'colcon_pkg'
[1.645s] Level 1:colcon.colcon_core.package_identification:_identify(src/my_cpp_pkg) by extensions ['colcon_meta']
[1.645s] Level 1:colcon.colcon_core.package_identification:_identify(src/my_cpp_pkg) by extension 'colcon_meta'
[1.645s] Level 1:colcon.colcon_core.package_identification:_identify(src/my_cpp_pkg) by extensions ['ros']
[1.645s] Level 1:colcon.colcon_core.package_identification:_identify(src/my_cpp_pkg) by extension 'ros'
[1.646s] DEBUG:colcon.colcon_core.package_identification:Package 'src/my_cpp_pkg' with type 'ros.ament_cmake' and name 'my_cpp_pkg'
[1.646s] Level 1:colcon.colcon_core.package_identification:_identify(src/my_new_robot_interfaces) by extensions ['ignore', 'ignore_ament_install']
[1.646s] Level 1:colcon.colcon_core.package_identification:_identify(src/my_new_robot_interfaces) by extension 'ignore'
[1.647s] Level 1:colcon.colcon_core.package_identification:_identify(src/my_new_robot_interfaces) by extension 'ignore_ament_install'
[1.647s] Level 1:colcon.colcon_core.package_identification:_identify(src/my_new_robot_interfaces) by extensions ['colcon_pkg']
[1.647s] Level 1:colcon.colcon_core.package_identification:_identify(src/my_new_robot_interfaces) by extension 'colcon_pkg'
[1.647s] Level 1:colcon.colcon_core.package_identification:_identify(src/my_new_robot_interfaces) by extensions ['colcon_meta']
[1.647s] Level 1:colcon.colcon_core.package_identification:_identify(src/my_new_robot_interfaces) by extension 'colcon_meta'
[1.647s] Level 1:colcon.colcon_core.package_identification:_identify(src/my_new_robot_interfaces) by extensions ['ros']
[1.647s] Level 1:colcon.colcon_core.package_identification:_identify(src/my_new_robot_interfaces) by extension 'ros'
[1.648s] DEBUG:colcon.colcon_core.package_identification:Package 'src/my_new_robot_interfaces' with type 'ros.ament_cmake' and name 'my_new_robot_interfaces'
[1.648s] Level 1:colcon.colcon_core.package_identification:_identify(src/my_py_pkg) by extensions ['ignore', 'ignore_ament_install']
[1.649s] Level 1:colcon.colcon_core.package_identification:_identify(src/my_py_pkg) by extension 'ignore'
[1.649s] Level 1:colcon.colcon_core.package_identification:_identify(src/my_py_pkg) by extension 'ignore_ament_install'
[1.649s] Level 1:colcon.colcon_core.package_identification:_identify(src/my_py_pkg) by extensions ['colcon_pkg']
[1.649s] Level 1:colcon.colcon_core.package_identification:_identify(src/my_py_pkg) by extension 'colcon_pkg'
[1.649s] Level 1:colcon.colcon_core.package_identification:_identify(src/my_py_pkg) by extensions ['colcon_meta']
[1.650s] Level 1:colcon.colcon_core.package_identification:_identify(src/my_py_pkg) by extension 'colcon_meta'
[1.650s] Level 1:colcon.colcon_core.package_identification:_identify(src/my_py_pkg) by extensions ['ros']
[1.650s] Level 1:colcon.colcon_core.package_identification:_identify(src/my_py_pkg) by extension 'ros'
[1.651s] DEBUG:colcon.colcon_core.package_identification:Package 'src/my_py_pkg' with type 'ros.ament_python' and name 'my_py_pkg'
[1.652s] Level 1:colcon.colcon_core.package_identification:_identify(src/my_robot_interfaces) by extensions ['ignore', 'ignore_ament_install']
[1.652s] Level 1:colcon.colcon_core.package_identification:_identify(src/my_robot_interfaces) by extension 'ignore'
[1.652s] Level 1:colcon.colcon_core.package_identification:_identify(src/my_robot_interfaces) by extension 'ignore_ament_install'
[1.652s] Level 1:colcon.colcon_core.package_identification:_identify(src/my_robot_interfaces) by extensions ['colcon_pkg']
[1.652s] Level 1:colcon.colcon_core.package_identification:_identify(src/my_robot_interfaces) by extension 'colcon_pkg'
[1.652s] Level 1:colcon.colcon_core.package_identification:_identify(src/my_robot_interfaces) by extensions ['colcon_meta']
[1.652s] Level 1:colcon.colcon_core.package_identification:_identify(src/my_robot_interfaces) by extension 'colcon_meta'
[1.653s] Level 1:colcon.colcon_core.package_identification:_identify(src/my_robot_interfaces) by extensions ['ros']
[1.653s] Level 1:colcon.colcon_core.package_identification:_identify(src/my_robot_interfaces) by extension 'ros'
[1.654s] DEBUG:colcon.colcon_core.package_identification:Package 'src/my_robot_interfaces' with type 'ros.ament_cmake' and name 'my_robot_interfaces'
[1.654s] Level 1:colcon.colcon_core.package_discovery:discover_packages(recursive) using defaults
[1.654s] Level 1:colcon.colcon_core.package_discovery:discover_packages(ignore) discover
[1.654s] Level 1:colcon.colcon_core.package_discovery:discover_packages(ignore) using defaults
[1.654s] Level 1:colcon.colcon_core.package_discovery:discover_packages(path) discover
[1.654s] Level 1:colcon.colcon_core.package_discovery:discover_packages(path) using defaults
[1.795s] Level 1:colcon.colcon_core.package_discovery:discover_packages(prefix_path) check parameters
[1.795s] Level 1:colcon.colcon_core.package_discovery:discover_packages(prefix_path) discover
[1.818s] WARNING:colcon.colcon_ros.prefix_path.ament:The path '/home/ant/ros2_ws/install/more_interfaces' in the environment variable AMENT_PREFIX_PATH doesn't exist
[1.819s] WARNING:colcon.colcon_ros.prefix_path.ament:The path '/home/ant/ros2_ws/install/my_py_pkg' in the environment variable AMENT_PREFIX_PATH doesn't exist
[1.819s] WARNING:colcon.colcon_ros.prefix_path.ament:The path '/home/ant/ros2_ws/install/my_robot_interfaces' in the environment variable AMENT_PREFIX_PATH doesn't exist
[1.819s] WARNING:colcon.colcon_ros.prefix_path.ament:The path '/home/ant/ros2_ws/install/my_new_robot_interfaces' in the environment variable AMENT_PREFIX_PATH doesn't exist
[1.819s] WARNING:colcon.colcon_ros.prefix_path.ament:The path '/home/ant/ros2_ws/install/my_cpp_pkg' in the environment variable AMENT_PREFIX_PATH doesn't exist
[1.819s] WARNING:colcon.colcon_ros.prefix_path.catkin:The path '/home/ant/ros2_ws/install/more_interfaces' in the environment variable CMAKE_PREFIX_PATH doesn't exist
[1.819s] WARNING:colcon.colcon_ros.prefix_path.catkin:The path '/home/ant/ros2_ws/install/my_robot_interfaces' in the environment variable CMAKE_PREFIX_PATH doesn't exist
[1.819s] WARNING:colcon.colcon_ros.prefix_path.catkin:The path '/home/ant/ros2_ws/install/my_new_robot_interfaces' in the environment variable CMAKE_PREFIX_PATH doesn't exist
[1.819s] WARNING:colcon.colcon_ros.prefix_path.catkin:The path '/home/ant/ros2_ws/install/my_cpp_pkg' in the environment variable CMAKE_PREFIX_PATH doesn't exist
[1.854s] DEBUG:colcon.colcon_installed_package_information.package_discovery:Found 0 installed packages in /home/ant/ros2_ws/install
[1.881s] DEBUG:colcon.colcon_installed_package_information.package_discovery:Found 270 installed packages in /opt/ros/humble
[1.884s] Level 1:colcon.colcon_core.package_discovery:discover_packages(prefix_path) using defaults
[2.061s] Level 5:colcon.colcon_core.verb:set package 'more_interfaces' build argument 'cmake_args' from command line to 'None'
[2.061s] Level 5:colcon.colcon_core.verb:set package 'more_interfaces' build argument 'cmake_target' from command line to 'None'
[2.061s] Level 5:colcon.colcon_core.verb:set package 'more_interfaces' build argument 'cmake_target_skip_unavailable' from command line to 'False'
[2.061s] Level 5:colcon.colcon_core.verb:set package 'more_interfaces' build argument 'cmake_clean_cache' from command line to 'False'
[2.061s] Level 5:colcon.colcon_core.verb:set package 'more_interfaces' build argument 'cmake_clean_first' from command line to 'False'
[2.061s] Level 5:colcon.colcon_core.verb:set package 'more_interfaces' build argument 'cmake_force_configure' from command line to 'False'
[2.061s] Level 5:colcon.colcon_core.verb:set package 'more_interfaces' build argument 'ament_cmake_args' from command line to 'None'
[2.061s] Level 5:colcon.colcon_core.verb:set package 'more_interfaces' build argument 'catkin_cmake_args' from command line to 'None'
[2.061s] Level 5:colcon.colcon_core.verb:set package 'more_interfaces' build argument 'catkin_skip_building_tests' from command line to 'False'
[2.061s] DEBUG:colcon.colcon_core.verb:Building package 'more_interfaces' with the following arguments: {'ament_cmake_args': None, 'build_base': '/home/ant/ros2_ws/build/more_interfaces', 'catkin_cmake_args': None, 'catkin_skip_building_tests': False, 'cmake_args': None, 'cmake_clean_cache': False, 'cmake_clean_first': False, 'cmake_force_configure': False, 'cmake_target': None, 'cmake_target_skip_unavailable': False, 'install_base': '/home/ant/ros2_ws/install/more_interfaces', 'merge_install': False, 'path': '/home/ant/ros2_ws/src/more_interfaces', 'symlink_install': False, 'test_result_base': None}
[2.081s] Level 5:colcon.colcon_core.verb:set package 'my_cpp_pkg' build argument 'cmake_args' from command line to 'None'
[2.081s] Level 5:colcon.colcon_core.verb:set package 'my_cpp_pkg' build argument 'cmake_target' from command line to 'None'
[2.081s] Level 5:colcon.colcon_core.verb:set package 'my_cpp_pkg' build argument 'cmake_target_skip_unavailable' from command line to 'False'
[2.081s] Level 5:colcon.colcon_core.verb:set package 'my_cpp_pkg' build argument 'cmake_clean_cache' from command line to 'False'
[2.081s] Level 5:colcon.colcon_core.verb:set package 'my_cpp_pkg' build argument 'cmake_clean_first' from command line to 'False'
[2.081s] Level 5:colcon.colcon_core.verb:set package 'my_cpp_pkg' build argument 'cmake_force_configure' from command line to 'False'
[2.081s] Level 5:colcon.colcon_core.verb:set package 'my_cpp_pkg' build argument 'ament_cmake_args' from command line to 'None'
[2.081s] Level 5:colcon.colcon_core.verb:set package 'my_cpp_pkg' build argument 'catkin_cmake_args' from command line to 'None'
[2.081s] Level 5:colcon.colcon_core.verb:set package 'my_cpp_pkg' build argument 'catkin_skip_building_tests' from command line to 'False'
[2.082s] DEBUG:colcon.colcon_core.verb:Building package 'my_cpp_pkg' with the following arguments: {'ament_cmake_args': None, 'build_base': '/home/ant/ros2_ws/build/my_cpp_pkg', 'catkin_cmake_args': None, 'catkin_skip_building_tests': False, 'cmake_args': None, 'cmake_clean_cache': False, 'cmake_clean_first': False, 'cmake_force_configure': False, 'cmake_target': None, 'cmake_target_skip_unavailable': False, 'install_base': '/home/ant/ros2_ws/install/my_cpp_pkg', 'merge_install': False, 'path': '/home/ant/ros2_ws/src/my_cpp_pkg', 'symlink_install': False, 'test_result_base': None}
[2.107s] Level 5:colcon.colcon_core.verb:set package 'my_new_robot_interfaces' build argument 'cmake_args' from command line to 'None'
[2.107s] Level 5:colcon.colcon_core.verb:set package 'my_new_robot_interfaces' build argument 'cmake_target' from command line to 'None'
[2.107s] Level 5:colcon.colcon_core.verb:set package 'my_new_robot_interfaces' build argument 'cmake_target_skip_unavailable' from command line to 'False'
[2.107s] Level 5:colcon.colcon_core.verb:set package 'my_new_robot_interfaces' build argument 'cmake_clean_cache' from command line to 'False'
[2.107s] Level 5:colcon.colcon_core.verb:set package 'my_new_robot_interfaces' build argument 'cmake_clean_first' from command line to 'False'
[2.107s] Level 5:colcon.colcon_core.verb:set package 'my_new_robot_interfaces' build argument 'cmake_force_configure' from command line to 'False'
[2.107s] Level 5:colcon.colcon_core.verb:set package 'my_new_robot_interfaces' build argument 'ament_cmake_args' from command line to 'None'
[2.108s] Level 5:colcon.colcon_core.verb:set package 'my_new_robot_interfaces' build argument 'catkin_cmake_args' from command line to 'None'
[2.108s] Level 5:colcon.colcon_core.verb:set package 'my_new_robot_interfaces' build argument 'catkin_skip_building_tests' from command line to 'False'
[2.108s] DEBUG:colcon.colcon_core.verb:Building package 'my_new_robot_interfaces' with the following arguments: {'ament_cmake_args': None, 'build_base': '/home/ant/ros2_ws/build/my_new_robot_interfaces', 'catkin_cmake_args': None, 'catkin_skip_building_tests': False, 'cmake_args': None, 'cmake_clean_cache': False, 'cmake_clean_first': False, 'cmake_force_configure': False, 'cmake_target': None, 'cmake_target_skip_unavailable': False, 'install_base': '/home/ant/ros2_ws/install/my_new_robot_interfaces', 'merge_install': False, 'path': '/home/ant/ros2_ws/src/my_new_robot_interfaces', 'symlink_install': False, 'test_result_base': None}
[2.142s] Level 5:colcon.colcon_core.verb:set package 'my_robot_interfaces' build argument 'cmake_args' from command line to 'None'
[2.142s] Level 5:colcon.colcon_core.verb:set package 'my_robot_interfaces' build argument 'cmake_target' from command line to 'None'
[2.142s] Level 5:colcon.colcon_core.verb:set package 'my_robot_interfaces' build argument 'cmake_target_skip_unavailable' from command line to 'False'
[2.142s] Level 5:colcon.colcon_core.verb:set package 'my_robot_interfaces' build argument 'cmake_clean_cache' from command line to 'False'
[2.142s] Level 5:colcon.colcon_core.verb:set package 'my_robot_interfaces' build argument 'cmake_clean_first' from command line to 'False'
[2.142s] Level 5:colcon.colcon_core.verb:set package 'my_robot_interfaces' build argument 'cmake_force_configure' from command line to 'False'
[2.142s] Level 5:colcon.colcon_core.verb:set package 'my_robot_interfaces' build argument 'ament_cmake_args' from command line to 'None'
[2.142s] Level 5:colcon.colcon_core.verb:set package 'my_robot_interfaces' build argument 'catkin_cmake_args' from command line to 'None'
[2.142s] Level 5:colcon.colcon_core.verb:set package 'my_robot_interfaces' build argument 'catkin_skip_building_tests' from command line to 'False'
[2.142s] DEBUG:colcon.colcon_core.verb:Building package 'my_robot_interfaces' with the following arguments: {'ament_cmake_args': None, 'build_base': '/home/ant/ros2_ws/build/my_robot_interfaces', 'catkin_cmake_args': None, 'catkin_skip_building_tests': False, 'cmake_args': None, 'cmake_clean_cache': False, 'cmake_clean_first': False, 'cmake_force_configure': False, 'cmake_target': None, 'cmake_target_skip_unavailable': False, 'install_base': '/home/ant/ros2_ws/install/my_robot_interfaces', 'merge_install': False, 'path': '/home/ant/ros2_ws/src/my_robot_interfaces', 'symlink_install': False, 'test_result_base': None}
[2.162s] Level 5:colcon.colcon_core.verb:set package 'my_py_pkg' build argument 'cmake_args' from command line to 'None'
[2.162s] Level 5:colcon.colcon_core.verb:set package 'my_py_pkg' build argument 'cmake_target' from command line to 'None'
[2.162s] Level 5:colcon.colcon_core.verb:set package 'my_py_pkg' build argument 'cmake_target_skip_unavailable' from command line to 'False'
[2.162s] Level 5:colcon.colcon_core.verb:set package 'my_py_pkg' build argument 'cmake_clean_cache' from command line to 'False'
[2.162s] Level 5:colcon.colcon_core.verb:set package 'my_py_pkg' build argument 'cmake_clean_first' from command line to 'False'
[2.162s] Level 5:colcon.colcon_core.verb:set package 'my_py_pkg' build argument 'cmake_force_configure' from command line to 'False'
[2.162s] Level 5:colcon.colcon_core.verb:set package 'my_py_pkg' build argument 'ament_cmake_args' from command line to 'None'
[2.162s] Level 5:colcon.colcon_core.verb:set package 'my_py_pkg' build argument 'catkin_cmake_args' from command line to 'None'
[2.162s] Level 5:colcon.colcon_core.verb:set package 'my_py_pkg' build argument 'catkin_skip_building_tests' from command line to 'False'
[2.162s] DEBUG:colcon.colcon_core.verb:Building package 'my_py_pkg' with the following arguments: {'ament_cmake_args': None, 'build_base': '/home/ant/ros2_ws/build/my_py_pkg', 'catkin_cmake_args': None, 'catkin_skip_building_tests': False, 'cmake_args': None, 'cmake_clean_cache': False, 'cmake_clean_first': False, 'cmake_force_configure': False, 'cmake_target': None, 'cmake_target_skip_unavailable': False, 'install_base': '/home/ant/ros2_ws/install/my_py_pkg', 'merge_install': False, 'path': '/home/ant/ros2_ws/src/my_py_pkg', 'symlink_install': False, 'test_result_base': None}
[2.180s] INFO:colcon.colcon_core.executor:Executing jobs using 'parallel' executor
[2.198s] DEBUG:colcon.colcon_parallel_executor.executor.parallel:run_until_complete
[2.198s] INFO:colcon.colcon_ros.task.ament_cmake.build:Building ROS package in '/home/ant/ros2_ws/src/more_interfaces' with build type 'ament_cmake'
[2.198s] INFO:colcon.colcon_cmake.task.cmake.build:Building CMake package in '/home/ant/ros2_ws/src/more_interfaces'
[2.242s] INFO:colcon.colcon_core.plugin_system:Skipping extension 'colcon_core.shell.bat': Not used on non-Windows systems
[2.242s] INFO:colcon.colcon_core.shell:Skip shell extension 'powershell' for command environment: Not usable outside of PowerShell
[2.242s] DEBUG:colcon.colcon_core.shell:Skip shell extension 'dsv' for command environment
[2.316s] INFO:colcon.colcon_ros.task.ament_cmake.build:Building ROS package in '/home/ant/ros2_ws/src/my_robot_interfaces' with build type 'ament_cmake'
[2.317s] INFO:colcon.colcon_cmake.task.cmake.build:Building CMake package in '/home/ant/ros2_ws/src/my_robot_interfaces'
[2.358s] INFO:colcon.colcon_core.shell:Skip shell extension 'powershell' for command environment: Not usable outside of PowerShell
[2.358s] DEBUG:colcon.colcon_core.shell:Skip shell extension 'dsv' for command environment
[2.440s] INFO:colcon.colcon_ros.task.ament_cmake.build:Building ROS package in '/home/ant/ros2_ws/src/my_cpp_pkg' with build type 'ament_cmake'
[2.440s] INFO:colcon.colcon_cmake.task.cmake.build:Building CMake package in '/home/ant/ros2_ws/src/my_cpp_pkg'
[2.476s] INFO:colcon.colcon_core.shell:Skip shell extension 'powershell' for command environment: Not usable outside of PowerShell
[2.476s] DEBUG:colcon.colcon_core.shell:Skip shell extension 'dsv' for command environment
[2.625s] INFO:colcon.colcon_ros.task.ament_cmake.build:Building ROS package in '/home/ant/ros2_ws/src/my_new_robot_interfaces' with build type 'ament_cmake'
[2.625s] INFO:colcon.colcon_cmake.task.cmake.build:Building CMake package in '/home/ant/ros2_ws/src/my_new_robot_interfaces'
[2.676s] INFO:colcon.colcon_core.shell:Skip shell extension 'powershell' for command environment: Not usable outside of PowerShell
[2.676s] DEBUG:colcon.colcon_core.shell:Skip shell extension 'dsv' for command environment
[2.772s] DEBUG:colcon.colcon_core.event_handler.log_command:Invoking command in '/home/ant/ros2_ws/build/more_interfaces': CMAKE_PREFIX_PATH=${CMAKE_PREFIX_PATH}:/home/ant/ros2_ws/install/my_py_pkg:/opt/ros/humble CONDA_PROMPT_MODIFIER=(py310) /usr/bin/cmake --build /home/ant/ros2_ws/build/more_interfaces -- -j4 -l4
[2.781s] DEBUG:colcon.colcon_core.event_handler.log_command:Invoking command in '/home/ant/ros2_ws/build/my_robot_interfaces': CMAKE_PREFIX_PATH=${CMAKE_PREFIX_PATH}:/home/ant/ros2_ws/install/my_py_pkg:/opt/ros/humble CONDA_PROMPT_MODIFIER=(py310) /usr/bin/cmake --build /home/ant/ros2_ws/build/my_robot_interfaces -- -j4 -l4
[2.789s] DEBUG:colcon.colcon_core.event_handler.log_command:Invoking command in '/home/ant/ros2_ws/build/my_cpp_pkg': CMAKE_PREFIX_PATH=${CMAKE_PREFIX_PATH}:/home/ant/ros2_ws/install/my_py_pkg:/opt/ros/humble CONDA_PROMPT_MODIFIER=(py310) /usr/bin/cmake --build /home/ant/ros2_ws/build/my_cpp_pkg -- -j4 -l4
[2.803s] DEBUG:colcon.colcon_core.event_handler.log_command:Invoking command in '/home/ant/ros2_ws/build/my_new_robot_interfaces': CMAKE_PREFIX_PATH=${CMAKE_PREFIX_PATH}:/home/ant/ros2_ws/install/my_py_pkg:/opt/ros/humble CONDA_PROMPT_MODIFIER=(py310) /usr/bin/cmake --build /home/ant/ros2_ws/build/my_new_robot_interfaces -- -j4 -l4
[3.572s] DEBUG:colcon.colcon_core.event_handler.log_command:Invoked command in '/home/ant/ros2_ws/build/my_cpp_pkg' returned '0': CMAKE_PREFIX_PATH=${CMAKE_PREFIX_PATH}:/home/ant/ros2_ws/install/my_py_pkg:/opt/ros/humble CONDA_PROMPT_MODIFIER=(py310) /usr/bin/cmake --build /home/ant/ros2_ws/build/my_cpp_pkg -- -j4 -l4
[4.475s] DEBUG:colcon.colcon_core.event_handler.log_command:Invoking command in '/home/ant/ros2_ws/build/my_cpp_pkg': CMAKE_PREFIX_PATH=${CMAKE_PREFIX_PATH}:/home/ant/ros2_ws/install/my_py_pkg:/opt/ros/humble CONDA_PROMPT_MODIFIER=(py310) /usr/bin/cmake --install /home/ant/ros2_ws/build/my_cpp_pkg
[4.776s] DEBUG:colcon.colcon_core.event_handler.log_command:Invoked command in '/home/ant/ros2_ws/build/my_new_robot_interfaces' returned '0': CMAKE_PREFIX_PATH=${CMAKE_PREFIX_PATH}:/home/ant/ros2_ws/install/my_py_pkg:/opt/ros/humble CONDA_PROMPT_MODIFIER=(py310) /usr/bin/cmake --build /home/ant/ros2_ws/build/my_new_robot_interfaces -- -j4 -l4
[4.794s] Level 1:colcon.colcon_core.environment:create_environment_scripts_only(my_cpp_pkg)
[4.846s] DEBUG:colcon.colcon_core.event_handler.log_command:Invoked command in '/home/ant/ros2_ws/build/my_cpp_pkg' returned '0': CMAKE_PREFIX_PATH=${CMAKE_PREFIX_PATH}:/home/ant/ros2_ws/install/my_py_pkg:/opt/ros/humble CONDA_PROMPT_MODIFIER=(py310) /usr/bin/cmake --install /home/ant/ros2_ws/build/my_cpp_pkg
[5.073s] Level 1:colcon.colcon_core.environment:checking '/home/ant/ros2_ws/install/my_cpp_pkg' for CMake module files
[5.081s] Level 1:colcon.colcon_core.environment:checking '/home/ant/ros2_ws/install/my_cpp_pkg' for CMake config files
[5.083s] Level 1:colcon.colcon_core.shell:create_environment_hook('my_cpp_pkg', 'cmake_prefix_path')
[5.167s] INFO:colcon.colcon_core.shell:Creating environment hook '/home/ant/ros2_ws/install/my_cpp_pkg/share/my_cpp_pkg/hook/cmake_prefix_path.ps1'
[5.170s] INFO:colcon.colcon_core.shell:Creating environment descriptor '/home/ant/ros2_ws/install/my_cpp_pkg/share/my_cpp_pkg/hook/cmake_prefix_path.dsv'
[5.174s] INFO:colcon.colcon_core.shell:Creating environment hook '/home/ant/ros2_ws/install/my_cpp_pkg/share/my_cpp_pkg/hook/cmake_prefix_path.sh'
[5.179s] Level 1:colcon.colcon_core.environment:checking '/home/ant/ros2_ws/install/my_cpp_pkg/lib'
[5.181s] Level 1:colcon.colcon_core.environment:checking '/home/ant/ros2_ws/install/my_cpp_pkg/bin'
[5.181s] Level 1:colcon.colcon_core.environment:checking '/home/ant/ros2_ws/install/my_cpp_pkg/lib/pkgconfig/my_cpp_pkg.pc'
[5.182s] Level 1:colcon.colcon_core.environment:checking '/home/ant/ros2_ws/install/my_cpp_pkg/lib/python3.10/site-packages'
[5.185s] Level 1:colcon.colcon_core.environment:checking '/home/ant/ros2_ws/install/my_cpp_pkg/bin'
[5.227s] INFO:colcon.colcon_core.shell:Creating package script '/home/ant/ros2_ws/install/my_cpp_pkg/share/my_cpp_pkg/package.ps1'
[5.229s] INFO:colcon.colcon_core.shell:Creating package descriptor '/home/ant/ros2_ws/install/my_cpp_pkg/share/my_cpp_pkg/package.dsv'
[5.231s] INFO:colcon.colcon_core.shell:Creating package script '/home/ant/ros2_ws/install/my_cpp_pkg/share/my_cpp_pkg/package.sh'
[5.234s] INFO:colcon.colcon_core.shell:Creating package script '/home/ant/ros2_ws/install/my_cpp_pkg/share/my_cpp_pkg/package.bash'
[5.237s] INFO:colcon.colcon_core.shell:Creating package script '/home/ant/ros2_ws/install/my_cpp_pkg/share/my_cpp_pkg/package.zsh'
[5.239s] Level 1:colcon.colcon_core.environment:create_file_with_runtime_dependencies(/home/ant/ros2_ws/install/my_cpp_pkg/share/colcon-core/packages/my_cpp_pkg)
[5.247s] DEBUG:colcon.colcon_core.event_handler.log_command:Invoked command in '/home/ant/ros2_ws/build/more_interfaces' returned '0': CMAKE_PREFIX_PATH=${CMAKE_PREFIX_PATH}:/home/ant/ros2_ws/install/my_py_pkg:/opt/ros/humble CONDA_PROMPT_MODIFIER=(py310) /usr/bin/cmake --build /home/ant/ros2_ws/build/more_interfaces -- -j4 -l4
[5.261s] DEBUG:colcon.colcon_core.event_handler.log_command:Invoking command in '/home/ant/ros2_ws/build/my_new_robot_interfaces': CMAKE_PREFIX_PATH=${CMAKE_PREFIX_PATH}:/home/ant/ros2_ws/install/my_py_pkg:/opt/ros/humble CONDA_PROMPT_MODIFIER=(py310) /usr/bin/cmake --install /home/ant/ros2_ws/build/my_new_robot_interfaces
[5.415s] DEBUG:colcon.colcon_core.event_handler.log_command:Invoked command in '/home/ant/ros2_ws/build/my_robot_interfaces' returned '0': CMAKE_PREFIX_PATH=${CMAKE_PREFIX_PATH}:/home/ant/ros2_ws/install/my_py_pkg:/opt/ros/humble CONDA_PROMPT_MODIFIER=(py310) /usr/bin/cmake --build /home/ant/ros2_ws/build/my_robot_interfaces -- -j4 -l4
[5.587s] Level 1:colcon.colcon_core.environment:create_environment_scripts_only(my_cpp_pkg)
[5.645s] Level 1:colcon.colcon_core.environment:checking '/home/ant/ros2_ws/install/my_cpp_pkg' for CMake module files
[5.646s] Level 1:colcon.colcon_core.environment:checking '/home/ant/ros2_ws/install/my_cpp_pkg' for CMake config files
[5.647s] Level 1:colcon.colcon_core.shell:create_environment_hook('my_cpp_pkg', 'cmake_prefix_path')
[5.715s] INFO:colcon.colcon_core.shell:Creating environment hook '/home/ant/ros2_ws/install/my_cpp_pkg/share/my_cpp_pkg/hook/cmake_prefix_path.ps1'
[5.716s] INFO:colcon.colcon_core.shell:Creating environment descriptor '/home/ant/ros2_ws/install/my_cpp_pkg/share/my_cpp_pkg/hook/cmake_prefix_path.dsv'
[5.717s] INFO:colcon.colcon_core.shell:Creating environment hook '/home/ant/ros2_ws/install/my_cpp_pkg/share/my_cpp_pkg/hook/cmake_prefix_path.sh'
[5.719s] Level 1:colcon.colcon_core.environment:checking '/home/ant/ros2_ws/install/my_cpp_pkg/lib'
[5.719s] Level 1:colcon.colcon_core.environment:checking '/home/ant/ros2_ws/install/my_cpp_pkg/bin'
[5.720s] Level 1:colcon.colcon_core.environment:checking '/home/ant/ros2_ws/install/my_cpp_pkg/lib/pkgconfig/my_cpp_pkg.pc'
[5.720s] Level 1:colcon.colcon_core.environment:checking '/home/ant/ros2_ws/install/my_cpp_pkg/lib/python3.10/site-packages'
[5.721s] Level 1:colcon.colcon_core.environment:checking '/home/ant/ros2_ws/install/my_cpp_pkg/bin'
[5.808s] INFO:colcon.colcon_core.shell:Creating package script '/home/ant/ros2_ws/install/my_cpp_pkg/share/my_cpp_pkg/package.ps1'
[5.810s] INFO:colcon.colcon_core.shell:Creating package descriptor '/home/ant/ros2_ws/install/my_cpp_pkg/share/my_cpp_pkg/package.dsv'
[5.812s] INFO:colcon.colcon_core.shell:Creating package script '/home/ant/ros2_ws/install/my_cpp_pkg/share/my_cpp_pkg/package.sh'
[5.814s] INFO:colcon.colcon_core.shell:Creating package script '/home/ant/ros2_ws/install/my_cpp_pkg/share/my_cpp_pkg/package.bash'
[5.816s] INFO:colcon.colcon_core.shell:Creating package script '/home/ant/ros2_ws/install/my_cpp_pkg/share/my_cpp_pkg/package.zsh'
[5.820s] Level 1:colcon.colcon_core.environment:create_file_with_runtime_dependencies(/home/ant/ros2_ws/install/my_cpp_pkg/share/colcon-core/packages/my_cpp_pkg)
[5.830s] DEBUG:colcon.colcon_core.event_handler.log_command:Invoking command in '/home/ant/ros2_ws/build/my_robot_interfaces': CMAKE_PREFIX_PATH=${CMAKE_PREFIX_PATH}:/home/ant/ros2_ws/install/my_py_pkg:/opt/ros/humble CONDA_PROMPT_MODIFIER=(py310) /usr/bin/cmake --install /home/ant/ros2_ws/build/my_robot_interfaces
[5.834s] DEBUG:colcon.colcon_core.event_handler.log_command:Invoking command in '/home/ant/ros2_ws/build/more_interfaces': CMAKE_PREFIX_PATH=${CMAKE_PREFIX_PATH}:/home/ant/ros2_ws/install/my_py_pkg:/opt/ros/humble CONDA_PROMPT_MODIFIER=(py310) /usr/bin/cmake --install /home/ant/ros2_ws/build/more_interfaces
[5.839s] Level 1:colcon.colcon_core.environment:create_environment_scripts_only(my_new_robot_interfaces)
[5.841s] DEBUG:colcon.colcon_core.event_handler.log_command:Invoked command in '/home/ant/ros2_ws/build/my_new_robot_interfaces' returned '0': CMAKE_PREFIX_PATH=${CMAKE_PREFIX_PATH}:/home/ant/ros2_ws/install/my_py_pkg:/opt/ros/humble CONDA_PROMPT_MODIFIER=(py310) /usr/bin/cmake --install /home/ant/ros2_ws/build/my_new_robot_interfaces
[5.976s] Level 1:colcon.colcon_core.environment:checking '/home/ant/ros2_ws/install/my_new_robot_interfaces' for CMake module files
[6.018s] Level 1:colcon.colcon_core.environment:checking '/home/ant/ros2_ws/install/my_new_robot_interfaces' for CMake config files
[6.020s] Level 1:colcon.colcon_core.shell:create_environment_hook('my_new_robot_interfaces', 'cmake_prefix_path')
[6.221s] INFO:colcon.colcon_core.shell:Creating environment hook '/home/ant/ros2_ws/install/my_new_robot_interfaces/share/my_new_robot_interfaces/hook/cmake_prefix_path.ps1'
[6.223s] INFO:colcon.colcon_core.shell:Creating environment descriptor '/home/ant/ros2_ws/install/my_new_robot_interfaces/share/my_new_robot_interfaces/hook/cmake_prefix_path.dsv'
[6.224s] INFO:colcon.colcon_core.shell:Creating environment hook '/home/ant/ros2_ws/install/my_new_robot_interfaces/share/my_new_robot_interfaces/hook/cmake_prefix_path.sh'
[6.226s] Level 1:colcon.colcon_core.environment:checking '/home/ant/ros2_ws/install/my_new_robot_interfaces/lib'
[6.226s] Level 1:colcon.colcon_core.shell:create_environment_hook('my_new_robot_interfaces', 'ld_library_path_lib')
[6.261s] INFO:colcon.colcon_core.shell:Creating environment hook '/home/ant/ros2_ws/install/my_new_robot_interfaces/share/my_new_robot_interfaces/hook/ld_library_path_lib.ps1'
[6.263s] INFO:colcon.colcon_core.shell:Creating environment descriptor '/home/ant/ros2_ws/install/my_new_robot_interfaces/share/my_new_robot_interfaces/hook/ld_library_path_lib.dsv'
[6.275s] INFO:colcon.colcon_core.shell:Creating environment hook '/home/ant/ros2_ws/install/my_new_robot_interfaces/share/my_new_robot_interfaces/hook/ld_library_path_lib.sh'
[6.278s] Level 1:colcon.colcon_core.environment:checking '/home/ant/ros2_ws/install/my_new_robot_interfaces/bin'
[6.279s] Level 1:colcon.colcon_core.environment:checking '/home/ant/ros2_ws/install/my_new_robot_interfaces/lib/pkgconfig/my_new_robot_interfaces.pc'
[6.280s] Level 1:colcon.colcon_core.environment:checking '/home/ant/ros2_ws/install/my_new_robot_interfaces/lib/python3.10/site-packages'
[6.280s] Level 1:colcon.colcon_core.environment:checking '/home/ant/ros2_ws/install/my_new_robot_interfaces/bin'
[6.331s] INFO:colcon.colcon_core.shell:Creating package script '/home/ant/ros2_ws/install/my_new_robot_interfaces/share/my_new_robot_interfaces/package.ps1'
[6.333s] INFO:colcon.colcon_core.shell:Creating package descriptor '/home/ant/ros2_ws/install/my_new_robot_interfaces/share/my_new_robot_interfaces/package.dsv'
[6.334s] INFO:colcon.colcon_core.shell:Creating package script '/home/ant/ros2_ws/install/my_new_robot_interfaces/share/my_new_robot_interfaces/package.sh'
[6.336s] INFO:colcon.colcon_core.shell:Creating package script '/home/ant/ros2_ws/install/my_new_robot_interfaces/share/my_new_robot_interfaces/package.bash'
[6.338s] INFO:colcon.colcon_core.shell:Creating package script '/home/ant/ros2_ws/install/my_new_robot_interfaces/share/my_new_robot_interfaces/package.zsh'
[6.341s] Level 1:colcon.colcon_core.environment:create_file_with_runtime_dependencies(/home/ant/ros2_ws/install/my_new_robot_interfaces/share/colcon-core/packages/my_new_robot_interfaces)
[6.351s] Level 1:colcon.colcon_core.environment:create_environment_scripts_only(more_interfaces)
[6.352s] DEBUG:colcon.colcon_core.event_handler.log_command:Invoked command in '/home/ant/ros2_ws/build/more_interfaces' returned '0': CMAKE_PREFIX_PATH=${CMAKE_PREFIX_PATH}:/home/ant/ros2_ws/install/my_py_pkg:/opt/ros/humble CONDA_PROMPT_MODIFIER=(py310) /usr/bin/cmake --install /home/ant/ros2_ws/build/more_interfaces
[6.405s] Level 1:colcon.colcon_core.environment:checking '/home/ant/ros2_ws/install/more_interfaces' for CMake module files
[6.407s] Level 1:colcon.colcon_core.environment:checking '/home/ant/ros2_ws/install/more_interfaces' for CMake config files
[6.408s] Level 1:colcon.colcon_core.shell:create_environment_hook('more_interfaces', 'cmake_prefix_path')
[6.456s] INFO:colcon.colcon_core.shell:Creating environment hook '/home/ant/ros2_ws/install/more_interfaces/share/more_interfaces/hook/cmake_prefix_path.ps1'
[6.457s] INFO:colcon.colcon_core.shell:Creating environment descriptor '/home/ant/ros2_ws/install/more_interfaces/share/more_interfaces/hook/cmake_prefix_path.dsv'
[6.458s] INFO:colcon.colcon_core.shell:Creating environment hook '/home/ant/ros2_ws/install/more_interfaces/share/more_interfaces/hook/cmake_prefix_path.sh'
[6.459s] Level 1:colcon.colcon_core.environment:checking '/home/ant/ros2_ws/install/more_interfaces/lib'
[6.459s] Level 1:colcon.colcon_core.shell:create_environment_hook('more_interfaces', 'ld_library_path_lib')
[6.493s] INFO:colcon.colcon_core.shell:Creating environment hook '/home/ant/ros2_ws/install/more_interfaces/share/more_interfaces/hook/ld_library_path_lib.ps1'
[6.495s] INFO:colcon.colcon_core.shell:Creating environment descriptor '/home/ant/ros2_ws/install/more_interfaces/share/more_interfaces/hook/ld_library_path_lib.dsv'
[6.498s] INFO:colcon.colcon_core.shell:Creating environment hook '/home/ant/ros2_ws/install/more_interfaces/share/more_interfaces/hook/ld_library_path_lib.sh'
[6.502s] Level 1:colcon.colcon_core.environment:checking '/home/ant/ros2_ws/install/more_interfaces/bin'
[6.502s] Level 1:colcon.colcon_core.environment:checking '/home/ant/ros2_ws/install/more_interfaces/lib/pkgconfig/more_interfaces.pc'
[6.503s] Level 1:colcon.colcon_core.environment:checking '/home/ant/ros2_ws/install/more_interfaces/lib/python3.10/site-packages'
[6.504s] Level 1:colcon.colcon_core.environment:checking '/home/ant/ros2_ws/install/more_interfaces/bin'
[6.541s] INFO:colcon.colcon_core.shell:Creating package script '/home/ant/ros2_ws/install/more_interfaces/share/more_interfaces/package.ps1'
[6.542s] INFO:colcon.colcon_core.shell:Creating package descriptor '/home/ant/ros2_ws/install/more_interfaces/share/more_interfaces/package.dsv'
[6.542s] INFO:colcon.colcon_core.shell:Creating package script '/home/ant/ros2_ws/install/more_interfaces/share/more_interfaces/package.sh'
[6.543s] INFO:colcon.colcon_core.shell:Creating package script '/home/ant/ros2_ws/install/more_interfaces/share/more_interfaces/package.bash'
[6.543s] INFO:colcon.colcon_core.shell:Creating package script '/home/ant/ros2_ws/install/more_interfaces/share/more_interfaces/package.zsh'
[6.544s] Level 1:colcon.colcon_core.environment:create_file_with_runtime_dependencies(/home/ant/ros2_ws/install/more_interfaces/share/colcon-core/packages/more_interfaces)
[6.546s] Level 1:colcon.colcon_core.environment:create_environment_scripts_only(my_robot_interfaces)
[6.547s] DEBUG:colcon.colcon_core.event_handler.log_command:Invoked command in '/home/ant/ros2_ws/build/my_robot_interfaces' returned '0': CMAKE_PREFIX_PATH=${CMAKE_PREFIX_PATH}:/home/ant/ros2_ws/install/my_py_pkg:/opt/ros/humble CONDA_PROMPT_MODIFIER=(py310) /usr/bin/cmake --install /home/ant/ros2_ws/build/my_robot_interfaces
[6.585s] Level 1:colcon.colcon_core.environment:checking '/home/ant/ros2_ws/install/my_robot_interfaces' for CMake module files
[6.588s] Level 1:colcon.colcon_core.environment:checking '/home/ant/ros2_ws/install/my_robot_interfaces' for CMake config files
[6.589s] Level 1:colcon.colcon_core.shell:create_environment_hook('my_robot_interfaces', 'cmake_prefix_path')
[6.643s] INFO:colcon.colcon_core.shell:Creating environment hook '/home/ant/ros2_ws/install/my_robot_interfaces/share/my_robot_interfaces/hook/cmake_prefix_path.ps1'
[6.644s] INFO:colcon.colcon_core.shell:Creating environment descriptor '/home/ant/ros2_ws/install/my_robot_interfaces/share/my_robot_interfaces/hook/cmake_prefix_path.dsv'
[6.645s] INFO:colcon.colcon_core.shell:Creating environment hook '/home/ant/ros2_ws/install/my_robot_interfaces/share/my_robot_interfaces/hook/cmake_prefix_path.sh'
[6.647s] Level 1:colcon.colcon_core.environment:checking '/home/ant/ros2_ws/install/my_robot_interfaces/lib'
[6.647s] Level 1:colcon.colcon_core.shell:create_environment_hook('my_robot_interfaces', 'ld_library_path_lib')
[6.681s] INFO:colcon.colcon_core.shell:Creating environment hook '/home/ant/ros2_ws/install/my_robot_interfaces/share/my_robot_interfaces/hook/ld_library_path_lib.ps1'
[6.681s] INFO:colcon.colcon_core.shell:Creating environment descriptor '/home/ant/ros2_ws/install/my_robot_interfaces/share/my_robot_interfaces/hook/ld_library_path_lib.dsv'
[6.682s] INFO:colcon.colcon_core.shell:Creating environment hook '/home/ant/ros2_ws/install/my_robot_interfaces/share/my_robot_interfaces/hook/ld_library_path_lib.sh'
[6.683s] Level 1:colcon.colcon_core.environment:checking '/home/ant/ros2_ws/install/my_robot_interfaces/bin'
[6.683s] Level 1:colcon.colcon_core.environment:checking '/home/ant/ros2_ws/install/my_robot_interfaces/lib/pkgconfig/my_robot_interfaces.pc'
[6.684s] Level 1:colcon.colcon_core.environment:checking '/home/ant/ros2_ws/install/my_robot_interfaces/lib/python3.10/site-packages'
[6.685s] Level 1:colcon.colcon_core.environment:checking '/home/ant/ros2_ws/install/my_robot_interfaces/bin'
[6.739s] INFO:colcon.colcon_core.shell:Creating package script '/home/ant/ros2_ws/install/my_robot_interfaces/share/my_robot_interfaces/package.ps1'
[6.740s] INFO:colcon.colcon_core.shell:Creating package descriptor '/home/ant/ros2_ws/install/my_robot_interfaces/share/my_robot_interfaces/package.dsv'
[6.741s] INFO:colcon.colcon_core.shell:Creating package script '/home/ant/ros2_ws/install/my_robot_interfaces/share/my_robot_interfaces/package.sh'
[6.742s] INFO:colcon.colcon_core.shell:Creating package script '/home/ant/ros2_ws/install/my_robot_interfaces/share/my_robot_interfaces/package.bash'
[6.743s] INFO:colcon.colcon_core.shell:Creating package script '/home/ant/ros2_ws/install/my_robot_interfaces/share/my_robot_interfaces/package.zsh'
[6.743s] Level 1:colcon.colcon_core.environment:create_file_with_runtime_dependencies(/home/ant/ros2_ws/install/my_robot_interfaces/share/colcon-core/packages/my_robot_interfaces)
[6.788s] Level 1:colcon.colcon_core.environment:create_environment_scripts_only(my_new_robot_interfaces)
[6.844s] Level 1:colcon.colcon_core.environment:checking '/home/ant/ros2_ws/install/my_new_robot_interfaces' for CMake module files
[6.845s] Level 1:colcon.colcon_core.environment:checking '/home/ant/ros2_ws/install/my_new_robot_interfaces' for CMake config files
[6.846s] Level 1:colcon.colcon_core.shell:create_environment_hook('my_new_robot_interfaces', 'cmake_prefix_path')
[6.876s] INFO:colcon.colcon_core.shell:Creating environment hook '/home/ant/ros2_ws/install/my_new_robot_interfaces/share/my_new_robot_interfaces/hook/cmake_prefix_path.ps1'
[6.877s] INFO:colcon.colcon_core.shell:Creating environment descriptor '/home/ant/ros2_ws/install/my_new_robot_interfaces/share/my_new_robot_interfaces/hook/cmake_prefix_path.dsv'
[6.878s] INFO:colcon.colcon_core.shell:Creating environment hook '/home/ant/ros2_ws/install/my_new_robot_interfaces/share/my_new_robot_interfaces/hook/cmake_prefix_path.sh'
[6.879s] Level 1:colcon.colcon_core.environment:checking '/home/ant/ros2_ws/install/my_new_robot_interfaces/lib'
[6.879s] Level 1:colcon.colcon_core.shell:create_environment_hook('my_new_robot_interfaces', 'ld_library_path_lib')
[6.943s] INFO:colcon.colcon_core.shell:Creating environment hook '/home/ant/ros2_ws/install/my_new_robot_interfaces/share/my_new_robot_interfaces/hook/ld_library_path_lib.ps1'
[6.945s] INFO:colcon.colcon_core.shell:Creating environment descriptor '/home/ant/ros2_ws/install/my_new_robot_interfaces/share/my_new_robot_interfaces/hook/ld_library_path_lib.dsv'
[6.946s] INFO:colcon.colcon_core.shell:Creating environment hook '/home/ant/ros2_ws/install/my_new_robot_interfaces/share/my_new_robot_interfaces/hook/ld_library_path_lib.sh'
[6.947s] Level 1:colcon.colcon_core.environment:checking '/home/ant/ros2_ws/install/my_new_robot_interfaces/bin'
[6.947s] Level 1:colcon.colcon_core.environment:checking '/home/ant/ros2_ws/install/my_new_robot_interfaces/lib/pkgconfig/my_new_robot_interfaces.pc'
[6.948s] Level 1:colcon.colcon_core.environment:checking '/home/ant/ros2_ws/install/my_new_robot_interfaces/lib/python3.10/site-packages'
[6.948s] Level 1:colcon.colcon_core.environment:checking '/home/ant/ros2_ws/install/my_new_robot_interfaces/bin'
[6.991s] INFO:colcon.colcon_core.shell:Creating package script '/home/ant/ros2_ws/install/my_new_robot_interfaces/share/my_new_robot_interfaces/package.ps1'
[6.992s] INFO:colcon.colcon_core.shell:Creating package descriptor '/home/ant/ros2_ws/install/my_new_robot_interfaces/share/my_new_robot_interfaces/package.dsv'
[6.993s] INFO:colcon.colcon_core.shell:Creating package script '/home/ant/ros2_ws/install/my_new_robot_interfaces/share/my_new_robot_interfaces/package.sh'
[6.993s] INFO:colcon.colcon_core.shell:Creating package script '/home/ant/ros2_ws/install/my_new_robot_interfaces/share/my_new_robot_interfaces/package.bash'
[6.994s] INFO:colcon.colcon_core.shell:Creating package script '/home/ant/ros2_ws/install/my_new_robot_interfaces/share/my_new_robot_interfaces/package.zsh'
[6.994s] Level 1:colcon.colcon_core.environment:create_file_with_runtime_dependencies(/home/ant/ros2_ws/install/my_new_robot_interfaces/share/colcon-core/packages/my_new_robot_interfaces)
[7.045s] Level 1:colcon.colcon_core.environment:create_environment_scripts_only(more_interfaces)
[7.095s] Level 1:colcon.colcon_core.environment:checking '/home/ant/ros2_ws/install/more_interfaces' for CMake module files
[7.096s] Level 1:colcon.colcon_core.environment:checking '/home/ant/ros2_ws/install/more_interfaces' for CMake config files
[7.096s] Level 1:colcon.colcon_core.shell:create_environment_hook('more_interfaces', 'cmake_prefix_path')
[7.149s] INFO:colcon.colcon_core.shell:Creating environment hook '/home/ant/ros2_ws/install/more_interfaces/share/more_interfaces/hook/cmake_prefix_path.ps1'
[7.150s] INFO:colcon.colcon_core.shell:Creating environment descriptor '/home/ant/ros2_ws/install/more_interfaces/share/more_interfaces/hook/cmake_prefix_path.dsv'
[7.150s] INFO:colcon.colcon_core.shell:Creating environment hook '/home/ant/ros2_ws/install/more_interfaces/share/more_interfaces/hook/cmake_prefix_path.sh'
[7.151s] Level 1:colcon.colcon_core.environment:checking '/home/ant/ros2_ws/install/more_interfaces/lib'
[7.152s] Level 1:colcon.colcon_core.shell:create_environment_hook('more_interfaces', 'ld_library_path_lib')
[7.177s] INFO:colcon.colcon_core.shell:Creating environment hook '/home/ant/ros2_ws/install/more_interfaces/share/more_interfaces/hook/ld_library_path_lib.ps1'
[7.178s] INFO:colcon.colcon_core.shell:Creating environment descriptor '/home/ant/ros2_ws/install/more_interfaces/share/more_interfaces/hook/ld_library_path_lib.dsv'
[7.178s] INFO:colcon.colcon_core.shell:Creating environment hook '/home/ant/ros2_ws/install/more_interfaces/share/more_interfaces/hook/ld_library_path_lib.sh'
[7.179s] Level 1:colcon.colcon_core.environment:checking '/home/ant/ros2_ws/install/more_interfaces/bin'
[7.179s] Level 1:colcon.colcon_core.environment:checking '/home/ant/ros2_ws/install/more_interfaces/lib/pkgconfig/more_interfaces.pc'
[7.179s] Level 1:colcon.colcon_core.environment:checking '/home/ant/ros2_ws/install/more_interfaces/lib/python3.10/site-packages'
[7.179s] Level 1:colcon.colcon_core.environment:checking '/home/ant/ros2_ws/install/more_interfaces/bin'
[7.199s] INFO:colcon.colcon_core.shell:Creating package script '/home/ant/ros2_ws/install/more_interfaces/share/more_interfaces/package.ps1'
[7.200s] INFO:colcon.colcon_core.shell:Creating package descriptor '/home/ant/ros2_ws/install/more_interfaces/share/more_interfaces/package.dsv'
[7.203s] INFO:colcon.colcon_core.shell:Creating package script '/home/ant/ros2_ws/install/more_interfaces/share/more_interfaces/package.sh'
[7.205s] INFO:colcon.colcon_core.shell:Creating package script '/home/ant/ros2_ws/install/more_interfaces/share/more_interfaces/package.bash'
[7.206s] INFO:colcon.colcon_core.shell:Creating package script '/home/ant/ros2_ws/install/more_interfaces/share/more_interfaces/package.zsh'
[7.208s] Level 1:colcon.colcon_core.environment:create_file_with_runtime_dependencies(/home/ant/ros2_ws/install/more_interfaces/share/colcon-core/packages/more_interfaces)
[7.256s] Level 1:colcon.colcon_core.environment:create_environment_scripts_only(my_robot_interfaces)
[7.292s] Level 1:colcon.colcon_core.environment:checking '/home/ant/ros2_ws/install/my_robot_interfaces' for CMake module files
[7.294s] Level 1:colcon.colcon_core.environment:checking '/home/ant/ros2_ws/install/my_robot_interfaces' for CMake config files
[7.294s] Level 1:colcon.colcon_core.shell:create_environment_hook('my_robot_interfaces', 'cmake_prefix_path')
[7.336s] INFO:colcon.colcon_core.shell:Creating environment hook '/home/ant/ros2_ws/install/my_robot_interfaces/share/my_robot_interfaces/hook/cmake_prefix_path.ps1'
[7.339s] INFO:colcon.colcon_core.shell:Creating environment descriptor '/home/ant/ros2_ws/install/my_robot_interfaces/share/my_robot_interfaces/hook/cmake_prefix_path.dsv'
[7.341s] INFO:colcon.colcon_core.shell:Creating environment hook '/home/ant/ros2_ws/install/my_robot_interfaces/share/my_robot_interfaces/hook/cmake_prefix_path.sh'
[7.345s] Level 1:colcon.colcon_core.environment:checking '/home/ant/ros2_ws/install/my_robot_interfaces/lib'
[7.348s] Level 1:colcon.colcon_core.shell:create_environment_hook('my_robot_interfaces', 'ld_library_path_lib')
[7.409s] INFO:colcon.colcon_core.shell:Creating environment hook '/home/ant/ros2_ws/install/my_robot_interfaces/share/my_robot_interfaces/hook/ld_library_path_lib.ps1'
[7.422s] INFO:colcon.colcon_core.shell:Creating environment descriptor '/home/ant/ros2_ws/install/my_robot_interfaces/share/my_robot_interfaces/hook/ld_library_path_lib.dsv'
[7.423s] INFO:colcon.colcon_core.shell:Creating environment hook '/home/ant/ros2_ws/install/my_robot_interfaces/share/my_robot_interfaces/hook/ld_library_path_lib.sh'
[7.424s] Level 1:colcon.colcon_core.environment:checking '/home/ant/ros2_ws/install/my_robot_interfaces/bin'
[7.424s] Level 1:colcon.colcon_core.environment:checking '/home/ant/ros2_ws/install/my_robot_interfaces/lib/pkgconfig/my_robot_interfaces.pc'
[7.425s] Level 1:colcon.colcon_core.environment:checking '/home/ant/ros2_ws/install/my_robot_interfaces/lib/python3.10/site-packages'
[7.426s] Level 1:colcon.colcon_core.environment:checking '/home/ant/ros2_ws/install/my_robot_interfaces/bin'
[7.467s] INFO:colcon.colcon_core.shell:Creating package script '/home/ant/ros2_ws/install/my_robot_interfaces/share/my_robot_interfaces/package.ps1'
[7.468s] INFO:colcon.colcon_core.shell:Creating package descriptor '/home/ant/ros2_ws/install/my_robot_interfaces/share/my_robot_interfaces/package.dsv'
[7.469s] INFO:colcon.colcon_core.shell:Creating package script '/home/ant/ros2_ws/install/my_robot_interfaces/share/my_robot_interfaces/package.sh'
[7.470s] INFO:colcon.colcon_core.shell:Creating package script '/home/ant/ros2_ws/install/my_robot_interfaces/share/my_robot_interfaces/package.bash'
[7.471s] INFO:colcon.colcon_core.shell:Creating package script '/home/ant/ros2_ws/install/my_robot_interfaces/share/my_robot_interfaces/package.zsh'
[7.472s] Level 1:colcon.colcon_core.environment:create_file_with_runtime_dependencies(/home/ant/ros2_ws/install/my_robot_interfaces/share/colcon-core/packages/my_robot_interfaces)
[7.473s] INFO:colcon.colcon_ros.task.ament_python.build:Building ROS package in '/home/ant/ros2_ws/src/my_py_pkg' with build type 'ament_python'
[7.474s] Level 1:colcon.colcon_core.shell:create_environment_hook('my_py_pkg', 'ament_prefix_path')
[7.525s] INFO:colcon.colcon_core.shell:Creating environment hook '/home/ant/ros2_ws/install/my_py_pkg/share/my_py_pkg/hook/ament_prefix_path.ps1'
[7.529s] INFO:colcon.colcon_core.shell:Creating environment descriptor '/home/ant/ros2_ws/install/my_py_pkg/share/my_py_pkg/hook/ament_prefix_path.dsv'
[7.532s] INFO:colcon.colcon_core.shell:Creating environment hook '/home/ant/ros2_ws/install/my_py_pkg/share/my_py_pkg/hook/ament_prefix_path.sh'
[7.591s] INFO:colcon.colcon_core.shell:Skip shell extension 'powershell' for command environment: Not usable outside of PowerShell
[7.591s] DEBUG:colcon.colcon_core.shell:Skip shell extension 'dsv' for command environment
[8.411s] INFO:colcon.colcon_core.task.python.build:Building Python package in '/home/ant/ros2_ws/src/my_py_pkg'
[8.447s] INFO:colcon.colcon_core.shell:Skip shell extension 'powershell' for command environment: Not usable outside of PowerShell
[8.447s] DEBUG:colcon.colcon_core.shell:Skip shell extension 'dsv' for command environment
[9.494s] DEBUG:colcon.colcon_core.event_handler.log_command:Invoking command in '/home/ant/ros2_ws/src/my_py_pkg': CMAKE_PREFIX_PATH=/home/ant/ros2_ws/install/my_robot_interfaces:/home/ant/ros2_ws/install/more_interfaces:/home/ant/ros2_ws/install/my_new_robot_interfaces:/home/ant/ros2_ws/install/my_cpp_pkg CONDA_PROMPT_MODIFIER=(py310) LD_LIBRARY_PATH=/home/ant/ros2_ws/install/my_robot_interfaces/lib:/home/ant/ros2_ws/install/more_interfaces/lib:/home/ant/ros2_ws/install/my_new_robot_interfaces/lib:/opt/ros/humble/opt/rviz_ogre_vendor/lib:/opt/ros/humble/lib/x86_64-linux-gnu:/opt/ros/humble/lib PYTHONPATH=/home/ant/ros2_ws/build/my_py_pkg/prefix_override:/home/ant/ros2_ws/install/my_py_pkg/lib/python3.10/site-packages:${PYTHONPATH} /usr/bin/python3 setup.py egg_info --egg-base ../../build/my_py_pkg build --build-base /home/ant/ros2_ws/build/my_py_pkg/build install --record /home/ant/ros2_ws/build/my_py_pkg/install.log --single-version-externally-managed
[10.179s] DEBUG:colcon.colcon_core.event_handler.log_command:Invoked command in '/home/ant/ros2_ws/src/my_py_pkg' returned '0': CMAKE_PREFIX_PATH=/home/ant/ros2_ws/install/my_robot_interfaces:/home/ant/ros2_ws/install/more_interfaces:/home/ant/ros2_ws/install/my_new_robot_interfaces:/home/ant/ros2_ws/install/my_cpp_pkg CONDA_PROMPT_MODIFIER=(py310) LD_LIBRARY_PATH=/home/ant/ros2_ws/install/my_robot_interfaces/lib:/home/ant/ros2_ws/install/more_interfaces/lib:/home/ant/ros2_ws/install/my_new_robot_interfaces/lib:/opt/ros/humble/opt/rviz_ogre_vendor/lib:/opt/ros/humble/lib/x86_64-linux-gnu:/opt/ros/humble/lib PYTHONPATH=/home/ant/ros2_ws/build/my_py_pkg/prefix_override:/home/ant/ros2_ws/install/my_py_pkg/lib/python3.10/site-packages:${PYTHONPATH} /usr/bin/python3 setup.py egg_info --egg-base ../../build/my_py_pkg build --build-base /home/ant/ros2_ws/build/my_py_pkg/build install --record /home/ant/ros2_ws/build/my_py_pkg/install.log --single-version-externally-managed
[10.200s] Level 1:colcon.colcon_core.environment:checking '/home/ant/ros2_ws/install/my_py_pkg' for CMake module files
[10.201s] Level 1:colcon.colcon_core.environment:checking '/home/ant/ros2_ws/install/my_py_pkg' for CMake config files
[10.202s] Level 1:colcon.colcon_core.environment:checking '/home/ant/ros2_ws/install/my_py_pkg/lib'
[10.202s] Level 1:colcon.colcon_core.environment:checking '/home/ant/ros2_ws/install/my_py_pkg/bin'
[10.202s] Level 1:colcon.colcon_core.environment:checking '/home/ant/ros2_ws/install/my_py_pkg/lib/pkgconfig/my_py_pkg.pc'
[10.202s] Level 1:colcon.colcon_core.environment:checking '/home/ant/ros2_ws/install/my_py_pkg/lib/python3.10/site-packages'
[10.202s] Level 1:colcon.colcon_core.shell:create_environment_hook('my_py_pkg', 'pythonpath')
[10.221s] INFO:colcon.colcon_core.shell:Creating environment hook '/home/ant/ros2_ws/install/my_py_pkg/share/my_py_pkg/hook/pythonpath.ps1'
[10.222s] INFO:colcon.colcon_core.shell:Creating environment descriptor '/home/ant/ros2_ws/install/my_py_pkg/share/my_py_pkg/hook/pythonpath.dsv'
[10.222s] INFO:colcon.colcon_core.shell:Creating environment hook '/home/ant/ros2_ws/install/my_py_pkg/share/my_py_pkg/hook/pythonpath.sh'
[10.223s] Level 1:colcon.colcon_core.environment:checking '/home/ant/ros2_ws/install/my_py_pkg/bin'
[10.223s] Level 1:colcon.colcon_core.environment:create_environment_scripts_only(my_py_pkg)
[10.263s] INFO:colcon.colcon_core.shell:Creating package script '/home/ant/ros2_ws/install/my_py_pkg/share/my_py_pkg/package.ps1'
[10.264s] INFO:colcon.colcon_core.shell:Creating package descriptor '/home/ant/ros2_ws/install/my_py_pkg/share/my_py_pkg/package.dsv'
[10.265s] INFO:colcon.colcon_core.shell:Creating package script '/home/ant/ros2_ws/install/my_py_pkg/share/my_py_pkg/package.sh'
[10.265s] INFO:colcon.colcon_core.shell:Creating package script '/home/ant/ros2_ws/install/my_py_pkg/share/my_py_pkg/package.bash'
[10.266s] INFO:colcon.colcon_core.shell:Creating package script '/home/ant/ros2_ws/install/my_py_pkg/share/my_py_pkg/package.zsh'
[10.266s] Level 1:colcon.colcon_core.environment:create_file_with_runtime_dependencies(/home/ant/ros2_ws/install/my_py_pkg/share/colcon-core/packages/my_py_pkg)
[10.267s] DEBUG:colcon.colcon_parallel_executor.executor.parallel:closing loop
[10.268s] DEBUG:colcon.colcon_parallel_executor.executor.parallel:loop closed
[10.269s] DEBUG:colcon.colcon_parallel_executor.executor.parallel:run_until_complete finished with '0'
[10.269s] DEBUG:colcon.colcon_core.event_reactor:joining thread
[10.343s] INFO:colcon.colcon_core.plugin_system:Skipping extension 'colcon_notification.desktop_notification.terminal_notifier': Not used on non-Darwin systems
[10.343s] INFO:colcon.colcon_core.plugin_system:Skipping extension 'colcon_notification.desktop_notification.win32': Not used on non-Windows systems
[10.343s] INFO:colcon.colcon_notification.desktop_notification:Sending desktop notification using 'notify2'
[10.367s] DEBUG:colcon.colcon_core.event_reactor:joined thread
[10.396s] INFO:colcon.colcon_core.shell:Creating prefix script '/home/ant/ros2_ws/install/local_setup.ps1'
[10.399s] INFO:colcon.colcon_core.shell:Creating prefix util module '/home/ant/ros2_ws/install/_local_setup_util_ps1.py'
[10.401s] INFO:colcon.colcon_core.shell:Creating prefix chain script '/home/ant/ros2_ws/install/setup.ps1'
[10.426s] INFO:colcon.colcon_core.shell:Creating prefix script '/home/ant/ros2_ws/install/local_setup.sh'
[10.427s] INFO:colcon.colcon_core.shell:Creating prefix util module '/home/ant/ros2_ws/install/_local_setup_util_sh.py'
[10.427s] INFO:colcon.colcon_core.shell:Creating prefix chain script '/home/ant/ros2_ws/install/setup.sh'
[10.451s] INFO:colcon.colcon_core.shell:Creating prefix script '/home/ant/ros2_ws/install/local_setup.bash'
[10.452s] INFO:colcon.colcon_core.shell:Creating prefix chain script '/home/ant/ros2_ws/install/setup.bash'
[10.482s] INFO:colcon.colcon_core.shell:Creating prefix script '/home/ant/ros2_ws/install/local_setup.zsh'
[10.483s] INFO:colcon.colcon_core.shell:Creating prefix chain script '/home/ant/ros2_ws/install/setup.zsh'
