[1.349s] DEBUG:colcon:Command line arguments: ['/usr/bin/colcon', 'build', '--packages-select', 'more_interfaces', '--allow-overriding', 'more_interfaces']
[1.349s] DEBUG:colcon:Parsed command line arguments: Namespace(log_base=None, log_level=None, verb_name='build', build_base='build', install_base='install', merge_install=False, symlink_install=False, test_result_base=None, continue_on_error=False, executor='parallel', parallel_workers=4, event_handlers=None, ignore_user_meta=False, metas=['./colcon.meta'], base_paths=['.'], packages_ignore=None, packages_ignore_regex=None, paths=None, packages_up_to=None, packages_up_to_regex=None, packages_above=None, packages_above_and_dependencies=None, packages_above_depth=None, packages_select_by_dep=None, packages_skip_by_dep=None, packages_skip_up_to=None, packages_select_build_failed=False, packages_skip_build_finished=False, packages_select_test_failures=False, packages_skip_test_passed=False, packages_select=['more_interfaces'], packages_skip=None, packages_select_regex=None, packages_skip_regex=None, packages_start=None, packages_end=None, allow_overriding=['more_interfaces'], cmake_args=None, cmake_target=None, cmake_target_skip_unavailable=False, cmake_clean_cache=False, cmake_clean_first=False, cmake_force_configure=False, ament_cmake_args=None, catkin_cmake_args=None, catkin_skip_building_tests=False, verb_parser=<colcon_defaults.argument_parser.defaults.DefaultArgumentsDecorator object at 0x7fd2e64bf2b0>, verb_extension=<colcon_core.verb.build.BuildVerb object at 0x7fd2e64bf520>, main=<bound method BuildVerb.main of <colcon_core.verb.build.BuildVerb object at 0x7fd2e64bf520>>)
[1.415s] Level 1:colcon.colcon_core.package_discovery:discover_packages(colcon_meta) check parameters
[1.416s] Level 1:colcon.colcon_core.package_discovery:discover_packages(recursive) check parameters
[1.416s] Level 1:colcon.colcon_core.package_discovery:discover_packages(ignore) check parameters
[1.416s] Level 1:colcon.colcon_core.package_discovery:discover_packages(path) check parameters
[1.416s] Level 1:colcon.colcon_core.package_discovery:discover_packages(colcon_meta) discover
[1.416s] Level 1:colcon.colcon_core.package_discovery:discover_packages(recursive) discover
[1.416s] INFO:colcon.colcon_core.package_discovery:Crawling recursively for packages in '/home/ant/ros2_ws'
[1.416s] Level 1:colcon.colcon_core.package_identification:_identify(.) by extensions ['ignore', 'ignore_ament_install']
[1.416s] Level 1:colcon.colcon_core.package_identification:_identify(.) by extension 'ignore'
[1.417s] Level 1:colcon.colcon_core.package_identification:_identify(.) by extension 'ignore_ament_install'
[1.417s] Level 1:colcon.colcon_core.package_identification:_identify(.) by extensions ['colcon_pkg']
[1.417s] Level 1:colcon.colcon_core.package_identification:_identify(.) by extension 'colcon_pkg'
[1.417s] Level 1:colcon.colcon_core.package_identification:_identify(.) by extensions ['colcon_meta']
[1.417s] Level 1:colcon.colcon_core.package_identification:_identify(.) by extension 'colcon_meta'
[1.417s] Level 1:colcon.colcon_core.package_identification:_identify(.) by extensions ['ros']
[1.417s] Level 1:colcon.colcon_core.package_identification:_identify(.) by extension 'ros'
[1.434s] Level 1:colcon.colcon_core.package_identification:_identify(.) by extensions ['cmake', 'python']
[1.434s] Level 1:colcon.colcon_core.package_identification:_identify(.) by extension 'cmake'
[1.434s] Level 1:colcon.colcon_core.package_identification:_identify(.) by extension 'python'
[1.434s] Level 1:colcon.colcon_core.package_identification:_identify(.) by extensions ['python_setup_py']
[1.434s] Level 1:colcon.colcon_core.package_identification:_identify(.) by extension 'python_setup_py'
[1.434s] Level 1:colcon.colcon_core.package_identification:_identify(build) by extensions ['ignore', 'ignore_ament_install']
[1.434s] Level 1:colcon.colcon_core.package_identification:_identify(build) by extension 'ignore'
[1.434s] Level 1:colcon.colcon_core.package_identification:_identify(build) ignored
[1.435s] Level 1:colcon.colcon_core.package_identification:_identify(install) by extensions ['ignore', 'ignore_ament_install']
[1.435s] Level 1:colcon.colcon_core.package_identification:_identify(install) by extension 'ignore'
[1.435s] Level 1:colcon.colcon_core.package_identification:_identify(install) ignored
[1.435s] Level 1:colcon.colcon_core.package_identification:_identify(log) by extensions ['ignore', 'ignore_ament_install']
[1.435s] Level 1:colcon.colcon_core.package_identification:_identify(log) by extension 'ignore'
[1.435s] Level 1:colcon.colcon_core.package_identification:_identify(log) ignored
[1.435s] Level 1:colcon.colcon_core.package_identification:_identify(src) by extensions ['ignore', 'ignore_ament_install']
[1.435s] Level 1:colcon.colcon_core.package_identification:_identify(src) by extension 'ignore'
[1.435s] Level 1:colcon.colcon_core.package_identification:_identify(src) by extension 'ignore_ament_install'
[1.436s] Level 1:colcon.colcon_core.package_identification:_identify(src) by extensions ['colcon_pkg']
[1.436s] Level 1:colcon.colcon_core.package_identification:_identify(src) by extension 'colcon_pkg'
[1.436s] Level 1:colcon.colcon_core.package_identification:_identify(src) by extensions ['colcon_meta']
[1.436s] Level 1:colcon.colcon_core.package_identification:_identify(src) by extension 'colcon_meta'
[1.436s] Level 1:colcon.colcon_core.package_identification:_identify(src) by extensions ['ros']
[1.436s] Level 1:colcon.colcon_core.package_identification:_identify(src) by extension 'ros'
[1.436s] Level 1:colcon.colcon_core.package_identification:_identify(src) by extensions ['cmake', 'python']
[1.436s] Level 1:colcon.colcon_core.package_identification:_identify(src) by extension 'cmake'
[1.436s] Level 1:colcon.colcon_core.package_identification:_identify(src) by extension 'python'
[1.436s] Level 1:colcon.colcon_core.package_identification:_identify(src) by extensions ['python_setup_py']
[1.436s] Level 1:colcon.colcon_core.package_identification:_identify(src) by extension 'python_setup_py'
[1.436s] Level 1:colcon.colcon_core.package_identification:_identify(src/more_interfaces) by extensions ['ignore', 'ignore_ament_install']
[1.436s] Level 1:colcon.colcon_core.package_identification:_identify(src/more_interfaces) by extension 'ignore'
[1.436s] Level 1:colcon.colcon_core.package_identification:_identify(src/more_interfaces) by extension 'ignore_ament_install'
[1.436s] Level 1:colcon.colcon_core.package_identification:_identify(src/more_interfaces) by extensions ['colcon_pkg']
[1.436s] Level 1:colcon.colcon_core.package_identification:_identify(src/more_interfaces) by extension 'colcon_pkg'
[1.437s] Level 1:colcon.colcon_core.package_identification:_identify(src/more_interfaces) by extensions ['colcon_meta']
[1.437s] Level 1:colcon.colcon_core.package_identification:_identify(src/more_interfaces) by extension 'colcon_meta'
[1.437s] Level 1:colcon.colcon_core.package_identification:_identify(src/more_interfaces) by extensions ['ros']
[1.437s] Level 1:colcon.colcon_core.package_identification:_identify(src/more_interfaces) by extension 'ros'
[1.441s] DEBUG:colcon.colcon_core.package_identification:Package 'src/more_interfaces' with type 'ros.ament_cmake' and name 'more_interfaces'
[1.441s] Level 1:colcon.colcon_core.package_identification:_identify(src/my_cpp_pkg) by extensions ['ignore', 'ignore_ament_install']
[1.441s] Level 1:colcon.colcon_core.package_identification:_identify(src/my_cpp_pkg) by extension 'ignore'
[1.441s] Level 1:colcon.colcon_core.package_identification:_identify(src/my_cpp_pkg) by extension 'ignore_ament_install'
[1.441s] Level 1:colcon.colcon_core.package_identification:_identify(src/my_cpp_pkg) by extensions ['colcon_pkg']
[1.441s] Level 1:colcon.colcon_core.package_identification:_identify(src/my_cpp_pkg) by extension 'colcon_pkg'
[1.441s] Level 1:colcon.colcon_core.package_identification:_identify(src/my_cpp_pkg) by extensions ['colcon_meta']
[1.441s] Level 1:colcon.colcon_core.package_identification:_identify(src/my_cpp_pkg) by extension 'colcon_meta'
[1.441s] Level 1:colcon.colcon_core.package_identification:_identify(src/my_cpp_pkg) by extensions ['ros']
[1.441s] Level 1:colcon.colcon_core.package_identification:_identify(src/my_cpp_pkg) by extension 'ros'
[1.442s] DEBUG:colcon.colcon_core.package_identification:Package 'src/my_cpp_pkg' with type 'ros.ament_cmake' and name 'my_cpp_pkg'
[1.442s] Level 1:colcon.colcon_core.package_identification:_identify(src/my_new_robot_interfaces) by extensions ['ignore', 'ignore_ament_install']
[1.442s] Level 1:colcon.colcon_core.package_identification:_identify(src/my_new_robot_interfaces) by extension 'ignore'
[1.443s] Level 1:colcon.colcon_core.package_identification:_identify(src/my_new_robot_interfaces) by extension 'ignore_ament_install'
[1.443s] Level 1:colcon.colcon_core.package_identification:_identify(src/my_new_robot_interfaces) by extensions ['colcon_pkg']
[1.443s] Level 1:colcon.colcon_core.package_identification:_identify(src/my_new_robot_interfaces) by extension 'colcon_pkg'
[1.443s] Level 1:colcon.colcon_core.package_identification:_identify(src/my_new_robot_interfaces) by extensions ['colcon_meta']
[1.443s] Level 1:colcon.colcon_core.package_identification:_identify(src/my_new_robot_interfaces) by extension 'colcon_meta'
[1.443s] Level 1:colcon.colcon_core.package_identification:_identify(src/my_new_robot_interfaces) by extensions ['ros']
[1.443s] Level 1:colcon.colcon_core.package_identification:_identify(src/my_new_robot_interfaces) by extension 'ros'
[1.444s] DEBUG:colcon.colcon_core.package_identification:Package 'src/my_new_robot_interfaces' with type 'ros.ament_cmake' and name 'my_new_robot_interfaces'
[1.444s] Level 1:colcon.colcon_core.package_identification:_identify(src/my_py_pkg) by extensions ['ignore', 'ignore_ament_install']
[1.444s] Level 1:colcon.colcon_core.package_identification:_identify(src/my_py_pkg) by extension 'ignore'
[1.444s] Level 1:colcon.colcon_core.package_identification:_identify(src/my_py_pkg) by extension 'ignore_ament_install'
[1.444s] Level 1:colcon.colcon_core.package_identification:_identify(src/my_py_pkg) by extensions ['colcon_pkg']
[1.444s] Level 1:colcon.colcon_core.package_identification:_identify(src/my_py_pkg) by extension 'colcon_pkg'
[1.444s] Level 1:colcon.colcon_core.package_identification:_identify(src/my_py_pkg) by extensions ['colcon_meta']
[1.444s] Level 1:colcon.colcon_core.package_identification:_identify(src/my_py_pkg) by extension 'colcon_meta'
[1.444s] Level 1:colcon.colcon_core.package_identification:_identify(src/my_py_pkg) by extensions ['ros']
[1.444s] Level 1:colcon.colcon_core.package_identification:_identify(src/my_py_pkg) by extension 'ros'
[1.446s] DEBUG:colcon.colcon_core.package_identification:Package 'src/my_py_pkg' with type 'ros.ament_python' and name 'my_py_pkg'
[1.446s] Level 1:colcon.colcon_core.package_identification:_identify(src/my_robot_interfaces) by extensions ['ignore', 'ignore_ament_install']
[1.446s] Level 1:colcon.colcon_core.package_identification:_identify(src/my_robot_interfaces) by extension 'ignore'
[1.447s] Level 1:colcon.colcon_core.package_identification:_identify(src/my_robot_interfaces) by extension 'ignore_ament_install'
[1.447s] Level 1:colcon.colcon_core.package_identification:_identify(src/my_robot_interfaces) by extensions ['colcon_pkg']
[1.447s] Level 1:colcon.colcon_core.package_identification:_identify(src/my_robot_interfaces) by extension 'colcon_pkg'
[1.447s] Level 1:colcon.colcon_core.package_identification:_identify(src/my_robot_interfaces) by extensions ['colcon_meta']
[1.447s] Level 1:colcon.colcon_core.package_identification:_identify(src/my_robot_interfaces) by extension 'colcon_meta'
[1.447s] Level 1:colcon.colcon_core.package_identification:_identify(src/my_robot_interfaces) by extensions ['ros']
[1.447s] Level 1:colcon.colcon_core.package_identification:_identify(src/my_robot_interfaces) by extension 'ros'
[1.448s] DEBUG:colcon.colcon_core.package_identification:Package 'src/my_robot_interfaces' with type 'ros.ament_cmake' and name 'my_robot_interfaces'
[1.448s] Level 1:colcon.colcon_core.package_discovery:discover_packages(recursive) using defaults
[1.449s] Level 1:colcon.colcon_core.package_discovery:discover_packages(ignore) discover
[1.449s] Level 1:colcon.colcon_core.package_discovery:discover_packages(ignore) using defaults
[1.449s] Level 1:colcon.colcon_core.package_discovery:discover_packages(path) discover
[1.449s] Level 1:colcon.colcon_core.package_discovery:discover_packages(path) using defaults
[1.537s] INFO:colcon.colcon_core.package_selection:Skipping not selected package 'my_cpp_pkg' in 'src/my_cpp_pkg'
[1.537s] INFO:colcon.colcon_core.package_selection:Skipping not selected package 'my_new_robot_interfaces' in 'src/my_new_robot_interfaces'
[1.537s] INFO:colcon.colcon_core.package_selection:Skipping not selected package 'my_robot_interfaces' in 'src/my_robot_interfaces'
[1.537s] INFO:colcon.colcon_core.package_selection:Skipping not selected package 'my_py_pkg' in 'src/my_py_pkg'
[1.575s] Level 1:colcon.colcon_core.package_discovery:discover_packages(prefix_path) check parameters
[1.575s] Level 1:colcon.colcon_core.package_discovery:discover_packages(prefix_path) discover
[1.617s] DEBUG:colcon.colcon_installed_package_information.package_discovery:Found 5 installed packages in /home/ant/ros2_ws/install
[1.637s] DEBUG:colcon.colcon_installed_package_information.package_discovery:Found 270 installed packages in /opt/ros/humble
[1.639s] Level 1:colcon.colcon_core.package_discovery:discover_packages(prefix_path) using defaults
[1.759s] Level 5:colcon.colcon_core.verb:set package 'more_interfaces' build argument 'cmake_args' from command line to 'None'
[1.760s] Level 5:colcon.colcon_core.verb:set package 'more_interfaces' build argument 'cmake_target' from command line to 'None'
[1.760s] Level 5:colcon.colcon_core.verb:set package 'more_interfaces' build argument 'cmake_target_skip_unavailable' from command line to 'False'
[1.760s] Level 5:colcon.colcon_core.verb:set package 'more_interfaces' build argument 'cmake_clean_cache' from command line to 'False'
[1.760s] Level 5:colcon.colcon_core.verb:set package 'more_interfaces' build argument 'cmake_clean_first' from command line to 'False'
[1.760s] Level 5:colcon.colcon_core.verb:set package 'more_interfaces' build argument 'cmake_force_configure' from command line to 'False'
[1.760s] Level 5:colcon.colcon_core.verb:set package 'more_interfaces' build argument 'ament_cmake_args' from command line to 'None'
[1.760s] Level 5:colcon.colcon_core.verb:set package 'more_interfaces' build argument 'catkin_cmake_args' from command line to 'None'
[1.760s] Level 5:colcon.colcon_core.verb:set package 'more_interfaces' build argument 'catkin_skip_building_tests' from command line to 'False'
[1.760s] DEBUG:colcon.colcon_core.verb:Building package 'more_interfaces' with the following arguments: {'ament_cmake_args': None, 'build_base': '/home/ant/ros2_ws/build/more_interfaces', 'catkin_cmake_args': None, 'catkin_skip_building_tests': False, 'cmake_args': None, 'cmake_clean_cache': False, 'cmake_clean_first': False, 'cmake_force_configure': False, 'cmake_target': None, 'cmake_target_skip_unavailable': False, 'install_base': '/home/ant/ros2_ws/install/more_interfaces', 'merge_install': False, 'path': '/home/ant/ros2_ws/src/more_interfaces', 'symlink_install': False, 'test_result_base': None}
[1.777s] INFO:colcon.colcon_core.executor:Executing jobs using 'parallel' executor
[1.795s] DEBUG:colcon.colcon_parallel_executor.executor.parallel:run_until_complete
[1.796s] INFO:colcon.colcon_ros.task.ament_cmake.build:Building ROS package in '/home/ant/ros2_ws/src/more_interfaces' with build type 'ament_cmake'
[1.796s] INFO:colcon.colcon_cmake.task.cmake.build:Building CMake package in '/home/ant/ros2_ws/src/more_interfaces'
[1.836s] INFO:colcon.colcon_core.plugin_system:Skipping extension 'colcon_core.shell.bat': Not used on non-Windows systems
[1.837s] INFO:colcon.colcon_core.shell:Skip shell extension 'powershell' for command environment: Not usable outside of PowerShell
[1.837s] DEBUG:colcon.colcon_core.shell:Skip shell extension 'dsv' for command environment
[1.916s] DEBUG:colcon.colcon_core.event_handler.log_command:Invoking command in '/home/ant/ros2_ws/build/more_interfaces': CMAKE_PREFIX_PATH=${CMAKE_PREFIX_PATH}:/home/ant/ros2_ws/install/my_py_pkg:/opt/ros/humble CONDA_PROMPT_MODIFIER=(base) /usr/bin/cmake --build /home/ant/ros2_ws/build/more_interfaces -- -j4 -l4
[4.780s] DEBUG:colcon.colcon_core.event_handler.log_command:Invoked command in '/home/ant/ros2_ws/build/more_interfaces' returned '0': CMAKE_PREFIX_PATH=${CMAKE_PREFIX_PATH}:/home/ant/ros2_ws/install/my_py_pkg:/opt/ros/humble CONDA_PROMPT_MODIFIER=(base) /usr/bin/cmake --build /home/ant/ros2_ws/build/more_interfaces -- -j4 -l4
[4.910s] DEBUG:colcon.colcon_core.event_handler.log_command:Invoking command in '/home/ant/ros2_ws/build/more_interfaces': CMAKE_PREFIX_PATH=${CMAKE_PREFIX_PATH}:/home/ant/ros2_ws/install/my_py_pkg:/opt/ros/humble CONDA_PROMPT_MODIFIER=(base) /usr/bin/cmake --install /home/ant/ros2_ws/build/more_interfaces
[5.012s] Level 1:colcon.colcon_core.environment:create_environment_scripts_only(more_interfaces)
[5.013s] DEBUG:colcon.colcon_core.event_handler.log_command:Invoked command in '/home/ant/ros2_ws/build/more_interfaces' returned '0': CMAKE_PREFIX_PATH=${CMAKE_PREFIX_PATH}:/home/ant/ros2_ws/install/my_py_pkg:/opt/ros/humble CONDA_PROMPT_MODIFIER=(base) /usr/bin/cmake --install /home/ant/ros2_ws/build/more_interfaces
[5.047s] Level 1:colcon.colcon_core.environment:checking '/home/ant/ros2_ws/install/more_interfaces' for CMake module files
[5.048s] Level 1:colcon.colcon_core.environment:checking '/home/ant/ros2_ws/install/more_interfaces' for CMake config files
[5.048s] Level 1:colcon.colcon_core.shell:create_environment_hook('more_interfaces', 'cmake_prefix_path')
[5.067s] INFO:colcon.colcon_core.shell:Creating environment hook '/home/ant/ros2_ws/install/more_interfaces/share/more_interfaces/hook/cmake_prefix_path.ps1'
[5.067s] INFO:colcon.colcon_core.shell:Creating environment descriptor '/home/ant/ros2_ws/install/more_interfaces/share/more_interfaces/hook/cmake_prefix_path.dsv'
[5.068s] INFO:colcon.colcon_core.shell:Creating environment hook '/home/ant/ros2_ws/install/more_interfaces/share/more_interfaces/hook/cmake_prefix_path.sh'
[5.069s] Level 1:colcon.colcon_core.environment:checking '/home/ant/ros2_ws/install/more_interfaces/lib'
[5.069s] Level 1:colcon.colcon_core.shell:create_environment_hook('more_interfaces', 'ld_library_path_lib')
[5.087s] INFO:colcon.colcon_core.shell:Creating environment hook '/home/ant/ros2_ws/install/more_interfaces/share/more_interfaces/hook/ld_library_path_lib.ps1'
[5.088s] INFO:colcon.colcon_core.shell:Creating environment descriptor '/home/ant/ros2_ws/install/more_interfaces/share/more_interfaces/hook/ld_library_path_lib.dsv'
[5.088s] INFO:colcon.colcon_core.shell:Creating environment hook '/home/ant/ros2_ws/install/more_interfaces/share/more_interfaces/hook/ld_library_path_lib.sh'
[5.089s] Level 1:colcon.colcon_core.environment:checking '/home/ant/ros2_ws/install/more_interfaces/bin'
[5.089s] Level 1:colcon.colcon_core.environment:checking '/home/ant/ros2_ws/install/more_interfaces/lib/pkgconfig/more_interfaces.pc'
[5.089s] Level 1:colcon.colcon_core.environment:checking '/home/ant/ros2_ws/install/more_interfaces/lib/python3.10/site-packages'
[5.089s] Level 1:colcon.colcon_core.environment:checking '/home/ant/ros2_ws/install/more_interfaces/bin'
[5.108s] INFO:colcon.colcon_core.shell:Creating package script '/home/ant/ros2_ws/install/more_interfaces/share/more_interfaces/package.ps1'
[5.109s] INFO:colcon.colcon_core.shell:Creating package descriptor '/home/ant/ros2_ws/install/more_interfaces/share/more_interfaces/package.dsv'
[5.110s] INFO:colcon.colcon_core.shell:Creating package script '/home/ant/ros2_ws/install/more_interfaces/share/more_interfaces/package.sh'
[5.111s] INFO:colcon.colcon_core.shell:Creating package script '/home/ant/ros2_ws/install/more_interfaces/share/more_interfaces/package.bash'
[5.112s] INFO:colcon.colcon_core.shell:Creating package script '/home/ant/ros2_ws/install/more_interfaces/share/more_interfaces/package.zsh'
[5.114s] Level 1:colcon.colcon_core.environment:create_file_with_runtime_dependencies(/home/ant/ros2_ws/install/more_interfaces/share/colcon-core/packages/more_interfaces)
[5.284s] Level 1:colcon.colcon_core.environment:create_environment_scripts_only(more_interfaces)
[5.304s] Level 1:colcon.colcon_core.environment:checking '/home/ant/ros2_ws/install/more_interfaces' for CMake module files
[5.305s] Level 1:colcon.colcon_core.environment:checking '/home/ant/ros2_ws/install/more_interfaces' for CMake config files
[5.305s] Level 1:colcon.colcon_core.shell:create_environment_hook('more_interfaces', 'cmake_prefix_path')
[5.337s] INFO:colcon.colcon_core.shell:Creating environment hook '/home/ant/ros2_ws/install/more_interfaces/share/more_interfaces/hook/cmake_prefix_path.ps1'
[5.339s] INFO:colcon.colcon_core.shell:Creating environment descriptor '/home/ant/ros2_ws/install/more_interfaces/share/more_interfaces/hook/cmake_prefix_path.dsv'
[5.341s] INFO:colcon.colcon_core.shell:Creating environment hook '/home/ant/ros2_ws/install/more_interfaces/share/more_interfaces/hook/cmake_prefix_path.sh'
[5.342s] Level 1:colcon.colcon_core.environment:checking '/home/ant/ros2_ws/install/more_interfaces/lib'
[5.342s] Level 1:colcon.colcon_core.shell:create_environment_hook('more_interfaces', 'ld_library_path_lib')
[5.366s] INFO:colcon.colcon_core.shell:Creating environment hook '/home/ant/ros2_ws/install/more_interfaces/share/more_interfaces/hook/ld_library_path_lib.ps1'
[5.368s] INFO:colcon.colcon_core.shell:Creating environment descriptor '/home/ant/ros2_ws/install/more_interfaces/share/more_interfaces/hook/ld_library_path_lib.dsv'
[5.369s] INFO:colcon.colcon_core.shell:Creating environment hook '/home/ant/ros2_ws/install/more_interfaces/share/more_interfaces/hook/ld_library_path_lib.sh'
[5.369s] Level 1:colcon.colcon_core.environment:checking '/home/ant/ros2_ws/install/more_interfaces/bin'
[5.369s] Level 1:colcon.colcon_core.environment:checking '/home/ant/ros2_ws/install/more_interfaces/lib/pkgconfig/more_interfaces.pc'
[5.370s] Level 1:colcon.colcon_core.environment:checking '/home/ant/ros2_ws/install/more_interfaces/lib/python3.10/site-packages'
[5.370s] Level 1:colcon.colcon_core.environment:checking '/home/ant/ros2_ws/install/more_interfaces/bin'
[5.389s] INFO:colcon.colcon_core.shell:Creating package script '/home/ant/ros2_ws/install/more_interfaces/share/more_interfaces/package.ps1'
[5.390s] INFO:colcon.colcon_core.shell:Creating package descriptor '/home/ant/ros2_ws/install/more_interfaces/share/more_interfaces/package.dsv'
[5.391s] INFO:colcon.colcon_core.shell:Creating package script '/home/ant/ros2_ws/install/more_interfaces/share/more_interfaces/package.sh'
[5.391s] INFO:colcon.colcon_core.shell:Creating package script '/home/ant/ros2_ws/install/more_interfaces/share/more_interfaces/package.bash'
[5.392s] INFO:colcon.colcon_core.shell:Creating package script '/home/ant/ros2_ws/install/more_interfaces/share/more_interfaces/package.zsh'
[5.392s] Level 1:colcon.colcon_core.environment:create_file_with_runtime_dependencies(/home/ant/ros2_ws/install/more_interfaces/share/colcon-core/packages/more_interfaces)
[5.393s] DEBUG:colcon.colcon_parallel_executor.executor.parallel:closing loop
[5.393s] DEBUG:colcon.colcon_parallel_executor.executor.parallel:loop closed
[5.394s] DEBUG:colcon.colcon_parallel_executor.executor.parallel:run_until_complete finished with '0'
[5.394s] DEBUG:colcon.colcon_core.event_reactor:joining thread
[5.451s] INFO:colcon.colcon_core.plugin_system:Skipping extension 'colcon_notification.desktop_notification.terminal_notifier': Not used on non-Darwin systems
[5.452s] INFO:colcon.colcon_core.plugin_system:Skipping extension 'colcon_notification.desktop_notification.win32': Not used on non-Windows systems
[5.452s] INFO:colcon.colcon_notification.desktop_notification:Sending desktop notification using 'notify2'
[5.475s] DEBUG:colcon.colcon_core.event_reactor:joined thread
[5.509s] INFO:colcon.colcon_core.shell:Creating prefix script '/home/ant/ros2_ws/install/local_setup.ps1'
[5.512s] INFO:colcon.colcon_core.shell:Creating prefix util module '/home/ant/ros2_ws/install/_local_setup_util_ps1.py'
[5.517s] INFO:colcon.colcon_core.shell:Creating prefix chain script '/home/ant/ros2_ws/install/setup.ps1'
[5.557s] INFO:colcon.colcon_core.shell:Creating prefix script '/home/ant/ros2_ws/install/local_setup.sh'
[5.559s] INFO:colcon.colcon_core.shell:Creating prefix util module '/home/ant/ros2_ws/install/_local_setup_util_sh.py'
[5.560s] INFO:colcon.colcon_core.shell:Creating prefix chain script '/home/ant/ros2_ws/install/setup.sh'
[5.588s] INFO:colcon.colcon_core.shell:Creating prefix script '/home/ant/ros2_ws/install/local_setup.bash'
[5.588s] INFO:colcon.colcon_core.shell:Creating prefix chain script '/home/ant/ros2_ws/install/setup.bash'
[5.610s] INFO:colcon.colcon_core.shell:Creating prefix script '/home/ant/ros2_ws/install/local_setup.zsh'
[5.611s] INFO:colcon.colcon_core.shell:Creating prefix chain script '/home/ant/ros2_ws/install/setup.zsh'
