[1.429s] DEBUG:colcon:Command line arguments: ['/usr/bin/colcon', 'build']
[1.429s] DEBUG:colcon:Parsed command line arguments: Namespace(log_base=None, log_level=None, verb_name='build', build_base='build', install_base='install', merge_install=False, symlink_install=False, test_result_base=None, continue_on_error=False, executor='parallel', parallel_workers=4, event_handlers=None, ignore_user_meta=False, metas=['./colcon.meta'], base_paths=['.'], packages_ignore=None, packages_ignore_regex=None, paths=None, packages_up_to=None, packages_up_to_regex=None, packages_above=None, packages_above_and_dependencies=None, packages_above_depth=None, packages_select_by_dep=None, packages_skip_by_dep=None, packages_skip_up_to=None, packages_select_build_failed=False, packages_skip_build_finished=False, packages_select_test_failures=False, packages_skip_test_passed=False, packages_select=None, packages_skip=None, packages_select_regex=None, packages_skip_regex=None, packages_start=None, packages_end=None, allow_overriding=[], cmake_args=None, cmake_target=None, cmake_target_skip_unavailable=False, cmake_clean_cache=False, cmake_clean_first=False, cmake_force_configure=False, ament_cmake_args=None, catkin_cmake_args=None, catkin_skip_building_tests=False, verb_parser=<colcon_defaults.argument_parser.defaults.DefaultArgumentsDecorator object at 0x7fac364b4f40>, verb_extension=<colcon_core.verb.build.BuildVerb object at 0x7fac364b6ce0>, main=<bound method BuildVerb.main of <colcon_core.verb.build.BuildVerb object at 0x7fac364b6ce0>>)
[1.503s] Level 1:colcon.colcon_core.package_discovery:discover_packages(colcon_meta) check parameters
[1.503s] Level 1:colcon.colcon_core.package_discovery:discover_packages(recursive) check parameters
[1.503s] Level 1:colcon.colcon_core.package_discovery:discover_packages(ignore) check parameters
[1.503s] Level 1:colcon.colcon_core.package_discovery:discover_packages(path) check parameters
[1.503s] Level 1:colcon.colcon_core.package_discovery:discover_packages(colcon_meta) discover
[1.503s] Level 1:colcon.colcon_core.package_discovery:discover_packages(recursive) discover
[1.503s] INFO:colcon.colcon_core.package_discovery:Crawling recursively for packages in '/home/ant/ros2_ws'
[1.504s] Level 1:colcon.colcon_core.package_identification:_identify(.) by extensions ['ignore', 'ignore_ament_install']
[1.504s] Level 1:colcon.colcon_core.package_identification:_identify(.) by extension 'ignore'
[1.504s] Level 1:colcon.colcon_core.package_identification:_identify(.) by extension 'ignore_ament_install'
[1.504s] Level 1:colcon.colcon_core.package_identification:_identify(.) by extensions ['colcon_pkg']
[1.504s] Level 1:colcon.colcon_core.package_identification:_identify(.) by extension 'colcon_pkg'
[1.504s] Level 1:colcon.colcon_core.package_identification:_identify(.) by extensions ['colcon_meta']
[1.504s] Level 1:colcon.colcon_core.package_identification:_identify(.) by extension 'colcon_meta'
[1.504s] Level 1:colcon.colcon_core.package_identification:_identify(.) by extensions ['ros']
[1.504s] Level 1:colcon.colcon_core.package_identification:_identify(.) by extension 'ros'
[1.518s] Level 1:colcon.colcon_core.package_identification:_identify(.) by extensions ['cmake', 'python']
[1.519s] Level 1:colcon.colcon_core.package_identification:_identify(.) by extension 'cmake'
[1.519s] Level 1:colcon.colcon_core.package_identification:_identify(.) by extension 'python'
[1.519s] Level 1:colcon.colcon_core.package_identification:_identify(.) by extensions ['python_setup_py']
[1.519s] Level 1:colcon.colcon_core.package_identification:_identify(.) by extension 'python_setup_py'
[1.519s] Level 1:colcon.colcon_core.package_identification:_identify(build) by extensions ['ignore', 'ignore_ament_install']
[1.519s] Level 1:colcon.colcon_core.package_identification:_identify(build) by extension 'ignore'
[1.519s] Level 1:colcon.colcon_core.package_identification:_identify(build) ignored
[1.519s] Level 1:colcon.colcon_core.package_identification:_identify(install) by extensions ['ignore', 'ignore_ament_install']
[1.520s] Level 1:colcon.colcon_core.package_identification:_identify(install) by extension 'ignore'
[1.520s] Level 1:colcon.colcon_core.package_identification:_identify(install) ignored
[1.520s] Level 1:colcon.colcon_core.package_identification:_identify(log) by extensions ['ignore', 'ignore_ament_install']
[1.520s] Level 1:colcon.colcon_core.package_identification:_identify(log) by extension 'ignore'
[1.520s] Level 1:colcon.colcon_core.package_identification:_identify(log) ignored
[1.520s] Level 1:colcon.colcon_core.package_identification:_identify(src) by extensions ['ignore', 'ignore_ament_install']
[1.520s] Level 1:colcon.colcon_core.package_identification:_identify(src) by extension 'ignore'
[1.520s] Level 1:colcon.colcon_core.package_identification:_identify(src) by extension 'ignore_ament_install'
[1.520s] Level 1:colcon.colcon_core.package_identification:_identify(src) by extensions ['colcon_pkg']
[1.520s] Level 1:colcon.colcon_core.package_identification:_identify(src) by extension 'colcon_pkg'
[1.520s] Level 1:colcon.colcon_core.package_identification:_identify(src) by extensions ['colcon_meta']
[1.521s] Level 1:colcon.colcon_core.package_identification:_identify(src) by extension 'colcon_meta'
[1.521s] Level 1:colcon.colcon_core.package_identification:_identify(src) by extensions ['ros']
[1.521s] Level 1:colcon.colcon_core.package_identification:_identify(src) by extension 'ros'
[1.521s] Level 1:colcon.colcon_core.package_identification:_identify(src) by extensions ['cmake', 'python']
[1.521s] Level 1:colcon.colcon_core.package_identification:_identify(src) by extension 'cmake'
[1.521s] Level 1:colcon.colcon_core.package_identification:_identify(src) by extension 'python'
[1.521s] Level 1:colcon.colcon_core.package_identification:_identify(src) by extensions ['python_setup_py']
[1.521s] Level 1:colcon.colcon_core.package_identification:_identify(src) by extension 'python_setup_py'
[1.521s] Level 1:colcon.colcon_core.package_identification:_identify(src/more_interfaces) by extensions ['ignore', 'ignore_ament_install']
[1.521s] Level 1:colcon.colcon_core.package_identification:_identify(src/more_interfaces) by extension 'ignore'
[1.521s] Level 1:colcon.colcon_core.package_identification:_identify(src/more_interfaces) by extension 'ignore_ament_install'
[1.521s] Level 1:colcon.colcon_core.package_identification:_identify(src/more_interfaces) by extensions ['colcon_pkg']
[1.521s] Level 1:colcon.colcon_core.package_identification:_identify(src/more_interfaces) by extension 'colcon_pkg'
[1.521s] Level 1:colcon.colcon_core.package_identification:_identify(src/more_interfaces) by extensions ['colcon_meta']
[1.521s] Level 1:colcon.colcon_core.package_identification:_identify(src/more_interfaces) by extension 'colcon_meta'
[1.522s] Level 1:colcon.colcon_core.package_identification:_identify(src/more_interfaces) by extensions ['ros']
[1.522s] Level 1:colcon.colcon_core.package_identification:_identify(src/more_interfaces) by extension 'ros'
[1.525s] DEBUG:colcon.colcon_core.package_identification:Package 'src/more_interfaces' with type 'ros.ament_cmake' and name 'more_interfaces'
[1.525s] Level 1:colcon.colcon_core.package_identification:_identify(src/my_cpp_pkg) by extensions ['ignore', 'ignore_ament_install']
[1.525s] Level 1:colcon.colcon_core.package_identification:_identify(src/my_cpp_pkg) by extension 'ignore'
[1.526s] Level 1:colcon.colcon_core.package_identification:_identify(src/my_cpp_pkg) by extension 'ignore_ament_install'
[1.526s] Level 1:colcon.colcon_core.package_identification:_identify(src/my_cpp_pkg) by extensions ['colcon_pkg']
[1.526s] Level 1:colcon.colcon_core.package_identification:_identify(src/my_cpp_pkg) by extension 'colcon_pkg'
[1.526s] Level 1:colcon.colcon_core.package_identification:_identify(src/my_cpp_pkg) by extensions ['colcon_meta']
[1.526s] Level 1:colcon.colcon_core.package_identification:_identify(src/my_cpp_pkg) by extension 'colcon_meta'
[1.526s] Level 1:colcon.colcon_core.package_identification:_identify(src/my_cpp_pkg) by extensions ['ros']
[1.526s] Level 1:colcon.colcon_core.package_identification:_identify(src/my_cpp_pkg) by extension 'ros'
[1.527s] DEBUG:colcon.colcon_core.package_identification:Package 'src/my_cpp_pkg' with type 'ros.ament_cmake' and name 'my_cpp_pkg'
[1.527s] Level 1:colcon.colcon_core.package_identification:_identify(src/my_new_robot_interfaces) by extensions ['ignore', 'ignore_ament_install']
[1.527s] Level 1:colcon.colcon_core.package_identification:_identify(src/my_new_robot_interfaces) by extension 'ignore'
[1.527s] Level 1:colcon.colcon_core.package_identification:_identify(src/my_new_robot_interfaces) by extension 'ignore_ament_install'
[1.527s] Level 1:colcon.colcon_core.package_identification:_identify(src/my_new_robot_interfaces) by extensions ['colcon_pkg']
[1.527s] Level 1:colcon.colcon_core.package_identification:_identify(src/my_new_robot_interfaces) by extension 'colcon_pkg'
[1.527s] Level 1:colcon.colcon_core.package_identification:_identify(src/my_new_robot_interfaces) by extensions ['colcon_meta']
[1.527s] Level 1:colcon.colcon_core.package_identification:_identify(src/my_new_robot_interfaces) by extension 'colcon_meta'
[1.528s] Level 1:colcon.colcon_core.package_identification:_identify(src/my_new_robot_interfaces) by extensions ['ros']
[1.528s] Level 1:colcon.colcon_core.package_identification:_identify(src/my_new_robot_interfaces) by extension 'ros'
[1.529s] DEBUG:colcon.colcon_core.package_identification:Package 'src/my_new_robot_interfaces' with type 'ros.ament_cmake' and name 'my_new_robot_interfaces'
[1.530s] Level 1:colcon.colcon_core.package_identification:_identify(src/my_py_pkg) by extensions ['ignore', 'ignore_ament_install']
[1.530s] Level 1:colcon.colcon_core.package_identification:_identify(src/my_py_pkg) by extension 'ignore'
[1.530s] Level 1:colcon.colcon_core.package_identification:_identify(src/my_py_pkg) by extension 'ignore_ament_install'
[1.530s] Level 1:colcon.colcon_core.package_identification:_identify(src/my_py_pkg) by extensions ['colcon_pkg']
[1.530s] Level 1:colcon.colcon_core.package_identification:_identify(src/my_py_pkg) by extension 'colcon_pkg'
[1.530s] Level 1:colcon.colcon_core.package_identification:_identify(src/my_py_pkg) by extensions ['colcon_meta']
[1.530s] Level 1:colcon.colcon_core.package_identification:_identify(src/my_py_pkg) by extension 'colcon_meta'
[1.530s] Level 1:colcon.colcon_core.package_identification:_identify(src/my_py_pkg) by extensions ['ros']
[1.530s] Level 1:colcon.colcon_core.package_identification:_identify(src/my_py_pkg) by extension 'ros'
[1.531s] DEBUG:colcon.colcon_core.package_identification:Package 'src/my_py_pkg' with type 'ros.ament_python' and name 'my_py_pkg'
[1.531s] Level 1:colcon.colcon_core.package_identification:_identify(src/my_robot_interfaces) by extensions ['ignore', 'ignore_ament_install']
[1.531s] Level 1:colcon.colcon_core.package_identification:_identify(src/my_robot_interfaces) by extension 'ignore'
[1.531s] Level 1:colcon.colcon_core.package_identification:_identify(src/my_robot_interfaces) by extension 'ignore_ament_install'
[1.531s] Level 1:colcon.colcon_core.package_identification:_identify(src/my_robot_interfaces) by extensions ['colcon_pkg']
[1.531s] Level 1:colcon.colcon_core.package_identification:_identify(src/my_robot_interfaces) by extension 'colcon_pkg'
[1.531s] Level 1:colcon.colcon_core.package_identification:_identify(src/my_robot_interfaces) by extensions ['colcon_meta']
[1.531s] Level 1:colcon.colcon_core.package_identification:_identify(src/my_robot_interfaces) by extension 'colcon_meta'
[1.532s] Level 1:colcon.colcon_core.package_identification:_identify(src/my_robot_interfaces) by extensions ['ros']
[1.532s] Level 1:colcon.colcon_core.package_identification:_identify(src/my_robot_interfaces) by extension 'ros'
[1.532s] DEBUG:colcon.colcon_core.package_identification:Package 'src/my_robot_interfaces' with type 'ros.ament_cmake' and name 'my_robot_interfaces'
[1.532s] Level 1:colcon.colcon_core.package_discovery:discover_packages(recursive) using defaults
[1.532s] Level 1:colcon.colcon_core.package_discovery:discover_packages(ignore) discover
[1.532s] Level 1:colcon.colcon_core.package_discovery:discover_packages(ignore) using defaults
[1.532s] Level 1:colcon.colcon_core.package_discovery:discover_packages(path) discover
[1.532s] Level 1:colcon.colcon_core.package_discovery:discover_packages(path) using defaults
[1.646s] Level 1:colcon.colcon_core.package_discovery:discover_packages(prefix_path) check parameters
[1.646s] Level 1:colcon.colcon_core.package_discovery:discover_packages(prefix_path) discover
[1.685s] DEBUG:colcon.colcon_installed_package_information.package_discovery:Found 4 installed packages in /home/ant/ros2_ws/install
[1.704s] DEBUG:colcon.colcon_installed_package_information.package_discovery:Found 270 installed packages in /opt/ros/humble
[1.706s] Level 1:colcon.colcon_core.package_discovery:discover_packages(prefix_path) using defaults
[1.882s] Level 5:colcon.colcon_core.verb:set package 'more_interfaces' build argument 'cmake_args' from command line to 'None'
[1.882s] Level 5:colcon.colcon_core.verb:set package 'more_interfaces' build argument 'cmake_target' from command line to 'None'
[1.882s] Level 5:colcon.colcon_core.verb:set package 'more_interfaces' build argument 'cmake_target_skip_unavailable' from command line to 'False'
[1.882s] Level 5:colcon.colcon_core.verb:set package 'more_interfaces' build argument 'cmake_clean_cache' from command line to 'False'
[1.882s] Level 5:colcon.colcon_core.verb:set package 'more_interfaces' build argument 'cmake_clean_first' from command line to 'False'
[1.882s] Level 5:colcon.colcon_core.verb:set package 'more_interfaces' build argument 'cmake_force_configure' from command line to 'False'
[1.882s] Level 5:colcon.colcon_core.verb:set package 'more_interfaces' build argument 'ament_cmake_args' from command line to 'None'
[1.882s] Level 5:colcon.colcon_core.verb:set package 'more_interfaces' build argument 'catkin_cmake_args' from command line to 'None'
[1.882s] Level 5:colcon.colcon_core.verb:set package 'more_interfaces' build argument 'catkin_skip_building_tests' from command line to 'False'
[1.882s] DEBUG:colcon.colcon_core.verb:Building package 'more_interfaces' with the following arguments: {'ament_cmake_args': None, 'build_base': '/home/ant/ros2_ws/build/more_interfaces', 'catkin_cmake_args': None, 'catkin_skip_building_tests': False, 'cmake_args': None, 'cmake_clean_cache': False, 'cmake_clean_first': False, 'cmake_force_configure': False, 'cmake_target': None, 'cmake_target_skip_unavailable': False, 'install_base': '/home/ant/ros2_ws/install/more_interfaces', 'merge_install': False, 'path': '/home/ant/ros2_ws/src/more_interfaces', 'symlink_install': False, 'test_result_base': None}
[1.905s] Level 5:colcon.colcon_core.verb:set package 'my_cpp_pkg' build argument 'cmake_args' from command line to 'None'
[1.905s] Level 5:colcon.colcon_core.verb:set package 'my_cpp_pkg' build argument 'cmake_target' from command line to 'None'
[1.905s] Level 5:colcon.colcon_core.verb:set package 'my_cpp_pkg' build argument 'cmake_target_skip_unavailable' from command line to 'False'
[1.905s] Level 5:colcon.colcon_core.verb:set package 'my_cpp_pkg' build argument 'cmake_clean_cache' from command line to 'False'
[1.905s] Level 5:colcon.colcon_core.verb:set package 'my_cpp_pkg' build argument 'cmake_clean_first' from command line to 'False'
[1.905s] Level 5:colcon.colcon_core.verb:set package 'my_cpp_pkg' build argument 'cmake_force_configure' from command line to 'False'
[1.905s] Level 5:colcon.colcon_core.verb:set package 'my_cpp_pkg' build argument 'ament_cmake_args' from command line to 'None'
[1.905s] Level 5:colcon.colcon_core.verb:set package 'my_cpp_pkg' build argument 'catkin_cmake_args' from command line to 'None'
[1.905s] Level 5:colcon.colcon_core.verb:set package 'my_cpp_pkg' build argument 'catkin_skip_building_tests' from command line to 'False'
[1.905s] DEBUG:colcon.colcon_core.verb:Building package 'my_cpp_pkg' with the following arguments: {'ament_cmake_args': None, 'build_base': '/home/ant/ros2_ws/build/my_cpp_pkg', 'catkin_cmake_args': None, 'catkin_skip_building_tests': False, 'cmake_args': None, 'cmake_clean_cache': False, 'cmake_clean_first': False, 'cmake_force_configure': False, 'cmake_target': None, 'cmake_target_skip_unavailable': False, 'install_base': '/home/ant/ros2_ws/install/my_cpp_pkg', 'merge_install': False, 'path': '/home/ant/ros2_ws/src/my_cpp_pkg', 'symlink_install': False, 'test_result_base': None}
[1.925s] Level 5:colcon.colcon_core.verb:set package 'my_new_robot_interfaces' build argument 'cmake_args' from command line to 'None'
[1.925s] Level 5:colcon.colcon_core.verb:set package 'my_new_robot_interfaces' build argument 'cmake_target' from command line to 'None'
[1.926s] Level 5:colcon.colcon_core.verb:set package 'my_new_robot_interfaces' build argument 'cmake_target_skip_unavailable' from command line to 'False'
[1.926s] Level 5:colcon.colcon_core.verb:set package 'my_new_robot_interfaces' build argument 'cmake_clean_cache' from command line to 'False'
[1.926s] Level 5:colcon.colcon_core.verb:set package 'my_new_robot_interfaces' build argument 'cmake_clean_first' from command line to 'False'
[1.926s] Level 5:colcon.colcon_core.verb:set package 'my_new_robot_interfaces' build argument 'cmake_force_configure' from command line to 'False'
[1.926s] Level 5:colcon.colcon_core.verb:set package 'my_new_robot_interfaces' build argument 'ament_cmake_args' from command line to 'None'
[1.926s] Level 5:colcon.colcon_core.verb:set package 'my_new_robot_interfaces' build argument 'catkin_cmake_args' from command line to 'None'
[1.926s] Level 5:colcon.colcon_core.verb:set package 'my_new_robot_interfaces' build argument 'catkin_skip_building_tests' from command line to 'False'
[1.926s] DEBUG:colcon.colcon_core.verb:Building package 'my_new_robot_interfaces' with the following arguments: {'ament_cmake_args': None, 'build_base': '/home/ant/ros2_ws/build/my_new_robot_interfaces', 'catkin_cmake_args': None, 'catkin_skip_building_tests': False, 'cmake_args': None, 'cmake_clean_cache': False, 'cmake_clean_first': False, 'cmake_force_configure': False, 'cmake_target': None, 'cmake_target_skip_unavailable': False, 'install_base': '/home/ant/ros2_ws/install/my_new_robot_interfaces', 'merge_install': False, 'path': '/home/ant/ros2_ws/src/my_new_robot_interfaces', 'symlink_install': False, 'test_result_base': None}
[1.946s] Level 5:colcon.colcon_core.verb:set package 'my_robot_interfaces' build argument 'cmake_args' from command line to 'None'
[1.946s] Level 5:colcon.colcon_core.verb:set package 'my_robot_interfaces' build argument 'cmake_target' from command line to 'None'
[1.946s] Level 5:colcon.colcon_core.verb:set package 'my_robot_interfaces' build argument 'cmake_target_skip_unavailable' from command line to 'False'
[1.946s] Level 5:colcon.colcon_core.verb:set package 'my_robot_interfaces' build argument 'cmake_clean_cache' from command line to 'False'
[1.946s] Level 5:colcon.colcon_core.verb:set package 'my_robot_interfaces' build argument 'cmake_clean_first' from command line to 'False'
[1.947s] Level 5:colcon.colcon_core.verb:set package 'my_robot_interfaces' build argument 'cmake_force_configure' from command line to 'False'
[1.947s] Level 5:colcon.colcon_core.verb:set package 'my_robot_interfaces' build argument 'ament_cmake_args' from command line to 'None'
[1.947s] Level 5:colcon.colcon_core.verb:set package 'my_robot_interfaces' build argument 'catkin_cmake_args' from command line to 'None'
[1.947s] Level 5:colcon.colcon_core.verb:set package 'my_robot_interfaces' build argument 'catkin_skip_building_tests' from command line to 'False'
[1.947s] DEBUG:colcon.colcon_core.verb:Building package 'my_robot_interfaces' with the following arguments: {'ament_cmake_args': None, 'build_base': '/home/ant/ros2_ws/build/my_robot_interfaces', 'catkin_cmake_args': None, 'catkin_skip_building_tests': False, 'cmake_args': None, 'cmake_clean_cache': False, 'cmake_clean_first': False, 'cmake_force_configure': False, 'cmake_target': None, 'cmake_target_skip_unavailable': False, 'install_base': '/home/ant/ros2_ws/install/my_robot_interfaces', 'merge_install': False, 'path': '/home/ant/ros2_ws/src/my_robot_interfaces', 'symlink_install': False, 'test_result_base': None}
[1.967s] Level 5:colcon.colcon_core.verb:set package 'my_py_pkg' build argument 'cmake_args' from command line to 'None'
[1.967s] Level 5:colcon.colcon_core.verb:set package 'my_py_pkg' build argument 'cmake_target' from command line to 'None'
[1.967s] Level 5:colcon.colcon_core.verb:set package 'my_py_pkg' build argument 'cmake_target_skip_unavailable' from command line to 'False'
[1.967s] Level 5:colcon.colcon_core.verb:set package 'my_py_pkg' build argument 'cmake_clean_cache' from command line to 'False'
[1.967s] Level 5:colcon.colcon_core.verb:set package 'my_py_pkg' build argument 'cmake_clean_first' from command line to 'False'
[1.967s] Level 5:colcon.colcon_core.verb:set package 'my_py_pkg' build argument 'cmake_force_configure' from command line to 'False'
[1.967s] Level 5:colcon.colcon_core.verb:set package 'my_py_pkg' build argument 'ament_cmake_args' from command line to 'None'
[1.967s] Level 5:colcon.colcon_core.verb:set package 'my_py_pkg' build argument 'catkin_cmake_args' from command line to 'None'
[1.967s] Level 5:colcon.colcon_core.verb:set package 'my_py_pkg' build argument 'catkin_skip_building_tests' from command line to 'False'
[1.967s] DEBUG:colcon.colcon_core.verb:Building package 'my_py_pkg' with the following arguments: {'ament_cmake_args': None, 'build_base': '/home/ant/ros2_ws/build/my_py_pkg', 'catkin_cmake_args': None, 'catkin_skip_building_tests': False, 'cmake_args': None, 'cmake_clean_cache': False, 'cmake_clean_first': False, 'cmake_force_configure': False, 'cmake_target': None, 'cmake_target_skip_unavailable': False, 'install_base': '/home/ant/ros2_ws/install/my_py_pkg', 'merge_install': False, 'path': '/home/ant/ros2_ws/src/my_py_pkg', 'symlink_install': False, 'test_result_base': None}
[1.986s] INFO:colcon.colcon_core.executor:Executing jobs using 'parallel' executor
[2.006s] DEBUG:colcon.colcon_parallel_executor.executor.parallel:run_until_complete
[2.007s] INFO:colcon.colcon_ros.task.ament_cmake.build:Building ROS package in '/home/ant/ros2_ws/src/more_interfaces' with build type 'ament_cmake'
[2.008s] INFO:colcon.colcon_cmake.task.cmake.build:Building CMake package in '/home/ant/ros2_ws/src/more_interfaces'
[2.055s] INFO:colcon.colcon_core.plugin_system:Skipping extension 'colcon_core.shell.bat': Not used on non-Windows systems
[2.056s] INFO:colcon.colcon_core.shell:Skip shell extension 'powershell' for command environment: Not usable outside of PowerShell
[2.057s] DEBUG:colcon.colcon_core.shell:Skip shell extension 'dsv' for command environment
[2.251s] INFO:colcon.colcon_ros.task.ament_cmake.build:Building ROS package in '/home/ant/ros2_ws/src/my_robot_interfaces' with build type 'ament_cmake'
[2.253s] INFO:colcon.colcon_cmake.task.cmake.build:Building CMake package in '/home/ant/ros2_ws/src/my_robot_interfaces'
[2.299s] INFO:colcon.colcon_core.shell:Skip shell extension 'powershell' for command environment: Not usable outside of PowerShell
[2.299s] DEBUG:colcon.colcon_core.shell:Skip shell extension 'dsv' for command environment
[2.402s] INFO:colcon.colcon_ros.task.ament_cmake.build:Building ROS package in '/home/ant/ros2_ws/src/my_cpp_pkg' with build type 'ament_cmake'
[2.402s] INFO:colcon.colcon_cmake.task.cmake.build:Building CMake package in '/home/ant/ros2_ws/src/my_cpp_pkg'
[2.426s] INFO:colcon.colcon_core.shell:Skip shell extension 'powershell' for command environment: Not usable outside of PowerShell
[2.426s] DEBUG:colcon.colcon_core.shell:Skip shell extension 'dsv' for command environment
[2.512s] INFO:colcon.colcon_ros.task.ament_cmake.build:Building ROS package in '/home/ant/ros2_ws/src/my_new_robot_interfaces' with build type 'ament_cmake'
[2.512s] INFO:colcon.colcon_cmake.task.cmake.build:Building CMake package in '/home/ant/ros2_ws/src/my_new_robot_interfaces'
[2.538s] INFO:colcon.colcon_core.shell:Skip shell extension 'powershell' for command environment: Not usable outside of PowerShell
[2.538s] DEBUG:colcon.colcon_core.shell:Skip shell extension 'dsv' for command environment
[2.631s] DEBUG:colcon.colcon_core.event_handler.log_command:Invoking command in '/home/ant/ros2_ws/build/more_interfaces': CMAKE_PREFIX_PATH=${CMAKE_PREFIX_PATH}:/home/ant/ros2_ws/install/my_py_pkg:/opt/ros/humble CONDA_PROMPT_MODIFIER=(base) /usr/bin/cmake /home/ant/ros2_ws/src/more_interfaces -DCMAKE_INSTALL_PREFIX=/home/ant/ros2_ws/install/more_interfaces
[2.642s] DEBUG:colcon.colcon_core.event_handler.log_command:Invoking command in '/home/ant/ros2_ws/build/my_robot_interfaces': CMAKE_PREFIX_PATH=${CMAKE_PREFIX_PATH}:/home/ant/ros2_ws/install/my_py_pkg:/opt/ros/humble CONDA_PROMPT_MODIFIER=(base) /usr/bin/cmake --build /home/ant/ros2_ws/build/my_robot_interfaces -- -j4 -l4
[2.648s] DEBUG:colcon.colcon_core.event_handler.log_command:Invoking command in '/home/ant/ros2_ws/build/my_cpp_pkg': CMAKE_PREFIX_PATH=${CMAKE_PREFIX_PATH}:/home/ant/ros2_ws/install/my_py_pkg:/opt/ros/humble CONDA_PROMPT_MODIFIER=(base) /usr/bin/cmake --build /home/ant/ros2_ws/build/my_cpp_pkg -- -j4 -l4
[2.660s] DEBUG:colcon.colcon_core.event_handler.log_command:Invoking command in '/home/ant/ros2_ws/build/my_new_robot_interfaces': CMAKE_PREFIX_PATH=${CMAKE_PREFIX_PATH}:/home/ant/ros2_ws/install/my_py_pkg:/opt/ros/humble CONDA_PROMPT_MODIFIER=(base) /usr/bin/cmake --build /home/ant/ros2_ws/build/my_new_robot_interfaces -- -j4 -l4
[3.484s] DEBUG:colcon.colcon_core.event_handler.log_command:Invoked command in '/home/ant/ros2_ws/build/my_cpp_pkg' returned '0': CMAKE_PREFIX_PATH=${CMAKE_PREFIX_PATH}:/home/ant/ros2_ws/install/my_py_pkg:/opt/ros/humble CONDA_PROMPT_MODIFIER=(base) /usr/bin/cmake --build /home/ant/ros2_ws/build/my_cpp_pkg -- -j4 -l4
[4.135s] DEBUG:colcon.colcon_core.event_handler.log_command:Invoking command in '/home/ant/ros2_ws/build/my_cpp_pkg': CMAKE_PREFIX_PATH=${CMAKE_PREFIX_PATH}:/home/ant/ros2_ws/install/my_py_pkg:/opt/ros/humble CONDA_PROMPT_MODIFIER=(base) /usr/bin/cmake --install /home/ant/ros2_ws/build/my_cpp_pkg
[4.218s] Level 1:colcon.colcon_core.environment:create_environment_scripts_only(my_cpp_pkg)
[4.235s] DEBUG:colcon.colcon_core.event_handler.log_command:Invoked command in '/home/ant/ros2_ws/build/my_cpp_pkg' returned '0': CMAKE_PREFIX_PATH=${CMAKE_PREFIX_PATH}:/home/ant/ros2_ws/install/my_py_pkg:/opt/ros/humble CONDA_PROMPT_MODIFIER=(base) /usr/bin/cmake --install /home/ant/ros2_ws/build/my_cpp_pkg
[4.478s] Level 1:colcon.colcon_core.environment:checking '/home/ant/ros2_ws/install/my_cpp_pkg' for CMake module files
[4.483s] Level 1:colcon.colcon_core.environment:checking '/home/ant/ros2_ws/install/my_cpp_pkg' for CMake config files
[4.488s] Level 1:colcon.colcon_core.shell:create_environment_hook('my_cpp_pkg', 'cmake_prefix_path')
[4.690s] INFO:colcon.colcon_core.shell:Creating environment hook '/home/ant/ros2_ws/install/my_cpp_pkg/share/my_cpp_pkg/hook/cmake_prefix_path.ps1'
[4.697s] INFO:colcon.colcon_core.shell:Creating environment descriptor '/home/ant/ros2_ws/install/my_cpp_pkg/share/my_cpp_pkg/hook/cmake_prefix_path.dsv'
[4.698s] INFO:colcon.colcon_core.shell:Creating environment hook '/home/ant/ros2_ws/install/my_cpp_pkg/share/my_cpp_pkg/hook/cmake_prefix_path.sh'
[4.700s] Level 1:colcon.colcon_core.environment:checking '/home/ant/ros2_ws/install/my_cpp_pkg/lib'
[4.700s] Level 1:colcon.colcon_core.environment:checking '/home/ant/ros2_ws/install/my_cpp_pkg/bin'
[4.701s] Level 1:colcon.colcon_core.environment:checking '/home/ant/ros2_ws/install/my_cpp_pkg/lib/pkgconfig/my_cpp_pkg.pc'
[4.701s] Level 1:colcon.colcon_core.environment:checking '/home/ant/ros2_ws/install/my_cpp_pkg/lib/python3.10/site-packages'
[4.702s] Level 1:colcon.colcon_core.environment:checking '/home/ant/ros2_ws/install/my_cpp_pkg/bin'
[4.800s] INFO:colcon.colcon_core.shell:Creating package script '/home/ant/ros2_ws/install/my_cpp_pkg/share/my_cpp_pkg/package.ps1'
[4.802s] INFO:colcon.colcon_core.shell:Creating package descriptor '/home/ant/ros2_ws/install/my_cpp_pkg/share/my_cpp_pkg/package.dsv'
[4.804s] INFO:colcon.colcon_core.shell:Creating package script '/home/ant/ros2_ws/install/my_cpp_pkg/share/my_cpp_pkg/package.sh'
[4.806s] INFO:colcon.colcon_core.shell:Creating package script '/home/ant/ros2_ws/install/my_cpp_pkg/share/my_cpp_pkg/package.bash'
[4.808s] INFO:colcon.colcon_core.shell:Creating package script '/home/ant/ros2_ws/install/my_cpp_pkg/share/my_cpp_pkg/package.zsh'
[4.818s] Level 1:colcon.colcon_core.environment:create_file_with_runtime_dependencies(/home/ant/ros2_ws/install/my_cpp_pkg/share/colcon-core/packages/my_cpp_pkg)
[4.836s] DEBUG:colcon.colcon_core.event_handler.log_command:Invoked command in '/home/ant/ros2_ws/build/my_robot_interfaces' returned '0': CMAKE_PREFIX_PATH=${CMAKE_PREFIX_PATH}:/home/ant/ros2_ws/install/my_py_pkg:/opt/ros/humble CONDA_PROMPT_MODIFIER=(base) /usr/bin/cmake --build /home/ant/ros2_ws/build/my_robot_interfaces -- -j4 -l4
[5.123s] Level 1:colcon.colcon_core.environment:create_environment_scripts_only(my_cpp_pkg)
[5.187s] Level 1:colcon.colcon_core.environment:checking '/home/ant/ros2_ws/install/my_cpp_pkg' for CMake module files
[5.189s] Level 1:colcon.colcon_core.environment:checking '/home/ant/ros2_ws/install/my_cpp_pkg' for CMake config files
[5.191s] Level 1:colcon.colcon_core.shell:create_environment_hook('my_cpp_pkg', 'cmake_prefix_path')
[5.256s] INFO:colcon.colcon_core.shell:Creating environment hook '/home/ant/ros2_ws/install/my_cpp_pkg/share/my_cpp_pkg/hook/cmake_prefix_path.ps1'
[5.257s] INFO:colcon.colcon_core.shell:Creating environment descriptor '/home/ant/ros2_ws/install/my_cpp_pkg/share/my_cpp_pkg/hook/cmake_prefix_path.dsv'
[5.258s] INFO:colcon.colcon_core.shell:Creating environment hook '/home/ant/ros2_ws/install/my_cpp_pkg/share/my_cpp_pkg/hook/cmake_prefix_path.sh'
[5.261s] Level 1:colcon.colcon_core.environment:checking '/home/ant/ros2_ws/install/my_cpp_pkg/lib'
[5.262s] Level 1:colcon.colcon_core.environment:checking '/home/ant/ros2_ws/install/my_cpp_pkg/bin'
[5.263s] Level 1:colcon.colcon_core.environment:checking '/home/ant/ros2_ws/install/my_cpp_pkg/lib/pkgconfig/my_cpp_pkg.pc'
[5.265s] Level 1:colcon.colcon_core.environment:checking '/home/ant/ros2_ws/install/my_cpp_pkg/lib/python3.10/site-packages'
[5.271s] Level 1:colcon.colcon_core.environment:checking '/home/ant/ros2_ws/install/my_cpp_pkg/bin'
[5.324s] INFO:colcon.colcon_core.shell:Creating package script '/home/ant/ros2_ws/install/my_cpp_pkg/share/my_cpp_pkg/package.ps1'
[5.325s] INFO:colcon.colcon_core.shell:Creating package descriptor '/home/ant/ros2_ws/install/my_cpp_pkg/share/my_cpp_pkg/package.dsv'
[5.327s] INFO:colcon.colcon_core.shell:Creating package script '/home/ant/ros2_ws/install/my_cpp_pkg/share/my_cpp_pkg/package.sh'
[5.329s] INFO:colcon.colcon_core.shell:Creating package script '/home/ant/ros2_ws/install/my_cpp_pkg/share/my_cpp_pkg/package.bash'
[5.331s] INFO:colcon.colcon_core.shell:Creating package script '/home/ant/ros2_ws/install/my_cpp_pkg/share/my_cpp_pkg/package.zsh'
[5.332s] Level 1:colcon.colcon_core.environment:create_file_with_runtime_dependencies(/home/ant/ros2_ws/install/my_cpp_pkg/share/colcon-core/packages/my_cpp_pkg)
[5.339s] DEBUG:colcon.colcon_core.event_handler.log_command:Invoking command in '/home/ant/ros2_ws/build/my_robot_interfaces': CMAKE_PREFIX_PATH=${CMAKE_PREFIX_PATH}:/home/ant/ros2_ws/install/my_py_pkg:/opt/ros/humble CONDA_PROMPT_MODIFIER=(base) /usr/bin/cmake --install /home/ant/ros2_ws/build/my_robot_interfaces
[5.344s] DEBUG:colcon.colcon_core.event_handler.log_command:Invoked command in '/home/ant/ros2_ws/build/my_new_robot_interfaces' returned '0': CMAKE_PREFIX_PATH=${CMAKE_PREFIX_PATH}:/home/ant/ros2_ws/install/my_py_pkg:/opt/ros/humble CONDA_PROMPT_MODIFIER=(base) /usr/bin/cmake --build /home/ant/ros2_ws/build/my_new_robot_interfaces -- -j4 -l4
[5.583s] Level 1:colcon.colcon_core.environment:create_environment_scripts_only(my_robot_interfaces)
[5.589s] DEBUG:colcon.colcon_core.event_handler.log_command:Invoked command in '/home/ant/ros2_ws/build/my_robot_interfaces' returned '0': CMAKE_PREFIX_PATH=${CMAKE_PREFIX_PATH}:/home/ant/ros2_ws/install/my_py_pkg:/opt/ros/humble CONDA_PROMPT_MODIFIER=(base) /usr/bin/cmake --install /home/ant/ros2_ws/build/my_robot_interfaces
[5.627s] Level 1:colcon.colcon_core.environment:checking '/home/ant/ros2_ws/install/my_robot_interfaces' for CMake module files
[5.629s] Level 1:colcon.colcon_core.environment:checking '/home/ant/ros2_ws/install/my_robot_interfaces' for CMake config files
[5.629s] Level 1:colcon.colcon_core.shell:create_environment_hook('my_robot_interfaces', 'cmake_prefix_path')
[5.672s] INFO:colcon.colcon_core.shell:Creating environment hook '/home/ant/ros2_ws/install/my_robot_interfaces/share/my_robot_interfaces/hook/cmake_prefix_path.ps1'
[5.674s] INFO:colcon.colcon_core.shell:Creating environment descriptor '/home/ant/ros2_ws/install/my_robot_interfaces/share/my_robot_interfaces/hook/cmake_prefix_path.dsv'
[5.675s] INFO:colcon.colcon_core.shell:Creating environment hook '/home/ant/ros2_ws/install/my_robot_interfaces/share/my_robot_interfaces/hook/cmake_prefix_path.sh'
[5.678s] Level 1:colcon.colcon_core.environment:checking '/home/ant/ros2_ws/install/my_robot_interfaces/lib'
[5.679s] Level 1:colcon.colcon_core.shell:create_environment_hook('my_robot_interfaces', 'ld_library_path_lib')
[5.710s] INFO:colcon.colcon_core.shell:Creating environment hook '/home/ant/ros2_ws/install/my_robot_interfaces/share/my_robot_interfaces/hook/ld_library_path_lib.ps1'
[5.711s] INFO:colcon.colcon_core.shell:Creating environment descriptor '/home/ant/ros2_ws/install/my_robot_interfaces/share/my_robot_interfaces/hook/ld_library_path_lib.dsv'
[5.712s] INFO:colcon.colcon_core.shell:Creating environment hook '/home/ant/ros2_ws/install/my_robot_interfaces/share/my_robot_interfaces/hook/ld_library_path_lib.sh'
[5.712s] Level 1:colcon.colcon_core.environment:checking '/home/ant/ros2_ws/install/my_robot_interfaces/bin'
[5.712s] Level 1:colcon.colcon_core.environment:checking '/home/ant/ros2_ws/install/my_robot_interfaces/lib/pkgconfig/my_robot_interfaces.pc'
[5.713s] Level 1:colcon.colcon_core.environment:checking '/home/ant/ros2_ws/install/my_robot_interfaces/lib/python3.10/site-packages'
[5.713s] Level 1:colcon.colcon_core.environment:checking '/home/ant/ros2_ws/install/my_robot_interfaces/bin'
[5.732s] INFO:colcon.colcon_core.shell:Creating package script '/home/ant/ros2_ws/install/my_robot_interfaces/share/my_robot_interfaces/package.ps1'
[5.733s] INFO:colcon.colcon_core.shell:Creating package descriptor '/home/ant/ros2_ws/install/my_robot_interfaces/share/my_robot_interfaces/package.dsv'
[5.734s] INFO:colcon.colcon_core.shell:Creating package script '/home/ant/ros2_ws/install/my_robot_interfaces/share/my_robot_interfaces/package.sh'
[5.735s] INFO:colcon.colcon_core.shell:Creating package script '/home/ant/ros2_ws/install/my_robot_interfaces/share/my_robot_interfaces/package.bash'
[5.735s] INFO:colcon.colcon_core.shell:Creating package script '/home/ant/ros2_ws/install/my_robot_interfaces/share/my_robot_interfaces/package.zsh'
[5.736s] Level 1:colcon.colcon_core.environment:create_file_with_runtime_dependencies(/home/ant/ros2_ws/install/my_robot_interfaces/share/colcon-core/packages/my_robot_interfaces)
[5.741s] DEBUG:colcon.colcon_core.event_handler.log_command:Invoking command in '/home/ant/ros2_ws/build/my_new_robot_interfaces': CMAKE_PREFIX_PATH=${CMAKE_PREFIX_PATH}:/home/ant/ros2_ws/install/my_py_pkg:/opt/ros/humble CONDA_PROMPT_MODIFIER=(base) /usr/bin/cmake --install /home/ant/ros2_ws/build/my_new_robot_interfaces
[5.940s] Level 1:colcon.colcon_core.environment:create_environment_scripts_only(my_new_robot_interfaces)
[5.944s] DEBUG:colcon.colcon_core.event_handler.log_command:Invoked command in '/home/ant/ros2_ws/build/my_new_robot_interfaces' returned '0': CMAKE_PREFIX_PATH=${CMAKE_PREFIX_PATH}:/home/ant/ros2_ws/install/my_py_pkg:/opt/ros/humble CONDA_PROMPT_MODIFIER=(base) /usr/bin/cmake --install /home/ant/ros2_ws/build/my_new_robot_interfaces
[6.003s] Level 1:colcon.colcon_core.environment:checking '/home/ant/ros2_ws/install/my_new_robot_interfaces' for CMake module files
[6.005s] Level 1:colcon.colcon_core.environment:checking '/home/ant/ros2_ws/install/my_new_robot_interfaces' for CMake config files
[6.006s] Level 1:colcon.colcon_core.shell:create_environment_hook('my_new_robot_interfaces', 'cmake_prefix_path')
[6.057s] INFO:colcon.colcon_core.shell:Creating environment hook '/home/ant/ros2_ws/install/my_new_robot_interfaces/share/my_new_robot_interfaces/hook/cmake_prefix_path.ps1'
[6.058s] INFO:colcon.colcon_core.shell:Creating environment descriptor '/home/ant/ros2_ws/install/my_new_robot_interfaces/share/my_new_robot_interfaces/hook/cmake_prefix_path.dsv'
[6.059s] INFO:colcon.colcon_core.shell:Creating environment hook '/home/ant/ros2_ws/install/my_new_robot_interfaces/share/my_new_robot_interfaces/hook/cmake_prefix_path.sh'
[6.060s] Level 1:colcon.colcon_core.environment:checking '/home/ant/ros2_ws/install/my_new_robot_interfaces/lib'
[6.061s] Level 1:colcon.colcon_core.shell:create_environment_hook('my_new_robot_interfaces', 'ld_library_path_lib')
[6.121s] INFO:colcon.colcon_core.shell:Creating environment hook '/home/ant/ros2_ws/install/my_new_robot_interfaces/share/my_new_robot_interfaces/hook/ld_library_path_lib.ps1'
[6.122s] INFO:colcon.colcon_core.shell:Creating environment descriptor '/home/ant/ros2_ws/install/my_new_robot_interfaces/share/my_new_robot_interfaces/hook/ld_library_path_lib.dsv'
[6.122s] INFO:colcon.colcon_core.shell:Creating environment hook '/home/ant/ros2_ws/install/my_new_robot_interfaces/share/my_new_robot_interfaces/hook/ld_library_path_lib.sh'
[6.123s] Level 1:colcon.colcon_core.environment:checking '/home/ant/ros2_ws/install/my_new_robot_interfaces/bin'
[6.123s] Level 1:colcon.colcon_core.environment:checking '/home/ant/ros2_ws/install/my_new_robot_interfaces/lib/pkgconfig/my_new_robot_interfaces.pc'
[6.124s] Level 1:colcon.colcon_core.environment:checking '/home/ant/ros2_ws/install/my_new_robot_interfaces/lib/python3.10/site-packages'
[6.124s] Level 1:colcon.colcon_core.environment:checking '/home/ant/ros2_ws/install/my_new_robot_interfaces/bin'
[6.157s] INFO:colcon.colcon_core.shell:Creating package script '/home/ant/ros2_ws/install/my_new_robot_interfaces/share/my_new_robot_interfaces/package.ps1'
[6.159s] INFO:colcon.colcon_core.shell:Creating package descriptor '/home/ant/ros2_ws/install/my_new_robot_interfaces/share/my_new_robot_interfaces/package.dsv'
[6.160s] INFO:colcon.colcon_core.shell:Creating package script '/home/ant/ros2_ws/install/my_new_robot_interfaces/share/my_new_robot_interfaces/package.sh'
[6.161s] INFO:colcon.colcon_core.shell:Creating package script '/home/ant/ros2_ws/install/my_new_robot_interfaces/share/my_new_robot_interfaces/package.bash'
[6.162s] INFO:colcon.colcon_core.shell:Creating package script '/home/ant/ros2_ws/install/my_new_robot_interfaces/share/my_new_robot_interfaces/package.zsh'
[6.165s] Level 1:colcon.colcon_core.environment:create_file_with_runtime_dependencies(/home/ant/ros2_ws/install/my_new_robot_interfaces/share/colcon-core/packages/my_new_robot_interfaces)
[6.228s] Level 1:colcon.colcon_core.environment:create_environment_scripts_only(my_robot_interfaces)
[6.290s] Level 1:colcon.colcon_core.environment:checking '/home/ant/ros2_ws/install/my_robot_interfaces' for CMake module files
[6.294s] Level 1:colcon.colcon_core.environment:checking '/home/ant/ros2_ws/install/my_robot_interfaces' for CMake config files
[6.295s] Level 1:colcon.colcon_core.shell:create_environment_hook('my_robot_interfaces', 'cmake_prefix_path')
[6.361s] INFO:colcon.colcon_core.shell:Creating environment hook '/home/ant/ros2_ws/install/my_robot_interfaces/share/my_robot_interfaces/hook/cmake_prefix_path.ps1'
[6.362s] INFO:colcon.colcon_core.shell:Creating environment descriptor '/home/ant/ros2_ws/install/my_robot_interfaces/share/my_robot_interfaces/hook/cmake_prefix_path.dsv'
[6.365s] INFO:colcon.colcon_core.shell:Creating environment hook '/home/ant/ros2_ws/install/my_robot_interfaces/share/my_robot_interfaces/hook/cmake_prefix_path.sh'
[6.368s] Level 1:colcon.colcon_core.environment:checking '/home/ant/ros2_ws/install/my_robot_interfaces/lib'
[6.370s] Level 1:colcon.colcon_core.shell:create_environment_hook('my_robot_interfaces', 'ld_library_path_lib')
[6.435s] INFO:colcon.colcon_core.shell:Creating environment hook '/home/ant/ros2_ws/install/my_robot_interfaces/share/my_robot_interfaces/hook/ld_library_path_lib.ps1'
[6.436s] INFO:colcon.colcon_core.shell:Creating environment descriptor '/home/ant/ros2_ws/install/my_robot_interfaces/share/my_robot_interfaces/hook/ld_library_path_lib.dsv'
[6.437s] INFO:colcon.colcon_core.shell:Creating environment hook '/home/ant/ros2_ws/install/my_robot_interfaces/share/my_robot_interfaces/hook/ld_library_path_lib.sh'
[6.438s] Level 1:colcon.colcon_core.environment:checking '/home/ant/ros2_ws/install/my_robot_interfaces/bin'
[6.438s] Level 1:colcon.colcon_core.environment:checking '/home/ant/ros2_ws/install/my_robot_interfaces/lib/pkgconfig/my_robot_interfaces.pc'
[6.439s] Level 1:colcon.colcon_core.environment:checking '/home/ant/ros2_ws/install/my_robot_interfaces/lib/python3.10/site-packages'
[6.440s] Level 1:colcon.colcon_core.environment:checking '/home/ant/ros2_ws/install/my_robot_interfaces/bin'
[6.480s] INFO:colcon.colcon_core.shell:Creating package script '/home/ant/ros2_ws/install/my_robot_interfaces/share/my_robot_interfaces/package.ps1'
[6.481s] INFO:colcon.colcon_core.shell:Creating package descriptor '/home/ant/ros2_ws/install/my_robot_interfaces/share/my_robot_interfaces/package.dsv'
[6.484s] INFO:colcon.colcon_core.shell:Creating package script '/home/ant/ros2_ws/install/my_robot_interfaces/share/my_robot_interfaces/package.sh'
[6.487s] INFO:colcon.colcon_core.shell:Creating package script '/home/ant/ros2_ws/install/my_robot_interfaces/share/my_robot_interfaces/package.bash'
[6.490s] INFO:colcon.colcon_core.shell:Creating package script '/home/ant/ros2_ws/install/my_robot_interfaces/share/my_robot_interfaces/package.zsh'
[6.491s] Level 1:colcon.colcon_core.environment:create_file_with_runtime_dependencies(/home/ant/ros2_ws/install/my_robot_interfaces/share/colcon-core/packages/my_robot_interfaces)
[6.553s] Level 1:colcon.colcon_core.environment:create_environment_scripts_only(my_new_robot_interfaces)
[6.607s] Level 1:colcon.colcon_core.environment:checking '/home/ant/ros2_ws/install/my_new_robot_interfaces' for CMake module files
[6.608s] Level 1:colcon.colcon_core.environment:checking '/home/ant/ros2_ws/install/my_new_robot_interfaces' for CMake config files
[6.608s] Level 1:colcon.colcon_core.shell:create_environment_hook('my_new_robot_interfaces', 'cmake_prefix_path')
[6.645s] INFO:colcon.colcon_core.shell:Creating environment hook '/home/ant/ros2_ws/install/my_new_robot_interfaces/share/my_new_robot_interfaces/hook/cmake_prefix_path.ps1'
[6.646s] INFO:colcon.colcon_core.shell:Creating environment descriptor '/home/ant/ros2_ws/install/my_new_robot_interfaces/share/my_new_robot_interfaces/hook/cmake_prefix_path.dsv'
[6.646s] INFO:colcon.colcon_core.shell:Creating environment hook '/home/ant/ros2_ws/install/my_new_robot_interfaces/share/my_new_robot_interfaces/hook/cmake_prefix_path.sh'
[6.648s] Level 1:colcon.colcon_core.environment:checking '/home/ant/ros2_ws/install/my_new_robot_interfaces/lib'
[6.648s] Level 1:colcon.colcon_core.shell:create_environment_hook('my_new_robot_interfaces', 'ld_library_path_lib')
[6.690s] INFO:colcon.colcon_core.shell:Creating environment hook '/home/ant/ros2_ws/install/my_new_robot_interfaces/share/my_new_robot_interfaces/hook/ld_library_path_lib.ps1'
[6.692s] INFO:colcon.colcon_core.shell:Creating environment descriptor '/home/ant/ros2_ws/install/my_new_robot_interfaces/share/my_new_robot_interfaces/hook/ld_library_path_lib.dsv'
[6.693s] INFO:colcon.colcon_core.shell:Creating environment hook '/home/ant/ros2_ws/install/my_new_robot_interfaces/share/my_new_robot_interfaces/hook/ld_library_path_lib.sh'
[6.694s] Level 1:colcon.colcon_core.environment:checking '/home/ant/ros2_ws/install/my_new_robot_interfaces/bin'
[6.695s] Level 1:colcon.colcon_core.environment:checking '/home/ant/ros2_ws/install/my_new_robot_interfaces/lib/pkgconfig/my_new_robot_interfaces.pc'
[6.695s] Level 1:colcon.colcon_core.environment:checking '/home/ant/ros2_ws/install/my_new_robot_interfaces/lib/python3.10/site-packages'
[6.696s] Level 1:colcon.colcon_core.environment:checking '/home/ant/ros2_ws/install/my_new_robot_interfaces/bin'
[6.729s] INFO:colcon.colcon_core.shell:Creating package script '/home/ant/ros2_ws/install/my_new_robot_interfaces/share/my_new_robot_interfaces/package.ps1'
[6.730s] INFO:colcon.colcon_core.shell:Creating package descriptor '/home/ant/ros2_ws/install/my_new_robot_interfaces/share/my_new_robot_interfaces/package.dsv'
[6.732s] INFO:colcon.colcon_core.shell:Creating package script '/home/ant/ros2_ws/install/my_new_robot_interfaces/share/my_new_robot_interfaces/package.sh'
[6.733s] INFO:colcon.colcon_core.shell:Creating package script '/home/ant/ros2_ws/install/my_new_robot_interfaces/share/my_new_robot_interfaces/package.bash'
[6.734s] INFO:colcon.colcon_core.shell:Creating package script '/home/ant/ros2_ws/install/my_new_robot_interfaces/share/my_new_robot_interfaces/package.zsh'
[6.735s] Level 1:colcon.colcon_core.environment:create_file_with_runtime_dependencies(/home/ant/ros2_ws/install/my_new_robot_interfaces/share/colcon-core/packages/my_new_robot_interfaces)
[9.122s] DEBUG:colcon.colcon_core.event_handler.log_command:Invoked command in '/home/ant/ros2_ws/build/more_interfaces' returned '0': CMAKE_PREFIX_PATH=${CMAKE_PREFIX_PATH}:/home/ant/ros2_ws/install/my_py_pkg:/opt/ros/humble CONDA_PROMPT_MODIFIER=(base) /usr/bin/cmake /home/ant/ros2_ws/src/more_interfaces -DCMAKE_INSTALL_PREFIX=/home/ant/ros2_ws/install/more_interfaces
[9.123s] DEBUG:colcon.colcon_core.event_handler.log_command:Invoking command in '/home/ant/ros2_ws/build/more_interfaces': CMAKE_PREFIX_PATH=${CMAKE_PREFIX_PATH}:/home/ant/ros2_ws/install/my_py_pkg:/opt/ros/humble CONDA_PROMPT_MODIFIER=(base) /usr/bin/cmake --build /home/ant/ros2_ws/build/more_interfaces -- -j4 -l4
[16.550s] DEBUG:colcon.colcon_core.event_handler.log_command:Invoked command in '/home/ant/ros2_ws/build/more_interfaces' returned '0': CMAKE_PREFIX_PATH=${CMAKE_PREFIX_PATH}:/home/ant/ros2_ws/install/my_py_pkg:/opt/ros/humble CONDA_PROMPT_MODIFIER=(base) /usr/bin/cmake --build /home/ant/ros2_ws/build/more_interfaces -- -j4 -l4
[16.670s] DEBUG:colcon.colcon_core.event_handler.log_command:Invoking command in '/home/ant/ros2_ws/build/more_interfaces': CMAKE_PREFIX_PATH=${CMAKE_PREFIX_PATH}:/home/ant/ros2_ws/install/my_py_pkg:/opt/ros/humble CONDA_PROMPT_MODIFIER=(base) /usr/bin/cmake --install /home/ant/ros2_ws/build/more_interfaces
[16.808s] Level 1:colcon.colcon_core.environment:create_environment_scripts_only(more_interfaces)
[16.809s] DEBUG:colcon.colcon_core.event_handler.log_command:Invoked command in '/home/ant/ros2_ws/build/more_interfaces' returned '0': CMAKE_PREFIX_PATH=${CMAKE_PREFIX_PATH}:/home/ant/ros2_ws/install/my_py_pkg:/opt/ros/humble CONDA_PROMPT_MODIFIER=(base) /usr/bin/cmake --install /home/ant/ros2_ws/build/more_interfaces
[16.837s] Level 1:colcon.colcon_core.environment:checking '/home/ant/ros2_ws/install/more_interfaces' for CMake module files
[16.838s] Level 1:colcon.colcon_core.environment:checking '/home/ant/ros2_ws/install/more_interfaces' for CMake config files
[16.840s] Level 1:colcon.colcon_core.shell:create_environment_hook('more_interfaces', 'cmake_prefix_path')
[16.865s] INFO:colcon.colcon_core.shell:Creating environment hook '/home/ant/ros2_ws/install/more_interfaces/share/more_interfaces/hook/cmake_prefix_path.ps1'
[16.866s] INFO:colcon.colcon_core.shell:Creating environment descriptor '/home/ant/ros2_ws/install/more_interfaces/share/more_interfaces/hook/cmake_prefix_path.dsv'
[16.867s] INFO:colcon.colcon_core.shell:Creating environment hook '/home/ant/ros2_ws/install/more_interfaces/share/more_interfaces/hook/cmake_prefix_path.sh'
[16.868s] Level 1:colcon.colcon_core.environment:checking '/home/ant/ros2_ws/install/more_interfaces/lib'
[16.868s] Level 1:colcon.colcon_core.shell:create_environment_hook('more_interfaces', 'ld_library_path_lib')
[16.891s] INFO:colcon.colcon_core.shell:Creating environment hook '/home/ant/ros2_ws/install/more_interfaces/share/more_interfaces/hook/ld_library_path_lib.ps1'
[16.892s] INFO:colcon.colcon_core.shell:Creating environment descriptor '/home/ant/ros2_ws/install/more_interfaces/share/more_interfaces/hook/ld_library_path_lib.dsv'
[16.892s] INFO:colcon.colcon_core.shell:Creating environment hook '/home/ant/ros2_ws/install/more_interfaces/share/more_interfaces/hook/ld_library_path_lib.sh'
[16.893s] Level 1:colcon.colcon_core.environment:checking '/home/ant/ros2_ws/install/more_interfaces/bin'
[16.893s] Level 1:colcon.colcon_core.environment:checking '/home/ant/ros2_ws/install/more_interfaces/lib/pkgconfig/more_interfaces.pc'
[16.893s] Level 1:colcon.colcon_core.environment:checking '/home/ant/ros2_ws/install/more_interfaces/lib/python3.10/site-packages'
[16.893s] Level 1:colcon.colcon_core.environment:checking '/home/ant/ros2_ws/install/more_interfaces/bin'
[16.916s] INFO:colcon.colcon_core.shell:Creating package script '/home/ant/ros2_ws/install/more_interfaces/share/more_interfaces/package.ps1'
[16.917s] INFO:colcon.colcon_core.shell:Creating package descriptor '/home/ant/ros2_ws/install/more_interfaces/share/more_interfaces/package.dsv'
[16.918s] INFO:colcon.colcon_core.shell:Creating package script '/home/ant/ros2_ws/install/more_interfaces/share/more_interfaces/package.sh'
[16.918s] INFO:colcon.colcon_core.shell:Creating package script '/home/ant/ros2_ws/install/more_interfaces/share/more_interfaces/package.bash'
[16.919s] INFO:colcon.colcon_core.shell:Creating package script '/home/ant/ros2_ws/install/more_interfaces/share/more_interfaces/package.zsh'
[16.920s] Level 1:colcon.colcon_core.environment:create_file_with_runtime_dependencies(/home/ant/ros2_ws/install/more_interfaces/share/colcon-core/packages/more_interfaces)
[17.111s] Level 1:colcon.colcon_core.environment:create_environment_scripts_only(more_interfaces)
[17.152s] Level 1:colcon.colcon_core.environment:checking '/home/ant/ros2_ws/install/more_interfaces' for CMake module files
[17.154s] Level 1:colcon.colcon_core.environment:checking '/home/ant/ros2_ws/install/more_interfaces' for CMake config files
[17.154s] Level 1:colcon.colcon_core.shell:create_environment_hook('more_interfaces', 'cmake_prefix_path')
[17.178s] INFO:colcon.colcon_core.shell:Creating environment hook '/home/ant/ros2_ws/install/more_interfaces/share/more_interfaces/hook/cmake_prefix_path.ps1'
[17.179s] INFO:colcon.colcon_core.shell:Creating environment descriptor '/home/ant/ros2_ws/install/more_interfaces/share/more_interfaces/hook/cmake_prefix_path.dsv'
[17.179s] INFO:colcon.colcon_core.shell:Creating environment hook '/home/ant/ros2_ws/install/more_interfaces/share/more_interfaces/hook/cmake_prefix_path.sh'
[17.180s] Level 1:colcon.colcon_core.environment:checking '/home/ant/ros2_ws/install/more_interfaces/lib'
[17.180s] Level 1:colcon.colcon_core.shell:create_environment_hook('more_interfaces', 'ld_library_path_lib')
[17.200s] INFO:colcon.colcon_core.shell:Creating environment hook '/home/ant/ros2_ws/install/more_interfaces/share/more_interfaces/hook/ld_library_path_lib.ps1'
[17.201s] INFO:colcon.colcon_core.shell:Creating environment descriptor '/home/ant/ros2_ws/install/more_interfaces/share/more_interfaces/hook/ld_library_path_lib.dsv'
[17.202s] INFO:colcon.colcon_core.shell:Creating environment hook '/home/ant/ros2_ws/install/more_interfaces/share/more_interfaces/hook/ld_library_path_lib.sh'
[17.202s] Level 1:colcon.colcon_core.environment:checking '/home/ant/ros2_ws/install/more_interfaces/bin'
[17.203s] Level 1:colcon.colcon_core.environment:checking '/home/ant/ros2_ws/install/more_interfaces/lib/pkgconfig/more_interfaces.pc'
[17.203s] Level 1:colcon.colcon_core.environment:checking '/home/ant/ros2_ws/install/more_interfaces/lib/python3.10/site-packages'
[17.204s] Level 1:colcon.colcon_core.environment:checking '/home/ant/ros2_ws/install/more_interfaces/bin'
[17.237s] INFO:colcon.colcon_core.shell:Creating package script '/home/ant/ros2_ws/install/more_interfaces/share/more_interfaces/package.ps1'
[17.239s] INFO:colcon.colcon_core.shell:Creating package descriptor '/home/ant/ros2_ws/install/more_interfaces/share/more_interfaces/package.dsv'
[17.241s] INFO:colcon.colcon_core.shell:Creating package script '/home/ant/ros2_ws/install/more_interfaces/share/more_interfaces/package.sh'
[17.243s] INFO:colcon.colcon_core.shell:Creating package script '/home/ant/ros2_ws/install/more_interfaces/share/more_interfaces/package.bash'
[17.245s] INFO:colcon.colcon_core.shell:Creating package script '/home/ant/ros2_ws/install/more_interfaces/share/more_interfaces/package.zsh'
[17.246s] Level 1:colcon.colcon_core.environment:create_file_with_runtime_dependencies(/home/ant/ros2_ws/install/more_interfaces/share/colcon-core/packages/more_interfaces)
[17.248s] INFO:colcon.colcon_ros.task.ament_python.build:Building ROS package in '/home/ant/ros2_ws/src/my_py_pkg' with build type 'ament_python'
[17.248s] Level 1:colcon.colcon_core.shell:create_environment_hook('my_py_pkg', 'ament_prefix_path')
[17.294s] INFO:colcon.colcon_core.shell:Creating environment hook '/home/ant/ros2_ws/install/my_py_pkg/share/my_py_pkg/hook/ament_prefix_path.ps1'
[17.298s] INFO:colcon.colcon_core.shell:Creating environment descriptor '/home/ant/ros2_ws/install/my_py_pkg/share/my_py_pkg/hook/ament_prefix_path.dsv'
[17.303s] INFO:colcon.colcon_core.shell:Creating environment hook '/home/ant/ros2_ws/install/my_py_pkg/share/my_py_pkg/hook/ament_prefix_path.sh'
[17.412s] INFO:colcon.colcon_core.shell:Skip shell extension 'powershell' for command environment: Not usable outside of PowerShell
[17.412s] DEBUG:colcon.colcon_core.shell:Skip shell extension 'dsv' for command environment
[18.114s] INFO:colcon.colcon_core.task.python.build:Building Python package in '/home/ant/ros2_ws/src/my_py_pkg'
[18.141s] INFO:colcon.colcon_core.shell:Skip shell extension 'powershell' for command environment: Not usable outside of PowerShell
[18.141s] DEBUG:colcon.colcon_core.shell:Skip shell extension 'dsv' for command environment
[19.125s] DEBUG:colcon.colcon_core.event_handler.log_command:Invoking command in '/home/ant/ros2_ws/src/my_py_pkg': AMENT_PREFIX_PATH=/home/ant/ros2_ws/install/more_interfaces:${AMENT_PREFIX_PATH} CMAKE_PREFIX_PATH=/home/ant/ros2_ws/install/my_robot_interfaces:/home/ant/ros2_ws/install/more_interfaces:/home/ant/ros2_ws/install/my_new_robot_interfaces:/home/ant/ros2_ws/install/my_cpp_pkg CONDA_PROMPT_MODIFIER=(base) LD_LIBRARY_PATH=/home/ant/ros2_ws/install/my_robot_interfaces/lib:/home/ant/ros2_ws/install/more_interfaces/lib:/home/ant/ros2_ws/install/my_new_robot_interfaces/lib:/opt/ros/humble/opt/rviz_ogre_vendor/lib:/opt/ros/humble/lib/x86_64-linux-gnu:/opt/ros/humble/lib PYTHONPATH=/home/ant/ros2_ws/build/my_py_pkg/prefix_override:/home/ant/ros2_ws/install/my_py_pkg/lib/python3.10/site-packages:/home/ant/ros2_ws/install/more_interfaces/local/lib/python3.10/dist-packages:${PYTHONPATH} /usr/bin/python3 setup.py egg_info --egg-base ../../build/my_py_pkg build --build-base /home/ant/ros2_ws/build/my_py_pkg/build install --record /home/ant/ros2_ws/build/my_py_pkg/install.log --single-version-externally-managed
[19.822s] DEBUG:colcon.colcon_core.event_handler.log_command:Invoked command in '/home/ant/ros2_ws/src/my_py_pkg' returned '0': AMENT_PREFIX_PATH=/home/ant/ros2_ws/install/more_interfaces:${AMENT_PREFIX_PATH} CMAKE_PREFIX_PATH=/home/ant/ros2_ws/install/my_robot_interfaces:/home/ant/ros2_ws/install/more_interfaces:/home/ant/ros2_ws/install/my_new_robot_interfaces:/home/ant/ros2_ws/install/my_cpp_pkg CONDA_PROMPT_MODIFIER=(base) LD_LIBRARY_PATH=/home/ant/ros2_ws/install/my_robot_interfaces/lib:/home/ant/ros2_ws/install/more_interfaces/lib:/home/ant/ros2_ws/install/my_new_robot_interfaces/lib:/opt/ros/humble/opt/rviz_ogre_vendor/lib:/opt/ros/humble/lib/x86_64-linux-gnu:/opt/ros/humble/lib PYTHONPATH=/home/ant/ros2_ws/build/my_py_pkg/prefix_override:/home/ant/ros2_ws/install/my_py_pkg/lib/python3.10/site-packages:/home/ant/ros2_ws/install/more_interfaces/local/lib/python3.10/dist-packages:${PYTHONPATH} /usr/bin/python3 setup.py egg_info --egg-base ../../build/my_py_pkg build --build-base /home/ant/ros2_ws/build/my_py_pkg/build install --record /home/ant/ros2_ws/build/my_py_pkg/install.log --single-version-externally-managed
[19.862s] Level 1:colcon.colcon_core.environment:checking '/home/ant/ros2_ws/install/my_py_pkg' for CMake module files
[19.863s] Level 1:colcon.colcon_core.environment:checking '/home/ant/ros2_ws/install/my_py_pkg' for CMake config files
[19.865s] Level 1:colcon.colcon_core.environment:checking '/home/ant/ros2_ws/install/my_py_pkg/lib'
[19.865s] Level 1:colcon.colcon_core.environment:checking '/home/ant/ros2_ws/install/my_py_pkg/bin'
[19.866s] Level 1:colcon.colcon_core.environment:checking '/home/ant/ros2_ws/install/my_py_pkg/lib/pkgconfig/my_py_pkg.pc'
[19.866s] Level 1:colcon.colcon_core.environment:checking '/home/ant/ros2_ws/install/my_py_pkg/lib/python3.10/site-packages'
[19.866s] Level 1:colcon.colcon_core.shell:create_environment_hook('my_py_pkg', 'pythonpath')
[19.900s] INFO:colcon.colcon_core.shell:Creating environment hook '/home/ant/ros2_ws/install/my_py_pkg/share/my_py_pkg/hook/pythonpath.ps1'
[19.900s] INFO:colcon.colcon_core.shell:Creating environment descriptor '/home/ant/ros2_ws/install/my_py_pkg/share/my_py_pkg/hook/pythonpath.dsv'
[19.901s] INFO:colcon.colcon_core.shell:Creating environment hook '/home/ant/ros2_ws/install/my_py_pkg/share/my_py_pkg/hook/pythonpath.sh'
[19.902s] Level 1:colcon.colcon_core.environment:checking '/home/ant/ros2_ws/install/my_py_pkg/bin'
[19.902s] Level 1:colcon.colcon_core.environment:create_environment_scripts_only(my_py_pkg)
[19.932s] INFO:colcon.colcon_core.shell:Creating package script '/home/ant/ros2_ws/install/my_py_pkg/share/my_py_pkg/package.ps1'
[19.932s] INFO:colcon.colcon_core.shell:Creating package descriptor '/home/ant/ros2_ws/install/my_py_pkg/share/my_py_pkg/package.dsv'
[19.934s] INFO:colcon.colcon_core.shell:Creating package script '/home/ant/ros2_ws/install/my_py_pkg/share/my_py_pkg/package.sh'
[19.934s] INFO:colcon.colcon_core.shell:Creating package script '/home/ant/ros2_ws/install/my_py_pkg/share/my_py_pkg/package.bash'
[19.935s] INFO:colcon.colcon_core.shell:Creating package script '/home/ant/ros2_ws/install/my_py_pkg/share/my_py_pkg/package.zsh'
[19.935s] Level 1:colcon.colcon_core.environment:create_file_with_runtime_dependencies(/home/ant/ros2_ws/install/my_py_pkg/share/colcon-core/packages/my_py_pkg)
[19.936s] DEBUG:colcon.colcon_parallel_executor.executor.parallel:closing loop
[19.936s] DEBUG:colcon.colcon_parallel_executor.executor.parallel:loop closed
[19.937s] DEBUG:colcon.colcon_parallel_executor.executor.parallel:run_until_complete finished with '0'
[19.938s] DEBUG:colcon.colcon_core.event_reactor:joining thread
[20.023s] INFO:colcon.colcon_core.plugin_system:Skipping extension 'colcon_notification.desktop_notification.terminal_notifier': Not used on non-Darwin systems
[20.024s] INFO:colcon.colcon_core.plugin_system:Skipping extension 'colcon_notification.desktop_notification.win32': Not used on non-Windows systems
[20.024s] INFO:colcon.colcon_notification.desktop_notification:Sending desktop notification using 'notify2'
[20.051s] DEBUG:colcon.colcon_core.event_reactor:joined thread
[20.103s] INFO:colcon.colcon_core.shell:Creating prefix script '/home/ant/ros2_ws/install/local_setup.ps1'
[20.107s] INFO:colcon.colcon_core.shell:Creating prefix util module '/home/ant/ros2_ws/install/_local_setup_util_ps1.py'
[20.113s] INFO:colcon.colcon_core.shell:Creating prefix chain script '/home/ant/ros2_ws/install/setup.ps1'
[20.145s] INFO:colcon.colcon_core.shell:Creating prefix script '/home/ant/ros2_ws/install/local_setup.sh'
[20.146s] INFO:colcon.colcon_core.shell:Creating prefix util module '/home/ant/ros2_ws/install/_local_setup_util_sh.py'
[20.147s] INFO:colcon.colcon_core.shell:Creating prefix chain script '/home/ant/ros2_ws/install/setup.sh'
[20.184s] INFO:colcon.colcon_core.shell:Creating prefix script '/home/ant/ros2_ws/install/local_setup.bash'
[20.185s] INFO:colcon.colcon_core.shell:Creating prefix chain script '/home/ant/ros2_ws/install/setup.bash'
[20.218s] INFO:colcon.colcon_core.shell:Creating prefix script '/home/ant/ros2_ws/install/local_setup.zsh'
[20.220s] INFO:colcon.colcon_core.shell:Creating prefix chain script '/home/ant/ros2_ws/install/setup.zsh'
