[0.203s] Invoking command in '/home/ant/ros2_ws/build/my_new_robot_interfaces': CMAKE_PREFIX_PATH=${CMAKE_PREFIX_PATH}:/home/ant/ros2_ws/install/my_py_pkg:/opt/ros/humble CONDA_PROMPT_MODIFIER=(py310) /usr/bin/cmake /home/ant/ros2_ws/src/my_new_robot_interfaces -DCMAKE_INSTALL_PREFIX=/home/ant/ros2_ws/install/my_new_robot_interfaces
[0.491s] -- The C compiler identification is GNU 11.4.0
[0.740s] -- The CXX compiler identification is GNU 11.4.0
[0.771s] -- Detecting C compiler ABI info
[1.012s] -- Detecting C compiler ABI info - done
[1.038s] -- Check for working C compiler: /usr/bin/cc - skipped
[1.040s] -- Detecting C compile features
[1.048s] -- Detecting C compile features - done
[1.080s] -- Detecting CXX compiler ABI info
[1.634s] -- Detecting CXX compiler ABI info - done
[1.684s] -- Check for working CXX compiler: /usr/bin/c++ - skipped
[1.699s] -- Detecting CXX compile features
[1.705s] -- Detecting CXX compile features - done
[1.710s] -- Found ament_cmake: 1.3.5 (/opt/ros/humble/share/ament_cmake/cmake)
[3.587s] -- Found Python3: /home/ant/anaconda3/envs/py310/bin/python3.10 (found version "3.10.13") found components: Interpreter 
[3.880s] -- Found rosidl_default_generators: 1.2.0 (/opt/ros/humble/share/rosidl_default_generators/cmake)
[3.903s] -- Using all available rosidl_typesupport_c: rosidl_typesupport_fastrtps_c;rosidl_typesupport_introspection_c
[3.928s] -- Found rosidl_adapter: 3.1.5 (/opt/ros/humble/share/rosidl_adapter/cmake)
[4.126s] -- Using all available rosidl_typesupport_cpp: rosidl_typesupport_fastrtps_cpp;rosidl_typesupport_introspection_cpp
[4.555s] [31mCMake Error at /opt/ros/humble/share/rosidl_adapter/cmake/rosidl_adapt_interfaces.cmake:59 (message):
[4.555s]   execute_process(/home/ant/anaconda3/envs/py310/bin/python3.10 -m
[4.556s]   rosidl_adapter --package-name my_new_robot_interfaces --arguments-file
[4.556s]   /home/ant/ros2_ws/build/my_new_robot_interfaces/rosidl_adapter__arguments__my_new_robot_interfaces.json
[4.556s]   --output-dir
[4.556s]   /home/ant/ros2_ws/build/my_new_robot_interfaces/rosidl_adapter/my_new_robot_interfaces
[4.556s]   --output-file
[4.556s]   /home/ant/ros2_ws/build/my_new_robot_interfaces/rosidl_adapter/my_new_robot_interfaces.idls)
[4.557s]   returned error code 1:
[4.557s] 
[4.557s]   Traceback (most recent call last):
[4.557s] 
[4.557s]     File "/home/ant/anaconda3/envs/py310/lib/python3.10/runpy.py", line 196, in _run_module_as_main
[4.557s]       return _run_code(code, main_globals, None,
[4.557s]     File "/home/ant/anaconda3/envs/py310/lib/python3.10/runpy.py", line 86, in _run_code
[4.558s]       exec(code, run_globals)
[4.558s]     File "/opt/ros/humble/local/lib/python3.10/dist-packages/rosidl_adapter/__main__.py", line 19, in <module>
[4.558s]       sys.exit(main())
[4.558s]     File "/opt/ros/humble/local/lib/python3.10/dist-packages/rosidl_adapter/main.py", line 53, in main
[4.558s]       abs_idl_file = convert_to_idl(
[4.558s]     File "/opt/ros/humble/local/lib/python3.10/dist-packages/rosidl_adapter/__init__.py", line 18, in convert_to_idl
[4.558s]       from rosidl_adapter.msg import convert_msg_to_idl
[4.559s]     File "/opt/ros/humble/local/lib/python3.10/dist-packages/rosidl_adapter/msg/__init__.py", line 16, in <module>
[4.559s]       from rosidl_adapter.resource import expand_template
[4.559s]     File "/opt/ros/humble/local/lib/python3.10/dist-packages/rosidl_adapter/resource/__init__.py", line 19, in <module>
[4.559s]       import em
[4.559s] 
[4.559s]   ModuleNotFoundError: No module named 'em'
[4.560s] 
[4.560s] Call Stack (most recent call first):
[4.560s]   /opt/ros/humble/share/rosidl_cmake/cmake/rosidl_generate_interfaces.cmake:130 (rosidl_adapt_interfaces)
[4.561s]   CMakeLists.txt:17 (rosidl_generate_interfaces)
[4.561s] 
[4.561s] [0m
[4.561s] -- Configuring incomplete, errors occurred!
[4.562s] See also "/home/ant/ros2_ws/build/my_new_robot_interfaces/CMakeFiles/CMakeOutput.log".
[4.600s] Invoked command in '/home/ant/ros2_ws/build/my_new_robot_interfaces' returned '1': CMAKE_PREFIX_PATH=${CMAKE_PREFIX_PATH}:/home/ant/ros2_ws/install/my_py_pkg:/opt/ros/humble CONDA_PROMPT_MODIFIER=(py310) /usr/bin/cmake /home/ant/ros2_ws/src/my_new_robot_interfaces -DCMAKE_INSTALL_PREFIX=/home/ant/ros2_ws/install/my_new_robot_interfaces
