[1.350s] Invoking command in '/home/ant/ros2_ws/src/my_py_pkg': CONDA_PROMPT_MODIFIER=(base) PYTHONPATH=/home/ant/ros2_ws/build/my_py_pkg/prefix_override:/home/ant/ros2_ws/install/my_py_pkg/lib/python3.10/site-packages:${PYTHONPATH} /usr/bin/python3 setup.py egg_info --egg-base ../../build/my_py_pkg build --build-base /home/ant/ros2_ws/build/my_py_pkg/build install --record /home/ant/ros2_ws/build/my_py_pkg/install.log --single-version-externally-managed
[1.715s] running egg_info
[1.717s] writing ../../build/my_py_pkg/my_py_pkg.egg-info/PKG-INFO
[1.717s] writing dependency_links to ../../build/my_py_pkg/my_py_pkg.egg-info/dependency_links.txt
[1.717s] writing entry points to ../../build/my_py_pkg/my_py_pkg.egg-info/entry_points.txt
[1.717s] writing requirements to ../../build/my_py_pkg/my_py_pkg.egg-info/requires.txt
[1.717s] writing top-level names to ../../build/my_py_pkg/my_py_pkg.egg-info/top_level.txt
[1.721s] reading manifest file '../../build/my_py_pkg/my_py_pkg.egg-info/SOURCES.txt'
[1.724s] writing manifest file '../../build/my_py_pkg/my_py_pkg.egg-info/SOURCES.txt'
[1.725s] running build
[1.725s] running build_py
[1.728s] copying my_py_pkg/number_count.py -> /home/ant/ros2_ws/build/my_py_pkg/build/lib/my_py_pkg
[1.730s] copying my_py_pkg/number_publisher.py -> /home/ant/ros2_ws/build/my_py_pkg/build/lib/my_py_pkg
[1.731s] running install
[1.732s] running install_lib
[1.734s] copying /home/ant/ros2_ws/build/my_py_pkg/build/lib/my_py_pkg/number_count.py -> /home/ant/ros2_ws/install/my_py_pkg/lib/python3.10/site-packages/my_py_pkg
[1.734s] copying /home/ant/ros2_ws/build/my_py_pkg/build/lib/my_py_pkg/number_publisher.py -> /home/ant/ros2_ws/install/my_py_pkg/lib/python3.10/site-packages/my_py_pkg
[1.736s] byte-compiling /home/ant/ros2_ws/install/my_py_pkg/lib/python3.10/site-packages/my_py_pkg/number_count.py to number_count.cpython-310.pyc
[1.738s] byte-compiling /home/ant/ros2_ws/install/my_py_pkg/lib/python3.10/site-packages/my_py_pkg/number_publisher.py to number_publisher.cpython-310.pyc
[1.739s] running install_data
[1.740s] running install_egg_info
[1.746s] removing '/home/ant/ros2_ws/install/my_py_pkg/lib/python3.10/site-packages/my_py_pkg-0.0.0-py3.10.egg-info' (and everything under it)
[1.748s] Copying ../../build/my_py_pkg/my_py_pkg.egg-info to /home/ant/ros2_ws/install/my_py_pkg/lib/python3.10/site-packages/my_py_pkg-0.0.0-py3.10.egg-info
[1.749s] running install_scripts
[1.785s] Installing add_two_ints_client script to /home/ant/ros2_ws/install/my_py_pkg/lib/my_py_pkg
[1.785s] Installing add_two_ints_client_no_oop script to /home/ant/ros2_ws/install/my_py_pkg/lib/my_py_pkg
[1.786s] Installing add_two_ints_server script to /home/ant/ros2_ws/install/my_py_pkg/lib/my_py_pkg
[1.786s] Installing number_count script to /home/ant/ros2_ws/install/my_py_pkg/lib/my_py_pkg
[1.786s] Installing number_publisher script to /home/ant/ros2_ws/install/my_py_pkg/lib/my_py_pkg
[1.786s] Installing py_node script to /home/ant/ros2_ws/install/my_py_pkg/lib/my_py_pkg
[1.787s] Installing robot_news_station script to /home/ant/ros2_ws/install/my_py_pkg/lib/my_py_pkg
[1.787s] Installing smartphone script to /home/ant/ros2_ws/install/my_py_pkg/lib/my_py_pkg
[1.788s] writing list of installed files to '/home/ant/ros2_ws/build/my_py_pkg/install.log'
[1.857s] Invoked command in '/home/ant/ros2_ws/src/my_py_pkg' returned '0': CONDA_PROMPT_MODIFIER=(base) PYTHONPATH=/home/ant/ros2_ws/build/my_py_pkg/prefix_override:/home/ant/ros2_ws/install/my_py_pkg/lib/python3.10/site-packages:${PYTHONPATH} /usr/bin/python3 setup.py egg_info --egg-base ../../build/my_py_pkg build --build-base /home/ant/ros2_ws/build/my_py_pkg/build install --record /home/ant/ros2_ws/build/my_py_pkg/install.log --single-version-externally-managed
