-- Found ament_cmake: 1.3.5 (/opt/ros/humble/share/ament_cmake/cmake)
-- Found rclcpp: 16.0.6 (/opt/ros/humble/share/rclcpp/cmake)
-- Found rosidl_generator_c: 3.1.5 (/opt/ros/humble/share/rosidl_generator_c/cmake)
-- Found rosidl_adapter: 3.1.5 (/opt/ros/humble/share/rosidl_adapter/cmake)
-- Found rosidl_generator_cpp: 3.1.5 (/opt/ros/humble/share/rosidl_generator_cpp/cmake)
-- Using all available rosidl_typesupport_c: rosidl_typesupport_fastrtps_c;rosidl_typesupport_introspection_c
-- Using all available rosidl_typesupport_cpp: rosidl_typesupport_fastrtps_cpp;rosidl_typesupport_introspection_cpp
-- Found rmw_implementation_cmake: 6.1.1 (/opt/ros/humble/share/rmw_implementation_cmake/cmake)
-- Found rmw_fastrtps_cpp: 6.2.4 (/opt/ros/humble/share/rmw_fastrtps_cpp/cmake)
-- Using RMW implementation 'rmw_fastrtps_cpp' as default
-- Found rosidl_default_generators: 1.2.0 (/opt/ros/humble/share/rosidl_default_generators/cmake)
-- Found ament_lint_auto: 0.12.8 (/opt/ros/humble/share/ament_lint_auto/cmake)
-- Found ament_cmake_ros: 0.10.0 (/opt/ros/humble/share/ament_cmake_ros/cmake)
-- Using all available rosidl_typesupport_c: rosidl_typesupport_fastrtps_c;rosidl_typesupport_introspection_c
-- Using all available rosidl_typesupport_cpp: rosidl_typesupport_fastrtps_cpp;rosidl_typesupport_introspection_cpp
-- Found PythonInterp: /home/ant/anaconda3/bin/python3 (found suitable version "3.11.5", minimum required is "3.6") 
-- Found python_cmake_module: 0.10.0 (/opt/ros/humble/share/python_cmake_module/cmake)
-- Found PythonLibs: /home/ant/anaconda3/lib/libpython3.11.so (found suitable version "3.11.5", minimum required is "3.5") 
-- Using PYTHON_EXECUTABLE: /home/ant/anaconda3/bin/python3
-- Using PYTHON_INCLUDE_DIRS: /home/ant/anaconda3/include/python3.11
-- Using PYTHON_LIBRARIES: /home/ant/anaconda3/lib/libpython3.11.so
-- Found PythonExtra: .so  
-- Using numpy include directory: /home/ant/anaconda3/lib/python3.11/site-packages/numpy/core/include
-- Added test 'lint_cmake' to check CMake code style
-- Added test 'xmllint' to check XML markup files
-- Configuring done
-- Generating done
-- Build files have been written to: /home/ant/ros2_ws/build/my_robot_interface
[  3%] [34m[1mGenerating C code for ROS interfaces[0m
[  6%] [34m[1mGenerating C++ code for ROS interfaces[0m
[  6%] Built target ament_cmake_python_copy_my_robot_interface
[  9%] [32mBuilding C object CMakeFiles/my_robot_interface__rosidl_generator_c.dir/rosidl_generator_c/my_robot_interface/msg/detail/hardware_statuses__functions.c.o[0m
[  9%] Built target my_robot_interface__cpp
running egg_info
creating my_robot_interface.egg-info
writing my_robot_interface.egg-info/PKG-INFO
writing dependency_links to my_robot_interface.egg-info/dependency_links.txt
writing top-level names to my_robot_interface.egg-info/top_level.txt
[ 12%] [34m[1mGenerating C++ type support dispatch for ROS interfaces[0m
writing manifest file 'my_robot_interface.egg-info/SOURCES.txt'
[ 16%] [34m[1mGenerating C++ type support for eProsima Fast-RTPS[0m
reading manifest file 'my_robot_interface.egg-info/SOURCES.txt'
writing manifest file 'my_robot_interface.egg-info/SOURCES.txt'
[ 16%] Built target ament_cmake_python_build_my_robot_interface_egg
[ 19%] [34m[1mGenerating C++ introspection for ROS interfaces[0m
[ 22%] [32m[1mLinking C shared library libmy_robot_interface__rosidl_generator_c.so[0m
[ 22%] Built target my_robot_interface__rosidl_generator_c
[ 25%] [34m[1mGenerating C type support for eProsima Fast-RTPS[0m
[ 29%] [32mBuilding CXX object CMakeFiles/my_robot_interface__rosidl_typesupport_cpp.dir/rosidl_typesupport_cpp/my_robot_interface/msg/hardware_statuses__type_support.cpp.o[0m
[ 32%] [32mBuilding CXX object CMakeFiles/my_robot_interface__rosidl_typesupport_fastrtps_cpp.dir/rosidl_typesupport_fastrtps_cpp/my_robot_interface/msg/detail/dds_fastrtps/hardware_statuses__type_support.cpp.o[0m
[ 35%] [32mBuilding CXX object CMakeFiles/my_robot_interface__rosidl_typesupport_introspection_cpp.dir/rosidl_typesupport_introspection_cpp/my_robot_interface/msg/detail/hardware_statuses__type_support.cpp.o[0m
[ 38%] [32mBuilding CXX object CMakeFiles/my_robot_interface__rosidl_typesupport_fastrtps_c.dir/rosidl_typesupport_fastrtps_c/my_robot_interface/msg/detail/hardware_statuses__type_support_c.cpp.o[0m
[ 41%] [32m[1mLinking CXX shared library libmy_robot_interface__rosidl_typesupport_cpp.so[0m
[ 41%] Built target my_robot_interface__rosidl_typesupport_cpp
[ 45%] [34m[1mGenerating C introspection for ROS interfaces[0m
[ 48%] [32m[1mLinking CXX shared library libmy_robot_interface__rosidl_typesupport_fastrtps_c.so[0m
[ 51%] [32m[1mLinking CXX shared library libmy_robot_interface__rosidl_typesupport_fastrtps_cpp.so[0m
[ 54%] [32m[1mLinking CXX shared library libmy_robot_interface__rosidl_typesupport_introspection_cpp.so[0m
[ 54%] Built target my_robot_interface__rosidl_typesupport_fastrtps_cpp
[ 58%] [34m[1mGenerating C type support dispatch for ROS interfaces[0m
[ 58%] Built target my_robot_interface__rosidl_typesupport_fastrtps_c
[ 58%] Built target my_robot_interface__rosidl_typesupport_introspection_cpp
[ 61%] [32mBuilding C object CMakeFiles/my_robot_interface__rosidl_typesupport_introspection_c.dir/rosidl_typesupport_introspection_c/my_robot_interface/msg/detail/hardware_statuses__type_support.c.o[0m
[ 64%] [32m[1mLinking C shared library libmy_robot_interface__rosidl_typesupport_introspection_c.so[0m
[ 64%] Built target my_robot_interface__rosidl_typesupport_introspection_c
[ 67%] [32mBuilding CXX object CMakeFiles/my_robot_interface__rosidl_typesupport_c.dir/rosidl_typesupport_c/my_robot_interface/msg/hardware_statuses__type_support.cpp.o[0m
[ 70%] [32m[1mLinking CXX shared library libmy_robot_interface__rosidl_typesupport_c.so[0m
[ 70%] Built target my_robot_interface__rosidl_typesupport_c
[ 70%] Built target my_robot_interface
[ 74%] [34m[1mGenerating Python code for ROS interfaces[0m
[ 74%] Built target my_robot_interface__py
[ 77%] [32mBuilding C object CMakeFiles/my_robot_interface__rosidl_generator_py.dir/rosidl_generator_py/my_robot_interface/msg/_hardware_statuses_s.c.o[0m
[ 80%] [32m[1mLinking C shared library rosidl_generator_py/my_robot_interface/libmy_robot_interface__rosidl_generator_py.so[0m
[ 80%] Built target my_robot_interface__rosidl_generator_py
[ 83%] [32mBuilding C object CMakeFiles/my_robot_interface__rosidl_typesupport_c__pyext.dir/rosidl_generator_py/my_robot_interface/_my_robot_interface_s.ep.rosidl_typesupport_c.c.o[0m
[ 87%] [32mBuilding C object CMakeFiles/my_robot_interface__rosidl_typesupport_introspection_c__pyext.dir/rosidl_generator_py/my_robot_interface/_my_robot_interface_s.ep.rosidl_typesupport_introspection_c.c.o[0m
[ 90%] [32mBuilding C object CMakeFiles/my_robot_interface__rosidl_typesupport_fastrtps_c__pyext.dir/rosidl_generator_py/my_robot_interface/_my_robot_interface_s.ep.rosidl_typesupport_fastrtps_c.c.o[0m
[ 93%] [32m[1mLinking C shared library rosidl_generator_py/my_robot_interface/my_robot_interface_s__rosidl_typesupport_introspection_c.cpython-311-x86_64-linux-gnu.so[0m
[ 96%] [32m[1mLinking C shared library rosidl_generator_py/my_robot_interface/my_robot_interface_s__rosidl_typesupport_fastrtps_c.cpython-311-x86_64-linux-gnu.so[0m
[100%] [32m[1mLinking C shared library rosidl_generator_py/my_robot_interface/my_robot_interface_s__rosidl_typesupport_c.cpython-311-x86_64-linux-gnu.so[0m
[100%] Built target my_robot_interface__rosidl_typesupport_fastrtps_c__pyext
[100%] Built target my_robot_interface__rosidl_typesupport_introspection_c__pyext
[100%] Built target my_robot_interface__rosidl_typesupport_c__pyext
-- Install configuration: ""
-- Installing: /home/ant/ros2_ws/install/my_robot_interface/share/ament_index/resource_index/rosidl_interfaces/my_robot_interface
-- Installing: /home/ant/ros2_ws/install/my_robot_interface/include/my_robot_interface/my_robot_interface
-- Installing: /home/ant/ros2_ws/install/my_robot_interface/include/my_robot_interface/my_robot_interface/msg
-- Installing: /home/ant/ros2_ws/install/my_robot_interface/include/my_robot_interface/my_robot_interface/msg/hardware_statuses.h
-- Installing: /home/ant/ros2_ws/install/my_robot_interface/include/my_robot_interface/my_robot_interface/msg/detail
-- Installing: /home/ant/ros2_ws/install/my_robot_interface/include/my_robot_interface/my_robot_interface/msg/detail/hardware_statuses__struct.h
-- Installing: /home/ant/ros2_ws/install/my_robot_interface/include/my_robot_interface/my_robot_interface/msg/detail/hardware_statuses__type_support.h
-- Installing: /home/ant/ros2_ws/install/my_robot_interface/include/my_robot_interface/my_robot_interface/msg/detail/hardware_statuses__functions.c
-- Installing: /home/ant/ros2_ws/install/my_robot_interface/include/my_robot_interface/my_robot_interface/msg/detail/hardware_statuses__functions.h
-- Installing: /home/ant/ros2_ws/install/my_robot_interface/include/my_robot_interface/my_robot_interface/msg/rosidl_generator_c__visibility_control.h
-- Installing: /home/ant/ros2_ws/install/my_robot_interface/share/my_robot_interface/environment/library_path.sh
-- Installing: /home/ant/ros2_ws/install/my_robot_interface/share/my_robot_interface/environment/library_path.dsv
-- Installing: /home/ant/ros2_ws/install/my_robot_interface/lib/libmy_robot_interface__rosidl_generator_c.so
-- Set runtime path of "/home/ant/ros2_ws/install/my_robot_interface/lib/libmy_robot_interface__rosidl_generator_c.so" to ""
-- Up-to-date: /home/ant/ros2_ws/install/my_robot_interface/include/my_robot_interface/my_robot_interface
-- Up-to-date: /home/ant/ros2_ws/install/my_robot_interface/include/my_robot_interface/my_robot_interface/msg
-- Up-to-date: /home/ant/ros2_ws/install/my_robot_interface/include/my_robot_interface/my_robot_interface/msg/detail
-- Installing: /home/ant/ros2_ws/install/my_robot_interface/include/my_robot_interface/my_robot_interface/msg/detail/hardware_statuses__rosidl_typesupport_fastrtps_c.h
-- Installing: /home/ant/ros2_ws/install/my_robot_interface/include/my_robot_interface/my_robot_interface/msg/rosidl_typesupport_fastrtps_c__visibility_control.h
-- Installing: /home/ant/ros2_ws/install/my_robot_interface/lib/libmy_robot_interface__rosidl_typesupport_fastrtps_c.so
-- Set runtime path of "/home/ant/ros2_ws/install/my_robot_interface/lib/libmy_robot_interface__rosidl_typesupport_fastrtps_c.so" to ""
-- Up-to-date: /home/ant/ros2_ws/install/my_robot_interface/include/my_robot_interface/my_robot_interface
-- Up-to-date: /home/ant/ros2_ws/install/my_robot_interface/include/my_robot_interface/my_robot_interface/msg
-- Installing: /home/ant/ros2_ws/install/my_robot_interface/include/my_robot_interface/my_robot_interface/msg/hardware_statuses.hpp
-- Up-to-date: /home/ant/ros2_ws/install/my_robot_interface/include/my_robot_interface/my_robot_interface/msg/detail
-- Installing: /home/ant/ros2_ws/install/my_robot_interface/include/my_robot_interface/my_robot_interface/msg/detail/hardware_statuses__struct.hpp
-- Installing: /home/ant/ros2_ws/install/my_robot_interface/include/my_robot_interface/my_robot_interface/msg/detail/hardware_statuses__builder.hpp
-- Installing: /home/ant/ros2_ws/install/my_robot_interface/include/my_robot_interface/my_robot_interface/msg/detail/hardware_statuses__traits.hpp
-- Up-to-date: /home/ant/ros2_ws/install/my_robot_interface/include/my_robot_interface/my_robot_interface
-- Up-to-date: /home/ant/ros2_ws/install/my_robot_interface/include/my_robot_interface/my_robot_interface/msg
-- Up-to-date: /home/ant/ros2_ws/install/my_robot_interface/include/my_robot_interface/my_robot_interface/msg/detail
-- Installing: /home/ant/ros2_ws/install/my_robot_interface/include/my_robot_interface/my_robot_interface/msg/detail/hardware_statuses__rosidl_typesupport_fastrtps_cpp.hpp
-- Installing: /home/ant/ros2_ws/install/my_robot_interface/include/my_robot_interface/my_robot_interface/msg/detail/dds_fastrtps
-- Installing: /home/ant/ros2_ws/install/my_robot_interface/include/my_robot_interface/my_robot_interface/msg/rosidl_typesupport_fastrtps_cpp__visibility_control.h
-- Installing: /home/ant/ros2_ws/install/my_robot_interface/lib/libmy_robot_interface__rosidl_typesupport_fastrtps_cpp.so
-- Set runtime path of "/home/ant/ros2_ws/install/my_robot_interface/lib/libmy_robot_interface__rosidl_typesupport_fastrtps_cpp.so" to ""
-- Up-to-date: /home/ant/ros2_ws/install/my_robot_interface/include/my_robot_interface/my_robot_interface
-- Up-to-date: /home/ant/ros2_ws/install/my_robot_interface/include/my_robot_interface/my_robot_interface/msg
-- Up-to-date: /home/ant/ros2_ws/install/my_robot_interface/include/my_robot_interface/my_robot_interface/msg/detail
-- Installing: /home/ant/ros2_ws/install/my_robot_interface/include/my_robot_interface/my_robot_interface/msg/detail/hardware_statuses__type_support.c
-- Installing: /home/ant/ros2_ws/install/my_robot_interface/include/my_robot_interface/my_robot_interface/msg/detail/hardware_statuses__rosidl_typesupport_introspection_c.h
-- Installing: /home/ant/ros2_ws/install/my_robot_interface/include/my_robot_interface/my_robot_interface/msg/rosidl_typesupport_introspection_c__visibility_control.h
-- Installing: /home/ant/ros2_ws/install/my_robot_interface/lib/libmy_robot_interface__rosidl_typesupport_introspection_c.so
-- Set runtime path of "/home/ant/ros2_ws/install/my_robot_interface/lib/libmy_robot_interface__rosidl_typesupport_introspection_c.so" to ""
-- Installing: /home/ant/ros2_ws/install/my_robot_interface/lib/libmy_robot_interface__rosidl_typesupport_c.so
-- Set runtime path of "/home/ant/ros2_ws/install/my_robot_interface/lib/libmy_robot_interface__rosidl_typesupport_c.so" to ""
-- Up-to-date: /home/ant/ros2_ws/install/my_robot_interface/include/my_robot_interface/my_robot_interface
-- Up-to-date: /home/ant/ros2_ws/install/my_robot_interface/include/my_robot_interface/my_robot_interface/msg
-- Up-to-date: /home/ant/ros2_ws/install/my_robot_interface/include/my_robot_interface/my_robot_interface/msg/detail
-- Installing: /home/ant/ros2_ws/install/my_robot_interface/include/my_robot_interface/my_robot_interface/msg/detail/hardware_statuses__rosidl_typesupport_introspection_cpp.hpp
-- Installing: /home/ant/ros2_ws/install/my_robot_interface/include/my_robot_interface/my_robot_interface/msg/detail/hardware_statuses__type_support.cpp
-- Installing: /home/ant/ros2_ws/install/my_robot_interface/lib/libmy_robot_interface__rosidl_typesupport_introspection_cpp.so
-- Set runtime path of "/home/ant/ros2_ws/install/my_robot_interface/lib/libmy_robot_interface__rosidl_typesupport_introspection_cpp.so" to ""
-- Installing: /home/ant/ros2_ws/install/my_robot_interface/lib/libmy_robot_interface__rosidl_typesupport_cpp.so
-- Set runtime path of "/home/ant/ros2_ws/install/my_robot_interface/lib/libmy_robot_interface__rosidl_typesupport_cpp.so" to ""
-- Installing: /home/ant/ros2_ws/install/my_robot_interface/share/my_robot_interface/environment/pythonpath.sh
-- Installing: /home/ant/ros2_ws/install/my_robot_interface/share/my_robot_interface/environment/pythonpath.dsv
-- Installing: /home/ant/ros2_ws/install/my_robot_interface/local/lib/python3.10/dist-packages/my_robot_interface-0.0.0-py3.10.egg-info
-- Installing: /home/ant/ros2_ws/install/my_robot_interface/local/lib/python3.10/dist-packages/my_robot_interface-0.0.0-py3.10.egg-info/PKG-INFO
-- Installing: /home/ant/ros2_ws/install/my_robot_interface/local/lib/python3.10/dist-packages/my_robot_interface-0.0.0-py3.10.egg-info/dependency_links.txt
-- Installing: /home/ant/ros2_ws/install/my_robot_interface/local/lib/python3.10/dist-packages/my_robot_interface-0.0.0-py3.10.egg-info/top_level.txt
-- Installing: /home/ant/ros2_ws/install/my_robot_interface/local/lib/python3.10/dist-packages/my_robot_interface-0.0.0-py3.10.egg-info/SOURCES.txt
-- Installing: /home/ant/ros2_ws/install/my_robot_interface/local/lib/python3.10/dist-packages/my_robot_interface
-- Installing: /home/ant/ros2_ws/install/my_robot_interface/local/lib/python3.10/dist-packages/my_robot_interface/_my_robot_interface_s.ep.rosidl_typesupport_introspection_c.c
-- Installing: /home/ant/ros2_ws/install/my_robot_interface/local/lib/python3.10/dist-packages/my_robot_interface/_my_robot_interface_s.ep.rosidl_typesupport_c.c
-- Installing: /home/ant/ros2_ws/install/my_robot_interface/local/lib/python3.10/dist-packages/my_robot_interface/my_robot_interface_s__rosidl_typesupport_fastrtps_c.cpython-311-x86_64-linux-gnu.so
-- Installing: /home/ant/ros2_ws/install/my_robot_interface/local/lib/python3.10/dist-packages/my_robot_interface/my_robot_interface_s__rosidl_typesupport_c.cpython-311-x86_64-linux-gnu.so
-- Installing: /home/ant/ros2_ws/install/my_robot_interface/local/lib/python3.10/dist-packages/my_robot_interface/msg
-- Installing: /home/ant/ros2_ws/install/my_robot_interface/local/lib/python3.10/dist-packages/my_robot_interface/msg/_hardware_statuses_s.c
-- Installing: /home/ant/ros2_ws/install/my_robot_interface/local/lib/python3.10/dist-packages/my_robot_interface/msg/__init__.py
-- Installing: /home/ant/ros2_ws/install/my_robot_interface/local/lib/python3.10/dist-packages/my_robot_interface/msg/_hardware_statuses.py
-- Installing: /home/ant/ros2_ws/install/my_robot_interface/local/lib/python3.10/dist-packages/my_robot_interface/libmy_robot_interface__rosidl_generator_py.so
-- Installing: /home/ant/ros2_ws/install/my_robot_interface/local/lib/python3.10/dist-packages/my_robot_interface/_my_robot_interface_s.ep.rosidl_typesupport_fastrtps_c.c
-- Installing: /home/ant/ros2_ws/install/my_robot_interface/local/lib/python3.10/dist-packages/my_robot_interface/__init__.py
-- Installing: /home/ant/ros2_ws/install/my_robot_interface/local/lib/python3.10/dist-packages/my_robot_interface/my_robot_interface_s__rosidl_typesupport_introspection_c.cpython-311-x86_64-linux-gnu.so
Listing '/home/ant/ros2_ws/install/my_robot_interface/local/lib/python3.10/dist-packages/my_robot_interface'...
Compiling '/home/ant/ros2_ws/install/my_robot_interface/local/lib/python3.10/dist-packages/my_robot_interface/__init__.py'...
Listing '/home/ant/ros2_ws/install/my_robot_interface/local/lib/python3.10/dist-packages/my_robot_interface/msg'...
Compiling '/home/ant/ros2_ws/install/my_robot_interface/local/lib/python3.10/dist-packages/my_robot_interface/msg/__init__.py'...
Compiling '/home/ant/ros2_ws/install/my_robot_interface/local/lib/python3.10/dist-packages/my_robot_interface/msg/_hardware_statuses.py'...
-- Installing: /home/ant/ros2_ws/install/my_robot_interface/local/lib/python3.10/dist-packages/my_robot_interface/my_robot_interface_s__rosidl_typesupport_fastrtps_c.cpython-311-x86_64-linux-gnu.so
-- Set runtime path of "/home/ant/ros2_ws/install/my_robot_interface/local/lib/python3.10/dist-packages/my_robot_interface/my_robot_interface_s__rosidl_typesupport_fastrtps_c.cpython-311-x86_64-linux-gnu.so" to ""
-- Installing: /home/ant/ros2_ws/install/my_robot_interface/local/lib/python3.10/dist-packages/my_robot_interface/my_robot_interface_s__rosidl_typesupport_introspection_c.cpython-311-x86_64-linux-gnu.so
-- Set runtime path of "/home/ant/ros2_ws/install/my_robot_interface/local/lib/python3.10/dist-packages/my_robot_interface/my_robot_interface_s__rosidl_typesupport_introspection_c.cpython-311-x86_64-linux-gnu.so" to ""
-- Installing: /home/ant/ros2_ws/install/my_robot_interface/local/lib/python3.10/dist-packages/my_robot_interface/my_robot_interface_s__rosidl_typesupport_c.cpython-311-x86_64-linux-gnu.so
-- Set runtime path of "/home/ant/ros2_ws/install/my_robot_interface/local/lib/python3.10/dist-packages/my_robot_interface/my_robot_interface_s__rosidl_typesupport_c.cpython-311-x86_64-linux-gnu.so" to ""
-- Installing: /home/ant/ros2_ws/install/my_robot_interface/lib/libmy_robot_interface__rosidl_generator_py.so
-- Set runtime path of "/home/ant/ros2_ws/install/my_robot_interface/lib/libmy_robot_interface__rosidl_generator_py.so" to ""
-- Installing: /home/ant/ros2_ws/install/my_robot_interface/share/my_robot_interface/msg/HardwareStatuses.idl
-- Installing: /home/ant/ros2_ws/install/my_robot_interface/share/my_robot_interface/msg/HardwareStatuses.msg
-- Installing: /home/ant/ros2_ws/install/my_robot_interface/share/ament_index/resource_index/package_run_dependencies/my_robot_interface
-- Installing: /home/ant/ros2_ws/install/my_robot_interface/share/ament_index/resource_index/parent_prefix_path/my_robot_interface
-- Installing: /home/ant/ros2_ws/install/my_robot_interface/share/my_robot_interface/environment/ament_prefix_path.sh
-- Installing: /home/ant/ros2_ws/install/my_robot_interface/share/my_robot_interface/environment/ament_prefix_path.dsv
-- Installing: /home/ant/ros2_ws/install/my_robot_interface/share/my_robot_interface/environment/path.sh
-- Installing: /home/ant/ros2_ws/install/my_robot_interface/share/my_robot_interface/environment/path.dsv
-- Installing: /home/ant/ros2_ws/install/my_robot_interface/share/my_robot_interface/local_setup.bash
-- Installing: /home/ant/ros2_ws/install/my_robot_interface/share/my_robot_interface/local_setup.sh
-- Installing: /home/ant/ros2_ws/install/my_robot_interface/share/my_robot_interface/local_setup.zsh
-- Installing: /home/ant/ros2_ws/install/my_robot_interface/share/my_robot_interface/local_setup.dsv
-- Installing: /home/ant/ros2_ws/install/my_robot_interface/share/my_robot_interface/package.dsv
-- Installing: /home/ant/ros2_ws/install/my_robot_interface/share/ament_index/resource_index/packages/my_robot_interface
-- Installing: /home/ant/ros2_ws/install/my_robot_interface/share/my_robot_interface/cmake/export_my_robot_interface__rosidl_generator_cExport.cmake
-- Installing: /home/ant/ros2_ws/install/my_robot_interface/share/my_robot_interface/cmake/export_my_robot_interface__rosidl_generator_cExport-noconfig.cmake
-- Installing: /home/ant/ros2_ws/install/my_robot_interface/share/my_robot_interface/cmake/export_my_robot_interface__rosidl_typesupport_fastrtps_cExport.cmake
-- Installing: /home/ant/ros2_ws/install/my_robot_interface/share/my_robot_interface/cmake/export_my_robot_interface__rosidl_typesupport_fastrtps_cExport-noconfig.cmake
-- Installing: /home/ant/ros2_ws/install/my_robot_interface/share/my_robot_interface/cmake/export_my_robot_interface__rosidl_generator_cppExport.cmake
-- Installing: /home/ant/ros2_ws/install/my_robot_interface/share/my_robot_interface/cmake/export_my_robot_interface__rosidl_typesupport_fastrtps_cppExport.cmake
-- Installing: /home/ant/ros2_ws/install/my_robot_interface/share/my_robot_interface/cmake/export_my_robot_interface__rosidl_typesupport_fastrtps_cppExport-noconfig.cmake
-- Installing: /home/ant/ros2_ws/install/my_robot_interface/share/my_robot_interface/cmake/my_robot_interface__rosidl_typesupport_introspection_cExport.cmake
-- Installing: /home/ant/ros2_ws/install/my_robot_interface/share/my_robot_interface/cmake/my_robot_interface__rosidl_typesupport_introspection_cExport-noconfig.cmake
-- Installing: /home/ant/ros2_ws/install/my_robot_interface/share/my_robot_interface/cmake/my_robot_interface__rosidl_typesupport_cExport.cmake
-- Installing: /home/ant/ros2_ws/install/my_robot_interface/share/my_robot_interface/cmake/my_robot_interface__rosidl_typesupport_cExport-noconfig.cmake
-- Installing: /home/ant/ros2_ws/install/my_robot_interface/share/my_robot_interface/cmake/my_robot_interface__rosidl_typesupport_introspection_cppExport.cmake
-- Installing: /home/ant/ros2_ws/install/my_robot_interface/share/my_robot_interface/cmake/my_robot_interface__rosidl_typesupport_introspection_cppExport-noconfig.cmake
-- Installing: /home/ant/ros2_ws/install/my_robot_interface/share/my_robot_interface/cmake/my_robot_interface__rosidl_typesupport_cppExport.cmake
-- Installing: /home/ant/ros2_ws/install/my_robot_interface/share/my_robot_interface/cmake/my_robot_interface__rosidl_typesupport_cppExport-noconfig.cmake
-- Installing: /home/ant/ros2_ws/install/my_robot_interface/share/my_robot_interface/cmake/export_my_robot_interface__rosidl_generator_pyExport.cmake
-- Installing: /home/ant/ros2_ws/install/my_robot_interface/share/my_robot_interface/cmake/export_my_robot_interface__rosidl_generator_pyExport-noconfig.cmake
-- Installing: /home/ant/ros2_ws/install/my_robot_interface/share/my_robot_interface/cmake/rosidl_cmake-extras.cmake
-- Installing: /home/ant/ros2_ws/install/my_robot_interface/share/my_robot_interface/cmake/ament_cmake_export_include_directories-extras.cmake
-- Installing: /home/ant/ros2_ws/install/my_robot_interface/share/my_robot_interface/cmake/ament_cmake_export_libraries-extras.cmake
-- Installing: /home/ant/ros2_ws/install/my_robot_interface/share/my_robot_interface/cmake/ament_cmake_export_targets-extras.cmake
-- Installing: /home/ant/ros2_ws/install/my_robot_interface/share/my_robot_interface/cmake/rosidl_cmake_export_typesupport_targets-extras.cmake
-- Installing: /home/ant/ros2_ws/install/my_robot_interface/share/my_robot_interface/cmake/ament_cmake_export_dependencies-extras.cmake
-- Installing: /home/ant/ros2_ws/install/my_robot_interface/share/my_robot_interface/cmake/rosidl_cmake_export_typesupport_libraries-extras.cmake
-- Installing: /home/ant/ros2_ws/install/my_robot_interface/share/my_robot_interface/cmake/my_robot_interfaceConfig.cmake
-- Installing: /home/ant/ros2_ws/install/my_robot_interface/share/my_robot_interface/cmake/my_robot_interfaceConfig-version.cmake
-- Installing: /home/ant/ros2_ws/install/my_robot_interface/share/my_robot_interface/package.xml
