[0.109s] Invoking command in '/home/ant/ros2_ws/build/my_robot_interface': CMAKE_PREFIX_PATH=${CMAKE_PREFIX_PATH}:/home/ant/ros2_ws/install/my_py_pkg:/opt/ros/humble CONDA_PROMPT_MODIFIER=(base) /usr/bin/cmake /home/ant/ros2_ws/src/my_robot_interface -DCMAKE_INSTALL_PREFIX=/home/ant/ros2_ws/install/my_robot_interface
[0.136s] -- Found ament_cmake: 1.3.5 (/opt/ros/humble/share/ament_cmake/cmake)
[0.449s] -- Found rclcpp: 16.0.6 (/opt/ros/humble/share/rclcpp/cmake)
[0.490s] -- Found rosidl_generator_c: 3.1.5 (/opt/ros/humble/share/rosidl_generator_c/cmake)
[0.494s] -- Found rosidl_adapter: 3.1.5 (/opt/ros/humble/share/rosidl_adapter/cmake)
[0.502s] -- Found rosidl_generator_cpp: 3.1.5 (/opt/ros/humble/share/rosidl_generator_cpp/cmake)
[0.527s] -- Using all available rosidl_typesupport_c: rosidl_typesupport_fastrtps_c;rosidl_typesupport_introspection_c
[0.549s] -- Using all available rosidl_typesupport_cpp: rosidl_typesupport_fastrtps_cpp;rosidl_typesupport_introspection_cpp
[0.642s] -- Found rmw_implementation_cmake: 6.1.1 (/opt/ros/humble/share/rmw_implementation_cmake/cmake)
[0.644s] -- Found rmw_fastrtps_cpp: 6.2.4 (/opt/ros/humble/share/rmw_fastrtps_cpp/cmake)
[0.836s] -- Using RMW implementation 'rmw_fastrtps_cpp' as default
[1.079s] -- Found rosidl_default_generators: 1.2.0 (/opt/ros/humble/share/rosidl_default_generators/cmake)
[1.089s] -- Found ament_lint_auto: 0.12.8 (/opt/ros/humble/share/ament_lint_auto/cmake)
[1.497s] -- Found ament_cmake_ros: 0.10.0 (/opt/ros/humble/share/ament_cmake_ros/cmake)
[1.965s] -- Using all available rosidl_typesupport_c: rosidl_typesupport_fastrtps_c;rosidl_typesupport_introspection_c
[2.146s] -- Using all available rosidl_typesupport_cpp: rosidl_typesupport_fastrtps_cpp;rosidl_typesupport_introspection_cpp
[2.179s] -- Found PythonInterp: /home/ant/anaconda3/bin/python3 (found suitable version "3.11.5", minimum required is "3.6") 
[2.183s] -- Found python_cmake_module: 0.10.0 (/opt/ros/humble/share/python_cmake_module/cmake)
[2.225s] -- Found PythonLibs: /home/ant/anaconda3/lib/libpython3.11.so (found suitable version "3.11.5", minimum required is "3.5") 
[2.225s] -- Using PYTHON_EXECUTABLE: /home/ant/anaconda3/bin/python3
[2.225s] -- Using PYTHON_INCLUDE_DIRS: /home/ant/anaconda3/include/python3.11
[2.225s] -- Using PYTHON_LIBRARIES: /home/ant/anaconda3/lib/libpython3.11.so
[2.260s] -- Found PythonExtra: .so  
[2.666s] -- Using numpy include directory: /home/ant/anaconda3/lib/python3.11/site-packages/numpy/core/include
[2.682s] -- Added test 'lint_cmake' to check CMake code style
[2.685s] -- Added test 'xmllint' to check XML markup files
[2.697s] -- Configuring done
[2.757s] -- Generating done
[2.763s] -- Build files have been written to: /home/ant/ros2_ws/build/my_robot_interface
[2.781s] Invoked command in '/home/ant/ros2_ws/build/my_robot_interface' returned '0': CMAKE_PREFIX_PATH=${CMAKE_PREFIX_PATH}:/home/ant/ros2_ws/install/my_py_pkg:/opt/ros/humble CONDA_PROMPT_MODIFIER=(base) /usr/bin/cmake /home/ant/ros2_ws/src/my_robot_interface -DCMAKE_INSTALL_PREFIX=/home/ant/ros2_ws/install/my_robot_interface
[2.783s] Invoking command in '/home/ant/ros2_ws/build/my_robot_interface': CMAKE_PREFIX_PATH=${CMAKE_PREFIX_PATH}:/home/ant/ros2_ws/install/my_py_pkg:/opt/ros/humble CONDA_PROMPT_MODIFIER=(base) /usr/bin/cmake --build /home/ant/ros2_ws/build/my_robot_interface -- -j4 -l4
[2.854s] [  3%] [34m[1mGenerating C code for ROS interfaces[0m
[2.877s] [  6%] [34m[1mGenerating C++ code for ROS interfaces[0m
[2.881s] [  6%] Built target ament_cmake_python_copy_my_robot_interface
[3.511s] [  9%] [32mBuilding C object CMakeFiles/my_robot_interface__rosidl_generator_c.dir/rosidl_generator_c/my_robot_interface/msg/detail/hardware_statuses__functions.c.o[0m
[3.535s] [  9%] Built target my_robot_interface__cpp
[3.560s] running egg_info
[3.561s] creating my_robot_interface.egg-info
[3.561s] writing my_robot_interface.egg-info/PKG-INFO
[3.561s] writing dependency_links to my_robot_interface.egg-info/dependency_links.txt
[3.562s] writing top-level names to my_robot_interface.egg-info/top_level.txt
[3.562s] [ 12%] [34m[1mGenerating C++ type support dispatch for ROS interfaces[0m
[3.562s] writing manifest file 'my_robot_interface.egg-info/SOURCES.txt'
[3.564s] [ 16%] [34m[1mGenerating C++ type support for eProsima Fast-RTPS[0m
[3.569s] reading manifest file 'my_robot_interface.egg-info/SOURCES.txt'
[3.571s] writing manifest file 'my_robot_interface.egg-info/SOURCES.txt'
[3.643s] [ 16%] Built target ament_cmake_python_build_my_robot_interface_egg
[3.700s] [ 19%] [34m[1mGenerating C++ introspection for ROS interfaces[0m
[3.711s] [ 22%] [32m[1mLinking C shared library libmy_robot_interface__rosidl_generator_c.so[0m
[3.864s] [ 22%] Built target my_robot_interface__rosidl_generator_c
[3.886s] [ 25%] [34m[1mGenerating C type support for eProsima Fast-RTPS[0m
[4.201s] [ 29%] [32mBuilding CXX object CMakeFiles/my_robot_interface__rosidl_typesupport_cpp.dir/rosidl_typesupport_cpp/my_robot_interface/msg/hardware_statuses__type_support.cpp.o[0m
[4.323s] [ 32%] [32mBuilding CXX object CMakeFiles/my_robot_interface__rosidl_typesupport_fastrtps_cpp.dir/rosidl_typesupport_fastrtps_cpp/my_robot_interface/msg/detail/dds_fastrtps/hardware_statuses__type_support.cpp.o[0m
[4.367s] [ 35%] [32mBuilding CXX object CMakeFiles/my_robot_interface__rosidl_typesupport_introspection_cpp.dir/rosidl_typesupport_introspection_cpp/my_robot_interface/msg/detail/hardware_statuses__type_support.cpp.o[0m
[4.582s] [ 38%] [32mBuilding CXX object CMakeFiles/my_robot_interface__rosidl_typesupport_fastrtps_c.dir/rosidl_typesupport_fastrtps_c/my_robot_interface/msg/detail/hardware_statuses__type_support_c.cpp.o[0m
[5.370s] [ 41%] [32m[1mLinking CXX shared library libmy_robot_interface__rosidl_typesupport_cpp.so[0m
[5.576s] [ 41%] Built target my_robot_interface__rosidl_typesupport_cpp
[5.616s] [ 45%] [34m[1mGenerating C introspection for ROS interfaces[0m
[5.645s] [ 48%] [32m[1mLinking CXX shared library libmy_robot_interface__rosidl_typesupport_fastrtps_c.so[0m
[5.694s] [ 51%] [32m[1mLinking CXX shared library libmy_robot_interface__rosidl_typesupport_fastrtps_cpp.so[0m
[5.912s] [ 54%] [32m[1mLinking CXX shared library libmy_robot_interface__rosidl_typesupport_introspection_cpp.so[0m
[5.975s] [ 54%] Built target my_robot_interface__rosidl_typesupport_fastrtps_cpp
[6.020s] [ 58%] [34m[1mGenerating C type support dispatch for ROS interfaces[0m
[6.036s] [ 58%] Built target my_robot_interface__rosidl_typesupport_fastrtps_c
[6.166s] [ 58%] Built target my_robot_interface__rosidl_typesupport_introspection_cpp
[6.347s] [ 61%] [32mBuilding C object CMakeFiles/my_robot_interface__rosidl_typesupport_introspection_c.dir/rosidl_typesupport_introspection_c/my_robot_interface/msg/detail/hardware_statuses__type_support.c.o[0m
[6.410s] [ 64%] [32m[1mLinking C shared library libmy_robot_interface__rosidl_typesupport_introspection_c.so[0m
[6.479s] [ 64%] Built target my_robot_interface__rosidl_typesupport_introspection_c
[6.523s] [ 67%] [32mBuilding CXX object CMakeFiles/my_robot_interface__rosidl_typesupport_c.dir/rosidl_typesupport_c/my_robot_interface/msg/hardware_statuses__type_support.cpp.o[0m
[6.580s] [ 70%] [32m[1mLinking CXX shared library libmy_robot_interface__rosidl_typesupport_c.so[0m
[6.649s] [ 70%] Built target my_robot_interface__rosidl_typesupport_c
[6.692s] [ 70%] Built target my_robot_interface
[6.725s] [ 74%] [34m[1mGenerating Python code for ROS interfaces[0m
[7.256s] [ 74%] Built target my_robot_interface__py
[7.307s] [ 77%] [32mBuilding C object CMakeFiles/my_robot_interface__rosidl_generator_py.dir/rosidl_generator_py/my_robot_interface/msg/_hardware_statuses_s.c.o[0m
[7.568s] [ 80%] [32m[1mLinking C shared library rosidl_generator_py/my_robot_interface/libmy_robot_interface__rosidl_generator_py.so[0m
[7.634s] [ 80%] Built target my_robot_interface__rosidl_generator_py
[7.687s] [ 83%] [32mBuilding C object CMakeFiles/my_robot_interface__rosidl_typesupport_c__pyext.dir/rosidl_generator_py/my_robot_interface/_my_robot_interface_s.ep.rosidl_typesupport_c.c.o[0m
[7.687s] [ 87%] [32mBuilding C object CMakeFiles/my_robot_interface__rosidl_typesupport_introspection_c__pyext.dir/rosidl_generator_py/my_robot_interface/_my_robot_interface_s.ep.rosidl_typesupport_introspection_c.c.o[0m
[7.688s] [ 90%] [32mBuilding C object CMakeFiles/my_robot_interface__rosidl_typesupport_fastrtps_c__pyext.dir/rosidl_generator_py/my_robot_interface/_my_robot_interface_s.ep.rosidl_typesupport_fastrtps_c.c.o[0m
[7.918s] [ 93%] [32m[1mLinking C shared library rosidl_generator_py/my_robot_interface/my_robot_interface_s__rosidl_typesupport_introspection_c.cpython-311-x86_64-linux-gnu.so[0m
[7.920s] [ 96%] [32m[1mLinking C shared library rosidl_generator_py/my_robot_interface/my_robot_interface_s__rosidl_typesupport_fastrtps_c.cpython-311-x86_64-linux-gnu.so[0m
[7.935s] [100%] [32m[1mLinking C shared library rosidl_generator_py/my_robot_interface/my_robot_interface_s__rosidl_typesupport_c.cpython-311-x86_64-linux-gnu.so[0m
[8.000s] [100%] Built target my_robot_interface__rosidl_typesupport_fastrtps_c__pyext
[8.000s] [100%] Built target my_robot_interface__rosidl_typesupport_introspection_c__pyext
[8.025s] [100%] Built target my_robot_interface__rosidl_typesupport_c__pyext
[8.043s] Invoked command in '/home/ant/ros2_ws/build/my_robot_interface' returned '0': CMAKE_PREFIX_PATH=${CMAKE_PREFIX_PATH}:/home/ant/ros2_ws/install/my_py_pkg:/opt/ros/humble CONDA_PROMPT_MODIFIER=(base) /usr/bin/cmake --build /home/ant/ros2_ws/build/my_robot_interface -- -j4 -l4
[8.161s] Invoking command in '/home/ant/ros2_ws/build/my_robot_interface': CMAKE_PREFIX_PATH=${CMAKE_PREFIX_PATH}:/home/ant/ros2_ws/install/my_py_pkg:/opt/ros/humble CONDA_PROMPT_MODIFIER=(base) /usr/bin/cmake --install /home/ant/ros2_ws/build/my_robot_interface
[8.175s] -- Install configuration: ""
[8.183s] -- Installing: /home/ant/ros2_ws/install/my_robot_interface/share/ament_index/resource_index/rosidl_interfaces/my_robot_interface
[8.183s] -- Installing: /home/ant/ros2_ws/install/my_robot_interface/include/my_robot_interface/my_robot_interface
[8.183s] -- Installing: /home/ant/ros2_ws/install/my_robot_interface/include/my_robot_interface/my_robot_interface/msg
[8.183s] -- Installing: /home/ant/ros2_ws/install/my_robot_interface/include/my_robot_interface/my_robot_interface/msg/hardware_statuses.h
[8.183s] -- Installing: /home/ant/ros2_ws/install/my_robot_interface/include/my_robot_interface/my_robot_interface/msg/detail
[8.183s] -- Installing: /home/ant/ros2_ws/install/my_robot_interface/include/my_robot_interface/my_robot_interface/msg/detail/hardware_statuses__struct.h
[8.184s] -- Installing: /home/ant/ros2_ws/install/my_robot_interface/include/my_robot_interface/my_robot_interface/msg/detail/hardware_statuses__type_support.h
[8.184s] -- Installing: /home/ant/ros2_ws/install/my_robot_interface/include/my_robot_interface/my_robot_interface/msg/detail/hardware_statuses__functions.c
[8.184s] -- Installing: /home/ant/ros2_ws/install/my_robot_interface/include/my_robot_interface/my_robot_interface/msg/detail/hardware_statuses__functions.h
[8.184s] -- Installing: /home/ant/ros2_ws/install/my_robot_interface/include/my_robot_interface/my_robot_interface/msg/rosidl_generator_c__visibility_control.h
[8.184s] -- Installing: /home/ant/ros2_ws/install/my_robot_interface/share/my_robot_interface/environment/library_path.sh
[8.185s] -- Installing: /home/ant/ros2_ws/install/my_robot_interface/share/my_robot_interface/environment/library_path.dsv
[8.185s] -- Installing: /home/ant/ros2_ws/install/my_robot_interface/lib/libmy_robot_interface__rosidl_generator_c.so
[8.186s] -- Set runtime path of "/home/ant/ros2_ws/install/my_robot_interface/lib/libmy_robot_interface__rosidl_generator_c.so" to ""
[8.187s] -- Up-to-date: /home/ant/ros2_ws/install/my_robot_interface/include/my_robot_interface/my_robot_interface
[8.187s] -- Up-to-date: /home/ant/ros2_ws/install/my_robot_interface/include/my_robot_interface/my_robot_interface/msg
[8.187s] -- Up-to-date: /home/ant/ros2_ws/install/my_robot_interface/include/my_robot_interface/my_robot_interface/msg/detail
[8.187s] -- Installing: /home/ant/ros2_ws/install/my_robot_interface/include/my_robot_interface/my_robot_interface/msg/detail/hardware_statuses__rosidl_typesupport_fastrtps_c.h
[8.188s] -- Installing: /home/ant/ros2_ws/install/my_robot_interface/include/my_robot_interface/my_robot_interface/msg/rosidl_typesupport_fastrtps_c__visibility_control.h
[8.188s] -- Installing: /home/ant/ros2_ws/install/my_robot_interface/lib/libmy_robot_interface__rosidl_typesupport_fastrtps_c.so
[8.188s] -- Set runtime path of "/home/ant/ros2_ws/install/my_robot_interface/lib/libmy_robot_interface__rosidl_typesupport_fastrtps_c.so" to ""
[8.188s] -- Up-to-date: /home/ant/ros2_ws/install/my_robot_interface/include/my_robot_interface/my_robot_interface
[8.189s] -- Up-to-date: /home/ant/ros2_ws/install/my_robot_interface/include/my_robot_interface/my_robot_interface/msg
[8.189s] -- Installing: /home/ant/ros2_ws/install/my_robot_interface/include/my_robot_interface/my_robot_interface/msg/hardware_statuses.hpp
[8.189s] -- Up-to-date: /home/ant/ros2_ws/install/my_robot_interface/include/my_robot_interface/my_robot_interface/msg/detail
[8.189s] -- Installing: /home/ant/ros2_ws/install/my_robot_interface/include/my_robot_interface/my_robot_interface/msg/detail/hardware_statuses__struct.hpp
[8.189s] -- Installing: /home/ant/ros2_ws/install/my_robot_interface/include/my_robot_interface/my_robot_interface/msg/detail/hardware_statuses__builder.hpp
[8.190s] -- Installing: /home/ant/ros2_ws/install/my_robot_interface/include/my_robot_interface/my_robot_interface/msg/detail/hardware_statuses__traits.hpp
[8.190s] -- Up-to-date: /home/ant/ros2_ws/install/my_robot_interface/include/my_robot_interface/my_robot_interface
[8.190s] -- Up-to-date: /home/ant/ros2_ws/install/my_robot_interface/include/my_robot_interface/my_robot_interface/msg
[8.190s] -- Up-to-date: /home/ant/ros2_ws/install/my_robot_interface/include/my_robot_interface/my_robot_interface/msg/detail
[8.190s] -- Installing: /home/ant/ros2_ws/install/my_robot_interface/include/my_robot_interface/my_robot_interface/msg/detail/hardware_statuses__rosidl_typesupport_fastrtps_cpp.hpp
[8.190s] -- Installing: /home/ant/ros2_ws/install/my_robot_interface/include/my_robot_interface/my_robot_interface/msg/detail/dds_fastrtps
[8.190s] -- Installing: /home/ant/ros2_ws/install/my_robot_interface/include/my_robot_interface/my_robot_interface/msg/rosidl_typesupport_fastrtps_cpp__visibility_control.h
[8.191s] -- Installing: /home/ant/ros2_ws/install/my_robot_interface/lib/libmy_robot_interface__rosidl_typesupport_fastrtps_cpp.so
[8.191s] -- Set runtime path of "/home/ant/ros2_ws/install/my_robot_interface/lib/libmy_robot_interface__rosidl_typesupport_fastrtps_cpp.so" to ""
[8.192s] -- Up-to-date: /home/ant/ros2_ws/install/my_robot_interface/include/my_robot_interface/my_robot_interface
[8.192s] -- Up-to-date: /home/ant/ros2_ws/install/my_robot_interface/include/my_robot_interface/my_robot_interface/msg
[8.192s] -- Up-to-date: /home/ant/ros2_ws/install/my_robot_interface/include/my_robot_interface/my_robot_interface/msg/detail
[8.192s] -- Installing: /home/ant/ros2_ws/install/my_robot_interface/include/my_robot_interface/my_robot_interface/msg/detail/hardware_statuses__type_support.c
[8.192s] -- Installing: /home/ant/ros2_ws/install/my_robot_interface/include/my_robot_interface/my_robot_interface/msg/detail/hardware_statuses__rosidl_typesupport_introspection_c.h
[8.192s] -- Installing: /home/ant/ros2_ws/install/my_robot_interface/include/my_robot_interface/my_robot_interface/msg/rosidl_typesupport_introspection_c__visibility_control.h
[8.192s] -- Installing: /home/ant/ros2_ws/install/my_robot_interface/lib/libmy_robot_interface__rosidl_typesupport_introspection_c.so
[8.193s] -- Set runtime path of "/home/ant/ros2_ws/install/my_robot_interface/lib/libmy_robot_interface__rosidl_typesupport_introspection_c.so" to ""
[8.193s] -- Installing: /home/ant/ros2_ws/install/my_robot_interface/lib/libmy_robot_interface__rosidl_typesupport_c.so
[8.194s] -- Set runtime path of "/home/ant/ros2_ws/install/my_robot_interface/lib/libmy_robot_interface__rosidl_typesupport_c.so" to ""
[8.194s] -- Up-to-date: /home/ant/ros2_ws/install/my_robot_interface/include/my_robot_interface/my_robot_interface
[8.194s] -- Up-to-date: /home/ant/ros2_ws/install/my_robot_interface/include/my_robot_interface/my_robot_interface/msg
[8.195s] -- Up-to-date: /home/ant/ros2_ws/install/my_robot_interface/include/my_robot_interface/my_robot_interface/msg/detail
[8.195s] -- Installing: /home/ant/ros2_ws/install/my_robot_interface/include/my_robot_interface/my_robot_interface/msg/detail/hardware_statuses__rosidl_typesupport_introspection_cpp.hpp
[8.195s] -- Installing: /home/ant/ros2_ws/install/my_robot_interface/include/my_robot_interface/my_robot_interface/msg/detail/hardware_statuses__type_support.cpp
[8.195s] -- Installing: /home/ant/ros2_ws/install/my_robot_interface/lib/libmy_robot_interface__rosidl_typesupport_introspection_cpp.so
[8.196s] -- Set runtime path of "/home/ant/ros2_ws/install/my_robot_interface/lib/libmy_robot_interface__rosidl_typesupport_introspection_cpp.so" to ""
[8.196s] -- Installing: /home/ant/ros2_ws/install/my_robot_interface/lib/libmy_robot_interface__rosidl_typesupport_cpp.so
[8.197s] -- Set runtime path of "/home/ant/ros2_ws/install/my_robot_interface/lib/libmy_robot_interface__rosidl_typesupport_cpp.so" to ""
[8.197s] -- Installing: /home/ant/ros2_ws/install/my_robot_interface/share/my_robot_interface/environment/pythonpath.sh
[8.197s] -- Installing: /home/ant/ros2_ws/install/my_robot_interface/share/my_robot_interface/environment/pythonpath.dsv
[8.197s] -- Installing: /home/ant/ros2_ws/install/my_robot_interface/local/lib/python3.10/dist-packages/my_robot_interface-0.0.0-py3.10.egg-info
[8.198s] -- Installing: /home/ant/ros2_ws/install/my_robot_interface/local/lib/python3.10/dist-packages/my_robot_interface-0.0.0-py3.10.egg-info/PKG-INFO
[8.198s] -- Installing: /home/ant/ros2_ws/install/my_robot_interface/local/lib/python3.10/dist-packages/my_robot_interface-0.0.0-py3.10.egg-info/dependency_links.txt
[8.198s] -- Installing: /home/ant/ros2_ws/install/my_robot_interface/local/lib/python3.10/dist-packages/my_robot_interface-0.0.0-py3.10.egg-info/top_level.txt
[8.198s] -- Installing: /home/ant/ros2_ws/install/my_robot_interface/local/lib/python3.10/dist-packages/my_robot_interface-0.0.0-py3.10.egg-info/SOURCES.txt
[8.199s] -- Installing: /home/ant/ros2_ws/install/my_robot_interface/local/lib/python3.10/dist-packages/my_robot_interface
[8.199s] -- Installing: /home/ant/ros2_ws/install/my_robot_interface/local/lib/python3.10/dist-packages/my_robot_interface/_my_robot_interface_s.ep.rosidl_typesupport_introspection_c.c
[8.199s] -- Installing: /home/ant/ros2_ws/install/my_robot_interface/local/lib/python3.10/dist-packages/my_robot_interface/_my_robot_interface_s.ep.rosidl_typesupport_c.c
[8.199s] -- Installing: /home/ant/ros2_ws/install/my_robot_interface/local/lib/python3.10/dist-packages/my_robot_interface/my_robot_interface_s__rosidl_typesupport_fastrtps_c.cpython-311-x86_64-linux-gnu.so
[8.199s] -- Installing: /home/ant/ros2_ws/install/my_robot_interface/local/lib/python3.10/dist-packages/my_robot_interface/my_robot_interface_s__rosidl_typesupport_c.cpython-311-x86_64-linux-gnu.so
[8.200s] -- Installing: /home/ant/ros2_ws/install/my_robot_interface/local/lib/python3.10/dist-packages/my_robot_interface/msg
[8.200s] -- Installing: /home/ant/ros2_ws/install/my_robot_interface/local/lib/python3.10/dist-packages/my_robot_interface/msg/_hardware_statuses_s.c
[8.200s] -- Installing: /home/ant/ros2_ws/install/my_robot_interface/local/lib/python3.10/dist-packages/my_robot_interface/msg/__init__.py
[8.200s] -- Installing: /home/ant/ros2_ws/install/my_robot_interface/local/lib/python3.10/dist-packages/my_robot_interface/msg/_hardware_statuses.py
[8.200s] -- Installing: /home/ant/ros2_ws/install/my_robot_interface/local/lib/python3.10/dist-packages/my_robot_interface/libmy_robot_interface__rosidl_generator_py.so
[8.201s] -- Installing: /home/ant/ros2_ws/install/my_robot_interface/local/lib/python3.10/dist-packages/my_robot_interface/_my_robot_interface_s.ep.rosidl_typesupport_fastrtps_c.c
[8.201s] -- Installing: /home/ant/ros2_ws/install/my_robot_interface/local/lib/python3.10/dist-packages/my_robot_interface/__init__.py
[8.201s] -- Installing: /home/ant/ros2_ws/install/my_robot_interface/local/lib/python3.10/dist-packages/my_robot_interface/my_robot_interface_s__rosidl_typesupport_introspection_c.cpython-311-x86_64-linux-gnu.so
[8.250s] Listing '/home/ant/ros2_ws/install/my_robot_interface/local/lib/python3.10/dist-packages/my_robot_interface'...
[8.250s] Compiling '/home/ant/ros2_ws/install/my_robot_interface/local/lib/python3.10/dist-packages/my_robot_interface/__init__.py'...
[8.250s] Listing '/home/ant/ros2_ws/install/my_robot_interface/local/lib/python3.10/dist-packages/my_robot_interface/msg'...
[8.251s] Compiling '/home/ant/ros2_ws/install/my_robot_interface/local/lib/python3.10/dist-packages/my_robot_interface/msg/__init__.py'...
[8.251s] Compiling '/home/ant/ros2_ws/install/my_robot_interface/local/lib/python3.10/dist-packages/my_robot_interface/msg/_hardware_statuses.py'...
[8.269s] -- Installing: /home/ant/ros2_ws/install/my_robot_interface/local/lib/python3.10/dist-packages/my_robot_interface/my_robot_interface_s__rosidl_typesupport_fastrtps_c.cpython-311-x86_64-linux-gnu.so
[8.269s] -- Set runtime path of "/home/ant/ros2_ws/install/my_robot_interface/local/lib/python3.10/dist-packages/my_robot_interface/my_robot_interface_s__rosidl_typesupport_fastrtps_c.cpython-311-x86_64-linux-gnu.so" to ""
[8.270s] -- Installing: /home/ant/ros2_ws/install/my_robot_interface/local/lib/python3.10/dist-packages/my_robot_interface/my_robot_interface_s__rosidl_typesupport_introspection_c.cpython-311-x86_64-linux-gnu.so
[8.271s] -- Set runtime path of "/home/ant/ros2_ws/install/my_robot_interface/local/lib/python3.10/dist-packages/my_robot_interface/my_robot_interface_s__rosidl_typesupport_introspection_c.cpython-311-x86_64-linux-gnu.so" to ""
[8.271s] -- Installing: /home/ant/ros2_ws/install/my_robot_interface/local/lib/python3.10/dist-packages/my_robot_interface/my_robot_interface_s__rosidl_typesupport_c.cpython-311-x86_64-linux-gnu.so
[8.272s] -- Set runtime path of "/home/ant/ros2_ws/install/my_robot_interface/local/lib/python3.10/dist-packages/my_robot_interface/my_robot_interface_s__rosidl_typesupport_c.cpython-311-x86_64-linux-gnu.so" to ""
[8.272s] -- Installing: /home/ant/ros2_ws/install/my_robot_interface/lib/libmy_robot_interface__rosidl_generator_py.so
[8.273s] -- Set runtime path of "/home/ant/ros2_ws/install/my_robot_interface/lib/libmy_robot_interface__rosidl_generator_py.so" to ""
[8.273s] -- Installing: /home/ant/ros2_ws/install/my_robot_interface/share/my_robot_interface/msg/HardwareStatuses.idl
[8.273s] -- Installing: /home/ant/ros2_ws/install/my_robot_interface/share/my_robot_interface/msg/HardwareStatuses.msg
[8.274s] -- Installing: /home/ant/ros2_ws/install/my_robot_interface/share/ament_index/resource_index/package_run_dependencies/my_robot_interface
[8.274s] -- Installing: /home/ant/ros2_ws/install/my_robot_interface/share/ament_index/resource_index/parent_prefix_path/my_robot_interface
[8.274s] -- Installing: /home/ant/ros2_ws/install/my_robot_interface/share/my_robot_interface/environment/ament_prefix_path.sh
[8.274s] -- Installing: /home/ant/ros2_ws/install/my_robot_interface/share/my_robot_interface/environment/ament_prefix_path.dsv
[8.275s] -- Installing: /home/ant/ros2_ws/install/my_robot_interface/share/my_robot_interface/environment/path.sh
[8.275s] -- Installing: /home/ant/ros2_ws/install/my_robot_interface/share/my_robot_interface/environment/path.dsv
[8.275s] -- Installing: /home/ant/ros2_ws/install/my_robot_interface/share/my_robot_interface/local_setup.bash
[8.275s] -- Installing: /home/ant/ros2_ws/install/my_robot_interface/share/my_robot_interface/local_setup.sh
[8.276s] -- Installing: /home/ant/ros2_ws/install/my_robot_interface/share/my_robot_interface/local_setup.zsh
[8.276s] -- Installing: /home/ant/ros2_ws/install/my_robot_interface/share/my_robot_interface/local_setup.dsv
[8.276s] -- Installing: /home/ant/ros2_ws/install/my_robot_interface/share/my_robot_interface/package.dsv
[8.277s] -- Installing: /home/ant/ros2_ws/install/my_robot_interface/share/ament_index/resource_index/packages/my_robot_interface
[8.278s] -- Installing: /home/ant/ros2_ws/install/my_robot_interface/share/my_robot_interface/cmake/export_my_robot_interface__rosidl_generator_cExport.cmake
[8.278s] -- Installing: /home/ant/ros2_ws/install/my_robot_interface/share/my_robot_interface/cmake/export_my_robot_interface__rosidl_generator_cExport-noconfig.cmake
[8.278s] -- Installing: /home/ant/ros2_ws/install/my_robot_interface/share/my_robot_interface/cmake/export_my_robot_interface__rosidl_typesupport_fastrtps_cExport.cmake
[8.278s] -- Installing: /home/ant/ros2_ws/install/my_robot_interface/share/my_robot_interface/cmake/export_my_robot_interface__rosidl_typesupport_fastrtps_cExport-noconfig.cmake
[8.279s] -- Installing: /home/ant/ros2_ws/install/my_robot_interface/share/my_robot_interface/cmake/export_my_robot_interface__rosidl_generator_cppExport.cmake
[8.279s] -- Installing: /home/ant/ros2_ws/install/my_robot_interface/share/my_robot_interface/cmake/export_my_robot_interface__rosidl_typesupport_fastrtps_cppExport.cmake
[8.279s] -- Installing: /home/ant/ros2_ws/install/my_robot_interface/share/my_robot_interface/cmake/export_my_robot_interface__rosidl_typesupport_fastrtps_cppExport-noconfig.cmake
[8.280s] -- Installing: /home/ant/ros2_ws/install/my_robot_interface/share/my_robot_interface/cmake/my_robot_interface__rosidl_typesupport_introspection_cExport.cmake
[8.280s] -- Installing: /home/ant/ros2_ws/install/my_robot_interface/share/my_robot_interface/cmake/my_robot_interface__rosidl_typesupport_introspection_cExport-noconfig.cmake
[8.280s] -- Installing: /home/ant/ros2_ws/install/my_robot_interface/share/my_robot_interface/cmake/my_robot_interface__rosidl_typesupport_cExport.cmake
[8.280s] -- Installing: /home/ant/ros2_ws/install/my_robot_interface/share/my_robot_interface/cmake/my_robot_interface__rosidl_typesupport_cExport-noconfig.cmake
[8.281s] -- Installing: /home/ant/ros2_ws/install/my_robot_interface/share/my_robot_interface/cmake/my_robot_interface__rosidl_typesupport_introspection_cppExport.cmake
[8.281s] -- Installing: /home/ant/ros2_ws/install/my_robot_interface/share/my_robot_interface/cmake/my_robot_interface__rosidl_typesupport_introspection_cppExport-noconfig.cmake
[8.281s] -- Installing: /home/ant/ros2_ws/install/my_robot_interface/share/my_robot_interface/cmake/my_robot_interface__rosidl_typesupport_cppExport.cmake
[8.282s] -- Installing: /home/ant/ros2_ws/install/my_robot_interface/share/my_robot_interface/cmake/my_robot_interface__rosidl_typesupport_cppExport-noconfig.cmake
[8.282s] -- Installing: /home/ant/ros2_ws/install/my_robot_interface/share/my_robot_interface/cmake/export_my_robot_interface__rosidl_generator_pyExport.cmake
[8.282s] -- Installing: /home/ant/ros2_ws/install/my_robot_interface/share/my_robot_interface/cmake/export_my_robot_interface__rosidl_generator_pyExport-noconfig.cmake
[8.283s] -- Installing: /home/ant/ros2_ws/install/my_robot_interface/share/my_robot_interface/cmake/rosidl_cmake-extras.cmake
[8.283s] -- Installing: /home/ant/ros2_ws/install/my_robot_interface/share/my_robot_interface/cmake/ament_cmake_export_include_directories-extras.cmake
[8.283s] -- Installing: /home/ant/ros2_ws/install/my_robot_interface/share/my_robot_interface/cmake/ament_cmake_export_libraries-extras.cmake
[8.283s] -- Installing: /home/ant/ros2_ws/install/my_robot_interface/share/my_robot_interface/cmake/ament_cmake_export_targets-extras.cmake
[8.284s] -- Installing: /home/ant/ros2_ws/install/my_robot_interface/share/my_robot_interface/cmake/rosidl_cmake_export_typesupport_targets-extras.cmake
[8.284s] -- Installing: /home/ant/ros2_ws/install/my_robot_interface/share/my_robot_interface/cmake/ament_cmake_export_dependencies-extras.cmake
[8.284s] -- Installing: /home/ant/ros2_ws/install/my_robot_interface/share/my_robot_interface/cmake/rosidl_cmake_export_typesupport_libraries-extras.cmake
[8.284s] -- Installing: /home/ant/ros2_ws/install/my_robot_interface/share/my_robot_interface/cmake/my_robot_interfaceConfig.cmake
[8.285s] -- Installing: /home/ant/ros2_ws/install/my_robot_interface/share/my_robot_interface/cmake/my_robot_interfaceConfig-version.cmake
[8.285s] -- Installing: /home/ant/ros2_ws/install/my_robot_interface/share/my_robot_interface/package.xml
[8.289s] Invoked command in '/home/ant/ros2_ws/build/my_robot_interface' returned '0': CMAKE_PREFIX_PATH=${CMAKE_PREFIX_PATH}:/home/ant/ros2_ws/install/my_py_pkg:/opt/ros/humble CONDA_PROMPT_MODIFIER=(base) /usr/bin/cmake --install /home/ant/ros2_ws/build/my_robot_interface
