[1.696s] DEBUG:colcon:Command line arguments: ['/usr/bin/colcon', 'build']
[1.697s] DEBUG:colcon:Parsed command line arguments: Namespace(log_base=None, log_level=None, verb_name='build', build_base='build', install_base='install', merge_install=False, symlink_install=False, test_result_base=None, continue_on_error=False, executor='parallel', parallel_workers=4, event_handlers=None, ignore_user_meta=False, metas=['./colcon.meta'], base_paths=['.'], packages_ignore=None, packages_ignore_regex=None, paths=None, packages_up_to=None, packages_up_to_regex=None, packages_above=None, packages_above_and_dependencies=None, packages_above_depth=None, packages_select_by_dep=None, packages_skip_by_dep=None, packages_skip_up_to=None, packages_select_build_failed=False, packages_skip_build_finished=False, packages_select_test_failures=False, packages_skip_test_passed=False, packages_select=None, packages_skip=None, packages_select_regex=None, packages_skip_regex=None, packages_start=None, packages_end=None, allow_overriding=[], cmake_args=None, cmake_target=None, cmake_target_skip_unavailable=False, cmake_clean_cache=False, cmake_clean_first=False, cmake_force_configure=False, ament_cmake_args=None, catkin_cmake_args=None, catkin_skip_building_tests=False, verb_parser=<colcon_defaults.argument_parser.defaults.DefaultArgumentsDecorator object at 0x7f6b6ecc36d0>, verb_extension=<colcon_core.verb.build.BuildVerb object at 0x7f6b6ecc3c40>, main=<bound method BuildVerb.main of <colcon_core.verb.build.BuildVerb object at 0x7f6b6ecc3c40>>)
[1.886s] Level 1:colcon.colcon_core.package_discovery:discover_packages(colcon_meta) check parameters
[1.886s] Level 1:colcon.colcon_core.package_discovery:discover_packages(recursive) check parameters
[1.886s] Level 1:colcon.colcon_core.package_discovery:discover_packages(ignore) check parameters
[1.886s] Level 1:colcon.colcon_core.package_discovery:discover_packages(path) check parameters
[1.886s] Level 1:colcon.colcon_core.package_discovery:discover_packages(colcon_meta) discover
[1.887s] Level 1:colcon.colcon_core.package_discovery:discover_packages(recursive) discover
[1.887s] INFO:colcon.colcon_core.package_discovery:Crawling recursively for packages in '/home/ant/ros2_ws'
[1.887s] Level 1:colcon.colcon_core.package_identification:_identify(.) by extensions ['ignore', 'ignore_ament_install']
[1.887s] Level 1:colcon.colcon_core.package_identification:_identify(.) by extension 'ignore'
[1.888s] Level 1:colcon.colcon_core.package_identification:_identify(.) by extension 'ignore_ament_install'
[1.888s] Level 1:colcon.colcon_core.package_identification:_identify(.) by extensions ['colcon_pkg']
[1.888s] Level 1:colcon.colcon_core.package_identification:_identify(.) by extension 'colcon_pkg'
[1.888s] Level 1:colcon.colcon_core.package_identification:_identify(.) by extensions ['colcon_meta']
[1.889s] Level 1:colcon.colcon_core.package_identification:_identify(.) by extension 'colcon_meta'
[1.889s] Level 1:colcon.colcon_core.package_identification:_identify(.) by extensions ['ros']
[1.890s] Level 1:colcon.colcon_core.package_identification:_identify(.) by extension 'ros'
[1.952s] Level 1:colcon.colcon_core.package_identification:_identify(.) by extensions ['cmake', 'python']
[1.952s] Level 1:colcon.colcon_core.package_identification:_identify(.) by extension 'cmake'
[1.953s] Level 1:colcon.colcon_core.package_identification:_identify(.) by extension 'python'
[1.953s] Level 1:colcon.colcon_core.package_identification:_identify(.) by extensions ['python_setup_py']
[1.954s] Level 1:colcon.colcon_core.package_identification:_identify(.) by extension 'python_setup_py'
[1.955s] Level 1:colcon.colcon_core.package_identification:_identify(build) by extensions ['ignore', 'ignore_ament_install']
[1.956s] Level 1:colcon.colcon_core.package_identification:_identify(build) by extension 'ignore'
[1.957s] Level 1:colcon.colcon_core.package_identification:_identify(build) ignored
[1.959s] Level 1:colcon.colcon_core.package_identification:_identify(install) by extensions ['ignore', 'ignore_ament_install']
[1.960s] Level 1:colcon.colcon_core.package_identification:_identify(install) by extension 'ignore'
[1.961s] Level 1:colcon.colcon_core.package_identification:_identify(install) ignored
[1.962s] Level 1:colcon.colcon_core.package_identification:_identify(log) by extensions ['ignore', 'ignore_ament_install']
[1.963s] Level 1:colcon.colcon_core.package_identification:_identify(log) by extension 'ignore'
[1.963s] Level 1:colcon.colcon_core.package_identification:_identify(log) ignored
[1.963s] Level 1:colcon.colcon_core.package_identification:_identify(src) by extensions ['ignore', 'ignore_ament_install']
[1.964s] Level 1:colcon.colcon_core.package_identification:_identify(src) by extension 'ignore'
[1.964s] Level 1:colcon.colcon_core.package_identification:_identify(src) by extension 'ignore_ament_install'
[1.964s] Level 1:colcon.colcon_core.package_identification:_identify(src) by extensions ['colcon_pkg']
[1.964s] Level 1:colcon.colcon_core.package_identification:_identify(src) by extension 'colcon_pkg'
[1.964s] Level 1:colcon.colcon_core.package_identification:_identify(src) by extensions ['colcon_meta']
[1.965s] Level 1:colcon.colcon_core.package_identification:_identify(src) by extension 'colcon_meta'
[1.965s] Level 1:colcon.colcon_core.package_identification:_identify(src) by extensions ['ros']
[1.965s] Level 1:colcon.colcon_core.package_identification:_identify(src) by extension 'ros'
[1.965s] Level 1:colcon.colcon_core.package_identification:_identify(src) by extensions ['cmake', 'python']
[1.965s] Level 1:colcon.colcon_core.package_identification:_identify(src) by extension 'cmake'
[1.966s] Level 1:colcon.colcon_core.package_identification:_identify(src) by extension 'python'
[1.966s] Level 1:colcon.colcon_core.package_identification:_identify(src) by extensions ['python_setup_py']
[1.966s] Level 1:colcon.colcon_core.package_identification:_identify(src) by extension 'python_setup_py'
[1.966s] Level 1:colcon.colcon_core.package_identification:_identify(src/my_cpp_pkg) by extensions ['ignore', 'ignore_ament_install']
[1.967s] Level 1:colcon.colcon_core.package_identification:_identify(src/my_cpp_pkg) by extension 'ignore'
[1.967s] Level 1:colcon.colcon_core.package_identification:_identify(src/my_cpp_pkg) by extension 'ignore_ament_install'
[1.968s] Level 1:colcon.colcon_core.package_identification:_identify(src/my_cpp_pkg) by extensions ['colcon_pkg']
[1.968s] Level 1:colcon.colcon_core.package_identification:_identify(src/my_cpp_pkg) by extension 'colcon_pkg'
[1.968s] Level 1:colcon.colcon_core.package_identification:_identify(src/my_cpp_pkg) by extensions ['colcon_meta']
[1.968s] Level 1:colcon.colcon_core.package_identification:_identify(src/my_cpp_pkg) by extension 'colcon_meta'
[1.969s] Level 1:colcon.colcon_core.package_identification:_identify(src/my_cpp_pkg) by extensions ['ros']
[1.969s] Level 1:colcon.colcon_core.package_identification:_identify(src/my_cpp_pkg) by extension 'ros'
[1.987s] DEBUG:colcon.colcon_core.package_identification:Package 'src/my_cpp_pkg' with type 'ros.ament_cmake' and name 'my_cpp_pkg'
[1.989s] Level 1:colcon.colcon_core.package_identification:_identify(src/my_py_pkg) by extensions ['ignore', 'ignore_ament_install']
[1.990s] Level 1:colcon.colcon_core.package_identification:_identify(src/my_py_pkg) by extension 'ignore'
[1.991s] Level 1:colcon.colcon_core.package_identification:_identify(src/my_py_pkg) by extension 'ignore_ament_install'
[1.991s] Level 1:colcon.colcon_core.package_identification:_identify(src/my_py_pkg) by extensions ['colcon_pkg']
[1.992s] Level 1:colcon.colcon_core.package_identification:_identify(src/my_py_pkg) by extension 'colcon_pkg'
[1.992s] Level 1:colcon.colcon_core.package_identification:_identify(src/my_py_pkg) by extensions ['colcon_meta']
[1.993s] Level 1:colcon.colcon_core.package_identification:_identify(src/my_py_pkg) by extension 'colcon_meta'
[1.993s] Level 1:colcon.colcon_core.package_identification:_identify(src/my_py_pkg) by extensions ['ros']
[1.993s] Level 1:colcon.colcon_core.package_identification:_identify(src/my_py_pkg) by extension 'ros'
[1.996s] DEBUG:colcon.colcon_core.package_identification:Package 'src/my_py_pkg' with type 'ros.ament_python' and name 'my_py_pkg'
[1.997s] Level 1:colcon.colcon_core.package_discovery:discover_packages(recursive) using defaults
[1.998s] Level 1:colcon.colcon_core.package_discovery:discover_packages(ignore) discover
[1.998s] Level 1:colcon.colcon_core.package_discovery:discover_packages(ignore) using defaults
[1.998s] Level 1:colcon.colcon_core.package_discovery:discover_packages(path) discover
[1.998s] Level 1:colcon.colcon_core.package_discovery:discover_packages(path) using defaults
[2.481s] Level 1:colcon.colcon_core.package_discovery:discover_packages(prefix_path) check parameters
[2.481s] Level 1:colcon.colcon_core.package_discovery:discover_packages(prefix_path) discover
[2.557s] DEBUG:colcon.colcon_installed_package_information.package_discovery:Found 2 installed packages in /home/ant/ros2_ws/install
[2.579s] DEBUG:colcon.colcon_installed_package_information.package_discovery:Found 270 installed packages in /opt/ros/humble
[2.580s] Level 1:colcon.colcon_core.package_discovery:discover_packages(prefix_path) using defaults
[2.751s] Level 5:colcon.colcon_core.verb:set package 'my_cpp_pkg' build argument 'cmake_args' from command line to 'None'
[2.751s] Level 5:colcon.colcon_core.verb:set package 'my_cpp_pkg' build argument 'cmake_target' from command line to 'None'
[2.751s] Level 5:colcon.colcon_core.verb:set package 'my_cpp_pkg' build argument 'cmake_target_skip_unavailable' from command line to 'False'
[2.751s] Level 5:colcon.colcon_core.verb:set package 'my_cpp_pkg' build argument 'cmake_clean_cache' from command line to 'False'
[2.751s] Level 5:colcon.colcon_core.verb:set package 'my_cpp_pkg' build argument 'cmake_clean_first' from command line to 'False'
[2.751s] Level 5:colcon.colcon_core.verb:set package 'my_cpp_pkg' build argument 'cmake_force_configure' from command line to 'False'
[2.751s] Level 5:colcon.colcon_core.verb:set package 'my_cpp_pkg' build argument 'ament_cmake_args' from command line to 'None'
[2.752s] Level 5:colcon.colcon_core.verb:set package 'my_cpp_pkg' build argument 'catkin_cmake_args' from command line to 'None'
[2.752s] Level 5:colcon.colcon_core.verb:set package 'my_cpp_pkg' build argument 'catkin_skip_building_tests' from command line to 'False'
[2.752s] DEBUG:colcon.colcon_core.verb:Building package 'my_cpp_pkg' with the following arguments: {'ament_cmake_args': None, 'build_base': '/home/ant/ros2_ws/build/my_cpp_pkg', 'catkin_cmake_args': None, 'catkin_skip_building_tests': False, 'cmake_args': None, 'cmake_clean_cache': False, 'cmake_clean_first': False, 'cmake_force_configure': False, 'cmake_target': None, 'cmake_target_skip_unavailable': False, 'install_base': '/home/ant/ros2_ws/install/my_cpp_pkg', 'merge_install': False, 'path': '/home/ant/ros2_ws/src/my_cpp_pkg', 'symlink_install': False, 'test_result_base': None}
[2.774s] Level 5:colcon.colcon_core.verb:set package 'my_py_pkg' build argument 'cmake_args' from command line to 'None'
[2.774s] Level 5:colcon.colcon_core.verb:set package 'my_py_pkg' build argument 'cmake_target' from command line to 'None'
[2.774s] Level 5:colcon.colcon_core.verb:set package 'my_py_pkg' build argument 'cmake_target_skip_unavailable' from command line to 'False'
[2.774s] Level 5:colcon.colcon_core.verb:set package 'my_py_pkg' build argument 'cmake_clean_cache' from command line to 'False'
[2.774s] Level 5:colcon.colcon_core.verb:set package 'my_py_pkg' build argument 'cmake_clean_first' from command line to 'False'
[2.774s] Level 5:colcon.colcon_core.verb:set package 'my_py_pkg' build argument 'cmake_force_configure' from command line to 'False'
[2.774s] Level 5:colcon.colcon_core.verb:set package 'my_py_pkg' build argument 'ament_cmake_args' from command line to 'None'
[2.774s] Level 5:colcon.colcon_core.verb:set package 'my_py_pkg' build argument 'catkin_cmake_args' from command line to 'None'
[2.774s] Level 5:colcon.colcon_core.verb:set package 'my_py_pkg' build argument 'catkin_skip_building_tests' from command line to 'False'
[2.774s] DEBUG:colcon.colcon_core.verb:Building package 'my_py_pkg' with the following arguments: {'ament_cmake_args': None, 'build_base': '/home/ant/ros2_ws/build/my_py_pkg', 'catkin_cmake_args': None, 'catkin_skip_building_tests': False, 'cmake_args': None, 'cmake_clean_cache': False, 'cmake_clean_first': False, 'cmake_force_configure': False, 'cmake_target': None, 'cmake_target_skip_unavailable': False, 'install_base': '/home/ant/ros2_ws/install/my_py_pkg', 'merge_install': False, 'path': '/home/ant/ros2_ws/src/my_py_pkg', 'symlink_install': False, 'test_result_base': None}
[2.813s] INFO:colcon.colcon_core.executor:Executing jobs using 'parallel' executor
[2.842s] DEBUG:colcon.colcon_parallel_executor.executor.parallel:run_until_complete
[2.843s] INFO:colcon.colcon_ros.task.ament_cmake.build:Building ROS package in '/home/ant/ros2_ws/src/my_cpp_pkg' with build type 'ament_cmake'
[2.843s] INFO:colcon.colcon_cmake.task.cmake.build:Building CMake package in '/home/ant/ros2_ws/src/my_cpp_pkg'
[2.910s] INFO:colcon.colcon_core.plugin_system:Skipping extension 'colcon_core.shell.bat': Not used on non-Windows systems
[2.910s] INFO:colcon.colcon_core.shell:Skip shell extension 'powershell' for command environment: Not usable outside of PowerShell
[2.910s] DEBUG:colcon.colcon_core.shell:Skip shell extension 'dsv' for command environment
[3.016s] INFO:colcon.colcon_ros.task.ament_python.build:Building ROS package in '/home/ant/ros2_ws/src/my_py_pkg' with build type 'ament_python'
[3.016s] Level 1:colcon.colcon_core.shell:create_environment_hook('my_py_pkg', 'ament_prefix_path')
[3.063s] INFO:colcon.colcon_core.shell:Creating environment hook '/home/ant/ros2_ws/install/my_py_pkg/share/my_py_pkg/hook/ament_prefix_path.ps1'
[3.065s] INFO:colcon.colcon_core.shell:Creating environment descriptor '/home/ant/ros2_ws/install/my_py_pkg/share/my_py_pkg/hook/ament_prefix_path.dsv'
[3.067s] INFO:colcon.colcon_core.shell:Creating environment hook '/home/ant/ros2_ws/install/my_py_pkg/share/my_py_pkg/hook/ament_prefix_path.sh'
[3.119s] INFO:colcon.colcon_core.shell:Skip shell extension 'powershell' for command environment: Not usable outside of PowerShell
[3.119s] DEBUG:colcon.colcon_core.shell:Skip shell extension 'dsv' for command environment
[3.223s] DEBUG:colcon.colcon_core.event_handler.log_command:Invoking command in '/home/ant/ros2_ws/build/my_cpp_pkg': CMAKE_PREFIX_PATH=${CMAKE_PREFIX_PATH}:/home/ant/ros2_ws/install/my_py_pkg:/opt/ros/humble CONDA_PROMPT_MODIFIER=(base) /usr/bin/cmake --build /home/ant/ros2_ws/build/my_cpp_pkg -- -j4 -l4
[4.008s] INFO:colcon.colcon_core.task.python.build:Building Python package in '/home/ant/ros2_ws/src/my_py_pkg'
[4.038s] INFO:colcon.colcon_core.shell:Skip shell extension 'powershell' for command environment: Not usable outside of PowerShell
[4.038s] DEBUG:colcon.colcon_core.shell:Skip shell extension 'dsv' for command environment
[4.145s] DEBUG:colcon.colcon_core.event_handler.log_command:Invoked command in '/home/ant/ros2_ws/build/my_cpp_pkg' returned '0': CMAKE_PREFIX_PATH=${CMAKE_PREFIX_PATH}:/home/ant/ros2_ws/install/my_py_pkg:/opt/ros/humble CONDA_PROMPT_MODIFIER=(base) /usr/bin/cmake --build /home/ant/ros2_ws/build/my_cpp_pkg -- -j4 -l4
[4.235s] DEBUG:colcon.colcon_core.event_handler.log_command:Invoking command in '/home/ant/ros2_ws/build/my_cpp_pkg': CMAKE_PREFIX_PATH=${CMAKE_PREFIX_PATH}:/home/ant/ros2_ws/install/my_py_pkg:/opt/ros/humble CONDA_PROMPT_MODIFIER=(base) /usr/bin/cmake --install /home/ant/ros2_ws/build/my_cpp_pkg
[4.257s] Level 1:colcon.colcon_core.environment:create_environment_scripts_only(my_cpp_pkg)
[4.274s] DEBUG:colcon.colcon_core.event_handler.log_command:Invoked command in '/home/ant/ros2_ws/build/my_cpp_pkg' returned '0': CMAKE_PREFIX_PATH=${CMAKE_PREFIX_PATH}:/home/ant/ros2_ws/install/my_py_pkg:/opt/ros/humble CONDA_PROMPT_MODIFIER=(base) /usr/bin/cmake --install /home/ant/ros2_ws/build/my_cpp_pkg
[4.318s] Level 1:colcon.colcon_core.environment:checking '/home/ant/ros2_ws/install/my_cpp_pkg' for CMake module files
[4.319s] Level 1:colcon.colcon_core.environment:checking '/home/ant/ros2_ws/install/my_cpp_pkg' for CMake config files
[4.319s] Level 1:colcon.colcon_core.shell:create_environment_hook('my_cpp_pkg', 'cmake_prefix_path')
[4.351s] INFO:colcon.colcon_core.shell:Creating environment hook '/home/ant/ros2_ws/install/my_cpp_pkg/share/my_cpp_pkg/hook/cmake_prefix_path.ps1'
[4.351s] INFO:colcon.colcon_core.shell:Creating environment descriptor '/home/ant/ros2_ws/install/my_cpp_pkg/share/my_cpp_pkg/hook/cmake_prefix_path.dsv'
[4.352s] INFO:colcon.colcon_core.shell:Creating environment hook '/home/ant/ros2_ws/install/my_cpp_pkg/share/my_cpp_pkg/hook/cmake_prefix_path.sh'
[4.353s] Level 1:colcon.colcon_core.environment:checking '/home/ant/ros2_ws/install/my_cpp_pkg/bin'
[4.354s] Level 1:colcon.colcon_core.environment:checking '/home/ant/ros2_ws/install/my_cpp_pkg/lib/pkgconfig/my_cpp_pkg.pc'
[4.354s] Level 1:colcon.colcon_core.environment:checking '/home/ant/ros2_ws/install/my_cpp_pkg/lib/python3.10/site-packages'
[4.355s] Level 1:colcon.colcon_core.environment:checking '/home/ant/ros2_ws/install/my_cpp_pkg/bin'
[4.410s] INFO:colcon.colcon_core.shell:Creating package script '/home/ant/ros2_ws/install/my_cpp_pkg/share/my_cpp_pkg/package.ps1'
[4.413s] INFO:colcon.colcon_core.shell:Creating package descriptor '/home/ant/ros2_ws/install/my_cpp_pkg/share/my_cpp_pkg/package.dsv'
[4.417s] INFO:colcon.colcon_core.shell:Creating package script '/home/ant/ros2_ws/install/my_cpp_pkg/share/my_cpp_pkg/package.sh'
[4.420s] INFO:colcon.colcon_core.shell:Creating package script '/home/ant/ros2_ws/install/my_cpp_pkg/share/my_cpp_pkg/package.bash'
[4.421s] INFO:colcon.colcon_core.shell:Creating package script '/home/ant/ros2_ws/install/my_cpp_pkg/share/my_cpp_pkg/package.zsh'
[4.422s] Level 1:colcon.colcon_core.environment:create_file_with_runtime_dependencies(/home/ant/ros2_ws/install/my_cpp_pkg/share/colcon-core/packages/my_cpp_pkg)
[4.523s] Level 1:colcon.colcon_core.environment:create_environment_scripts_only(my_cpp_pkg)
[4.554s] Level 1:colcon.colcon_core.environment:checking '/home/ant/ros2_ws/install/my_cpp_pkg' for CMake module files
[4.555s] Level 1:colcon.colcon_core.environment:checking '/home/ant/ros2_ws/install/my_cpp_pkg' for CMake config files
[4.555s] Level 1:colcon.colcon_core.shell:create_environment_hook('my_cpp_pkg', 'cmake_prefix_path')
[4.609s] INFO:colcon.colcon_core.shell:Creating environment hook '/home/ant/ros2_ws/install/my_cpp_pkg/share/my_cpp_pkg/hook/cmake_prefix_path.ps1'
[4.610s] INFO:colcon.colcon_core.shell:Creating environment descriptor '/home/ant/ros2_ws/install/my_cpp_pkg/share/my_cpp_pkg/hook/cmake_prefix_path.dsv'
[4.611s] INFO:colcon.colcon_core.shell:Creating environment hook '/home/ant/ros2_ws/install/my_cpp_pkg/share/my_cpp_pkg/hook/cmake_prefix_path.sh'
[4.612s] Level 1:colcon.colcon_core.environment:checking '/home/ant/ros2_ws/install/my_cpp_pkg/bin'
[4.613s] Level 1:colcon.colcon_core.environment:checking '/home/ant/ros2_ws/install/my_cpp_pkg/lib/pkgconfig/my_cpp_pkg.pc'
[4.613s] Level 1:colcon.colcon_core.environment:checking '/home/ant/ros2_ws/install/my_cpp_pkg/lib/python3.10/site-packages'
[4.614s] Level 1:colcon.colcon_core.environment:checking '/home/ant/ros2_ws/install/my_cpp_pkg/bin'
[4.640s] INFO:colcon.colcon_core.shell:Creating package script '/home/ant/ros2_ws/install/my_cpp_pkg/share/my_cpp_pkg/package.ps1'
[4.640s] INFO:colcon.colcon_core.shell:Creating package descriptor '/home/ant/ros2_ws/install/my_cpp_pkg/share/my_cpp_pkg/package.dsv'
[4.641s] INFO:colcon.colcon_core.shell:Creating package script '/home/ant/ros2_ws/install/my_cpp_pkg/share/my_cpp_pkg/package.sh'
[4.642s] INFO:colcon.colcon_core.shell:Creating package script '/home/ant/ros2_ws/install/my_cpp_pkg/share/my_cpp_pkg/package.bash'
[4.643s] INFO:colcon.colcon_core.shell:Creating package script '/home/ant/ros2_ws/install/my_cpp_pkg/share/my_cpp_pkg/package.zsh'
[4.643s] Level 1:colcon.colcon_core.environment:create_file_with_runtime_dependencies(/home/ant/ros2_ws/install/my_cpp_pkg/share/colcon-core/packages/my_cpp_pkg)
[5.067s] DEBUG:colcon.colcon_core.event_handler.log_command:Invoking command in '/home/ant/ros2_ws/src/my_py_pkg': CONDA_PROMPT_MODIFIER=(base) PYTHONPATH=/home/ant/ros2_ws/build/my_py_pkg/prefix_override:/home/ant/ros2_ws/install/my_py_pkg/lib/python3.10/site-packages:${PYTHONPATH} /usr/bin/python3 setup.py egg_info --egg-base ../../build/my_py_pkg build --build-base /home/ant/ros2_ws/build/my_py_pkg/build install --record /home/ant/ros2_ws/build/my_py_pkg/install.log --single-version-externally-managed
[5.833s] DEBUG:colcon.colcon_core.event_handler.log_command:Invoked command in '/home/ant/ros2_ws/src/my_py_pkg' returned '0': CONDA_PROMPT_MODIFIER=(base) PYTHONPATH=/home/ant/ros2_ws/build/my_py_pkg/prefix_override:/home/ant/ros2_ws/install/my_py_pkg/lib/python3.10/site-packages:${PYTHONPATH} /usr/bin/python3 setup.py egg_info --egg-base ../../build/my_py_pkg build --build-base /home/ant/ros2_ws/build/my_py_pkg/build install --record /home/ant/ros2_ws/build/my_py_pkg/install.log --single-version-externally-managed
[5.864s] Level 1:colcon.colcon_core.environment:checking '/home/ant/ros2_ws/install/my_py_pkg' for CMake module files
[5.866s] Level 1:colcon.colcon_core.environment:checking '/home/ant/ros2_ws/install/my_py_pkg' for CMake config files
[5.868s] Level 1:colcon.colcon_core.environment:checking '/home/ant/ros2_ws/install/my_py_pkg/lib'
[5.868s] Level 1:colcon.colcon_core.environment:checking '/home/ant/ros2_ws/install/my_py_pkg/bin'
[5.868s] Level 1:colcon.colcon_core.environment:checking '/home/ant/ros2_ws/install/my_py_pkg/lib/pkgconfig/my_py_pkg.pc'
[5.869s] Level 1:colcon.colcon_core.environment:checking '/home/ant/ros2_ws/install/my_py_pkg/lib/python3.10/site-packages'
[5.869s] Level 1:colcon.colcon_core.shell:create_environment_hook('my_py_pkg', 'pythonpath')
[5.915s] INFO:colcon.colcon_core.shell:Creating environment hook '/home/ant/ros2_ws/install/my_py_pkg/share/my_py_pkg/hook/pythonpath.ps1'
[5.918s] INFO:colcon.colcon_core.shell:Creating environment descriptor '/home/ant/ros2_ws/install/my_py_pkg/share/my_py_pkg/hook/pythonpath.dsv'
[5.918s] INFO:colcon.colcon_core.shell:Creating environment hook '/home/ant/ros2_ws/install/my_py_pkg/share/my_py_pkg/hook/pythonpath.sh'
[5.919s] Level 1:colcon.colcon_core.environment:checking '/home/ant/ros2_ws/install/my_py_pkg/bin'
[5.919s] Level 1:colcon.colcon_core.environment:create_environment_scripts_only(my_py_pkg)
[5.942s] INFO:colcon.colcon_core.shell:Creating package script '/home/ant/ros2_ws/install/my_py_pkg/share/my_py_pkg/package.ps1'
[5.943s] INFO:colcon.colcon_core.shell:Creating package descriptor '/home/ant/ros2_ws/install/my_py_pkg/share/my_py_pkg/package.dsv'
[5.944s] INFO:colcon.colcon_core.shell:Creating package script '/home/ant/ros2_ws/install/my_py_pkg/share/my_py_pkg/package.sh'
[5.944s] INFO:colcon.colcon_core.shell:Creating package script '/home/ant/ros2_ws/install/my_py_pkg/share/my_py_pkg/package.bash'
[5.944s] INFO:colcon.colcon_core.shell:Creating package script '/home/ant/ros2_ws/install/my_py_pkg/share/my_py_pkg/package.zsh'
[5.945s] Level 1:colcon.colcon_core.environment:create_file_with_runtime_dependencies(/home/ant/ros2_ws/install/my_py_pkg/share/colcon-core/packages/my_py_pkg)
[5.946s] DEBUG:colcon.colcon_parallel_executor.executor.parallel:closing loop
[5.947s] DEBUG:colcon.colcon_parallel_executor.executor.parallel:loop closed
[5.948s] DEBUG:colcon.colcon_parallel_executor.executor.parallel:run_until_complete finished with '0'
[5.949s] DEBUG:colcon.colcon_core.event_reactor:joining thread
[6.040s] INFO:colcon.colcon_core.plugin_system:Skipping extension 'colcon_notification.desktop_notification.terminal_notifier': Not used on non-Darwin systems
[6.040s] INFO:colcon.colcon_core.plugin_system:Skipping extension 'colcon_notification.desktop_notification.win32': Not used on non-Windows systems
[6.040s] INFO:colcon.colcon_notification.desktop_notification:Sending desktop notification using 'notify2'
[6.061s] DEBUG:colcon.colcon_core.event_reactor:joined thread
[6.095s] INFO:colcon.colcon_core.shell:Creating prefix script '/home/ant/ros2_ws/install/local_setup.ps1'
[6.097s] INFO:colcon.colcon_core.shell:Creating prefix util module '/home/ant/ros2_ws/install/_local_setup_util_ps1.py'
[6.101s] INFO:colcon.colcon_core.shell:Creating prefix chain script '/home/ant/ros2_ws/install/setup.ps1'
[6.125s] INFO:colcon.colcon_core.shell:Creating prefix script '/home/ant/ros2_ws/install/local_setup.sh'
[6.126s] INFO:colcon.colcon_core.shell:Creating prefix util module '/home/ant/ros2_ws/install/_local_setup_util_sh.py'
[6.127s] INFO:colcon.colcon_core.shell:Creating prefix chain script '/home/ant/ros2_ws/install/setup.sh'
[6.151s] INFO:colcon.colcon_core.shell:Creating prefix script '/home/ant/ros2_ws/install/local_setup.bash'
[6.151s] INFO:colcon.colcon_core.shell:Creating prefix chain script '/home/ant/ros2_ws/install/setup.bash'
[6.175s] INFO:colcon.colcon_core.shell:Creating prefix script '/home/ant/ros2_ws/install/local_setup.zsh'
[6.176s] INFO:colcon.colcon_core.shell:Creating prefix chain script '/home/ant/ros2_ws/install/setup.zsh'
