[1.367s] Invoking command in '/home/ant/ros2_ws/src/my_py_pkg': CONDA_PROMPT_MODIFIER=(base) PYTHONPATH=/home/ant/ros2_ws/build/my_py_pkg/prefix_override:/home/ant/ros2_ws/install/my_py_pkg/lib/python3.10/site-packages:${PYTHONPATH} /usr/bin/python3 setup.py egg_info --egg-base ../../build/my_py_pkg build --build-base /home/ant/ros2_ws/build/my_py_pkg/build install --record /home/ant/ros2_ws/build/my_py_pkg/install.log --single-version-externally-managed
[1.729s] running egg_info
[1.729s] writing ../../build/my_py_pkg/my_py_pkg.egg-info/PKG-INFO
[1.738s] writing dependency_links to ../../build/my_py_pkg/my_py_pkg.egg-info/dependency_links.txt
[1.739s] writing entry points to ../../build/my_py_pkg/my_py_pkg.egg-info/entry_points.txt
[1.740s] writing requirements to ../../build/my_py_pkg/my_py_pkg.egg-info/requires.txt
[1.740s] writing top-level names to ../../build/my_py_pkg/my_py_pkg.egg-info/top_level.txt
[1.744s] reading manifest file '../../build/my_py_pkg/my_py_pkg.egg-info/SOURCES.txt'
[1.747s] writing manifest file '../../build/my_py_pkg/my_py_pkg.egg-info/SOURCES.txt'
[1.747s] running build
[1.747s] running build_py
[1.749s] copying my_py_pkg/hw_status_publisher.py -> /home/ant/ros2_ws/build/my_py_pkg/build/lib/my_py_pkg
[1.751s] running install
[1.752s] running install_lib
[1.753s] copying /home/ant/ros2_ws/build/my_py_pkg/build/lib/my_py_pkg/hw_status_publisher.py -> /home/ant/ros2_ws/install/my_py_pkg/lib/python3.10/site-packages/my_py_pkg
[1.755s] byte-compiling /home/ant/ros2_ws/install/my_py_pkg/lib/python3.10/site-packages/my_py_pkg/hw_status_publisher.py to hw_status_publisher.cpython-310.pyc
[1.757s] running install_data
[1.758s] running install_egg_info
[1.760s] removing '/home/ant/ros2_ws/install/my_py_pkg/lib/python3.10/site-packages/my_py_pkg-0.0.0-py3.10.egg-info' (and everything under it)
[1.761s] Copying ../../build/my_py_pkg/my_py_pkg.egg-info to /home/ant/ros2_ws/install/my_py_pkg/lib/python3.10/site-packages/my_py_pkg-0.0.0-py3.10.egg-info
[1.762s] running install_scripts
[1.787s] Installing add_two_ints_client script to /home/ant/ros2_ws/install/my_py_pkg/lib/my_py_pkg
[1.787s] Installing add_two_ints_client_no_oop script to /home/ant/ros2_ws/install/my_py_pkg/lib/my_py_pkg
[1.787s] Installing add_two_ints_server script to /home/ant/ros2_ws/install/my_py_pkg/lib/my_py_pkg
[1.788s] Installing hardware_status_publisher script to /home/ant/ros2_ws/install/my_py_pkg/lib/my_py_pkg
[1.788s] Installing number_count script to /home/ant/ros2_ws/install/my_py_pkg/lib/my_py_pkg
[1.788s] Installing number_publisher script to /home/ant/ros2_ws/install/my_py_pkg/lib/my_py_pkg
[1.788s] Installing py_node script to /home/ant/ros2_ws/install/my_py_pkg/lib/my_py_pkg
[1.788s] Installing robot_news_station script to /home/ant/ros2_ws/install/my_py_pkg/lib/my_py_pkg
[1.789s] Installing smartphone script to /home/ant/ros2_ws/install/my_py_pkg/lib/my_py_pkg
[1.789s] writing list of installed files to '/home/ant/ros2_ws/build/my_py_pkg/install.log'
[1.845s] Invoked command in '/home/ant/ros2_ws/src/my_py_pkg' returned '0': CONDA_PROMPT_MODIFIER=(base) PYTHONPATH=/home/ant/ros2_ws/build/my_py_pkg/prefix_override:/home/ant/ros2_ws/install/my_py_pkg/lib/python3.10/site-packages:${PYTHONPATH} /usr/bin/python3 setup.py egg_info --egg-base ../../build/my_py_pkg build --build-base /home/ant/ros2_ws/build/my_py_pkg/build install --record /home/ant/ros2_ws/build/my_py_pkg/install.log --single-version-externally-managed
