[0.093s] Invoking command in '/home/ant/ros2_ws/build/my_robot_interfaces': CMAKE_PREFIX_PATH=${CMAKE_PREFIX_PATH}:/home/ant/ros2_ws/install/my_py_pkg:/opt/ros/humble CONDA_PROMPT_MODIFIER=(base) /usr/bin/cmake /home/ant/ros2_ws/src/my_robot_interfaces -DCMAKE_INSTALL_PREFIX=/home/ant/ros2_ws/install/my_robot_interfaces
[0.115s] -- Found ament_cmake: 1.3.5 (/opt/ros/humble/share/ament_cmake/cmake)
[0.354s] -- Found rosidl_default_generators: 1.2.0 (/opt/ros/humble/share/rosidl_default_generators/cmake)
[0.361s] -- Using all available rosidl_typesupport_c: rosidl_typesupport_fastrtps_c;rosidl_typesupport_introspection_c
[0.372s] -- Found rosidl_adapter: 3.1.5 (/opt/ros/humble/share/rosidl_adapter/cmake)
[0.450s] -- Using all available rosidl_typesupport_cpp: rosidl_typesupport_fastrtps_cpp;rosidl_typesupport_introspection_cpp
[0.893s] -- Found ament_cmake_ros: 0.10.0 (/opt/ros/humble/share/ament_cmake_ros/cmake)
[1.169s] -- Using all available rosidl_typesupport_c: rosidl_typesupport_fastrtps_c;rosidl_typesupport_introspection_c
[1.521s] -- Using all available rosidl_typesupport_cpp: rosidl_typesupport_fastrtps_cpp;rosidl_typesupport_introspection_cpp
[1.557s] -- Found PythonInterp: /home/ant/anaconda3/bin/python3 (found suitable version "3.11.5", minimum required is "3.6") 
[1.560s] -- Found python_cmake_module: 0.10.0 (/opt/ros/humble/share/python_cmake_module/cmake)
[1.603s] -- Found PythonLibs: /home/ant/anaconda3/lib/libpython3.11.so (found suitable version "3.11.5", minimum required is "3.5") 
[1.603s] -- Using PYTHON_EXECUTABLE: /home/ant/anaconda3/bin/python3
[1.604s] -- Using PYTHON_INCLUDE_DIRS: /home/ant/anaconda3/include/python3.11
[1.604s] -- Using PYTHON_LIBRARIES: /home/ant/anaconda3/lib/libpython3.11.so
[1.643s] -- Found PythonExtra: .so  
[2.071s] -- Using numpy include directory: /home/ant/anaconda3/lib/python3.11/site-packages/numpy/core/include
[2.105s] -- Configuring done
[2.159s] -- Generating done
[2.162s] -- Build files have been written to: /home/ant/ros2_ws/build/my_robot_interfaces
[2.171s] Invoked command in '/home/ant/ros2_ws/build/my_robot_interfaces' returned '0': CMAKE_PREFIX_PATH=${CMAKE_PREFIX_PATH}:/home/ant/ros2_ws/install/my_py_pkg:/opt/ros/humble CONDA_PROMPT_MODIFIER=(base) /usr/bin/cmake /home/ant/ros2_ws/src/my_robot_interfaces -DCMAKE_INSTALL_PREFIX=/home/ant/ros2_ws/install/my_robot_interfaces
[2.174s] Invoking command in '/home/ant/ros2_ws/build/my_robot_interfaces': CMAKE_PREFIX_PATH=${CMAKE_PREFIX_PATH}:/home/ant/ros2_ws/install/my_py_pkg:/opt/ros/humble CONDA_PROMPT_MODIFIER=(base) /usr/bin/cmake --build /home/ant/ros2_ws/build/my_robot_interfaces -- -j4 -l4
[2.260s] [  3%] [34m[1mGenerating C code for ROS interfaces[0m
[2.285s] [  6%] [34m[1mGenerating C++ code for ROS interfaces[0m
[2.325s] [  6%] Built target ament_cmake_python_copy_my_robot_interfaces
[3.062s] [  6%] Built target my_robot_interfaces__cpp
[3.079s] [  9%] [34m[1mGenerating C++ introspection for ROS interfaces[0m
[3.082s] [ 12%] [32mBuilding C object CMakeFiles/my_robot_interfaces__rosidl_generator_c.dir/rosidl_generator_c/my_robot_interfaces/msg/detail/hardware_status__functions.c.o[0m
[3.082s] [ 16%] [34m[1mGenerating C++ type support for eProsima Fast-RTPS[0m
[3.097s] running egg_info
[3.099s] creating my_robot_interfaces.egg-info
[3.100s] writing my_robot_interfaces.egg-info/PKG-INFO
[3.100s] writing dependency_links to my_robot_interfaces.egg-info/dependency_links.txt
[3.101s] writing top-level names to my_robot_interfaces.egg-info/top_level.txt
[3.102s] writing manifest file 'my_robot_interfaces.egg-info/SOURCES.txt'
[3.110s] reading manifest file 'my_robot_interfaces.egg-info/SOURCES.txt'
[3.112s] writing manifest file 'my_robot_interfaces.egg-info/SOURCES.txt'
[3.168s] [ 16%] Built target ament_cmake_python_build_my_robot_interfaces_egg
[3.187s] [ 19%] [34m[1mGenerating C++ type support dispatch for ROS interfaces[0m
[3.415s] [ 22%] [32m[1mLinking C shared library libmy_robot_interfaces__rosidl_generator_c.so[0m
[3.562s] [ 22%] Built target my_robot_interfaces__rosidl_generator_c
[3.582s] [ 25%] [34m[1mGenerating C type support for eProsima Fast-RTPS[0m
[3.734s] [ 29%] [32mBuilding CXX object CMakeFiles/my_robot_interfaces__rosidl_typesupport_introspection_cpp.dir/rosidl_typesupport_introspection_cpp/my_robot_interfaces/msg/detail/hardware_status__type_support.cpp.o[0m
[3.737s] [ 32%] [32mBuilding CXX object CMakeFiles/my_robot_interfaces__rosidl_typesupport_fastrtps_cpp.dir/rosidl_typesupport_fastrtps_cpp/my_robot_interfaces/msg/detail/dds_fastrtps/hardware_status__type_support.cpp.o[0m
[3.826s] [ 35%] [32mBuilding CXX object CMakeFiles/my_robot_interfaces__rosidl_typesupport_cpp.dir/rosidl_typesupport_cpp/my_robot_interfaces/msg/hardware_status__type_support.cpp.o[0m
[4.548s] [ 38%] [32mBuilding CXX object CMakeFiles/my_robot_interfaces__rosidl_typesupport_fastrtps_c.dir/rosidl_typesupport_fastrtps_c/my_robot_interfaces/msg/detail/hardware_status__type_support_c.cpp.o[0m
[4.798s] [ 41%] [32m[1mLinking CXX shared library libmy_robot_interfaces__rosidl_typesupport_cpp.so[0m
[5.019s] [ 41%] Built target my_robot_interfaces__rosidl_typesupport_cpp
[5.071s] [ 45%] [34m[1mGenerating C introspection for ROS interfaces[0m
[5.122s] [ 48%] [32m[1mLinking CXX shared library libmy_robot_interfaces__rosidl_typesupport_introspection_cpp.so[0m
[5.305s] [ 51%] [32m[1mLinking CXX shared library libmy_robot_interfaces__rosidl_typesupport_fastrtps_cpp.so[0m
[5.385s] [ 51%] Built target my_robot_interfaces__rosidl_typesupport_introspection_cpp
[5.441s] [ 54%] [34m[1mGenerating C type support dispatch for ROS interfaces[0m
[5.610s] [ 54%] Built target my_robot_interfaces__rosidl_typesupport_fastrtps_cpp
[5.673s] [ 58%] [32m[1mLinking CXX shared library libmy_robot_interfaces__rosidl_typesupport_fastrtps_c.so[0m
[5.876s] [ 58%] Built target my_robot_interfaces__rosidl_typesupport_fastrtps_c
[5.892s] [ 61%] [32mBuilding C object CMakeFiles/my_robot_interfaces__rosidl_typesupport_introspection_c.dir/rosidl_typesupport_introspection_c/my_robot_interfaces/msg/detail/hardware_status__type_support.c.o[0m
[5.955s] [ 64%] [32m[1mLinking C shared library libmy_robot_interfaces__rosidl_typesupport_introspection_c.so[0m
[6.023s] [ 64%] Built target my_robot_interfaces__rosidl_typesupport_introspection_c
[6.127s] [ 67%] [32mBuilding CXX object CMakeFiles/my_robot_interfaces__rosidl_typesupport_c.dir/rosidl_typesupport_c/my_robot_interfaces/msg/hardware_status__type_support.cpp.o[0m
[6.183s] [ 70%] [32m[1mLinking CXX shared library libmy_robot_interfaces__rosidl_typesupport_c.so[0m
[6.280s] [ 70%] Built target my_robot_interfaces__rosidl_typesupport_c
[6.317s] [ 70%] Built target my_robot_interfaces
[6.366s] [ 74%] [34m[1mGenerating Python code for ROS interfaces[0m
[6.595s] Traceback (most recent call last):
[6.595s]   File "/opt/ros/humble/share/rosidl_generator_py/cmake/../../../lib/rosidl_generator_py/rosidl_generator_py", line 8, in <module>
[6.595s]     from rosidl_generator_py import generate_py
[6.595s] ImportError: cannot import name 'generate_py' from 'rosidl_generator_py' (/opt/ros/humble/local/lib/python3.10/dist-packages/rosidl_generator_py/__init__.py)
[6.613s] gmake[2]: *** [my_robot_interfaces__py/CMakeFiles/my_robot_interfaces__py.dir/build.make:91: rosidl_generator_py/my_robot_interfaces/_my_robot_interfaces_s.ep.rosidl_typesupport_fastrtps_c.c] Error 1
[6.613s] gmake[1]: *** [CMakeFiles/Makefile2:590: my_robot_interfaces__py/CMakeFiles/my_robot_interfaces__py.dir/all] Error 2
[6.614s] gmake: *** [Makefile:146: all] Error 2
[6.619s] Invoked command in '/home/ant/ros2_ws/build/my_robot_interfaces' returned '2': CMAKE_PREFIX_PATH=${CMAKE_PREFIX_PATH}:/home/ant/ros2_ws/install/my_py_pkg:/opt/ros/humble CONDA_PROMPT_MODIFIER=(base) /usr/bin/cmake --build /home/ant/ros2_ws/build/my_robot_interfaces -- -j4 -l4
