[1.437s] DEBUG:colcon:Command line arguments: ['/usr/bin/colcon', 'build', '--packages-select', 'my_cpp_pkg']
[1.437s] DEBUG:colcon:Parsed command line arguments: Namespace(log_base=None, log_level=None, verb_name='build', build_base='build', install_base='install', merge_install=False, symlink_install=False, test_result_base=None, continue_on_error=False, executor='parallel', parallel_workers=4, event_handlers=None, ignore_user_meta=False, metas=['./colcon.meta'], base_paths=['.'], packages_ignore=None, packages_ignore_regex=None, paths=None, packages_up_to=None, packages_up_to_regex=None, packages_above=None, packages_above_and_dependencies=None, packages_above_depth=None, packages_select_by_dep=None, packages_skip_by_dep=None, packages_skip_up_to=None, packages_select_build_failed=False, packages_skip_build_finished=False, packages_select_test_failures=False, packages_skip_test_passed=False, packages_select=['my_cpp_pkg'], packages_skip=None, packages_select_regex=None, packages_skip_regex=None, packages_start=None, packages_end=None, allow_overriding=[], cmake_args=None, cmake_target=None, cmake_target_skip_unavailable=False, cmake_clean_cache=False, cmake_clean_first=False, cmake_force_configure=False, ament_cmake_args=None, catkin_cmake_args=None, catkin_skip_building_tests=False, verb_parser=<colcon_defaults.argument_parser.defaults.DefaultArgumentsDecorator object at 0x7f6bbe263970>, verb_extension=<colcon_core.verb.build.BuildVerb object at 0x7f6bbe263ee0>, main=<bound method BuildVerb.main of <colcon_core.verb.build.BuildVerb object at 0x7f6bbe263ee0>>)
[1.510s] Level 1:colcon.colcon_core.package_discovery:discover_packages(colcon_meta) check parameters
[1.510s] Level 1:colcon.colcon_core.package_discovery:discover_packages(recursive) check parameters
[1.510s] Level 1:colcon.colcon_core.package_discovery:discover_packages(ignore) check parameters
[1.510s] Level 1:colcon.colcon_core.package_discovery:discover_packages(path) check parameters
[1.510s] Level 1:colcon.colcon_core.package_discovery:discover_packages(colcon_meta) discover
[1.510s] Level 1:colcon.colcon_core.package_discovery:discover_packages(recursive) discover
[1.510s] INFO:colcon.colcon_core.package_discovery:Crawling recursively for packages in '/home/ant/ros2_ws'
[1.510s] Level 1:colcon.colcon_core.package_identification:_identify(.) by extensions ['ignore', 'ignore_ament_install']
[1.511s] Level 1:colcon.colcon_core.package_identification:_identify(.) by extension 'ignore'
[1.511s] Level 1:colcon.colcon_core.package_identification:_identify(.) by extension 'ignore_ament_install'
[1.511s] Level 1:colcon.colcon_core.package_identification:_identify(.) by extensions ['colcon_pkg']
[1.511s] Level 1:colcon.colcon_core.package_identification:_identify(.) by extension 'colcon_pkg'
[1.511s] Level 1:colcon.colcon_core.package_identification:_identify(.) by extensions ['colcon_meta']
[1.511s] Level 1:colcon.colcon_core.package_identification:_identify(.) by extension 'colcon_meta'
[1.511s] Level 1:colcon.colcon_core.package_identification:_identify(.) by extensions ['ros']
[1.511s] Level 1:colcon.colcon_core.package_identification:_identify(.) by extension 'ros'
[1.529s] Level 1:colcon.colcon_core.package_identification:_identify(.) by extensions ['cmake', 'python']
[1.529s] Level 1:colcon.colcon_core.package_identification:_identify(.) by extension 'cmake'
[1.529s] Level 1:colcon.colcon_core.package_identification:_identify(.) by extension 'python'
[1.530s] Level 1:colcon.colcon_core.package_identification:_identify(.) by extensions ['python_setup_py']
[1.530s] Level 1:colcon.colcon_core.package_identification:_identify(.) by extension 'python_setup_py'
[1.530s] Level 1:colcon.colcon_core.package_identification:_identify(build) by extensions ['ignore', 'ignore_ament_install']
[1.530s] Level 1:colcon.colcon_core.package_identification:_identify(build) by extension 'ignore'
[1.530s] Level 1:colcon.colcon_core.package_identification:_identify(build) ignored
[1.530s] Level 1:colcon.colcon_core.package_identification:_identify(install) by extensions ['ignore', 'ignore_ament_install']
[1.531s] Level 1:colcon.colcon_core.package_identification:_identify(install) by extension 'ignore'
[1.531s] Level 1:colcon.colcon_core.package_identification:_identify(install) ignored
[1.531s] Level 1:colcon.colcon_core.package_identification:_identify(log) by extensions ['ignore', 'ignore_ament_install']
[1.531s] Level 1:colcon.colcon_core.package_identification:_identify(log) by extension 'ignore'
[1.531s] Level 1:colcon.colcon_core.package_identification:_identify(log) ignored
[1.531s] Level 1:colcon.colcon_core.package_identification:_identify(src) by extensions ['ignore', 'ignore_ament_install']
[1.531s] Level 1:colcon.colcon_core.package_identification:_identify(src) by extension 'ignore'
[1.532s] Level 1:colcon.colcon_core.package_identification:_identify(src) by extension 'ignore_ament_install'
[1.532s] Level 1:colcon.colcon_core.package_identification:_identify(src) by extensions ['colcon_pkg']
[1.532s] Level 1:colcon.colcon_core.package_identification:_identify(src) by extension 'colcon_pkg'
[1.532s] Level 1:colcon.colcon_core.package_identification:_identify(src) by extensions ['colcon_meta']
[1.532s] Level 1:colcon.colcon_core.package_identification:_identify(src) by extension 'colcon_meta'
[1.532s] Level 1:colcon.colcon_core.package_identification:_identify(src) by extensions ['ros']
[1.532s] Level 1:colcon.colcon_core.package_identification:_identify(src) by extension 'ros'
[1.532s] Level 1:colcon.colcon_core.package_identification:_identify(src) by extensions ['cmake', 'python']
[1.532s] Level 1:colcon.colcon_core.package_identification:_identify(src) by extension 'cmake'
[1.532s] Level 1:colcon.colcon_core.package_identification:_identify(src) by extension 'python'
[1.532s] Level 1:colcon.colcon_core.package_identification:_identify(src) by extensions ['python_setup_py']
[1.533s] Level 1:colcon.colcon_core.package_identification:_identify(src) by extension 'python_setup_py'
[1.533s] Level 1:colcon.colcon_core.package_identification:_identify(src/my_cpp_pkg) by extensions ['ignore', 'ignore_ament_install']
[1.533s] Level 1:colcon.colcon_core.package_identification:_identify(src/my_cpp_pkg) by extension 'ignore'
[1.533s] Level 1:colcon.colcon_core.package_identification:_identify(src/my_cpp_pkg) by extension 'ignore_ament_install'
[1.533s] Level 1:colcon.colcon_core.package_identification:_identify(src/my_cpp_pkg) by extensions ['colcon_pkg']
[1.533s] Level 1:colcon.colcon_core.package_identification:_identify(src/my_cpp_pkg) by extension 'colcon_pkg'
[1.533s] Level 1:colcon.colcon_core.package_identification:_identify(src/my_cpp_pkg) by extensions ['colcon_meta']
[1.533s] Level 1:colcon.colcon_core.package_identification:_identify(src/my_cpp_pkg) by extension 'colcon_meta'
[1.533s] Level 1:colcon.colcon_core.package_identification:_identify(src/my_cpp_pkg) by extensions ['ros']
[1.533s] Level 1:colcon.colcon_core.package_identification:_identify(src/my_cpp_pkg) by extension 'ros'
[1.539s] DEBUG:colcon.colcon_core.package_identification:Package 'src/my_cpp_pkg' with type 'ros.ament_cmake' and name 'my_cpp_pkg'
[1.539s] Level 1:colcon.colcon_core.package_identification:_identify(src/my_py_pkg) by extensions ['ignore', 'ignore_ament_install']
[1.539s] Level 1:colcon.colcon_core.package_identification:_identify(src/my_py_pkg) by extension 'ignore'
[1.539s] Level 1:colcon.colcon_core.package_identification:_identify(src/my_py_pkg) by extension 'ignore_ament_install'
[1.539s] Level 1:colcon.colcon_core.package_identification:_identify(src/my_py_pkg) by extensions ['colcon_pkg']
[1.539s] Level 1:colcon.colcon_core.package_identification:_identify(src/my_py_pkg) by extension 'colcon_pkg'
[1.539s] Level 1:colcon.colcon_core.package_identification:_identify(src/my_py_pkg) by extensions ['colcon_meta']
[1.540s] Level 1:colcon.colcon_core.package_identification:_identify(src/my_py_pkg) by extension 'colcon_meta'
[1.540s] Level 1:colcon.colcon_core.package_identification:_identify(src/my_py_pkg) by extensions ['ros']
[1.540s] Level 1:colcon.colcon_core.package_identification:_identify(src/my_py_pkg) by extension 'ros'
[1.541s] DEBUG:colcon.colcon_core.package_identification:Package 'src/my_py_pkg' with type 'ros.ament_python' and name 'my_py_pkg'
[1.541s] Level 1:colcon.colcon_core.package_discovery:discover_packages(recursive) using defaults
[1.541s] Level 1:colcon.colcon_core.package_discovery:discover_packages(ignore) discover
[1.541s] Level 1:colcon.colcon_core.package_discovery:discover_packages(ignore) using defaults
[1.541s] Level 1:colcon.colcon_core.package_discovery:discover_packages(path) discover
[1.541s] Level 1:colcon.colcon_core.package_discovery:discover_packages(path) using defaults
[1.621s] INFO:colcon.colcon_core.package_selection:Skipping not selected package 'my_py_pkg' in 'src/my_py_pkg'
[1.654s] Level 1:colcon.colcon_core.package_discovery:discover_packages(prefix_path) check parameters
[1.654s] Level 1:colcon.colcon_core.package_discovery:discover_packages(prefix_path) discover
[1.690s] DEBUG:colcon.colcon_installed_package_information.package_discovery:Found 2 installed packages in /home/ant/ros2_ws/install
[1.708s] DEBUG:colcon.colcon_installed_package_information.package_discovery:Found 270 installed packages in /opt/ros/humble
[1.709s] Level 1:colcon.colcon_core.package_discovery:discover_packages(prefix_path) using defaults
[1.818s] Level 5:colcon.colcon_core.verb:set package 'my_cpp_pkg' build argument 'cmake_args' from command line to 'None'
[1.818s] Level 5:colcon.colcon_core.verb:set package 'my_cpp_pkg' build argument 'cmake_target' from command line to 'None'
[1.818s] Level 5:colcon.colcon_core.verb:set package 'my_cpp_pkg' build argument 'cmake_target_skip_unavailable' from command line to 'False'
[1.819s] Level 5:colcon.colcon_core.verb:set package 'my_cpp_pkg' build argument 'cmake_clean_cache' from command line to 'False'
[1.819s] Level 5:colcon.colcon_core.verb:set package 'my_cpp_pkg' build argument 'cmake_clean_first' from command line to 'False'
[1.819s] Level 5:colcon.colcon_core.verb:set package 'my_cpp_pkg' build argument 'cmake_force_configure' from command line to 'False'
[1.819s] Level 5:colcon.colcon_core.verb:set package 'my_cpp_pkg' build argument 'ament_cmake_args' from command line to 'None'
[1.819s] Level 5:colcon.colcon_core.verb:set package 'my_cpp_pkg' build argument 'catkin_cmake_args' from command line to 'None'
[1.819s] Level 5:colcon.colcon_core.verb:set package 'my_cpp_pkg' build argument 'catkin_skip_building_tests' from command line to 'False'
[1.819s] DEBUG:colcon.colcon_core.verb:Building package 'my_cpp_pkg' with the following arguments: {'ament_cmake_args': None, 'build_base': '/home/ant/ros2_ws/build/my_cpp_pkg', 'catkin_cmake_args': None, 'catkin_skip_building_tests': False, 'cmake_args': None, 'cmake_clean_cache': False, 'cmake_clean_first': False, 'cmake_force_configure': False, 'cmake_target': None, 'cmake_target_skip_unavailable': False, 'install_base': '/home/ant/ros2_ws/install/my_cpp_pkg', 'merge_install': False, 'path': '/home/ant/ros2_ws/src/my_cpp_pkg', 'symlink_install': False, 'test_result_base': None}
[1.835s] INFO:colcon.colcon_core.executor:Executing jobs using 'parallel' executor
[1.852s] DEBUG:colcon.colcon_parallel_executor.executor.parallel:run_until_complete
[1.853s] INFO:colcon.colcon_ros.task.ament_cmake.build:Building ROS package in '/home/ant/ros2_ws/src/my_cpp_pkg' with build type 'ament_cmake'
[1.853s] INFO:colcon.colcon_cmake.task.cmake.build:Building CMake package in '/home/ant/ros2_ws/src/my_cpp_pkg'
[1.891s] INFO:colcon.colcon_core.plugin_system:Skipping extension 'colcon_core.shell.bat': Not used on non-Windows systems
[1.891s] INFO:colcon.colcon_core.shell:Skip shell extension 'powershell' for command environment: Not usable outside of PowerShell
[1.891s] DEBUG:colcon.colcon_core.shell:Skip shell extension 'dsv' for command environment
[1.956s] DEBUG:colcon.colcon_core.event_handler.log_command:Invoking command in '/home/ant/ros2_ws/build/my_cpp_pkg': CMAKE_PREFIX_PATH=${CMAKE_PREFIX_PATH}:/home/ant/ros2_ws/install/my_py_pkg:/opt/ros/humble CONDA_PROMPT_MODIFIER=(base) /usr/bin/cmake --build /home/ant/ros2_ws/build/my_cpp_pkg -- -j4 -l4
[3.324s] DEBUG:colcon.colcon_core.event_handler.log_command:Invoked command in '/home/ant/ros2_ws/build/my_cpp_pkg' returned '2': CMAKE_PREFIX_PATH=${CMAKE_PREFIX_PATH}:/home/ant/ros2_ws/install/my_py_pkg:/opt/ros/humble CONDA_PROMPT_MODIFIER=(base) /usr/bin/cmake --build /home/ant/ros2_ws/build/my_cpp_pkg -- -j4 -l4
[3.400s] Level 1:colcon.colcon_core.environment:create_environment_scripts_only(my_cpp_pkg)
[3.432s] Level 1:colcon.colcon_core.environment:checking '/home/ant/ros2_ws/install/my_cpp_pkg' for CMake module files
[3.434s] Level 1:colcon.colcon_core.environment:checking '/home/ant/ros2_ws/install/my_cpp_pkg' for CMake config files
[3.434s] Level 1:colcon.colcon_core.shell:create_environment_hook('my_cpp_pkg', 'cmake_prefix_path')
[3.456s] INFO:colcon.colcon_core.shell:Creating environment hook '/home/ant/ros2_ws/install/my_cpp_pkg/share/my_cpp_pkg/hook/cmake_prefix_path.ps1'
[3.457s] INFO:colcon.colcon_core.shell:Creating environment descriptor '/home/ant/ros2_ws/install/my_cpp_pkg/share/my_cpp_pkg/hook/cmake_prefix_path.dsv'
[3.458s] INFO:colcon.colcon_core.shell:Creating environment hook '/home/ant/ros2_ws/install/my_cpp_pkg/share/my_cpp_pkg/hook/cmake_prefix_path.sh'
[3.460s] Level 1:colcon.colcon_core.environment:checking '/home/ant/ros2_ws/install/my_cpp_pkg/lib'
[3.460s] Level 1:colcon.colcon_core.environment:checking '/home/ant/ros2_ws/install/my_cpp_pkg/bin'
[3.460s] Level 1:colcon.colcon_core.environment:checking '/home/ant/ros2_ws/install/my_cpp_pkg/lib/pkgconfig/my_cpp_pkg.pc'
[3.461s] Level 1:colcon.colcon_core.environment:checking '/home/ant/ros2_ws/install/my_cpp_pkg/lib/python3.10/site-packages'
[3.461s] Level 1:colcon.colcon_core.environment:checking '/home/ant/ros2_ws/install/my_cpp_pkg/bin'
[3.487s] INFO:colcon.colcon_core.shell:Creating package script '/home/ant/ros2_ws/install/my_cpp_pkg/share/my_cpp_pkg/package.ps1'
[3.490s] INFO:colcon.colcon_core.shell:Creating package descriptor '/home/ant/ros2_ws/install/my_cpp_pkg/share/my_cpp_pkg/package.dsv'
[3.491s] INFO:colcon.colcon_core.shell:Creating package script '/home/ant/ros2_ws/install/my_cpp_pkg/share/my_cpp_pkg/package.sh'
[3.493s] INFO:colcon.colcon_core.shell:Creating package script '/home/ant/ros2_ws/install/my_cpp_pkg/share/my_cpp_pkg/package.bash'
[3.495s] INFO:colcon.colcon_core.shell:Creating package script '/home/ant/ros2_ws/install/my_cpp_pkg/share/my_cpp_pkg/package.zsh'
[3.497s] Level 1:colcon.colcon_core.environment:create_file_with_runtime_dependencies(/home/ant/ros2_ws/install/my_cpp_pkg/share/colcon-core/packages/my_cpp_pkg)
[3.508s] DEBUG:colcon.colcon_parallel_executor.executor.parallel:closing loop
[3.509s] DEBUG:colcon.colcon_parallel_executor.executor.parallel:loop closed
[3.509s] DEBUG:colcon.colcon_parallel_executor.executor.parallel:run_until_complete finished with '2'
[3.509s] DEBUG:colcon.colcon_core.event_reactor:joining thread
[3.587s] INFO:colcon.colcon_core.plugin_system:Skipping extension 'colcon_notification.desktop_notification.terminal_notifier': Not used on non-Darwin systems
[3.588s] INFO:colcon.colcon_core.plugin_system:Skipping extension 'colcon_notification.desktop_notification.win32': Not used on non-Windows systems
[3.588s] INFO:colcon.colcon_notification.desktop_notification:Sending desktop notification using 'notify2'
[3.734s] DEBUG:colcon.colcon_core.event_reactor:joined thread
[3.759s] INFO:colcon.colcon_core.shell:Creating prefix script '/home/ant/ros2_ws/install/local_setup.ps1'
[3.760s] INFO:colcon.colcon_core.shell:Creating prefix util module '/home/ant/ros2_ws/install/_local_setup_util_ps1.py'
[3.762s] INFO:colcon.colcon_core.shell:Creating prefix chain script '/home/ant/ros2_ws/install/setup.ps1'
[3.786s] INFO:colcon.colcon_core.shell:Creating prefix script '/home/ant/ros2_ws/install/local_setup.sh'
[3.786s] INFO:colcon.colcon_core.shell:Creating prefix util module '/home/ant/ros2_ws/install/_local_setup_util_sh.py'
[3.787s] INFO:colcon.colcon_core.shell:Creating prefix chain script '/home/ant/ros2_ws/install/setup.sh'
[3.805s] INFO:colcon.colcon_core.shell:Creating prefix script '/home/ant/ros2_ws/install/local_setup.bash'
[3.806s] INFO:colcon.colcon_core.shell:Creating prefix chain script '/home/ant/ros2_ws/install/setup.bash'
[3.824s] INFO:colcon.colcon_core.shell:Creating prefix script '/home/ant/ros2_ws/install/local_setup.zsh'
[3.825s] INFO:colcon.colcon_core.shell:Creating prefix chain script '/home/ant/ros2_ws/install/setup.zsh'
