[0.148s] Invoking command in '/home/ant/ros2_ws/build/my_cpp_pkg': CMAKE_PREFIX_PATH=${CMAKE_PREFIX_PATH}:/home/ant/ros2_ws/install/my_py_pkg:/opt/ros/humble CONDA_PROMPT_MODIFIER=(base) /usr/bin/cmake --build /home/ant/ros2_ws/build/my_cpp_pkg -- -j4 -l4
[0.256s] -- Found ament_cmake: 1.3.5 (/opt/ros/humble/share/ament_cmake/cmake)
[0.560s] -- Found rclcpp: 16.0.6 (/opt/ros/humble/share/rclcpp/cmake)
[0.637s] -- Found rosidl_generator_c: 3.1.5 (/opt/ros/humble/share/rosidl_generator_c/cmake)
[0.642s] -- Found rosidl_adapter: 3.1.5 (/opt/ros/humble/share/rosidl_adapter/cmake)
[0.662s] -- Found rosidl_generator_cpp: 3.1.5 (/opt/ros/humble/share/rosidl_generator_cpp/cmake)
[0.685s] -- Using all available rosidl_typesupport_c: rosidl_typesupport_fastrtps_c;rosidl_typesupport_introspection_c
[0.735s] -- Using all available rosidl_typesupport_cpp: rosidl_typesupport_fastrtps_cpp;rosidl_typesupport_introspection_cpp
[0.866s] -- Found rmw_implementation_cmake: 6.1.1 (/opt/ros/humble/share/rmw_implementation_cmake/cmake)
[0.870s] -- Found rmw_fastrtps_cpp: 6.2.4 (/opt/ros/humble/share/rmw_fastrtps_cpp/cmake)
[1.343s] -- Using RMW implementation 'rmw_fastrtps_cpp' as default
[1.806s] -- Found example_interfaces: 0.9.3 (/opt/ros/humble/share/example_interfaces/cmake)
[2.250s] -- Configuring done
[2.295s] -- Generating done
[2.298s] -- Build files have been written to: /home/ant/ros2_ws/build/my_cpp_pkg
[2.350s] [35m[1mConsolidate compiler generated dependencies of target robot_news_station[0m
[2.350s] [35m[1mConsolidate compiler generated dependencies of target cpp_node[0m
[2.394s] [ 20%] Built target cpp_node
[2.396s] [ 40%] Built target robot_news_station
[2.415s] [35m[1mConsolidate compiler generated dependencies of target add_two_ints_server[0m
[2.444s] [ 50%] [32mBuilding CXX object CMakeFiles/add_two_ints_no_oop_client.dir/src/add_two_ints_no_oop_client.cpp.o[0m
[2.457s] [ 60%] [32mBuilding CXX object CMakeFiles/add_two_ints_server.dir/src/add_two_ints_server.cpp.o[0m
[21.858s] [ 70%] [32m[1mLinking CXX executable add_two_ints_server[0m
[22.044s] [ 80%] [32m[1mLinking CXX executable add_two_ints_no_oop_client[0m
[24.197s] [ 80%] Built target add_two_ints_no_oop_client
[24.288s] [ 80%] Built target add_two_ints_server
[24.495s] [35m[1mConsolidate compiler generated dependencies of target smartphone[0m
[24.721s] [100%] Built target smartphone
[25.057s] Invoked command in '/home/ant/ros2_ws/build/my_cpp_pkg' returned '0': CMAKE_PREFIX_PATH=${CMAKE_PREFIX_PATH}:/home/ant/ros2_ws/install/my_py_pkg:/opt/ros/humble CONDA_PROMPT_MODIFIER=(base) /usr/bin/cmake --build /home/ant/ros2_ws/build/my_cpp_pkg -- -j4 -l4
[26.294s] Invoking command in '/home/ant/ros2_ws/build/my_cpp_pkg': CMAKE_PREFIX_PATH=${CMAKE_PREFIX_PATH}:/home/ant/ros2_ws/install/my_py_pkg:/opt/ros/humble CONDA_PROMPT_MODIFIER=(base) /usr/bin/cmake --install /home/ant/ros2_ws/build/my_cpp_pkg
[26.469s] -- Install configuration: ""
[26.486s] -- Up-to-date: /home/ant/ros2_ws/install/my_cpp_pkg/lib/my_cpp_pkg/cpp_node
[26.503s] -- Up-to-date: /home/ant/ros2_ws/install/my_cpp_pkg/lib/my_cpp_pkg/robot_news_station
[26.541s] -- Up-to-date: /home/ant/ros2_ws/install/my_cpp_pkg/lib/my_cpp_pkg/smartphone
[26.544s] -- Installing: /home/ant/ros2_ws/install/my_cpp_pkg/lib/my_cpp_pkg/add_two_ints_server
[26.565s] -- Set runtime path of "/home/ant/ros2_ws/install/my_cpp_pkg/lib/my_cpp_pkg/add_two_ints_server" to ""
[26.565s] -- Installing: /home/ant/ros2_ws/install/my_cpp_pkg/lib/my_cpp_pkg/add_two_ints_no_oop_client
[26.572s] -- Set runtime path of "/home/ant/ros2_ws/install/my_cpp_pkg/lib/my_cpp_pkg/add_two_ints_no_oop_client" to ""
[26.579s] -- Up-to-date: /home/ant/ros2_ws/install/my_cpp_pkg/share/ament_index/resource_index/package_run_dependencies/my_cpp_pkg
[26.580s] -- Up-to-date: /home/ant/ros2_ws/install/my_cpp_pkg/share/ament_index/resource_index/parent_prefix_path/my_cpp_pkg
[26.594s] -- Up-to-date: /home/ant/ros2_ws/install/my_cpp_pkg/share/my_cpp_pkg/environment/ament_prefix_path.sh
[26.597s] -- Installing: /home/ant/ros2_ws/install/my_cpp_pkg/share/my_cpp_pkg/environment/ament_prefix_path.dsv
[26.604s] -- Up-to-date: /home/ant/ros2_ws/install/my_cpp_pkg/share/my_cpp_pkg/environment/path.sh
[26.604s] -- Installing: /home/ant/ros2_ws/install/my_cpp_pkg/share/my_cpp_pkg/environment/path.dsv
[26.612s] -- Up-to-date: /home/ant/ros2_ws/install/my_cpp_pkg/share/my_cpp_pkg/local_setup.bash
[26.612s] -- Up-to-date: /home/ant/ros2_ws/install/my_cpp_pkg/share/my_cpp_pkg/local_setup.sh
[26.612s] -- Up-to-date: /home/ant/ros2_ws/install/my_cpp_pkg/share/my_cpp_pkg/local_setup.zsh
[26.613s] -- Installing: /home/ant/ros2_ws/install/my_cpp_pkg/share/my_cpp_pkg/local_setup.dsv
[26.615s] -- Installing: /home/ant/ros2_ws/install/my_cpp_pkg/share/my_cpp_pkg/package.dsv
[26.622s] -- Up-to-date: /home/ant/ros2_ws/install/my_cpp_pkg/share/ament_index/resource_index/packages/my_cpp_pkg
[26.625s] -- Up-to-date: /home/ant/ros2_ws/install/my_cpp_pkg/share/my_cpp_pkg/cmake/my_cpp_pkgConfig.cmake
[26.627s] -- Up-to-date: /home/ant/ros2_ws/install/my_cpp_pkg/share/my_cpp_pkg/cmake/my_cpp_pkgConfig-version.cmake
[26.628s] -- Up-to-date: /home/ant/ros2_ws/install/my_cpp_pkg/share/my_cpp_pkg/package.xml
[26.647s] Invoked command in '/home/ant/ros2_ws/build/my_cpp_pkg' returned '0': CMAKE_PREFIX_PATH=${CMAKE_PREFIX_PATH}:/home/ant/ros2_ws/install/my_py_pkg:/opt/ros/humble CONDA_PROMPT_MODIFIER=(base) /usr/bin/cmake --install /home/ant/ros2_ws/build/my_cpp_pkg
