[3.777s] Invoking command in '/home/ant/ros2_ws/src/my_py_pkg': CMAKE_PREFIX_PATH=/home/ant/ros2_ws/install/my_robot_interfaces:/home/ant/ros2_ws/install/more_interfaces:/home/ant/ros2_ws/install/my_robot_bringup:/home/ant/ros2_ws/install/my_new_robot_interfaces:/home/ant/ros2_ws/install/my_cpp_pkg LD_LIBRARY_PATH=/home/ant/ros2_ws/install/my_robot_interfaces/lib:/home/ant/ros2_ws/install/more_interfaces/lib:/home/ant/ros2_ws/install/my_new_robot_interfaces/lib:/opt/ros/humble/opt/rviz_ogre_vendor/lib:/opt/ros/humble/lib/x86_64-linux-gnu:/opt/ros/humble/lib PYTHONPATH=/home/ant/ros2_ws/build/my_py_pkg/prefix_override:/home/ant/ros2_ws/install/my_py_pkg/lib/python3.10/site-packages:${PYTHONPATH} /usr/bin/python3 setup.py egg_info --egg-base ../../build/my_py_pkg build --build-base /home/ant/ros2_ws/build/my_py_pkg/build install --record /home/ant/ros2_ws/build/my_py_pkg/install.log --single-version-externally-managed
[5.334s] running egg_info
[5.336s] writing ../../build/my_py_pkg/my_py_pkg.egg-info/PKG-INFO
[5.337s] writing dependency_links to ../../build/my_py_pkg/my_py_pkg.egg-info/dependency_links.txt
[5.339s] writing entry points to ../../build/my_py_pkg/my_py_pkg.egg-info/entry_points.txt
[5.340s] writing requirements to ../../build/my_py_pkg/my_py_pkg.egg-info/requires.txt
[5.342s] writing top-level names to ../../build/my_py_pkg/my_py_pkg.egg-info/top_level.txt
[5.357s] reading manifest file '../../build/my_py_pkg/my_py_pkg.egg-info/SOURCES.txt'
[5.360s] writing manifest file '../../build/my_py_pkg/my_py_pkg.egg-info/SOURCES.txt'
[5.361s] running build
[5.361s] running build_py
[5.365s] copying my_py_pkg/turtle_spawner.py -> /home/ant/ros2_ws/build/my_py_pkg/build/lib/my_py_pkg
[5.370s] running install
[5.372s] running install_lib
[5.393s] copying /home/ant/ros2_ws/build/my_py_pkg/build/lib/my_py_pkg/turtle_spawner.py -> /home/ant/ros2_ws/install/my_py_pkg/lib/python3.10/site-packages/my_py_pkg
[5.405s] byte-compiling /home/ant/ros2_ws/install/my_py_pkg/lib/python3.10/site-packages/my_py_pkg/turtle_spawner.py to turtle_spawner.cpython-310.pyc
[5.416s] running install_data
[5.423s] running install_egg_info
[5.428s] removing '/home/ant/ros2_ws/install/my_py_pkg/lib/python3.10/site-packages/my_py_pkg-0.0.0-py3.10.egg-info' (and everything under it)
[5.430s] Copying ../../build/my_py_pkg/my_py_pkg.egg-info to /home/ant/ros2_ws/install/my_py_pkg/lib/python3.10/site-packages/my_py_pkg-0.0.0-py3.10.egg-info
[5.433s] running install_scripts
[5.501s] Installing add_two_ints_client script to /home/ant/ros2_ws/install/my_py_pkg/lib/my_py_pkg
[5.504s] Installing add_two_ints_client_no_oop script to /home/ant/ros2_ws/install/my_py_pkg/lib/my_py_pkg
[5.506s] Installing add_two_ints_server script to /home/ant/ros2_ws/install/my_py_pkg/lib/my_py_pkg
[5.509s] Installing battery_client script to /home/ant/ros2_ws/install/my_py_pkg/lib/my_py_pkg
[5.510s] Installing hw_status_publisher script to /home/ant/ros2_ws/install/my_py_pkg/lib/my_py_pkg
[5.510s] Installing led_panel script to /home/ant/ros2_ws/install/my_py_pkg/lib/my_py_pkg
[5.511s] Installing number_count script to /home/ant/ros2_ws/install/my_py_pkg/lib/my_py_pkg
[5.511s] Installing number_publisher script to /home/ant/ros2_ws/install/my_py_pkg/lib/my_py_pkg
[5.512s] Installing py_node script to /home/ant/ros2_ws/install/my_py_pkg/lib/my_py_pkg
[5.512s] Installing robot_news_station script to /home/ant/ros2_ws/install/my_py_pkg/lib/my_py_pkg
[5.513s] Installing smartphone script to /home/ant/ros2_ws/install/my_py_pkg/lib/my_py_pkg
[5.514s] Installing turtle_controller script to /home/ant/ros2_ws/install/my_py_pkg/lib/my_py_pkg
[5.514s] Installing turtle_spawner script to /home/ant/ros2_ws/install/my_py_pkg/lib/my_py_pkg
[5.517s] writing list of installed files to '/home/ant/ros2_ws/build/my_py_pkg/install.log'
[5.605s] Invoked command in '/home/ant/ros2_ws/src/my_py_pkg' returned '0': CMAKE_PREFIX_PATH=/home/ant/ros2_ws/install/my_robot_interfaces:/home/ant/ros2_ws/install/more_interfaces:/home/ant/ros2_ws/install/my_robot_bringup:/home/ant/ros2_ws/install/my_new_robot_interfaces:/home/ant/ros2_ws/install/my_cpp_pkg LD_LIBRARY_PATH=/home/ant/ros2_ws/install/my_robot_interfaces/lib:/home/ant/ros2_ws/install/more_interfaces/lib:/home/ant/ros2_ws/install/my_new_robot_interfaces/lib:/opt/ros/humble/opt/rviz_ogre_vendor/lib:/opt/ros/humble/lib/x86_64-linux-gnu:/opt/ros/humble/lib PYTHONPATH=/home/ant/ros2_ws/build/my_py_pkg/prefix_override:/home/ant/ros2_ws/install/my_py_pkg/lib/python3.10/site-packages:${PYTHONPATH} /usr/bin/python3 setup.py egg_info --egg-base ../../build/my_py_pkg build --build-base /home/ant/ros2_ws/build/my_py_pkg/build install --record /home/ant/ros2_ws/build/my_py_pkg/install.log --single-version-externally-managed
