[0.144s] Invoking command in '/home/ant/ros2_ws/build/my_new_robot_interfaces': CMAKE_PREFIX_PATH=${CMAKE_PREFIX_PATH}:/home/ant/ros2_ws/install/my_py_pkg:/opt/ros/humble CONDA_PROMPT_MODIFIER=(base) /usr/bin/cmake /home/ant/ros2_ws/src/my_new_robot_interfaces -DCMAKE_INSTALL_PREFIX=/home/ant/ros2_ws/install/my_new_robot_interfaces
[0.463s] -- The C compiler identification is GNU 11.4.0
[0.696s] -- The CXX compiler identification is GNU 11.4.0
[0.715s] -- Detecting C compiler ABI info
[0.874s] -- Detecting C compiler ABI info - done
[0.885s] -- Check for working C compiler: /usr/bin/cc - skipped
[0.885s] -- Detecting C compile features
[0.887s] -- Detecting C compile features - done
[0.893s] -- Detecting CXX compiler ABI info
[1.033s] -- Detecting CXX compiler ABI info - done
[1.047s] -- Check for working CXX compiler: /usr/bin/c++ - skipped
[1.047s] -- Detecting CXX compile features
[1.048s] -- Detecting CXX compile features - done
[1.058s] -- Found ament_cmake: 1.3.5 (/opt/ros/humble/share/ament_cmake/cmake)
[1.392s] -- Found Python3: /usr/bin/python3.10 (found version "3.10.12") found components: Interpreter 
[1.548s] -- Found ament_lint_auto: 0.12.8 (/opt/ros/humble/share/ament_lint_auto/cmake)
[1.677s] -- Added test 'lint_cmake' to check CMake code style
[1.681s] -- Added test 'xmllint' to check XML markup files
[1.684s] -- Configuring done
[1.688s] -- Generating done
[1.689s] -- Build files have been written to: /home/ant/ros2_ws/build/my_new_robot_interfaces
[1.698s] Invoked command in '/home/ant/ros2_ws/build/my_new_robot_interfaces' returned '0': CMAKE_PREFIX_PATH=${CMAKE_PREFIX_PATH}:/home/ant/ros2_ws/install/my_py_pkg:/opt/ros/humble CONDA_PROMPT_MODIFIER=(base) /usr/bin/cmake /home/ant/ros2_ws/src/my_new_robot_interfaces -DCMAKE_INSTALL_PREFIX=/home/ant/ros2_ws/install/my_new_robot_interfaces
[1.701s] Invoking command in '/home/ant/ros2_ws/build/my_new_robot_interfaces': CMAKE_PREFIX_PATH=${CMAKE_PREFIX_PATH}:/home/ant/ros2_ws/install/my_py_pkg:/opt/ros/humble CONDA_PROMPT_MODIFIER=(base) /usr/bin/cmake --build /home/ant/ros2_ws/build/my_new_robot_interfaces -- -j4 -l4
[1.769s] Invoked command in '/home/ant/ros2_ws/build/my_new_robot_interfaces' returned '0': CMAKE_PREFIX_PATH=${CMAKE_PREFIX_PATH}:/home/ant/ros2_ws/install/my_py_pkg:/opt/ros/humble CONDA_PROMPT_MODIFIER=(base) /usr/bin/cmake --build /home/ant/ros2_ws/build/my_new_robot_interfaces -- -j4 -l4
[1.819s] Invoking command in '/home/ant/ros2_ws/build/my_new_robot_interfaces': CMAKE_PREFIX_PATH=${CMAKE_PREFIX_PATH}:/home/ant/ros2_ws/install/my_py_pkg:/opt/ros/humble CONDA_PROMPT_MODIFIER=(base) /usr/bin/cmake --install /home/ant/ros2_ws/build/my_new_robot_interfaces
[1.836s] -- Install configuration: ""
[1.843s] -- Installing: /home/ant/ros2_ws/install/my_new_robot_interfaces/share/ament_index/resource_index/package_run_dependencies/my_new_robot_interfaces
[1.843s] -- Installing: /home/ant/ros2_ws/install/my_new_robot_interfaces/share/ament_index/resource_index/parent_prefix_path/my_new_robot_interfaces
[1.843s] -- Installing: /home/ant/ros2_ws/install/my_new_robot_interfaces/share/my_new_robot_interfaces/environment/ament_prefix_path.sh
[1.844s] -- Installing: /home/ant/ros2_ws/install/my_new_robot_interfaces/share/my_new_robot_interfaces/environment/ament_prefix_path.dsv
[1.845s] -- Installing: /home/ant/ros2_ws/install/my_new_robot_interfaces/share/my_new_robot_interfaces/environment/path.sh
[1.845s] -- Installing: /home/ant/ros2_ws/install/my_new_robot_interfaces/share/my_new_robot_interfaces/environment/path.dsv
[1.846s] -- Installing: /home/ant/ros2_ws/install/my_new_robot_interfaces/share/my_new_robot_interfaces/local_setup.bash
[1.846s] -- Installing: /home/ant/ros2_ws/install/my_new_robot_interfaces/share/my_new_robot_interfaces/local_setup.sh
[1.846s] -- Installing: /home/ant/ros2_ws/install/my_new_robot_interfaces/share/my_new_robot_interfaces/local_setup.zsh
[1.846s] -- Installing: /home/ant/ros2_ws/install/my_new_robot_interfaces/share/my_new_robot_interfaces/local_setup.dsv
[1.846s] -- Installing: /home/ant/ros2_ws/install/my_new_robot_interfaces/share/my_new_robot_interfaces/package.dsv
[1.847s] -- Installing: /home/ant/ros2_ws/install/my_new_robot_interfaces/share/ament_index/resource_index/packages/my_new_robot_interfaces
[1.847s] -- Installing: /home/ant/ros2_ws/install/my_new_robot_interfaces/share/my_new_robot_interfaces/cmake/my_new_robot_interfacesConfig.cmake
[1.849s] -- Installing: /home/ant/ros2_ws/install/my_new_robot_interfaces/share/my_new_robot_interfaces/cmake/my_new_robot_interfacesConfig-version.cmake
[1.849s] -- Installing: /home/ant/ros2_ws/install/my_new_robot_interfaces/share/my_new_robot_interfaces/package.xml
[1.852s] Invoked command in '/home/ant/ros2_ws/build/my_new_robot_interfaces' returned '0': CMAKE_PREFIX_PATH=${CMAKE_PREFIX_PATH}:/home/ant/ros2_ws/install/my_py_pkg:/opt/ros/humble CONDA_PROMPT_MODIFIER=(base) /usr/bin/cmake --install /home/ant/ros2_ws/build/my_new_robot_interfaces
