[0.246s] Invoking command in '/home/ant/ros2_ws/build/my_cpp_pkg': CMAKE_PREFIX_PATH=${CMAKE_PREFIX_PATH}:/home/ant/ros2_ws/install/my_py_pkg:/opt/ros/humble CONDA_PROMPT_MODIFIER=(base) /usr/bin/cmake --build /home/ant/ros2_ws/build/my_cpp_pkg -- -j4 -l4
[0.564s] [ 16%] Built target add_two_ints_server
[0.674s] [ 33%] Built target smartphone
[0.709s] [ 50%] Built target cpp_node
[0.742s] [ 66%] Built target robot_news_station
[0.743s] [ 83%] Built target add_two_ints_no_oop_client
[0.815s] [100%] Built target add_two_ints_client
[1.081s] Invoked command in '/home/ant/ros2_ws/build/my_cpp_pkg' returned '0': CMAKE_PREFIX_PATH=${CMAKE_PREFIX_PATH}:/home/ant/ros2_ws/install/my_py_pkg:/opt/ros/humble CONDA_PROMPT_MODIFIER=(base) /usr/bin/cmake --build /home/ant/ros2_ws/build/my_cpp_pkg -- -j4 -l4
[1.732s] Invoking command in '/home/ant/ros2_ws/build/my_cpp_pkg': CMAKE_PREFIX_PATH=${CMAKE_PREFIX_PATH}:/home/ant/ros2_ws/install/my_py_pkg:/opt/ros/humble CONDA_PROMPT_MODIFIER=(base) /usr/bin/cmake --install /home/ant/ros2_ws/build/my_cpp_pkg
[1.786s] -- Install configuration: ""
[1.786s] -- Up-to-date: /home/ant/ros2_ws/install/my_cpp_pkg/lib/my_cpp_pkg/cpp_node
[1.787s] -- Up-to-date: /home/ant/ros2_ws/install/my_cpp_pkg/lib/my_cpp_pkg/robot_news_station
[1.787s] -- Up-to-date: /home/ant/ros2_ws/install/my_cpp_pkg/lib/my_cpp_pkg/smartphone
[1.790s] -- Up-to-date: /home/ant/ros2_ws/install/my_cpp_pkg/lib/my_cpp_pkg/add_two_ints_server
[1.792s] -- Up-to-date: /home/ant/ros2_ws/install/my_cpp_pkg/lib/my_cpp_pkg/add_two_ints_no_oop_client
[1.794s] -- Up-to-date: /home/ant/ros2_ws/install/my_cpp_pkg/lib/my_cpp_pkg/add_two_ints_client
[1.799s] -- Up-to-date: /home/ant/ros2_ws/install/my_cpp_pkg/share/ament_index/resource_index/package_run_dependencies/my_cpp_pkg
[1.799s] -- Up-to-date: /home/ant/ros2_ws/install/my_cpp_pkg/share/ament_index/resource_index/parent_prefix_path/my_cpp_pkg
[1.800s] -- Up-to-date: /home/ant/ros2_ws/install/my_cpp_pkg/share/my_cpp_pkg/environment/ament_prefix_path.sh
[1.800s] -- Up-to-date: /home/ant/ros2_ws/install/my_cpp_pkg/share/my_cpp_pkg/environment/ament_prefix_path.dsv
[1.800s] -- Up-to-date: /home/ant/ros2_ws/install/my_cpp_pkg/share/my_cpp_pkg/environment/path.sh
[1.800s] -- Up-to-date: /home/ant/ros2_ws/install/my_cpp_pkg/share/my_cpp_pkg/environment/path.dsv
[1.800s] -- Up-to-date: /home/ant/ros2_ws/install/my_cpp_pkg/share/my_cpp_pkg/local_setup.bash
[1.802s] -- Up-to-date: /home/ant/ros2_ws/install/my_cpp_pkg/share/my_cpp_pkg/local_setup.sh
[1.806s] -- Up-to-date: /home/ant/ros2_ws/install/my_cpp_pkg/share/my_cpp_pkg/local_setup.zsh
[1.807s] -- Up-to-date: /home/ant/ros2_ws/install/my_cpp_pkg/share/my_cpp_pkg/local_setup.dsv
[1.807s] -- Installing: /home/ant/ros2_ws/install/my_cpp_pkg/share/my_cpp_pkg/package.dsv
[1.808s] -- Up-to-date: /home/ant/ros2_ws/install/my_cpp_pkg/share/ament_index/resource_index/packages/my_cpp_pkg
[1.808s] -- Up-to-date: /home/ant/ros2_ws/install/my_cpp_pkg/share/my_cpp_pkg/cmake/my_cpp_pkgConfig.cmake
[1.830s] -- Up-to-date: /home/ant/ros2_ws/install/my_cpp_pkg/share/my_cpp_pkg/cmake/my_cpp_pkgConfig-version.cmake
[1.831s] -- Up-to-date: /home/ant/ros2_ws/install/my_cpp_pkg/share/my_cpp_pkg/package.xml
[1.832s] Invoked command in '/home/ant/ros2_ws/build/my_cpp_pkg' returned '0': CMAKE_PREFIX_PATH=${CMAKE_PREFIX_PATH}:/home/ant/ros2_ws/install/my_py_pkg:/opt/ros/humble CONDA_PROMPT_MODIFIER=(base) /usr/bin/cmake --install /home/ant/ros2_ws/build/my_cpp_pkg
