[0.098s] Invoking command in '/home/ant/ros2_ws/build/my_robot_interface': CONDA_PROMPT_MODIFIER=(base) /usr/bin/cmake /home/ant/ros2_ws/src/my_robot_interface -DCMAKE_INSTALL_PREFIX=/home/ant/ros2_ws/install/my_robot_interface
[0.447s] -- The C compiler identification is GNU 11.4.0
[0.590s] -- The CXX compiler identification is GNU 11.4.0
[0.604s] -- Detecting C compiler ABI info
[0.830s] -- Detecting C compiler ABI info - done
[0.863s] -- Check for working C compiler: /usr/bin/cc - skipped
[0.867s] -- Detecting C compile features
[0.869s] -- Detecting C compile features - done
[0.877s] -- Detecting CXX compiler ABI info
[1.066s] -- Detecting CXX compiler ABI info - done
[1.090s] -- Check for working CXX compiler: /usr/bin/c++ - skipped
[1.090s] -- Detecting CXX compile features
[1.091s] -- Detecting CXX compile features - done
[1.113s] -- Found ament_cmake: 1.3.5 (/opt/ros/humble/share/ament_cmake/cmake)
[1.701s] -- Found Python3: /usr/bin/python3.10 (found version "3.10.12") found components: Interpreter 
[2.070s] -- Found rclcpp: 16.0.6 (/opt/ros/humble/share/rclcpp/cmake)
[2.251s] -- Found rosidl_generator_c: 3.1.5 (/opt/ros/humble/share/rosidl_generator_c/cmake)
[2.286s] -- Found rosidl_adapter: 3.1.5 (/opt/ros/humble/share/rosidl_adapter/cmake)
[2.327s] -- Found rosidl_generator_cpp: 3.1.5 (/opt/ros/humble/share/rosidl_generator_cpp/cmake)
[2.428s] -- Using all available rosidl_typesupport_c: rosidl_typesupport_fastrtps_c;rosidl_typesupport_introspection_c
[2.516s] -- Using all available rosidl_typesupport_cpp: rosidl_typesupport_fastrtps_cpp;rosidl_typesupport_introspection_cpp
[2.805s] -- Found rmw_implementation_cmake: 6.1.1 (/opt/ros/humble/share/rmw_implementation_cmake/cmake)
[2.823s] -- Found rmw_fastrtps_cpp: 6.2.4 (/opt/ros/humble/share/rmw_fastrtps_cpp/cmake)
[3.115s] -- Found OpenSSL: /usr/lib/x86_64-linux-gnu/libcrypto.so (found version "3.0.2")  
[3.159s] -- Found FastRTPS: /opt/ros/humble/include  
[3.230s] -- Using RMW implementation 'rmw_fastrtps_cpp' as default
[3.261s] -- Looking for pthread.h
[3.386s] -- Looking for pthread.h - found
[3.386s] -- Performing Test CMAKE_HAVE_LIBC_PTHREAD
[3.505s] -- Performing Test CMAKE_HAVE_LIBC_PTHREAD - Success
[3.507s] -- Found Threads: TRUE  
[3.793s] -- Found rosidl_default_generators: 1.2.0 (/opt/ros/humble/share/rosidl_default_generators/cmake)
[3.813s] -- Found ament_lint_auto: 0.12.8 (/opt/ros/humble/share/ament_lint_auto/cmake)
[3.897s] Error parsing '/home/ant/ros2_ws/src/my_robot_interface/package.xml':
[3.979s] Traceback (most recent call last):
[3.979s]   File "/opt/ros/humble/share/ament_cmake_core/cmake/core/package_xml_2_cmake.py", line 150, in <module>
[3.979s]     main()
[3.980s]   File "/opt/ros/humble/share/ament_cmake_core/cmake/core/package_xml_2_cmake.py", line 53, in main
[3.980s]     raise e
[3.980s]   File "/opt/ros/humble/share/ament_cmake_core/cmake/core/package_xml_2_cmake.py", line 49, in main
[3.980s]     package = parse_package_string(
[3.981s]   File "/usr/lib/python3/dist-packages/catkin_pkg/package.py", line 786, in parse_package_string
[3.981s]     raise InvalidPackage('Error(s):%s' % (''.join(['\n- %s' % e for e in errors])), filename)
[3.981s] catkin_pkg.package.InvalidPackage: Error(s) in package '/home/ant/ros2_ws/src/my_robot_interface/package.xml':
[3.981s] Error(s):
[3.981s] - The generic dependency on 'rosidl_default_generators' is redundant with: build_depend, build_export_depend, exec_depend
[4.003s] [31mCMake Error at /opt/ros/humble/share/ament_cmake_core/cmake/core/ament_package_xml.cmake:95 (message):
[4.004s]   execute_process(/usr/bin/python3.10
[4.004s]   /opt/ros/humble/share/ament_cmake_core/cmake/core/package_xml_2_cmake.py
[4.004s]   /home/ant/ros2_ws/src/my_robot_interface/package.xml
[4.004s]   /home/ant/ros2_ws/build/my_robot_interface/ament_cmake_core/package.cmake)
[4.004s]   returned error code 1
[4.004s] Call Stack (most recent call first):
[4.004s]   /opt/ros/humble/share/ament_cmake_core/cmake/core/ament_package_xml.cmake:49 (_ament_package_xml)
[4.005s]   /opt/ros/humble/share/ament_lint_auto/cmake/ament_lint_auto_find_test_dependencies.cmake:31 (ament_package_xml)
[4.005s]   CMakeLists.txt:23 (ament_lint_auto_find_test_dependencies)
[4.005s] 
[4.005s] [0m
[4.005s] -- Configuring incomplete, errors occurred!
[4.005s] See also "/home/ant/ros2_ws/build/my_robot_interface/CMakeFiles/CMakeOutput.log".
[4.017s] Invoked command in '/home/ant/ros2_ws/build/my_robot_interface' returned '1': CONDA_PROMPT_MODIFIER=(base) /usr/bin/cmake /home/ant/ros2_ws/src/my_robot_interface -DCMAKE_INSTALL_PREFIX=/home/ant/ros2_ws/install/my_robot_interface
