[1.777s] DEBUG:colcon:Command line arguments: ['/usr/bin/colcon', 'build', '--packages-select', 'my_cpp_pkg']
[1.777s] DEBUG:colcon:Parsed command line arguments: Namespace(log_base=None, log_level=None, verb_name='build', build_base='build', install_base='install', merge_install=False, symlink_install=False, test_result_base=None, continue_on_error=False, executor='parallel', parallel_workers=4, event_handlers=None, ignore_user_meta=False, metas=['./colcon.meta'], base_paths=['.'], packages_ignore=None, packages_ignore_regex=None, paths=None, packages_up_to=None, packages_up_to_regex=None, packages_above=None, packages_above_and_dependencies=None, packages_above_depth=None, packages_select_by_dep=None, packages_skip_by_dep=None, packages_skip_up_to=None, packages_select_build_failed=False, packages_skip_build_finished=False, packages_select_test_failures=False, packages_skip_test_passed=False, packages_select=['my_cpp_pkg'], packages_skip=None, packages_select_regex=None, packages_skip_regex=None, packages_start=None, packages_end=None, allow_overriding=[], cmake_args=None, cmake_target=None, cmake_target_skip_unavailable=False, cmake_clean_cache=False, cmake_clean_first=False, cmake_force_configure=False, ament_cmake_args=None, catkin_cmake_args=None, catkin_skip_building_tests=False, verb_parser=<colcon_defaults.argument_parser.defaults.DefaultArgumentsDecorator object at 0x7fe17a4c34f0>, verb_extension=<colcon_core.verb.build.BuildVerb object at 0x7fe17a4c3760>, main=<bound method BuildVerb.main of <colcon_core.verb.build.BuildVerb object at 0x7fe17a4c3760>>)
[1.896s] Level 1:colcon.colcon_core.package_discovery:discover_packages(colcon_meta) check parameters
[1.896s] Level 1:colcon.colcon_core.package_discovery:discover_packages(recursive) check parameters
[1.896s] Level 1:colcon.colcon_core.package_discovery:discover_packages(ignore) check parameters
[1.896s] Level 1:colcon.colcon_core.package_discovery:discover_packages(path) check parameters
[1.896s] Level 1:colcon.colcon_core.package_discovery:discover_packages(colcon_meta) discover
[1.896s] Level 1:colcon.colcon_core.package_discovery:discover_packages(recursive) discover
[1.896s] INFO:colcon.colcon_core.package_discovery:Crawling recursively for packages in '/home/ant/ros2_ws'
[1.896s] Level 1:colcon.colcon_core.package_identification:_identify(.) by extensions ['ignore', 'ignore_ament_install']
[1.896s] Level 1:colcon.colcon_core.package_identification:_identify(.) by extension 'ignore'
[1.897s] Level 1:colcon.colcon_core.package_identification:_identify(.) by extension 'ignore_ament_install'
[1.897s] Level 1:colcon.colcon_core.package_identification:_identify(.) by extensions ['colcon_pkg']
[1.897s] Level 1:colcon.colcon_core.package_identification:_identify(.) by extension 'colcon_pkg'
[1.897s] Level 1:colcon.colcon_core.package_identification:_identify(.) by extensions ['colcon_meta']
[1.897s] Level 1:colcon.colcon_core.package_identification:_identify(.) by extension 'colcon_meta'
[1.897s] Level 1:colcon.colcon_core.package_identification:_identify(.) by extensions ['ros']
[1.897s] Level 1:colcon.colcon_core.package_identification:_identify(.) by extension 'ros'
[1.918s] Level 1:colcon.colcon_core.package_identification:_identify(.) by extensions ['cmake', 'python']
[1.918s] Level 1:colcon.colcon_core.package_identification:_identify(.) by extension 'cmake'
[1.918s] Level 1:colcon.colcon_core.package_identification:_identify(.) by extension 'python'
[1.918s] Level 1:colcon.colcon_core.package_identification:_identify(.) by extensions ['python_setup_py']
[1.918s] Level 1:colcon.colcon_core.package_identification:_identify(.) by extension 'python_setup_py'
[1.918s] Level 1:colcon.colcon_core.package_identification:_identify(build) by extensions ['ignore', 'ignore_ament_install']
[1.919s] Level 1:colcon.colcon_core.package_identification:_identify(build) by extension 'ignore'
[1.919s] Level 1:colcon.colcon_core.package_identification:_identify(build) ignored
[1.919s] Level 1:colcon.colcon_core.package_identification:_identify(install) by extensions ['ignore', 'ignore_ament_install']
[1.920s] Level 1:colcon.colcon_core.package_identification:_identify(install) by extension 'ignore'
[1.920s] Level 1:colcon.colcon_core.package_identification:_identify(install) ignored
[1.920s] Level 1:colcon.colcon_core.package_identification:_identify(log) by extensions ['ignore', 'ignore_ament_install']
[1.920s] Level 1:colcon.colcon_core.package_identification:_identify(log) by extension 'ignore'
[1.920s] Level 1:colcon.colcon_core.package_identification:_identify(log) ignored
[1.920s] Level 1:colcon.colcon_core.package_identification:_identify(src) by extensions ['ignore', 'ignore_ament_install']
[1.920s] Level 1:colcon.colcon_core.package_identification:_identify(src) by extension 'ignore'
[1.921s] Level 1:colcon.colcon_core.package_identification:_identify(src) by extension 'ignore_ament_install'
[1.921s] Level 1:colcon.colcon_core.package_identification:_identify(src) by extensions ['colcon_pkg']
[1.921s] Level 1:colcon.colcon_core.package_identification:_identify(src) by extension 'colcon_pkg'
[1.921s] Level 1:colcon.colcon_core.package_identification:_identify(src) by extensions ['colcon_meta']
[1.921s] Level 1:colcon.colcon_core.package_identification:_identify(src) by extension 'colcon_meta'
[1.921s] Level 1:colcon.colcon_core.package_identification:_identify(src) by extensions ['ros']
[1.921s] Level 1:colcon.colcon_core.package_identification:_identify(src) by extension 'ros'
[1.921s] Level 1:colcon.colcon_core.package_identification:_identify(src) by extensions ['cmake', 'python']
[1.921s] Level 1:colcon.colcon_core.package_identification:_identify(src) by extension 'cmake'
[1.921s] Level 1:colcon.colcon_core.package_identification:_identify(src) by extension 'python'
[1.922s] Level 1:colcon.colcon_core.package_identification:_identify(src) by extensions ['python_setup_py']
[1.922s] Level 1:colcon.colcon_core.package_identification:_identify(src) by extension 'python_setup_py'
[1.922s] Level 1:colcon.colcon_core.package_identification:_identify(src/my_cpp_pkg) by extensions ['ignore', 'ignore_ament_install']
[1.922s] Level 1:colcon.colcon_core.package_identification:_identify(src/my_cpp_pkg) by extension 'ignore'
[1.922s] Level 1:colcon.colcon_core.package_identification:_identify(src/my_cpp_pkg) by extension 'ignore_ament_install'
[1.922s] Level 1:colcon.colcon_core.package_identification:_identify(src/my_cpp_pkg) by extensions ['colcon_pkg']
[1.922s] Level 1:colcon.colcon_core.package_identification:_identify(src/my_cpp_pkg) by extension 'colcon_pkg'
[1.922s] Level 1:colcon.colcon_core.package_identification:_identify(src/my_cpp_pkg) by extensions ['colcon_meta']
[1.922s] Level 1:colcon.colcon_core.package_identification:_identify(src/my_cpp_pkg) by extension 'colcon_meta'
[1.923s] Level 1:colcon.colcon_core.package_identification:_identify(src/my_cpp_pkg) by extensions ['ros']
[1.923s] Level 1:colcon.colcon_core.package_identification:_identify(src/my_cpp_pkg) by extension 'ros'
[1.929s] DEBUG:colcon.colcon_core.package_identification:Package 'src/my_cpp_pkg' with type 'ros.ament_cmake' and name 'my_cpp_pkg'
[1.930s] Level 1:colcon.colcon_core.package_identification:_identify(src/my_py_pkg) by extensions ['ignore', 'ignore_ament_install']
[1.930s] Level 1:colcon.colcon_core.package_identification:_identify(src/my_py_pkg) by extension 'ignore'
[1.930s] Level 1:colcon.colcon_core.package_identification:_identify(src/my_py_pkg) by extension 'ignore_ament_install'
[1.930s] Level 1:colcon.colcon_core.package_identification:_identify(src/my_py_pkg) by extensions ['colcon_pkg']
[1.930s] Level 1:colcon.colcon_core.package_identification:_identify(src/my_py_pkg) by extension 'colcon_pkg'
[1.930s] Level 1:colcon.colcon_core.package_identification:_identify(src/my_py_pkg) by extensions ['colcon_meta']
[1.930s] Level 1:colcon.colcon_core.package_identification:_identify(src/my_py_pkg) by extension 'colcon_meta'
[1.931s] Level 1:colcon.colcon_core.package_identification:_identify(src/my_py_pkg) by extensions ['ros']
[1.931s] Level 1:colcon.colcon_core.package_identification:_identify(src/my_py_pkg) by extension 'ros'
[1.932s] DEBUG:colcon.colcon_core.package_identification:Package 'src/my_py_pkg' with type 'ros.ament_python' and name 'my_py_pkg'
[1.932s] Level 1:colcon.colcon_core.package_discovery:discover_packages(recursive) using defaults
[1.932s] Level 1:colcon.colcon_core.package_discovery:discover_packages(ignore) discover
[1.932s] Level 1:colcon.colcon_core.package_discovery:discover_packages(ignore) using defaults
[1.932s] Level 1:colcon.colcon_core.package_discovery:discover_packages(path) discover
[1.932s] Level 1:colcon.colcon_core.package_discovery:discover_packages(path) using defaults
[2.044s] INFO:colcon.colcon_core.package_selection:Skipping not selected package 'my_py_pkg' in 'src/my_py_pkg'
[2.095s] Level 1:colcon.colcon_core.package_discovery:discover_packages(prefix_path) check parameters
[2.095s] Level 1:colcon.colcon_core.package_discovery:discover_packages(prefix_path) discover
[2.211s] DEBUG:colcon.colcon_installed_package_information.package_discovery:Found 2 installed packages in /home/ant/ros2_ws/install
[2.266s] DEBUG:colcon.colcon_installed_package_information.package_discovery:Found 270 installed packages in /opt/ros/humble
[2.268s] Level 1:colcon.colcon_core.package_discovery:discover_packages(prefix_path) using defaults
[3.216s] Level 5:colcon.colcon_core.verb:set package 'my_cpp_pkg' build argument 'cmake_args' from command line to 'None'
[3.216s] Level 5:colcon.colcon_core.verb:set package 'my_cpp_pkg' build argument 'cmake_target' from command line to 'None'
[3.217s] Level 5:colcon.colcon_core.verb:set package 'my_cpp_pkg' build argument 'cmake_target_skip_unavailable' from command line to 'False'
[3.217s] Level 5:colcon.colcon_core.verb:set package 'my_cpp_pkg' build argument 'cmake_clean_cache' from command line to 'False'
[3.217s] Level 5:colcon.colcon_core.verb:set package 'my_cpp_pkg' build argument 'cmake_clean_first' from command line to 'False'
[3.217s] Level 5:colcon.colcon_core.verb:set package 'my_cpp_pkg' build argument 'cmake_force_configure' from command line to 'False'
[3.217s] Level 5:colcon.colcon_core.verb:set package 'my_cpp_pkg' build argument 'ament_cmake_args' from command line to 'None'
[3.217s] Level 5:colcon.colcon_core.verb:set package 'my_cpp_pkg' build argument 'catkin_cmake_args' from command line to 'None'
[3.217s] Level 5:colcon.colcon_core.verb:set package 'my_cpp_pkg' build argument 'catkin_skip_building_tests' from command line to 'False'
[3.217s] DEBUG:colcon.colcon_core.verb:Building package 'my_cpp_pkg' with the following arguments: {'ament_cmake_args': None, 'build_base': '/home/ant/ros2_ws/build/my_cpp_pkg', 'catkin_cmake_args': None, 'catkin_skip_building_tests': False, 'cmake_args': None, 'cmake_clean_cache': False, 'cmake_clean_first': False, 'cmake_force_configure': False, 'cmake_target': None, 'cmake_target_skip_unavailable': False, 'install_base': '/home/ant/ros2_ws/install/my_cpp_pkg', 'merge_install': False, 'path': '/home/ant/ros2_ws/src/my_cpp_pkg', 'symlink_install': False, 'test_result_base': None}
[3.255s] INFO:colcon.colcon_core.executor:Executing jobs using 'parallel' executor
[3.302s] DEBUG:colcon.colcon_parallel_executor.executor.parallel:run_until_complete
[3.303s] INFO:colcon.colcon_ros.task.ament_cmake.build:Building ROS package in '/home/ant/ros2_ws/src/my_cpp_pkg' with build type 'ament_cmake'
[3.303s] INFO:colcon.colcon_cmake.task.cmake.build:Building CMake package in '/home/ant/ros2_ws/src/my_cpp_pkg'
[3.398s] INFO:colcon.colcon_core.plugin_system:Skipping extension 'colcon_core.shell.bat': Not used on non-Windows systems
[3.398s] INFO:colcon.colcon_core.shell:Skip shell extension 'powershell' for command environment: Not usable outside of PowerShell
[3.398s] DEBUG:colcon.colcon_core.shell:Skip shell extension 'dsv' for command environment
[3.699s] DEBUG:colcon.colcon_core.event_handler.log_command:Invoking command in '/home/ant/ros2_ws/build/my_cpp_pkg': CMAKE_PREFIX_PATH=${CMAKE_PREFIX_PATH}:/home/ant/ros2_ws/install/my_py_pkg:/opt/ros/humble CONDA_PROMPT_MODIFIER=(base) /usr/bin/cmake --build /home/ant/ros2_ws/build/my_cpp_pkg -- -j4 -l4
[38.708s] DEBUG:colcon.colcon_core.event_handler.log_command:Invoked command in '/home/ant/ros2_ws/build/my_cpp_pkg' returned '0': CMAKE_PREFIX_PATH=${CMAKE_PREFIX_PATH}:/home/ant/ros2_ws/install/my_py_pkg:/opt/ros/humble CONDA_PROMPT_MODIFIER=(base) /usr/bin/cmake --build /home/ant/ros2_ws/build/my_cpp_pkg -- -j4 -l4
[39.120s] DEBUG:colcon.colcon_core.event_handler.log_command:Invoking command in '/home/ant/ros2_ws/build/my_cpp_pkg': CMAKE_PREFIX_PATH=${CMAKE_PREFIX_PATH}:/home/ant/ros2_ws/install/my_py_pkg:/opt/ros/humble CONDA_PROMPT_MODIFIER=(base) /usr/bin/cmake --install /home/ant/ros2_ws/build/my_cpp_pkg
[39.231s] Level 1:colcon.colcon_core.environment:create_environment_scripts_only(my_cpp_pkg)
[39.237s] DEBUG:colcon.colcon_core.event_handler.log_command:Invoked command in '/home/ant/ros2_ws/build/my_cpp_pkg' returned '0': CMAKE_PREFIX_PATH=${CMAKE_PREFIX_PATH}:/home/ant/ros2_ws/install/my_py_pkg:/opt/ros/humble CONDA_PROMPT_MODIFIER=(base) /usr/bin/cmake --install /home/ant/ros2_ws/build/my_cpp_pkg
[40.115s] Level 1:colcon.colcon_core.environment:checking '/home/ant/ros2_ws/install/my_cpp_pkg' for CMake module files
[40.123s] Level 1:colcon.colcon_core.environment:checking '/home/ant/ros2_ws/install/my_cpp_pkg' for CMake config files
[40.125s] Level 1:colcon.colcon_core.shell:create_environment_hook('my_cpp_pkg', 'cmake_prefix_path')
[40.247s] INFO:colcon.colcon_core.shell:Creating environment hook '/home/ant/ros2_ws/install/my_cpp_pkg/share/my_cpp_pkg/hook/cmake_prefix_path.ps1'
[40.256s] INFO:colcon.colcon_core.shell:Creating environment descriptor '/home/ant/ros2_ws/install/my_cpp_pkg/share/my_cpp_pkg/hook/cmake_prefix_path.dsv'
[40.259s] INFO:colcon.colcon_core.shell:Creating environment hook '/home/ant/ros2_ws/install/my_cpp_pkg/share/my_cpp_pkg/hook/cmake_prefix_path.sh'
[40.266s] Level 1:colcon.colcon_core.environment:checking '/home/ant/ros2_ws/install/my_cpp_pkg/lib'
[40.267s] Level 1:colcon.colcon_core.environment:checking '/home/ant/ros2_ws/install/my_cpp_pkg/bin'
[40.275s] Level 1:colcon.colcon_core.environment:checking '/home/ant/ros2_ws/install/my_cpp_pkg/lib/pkgconfig/my_cpp_pkg.pc'
[40.297s] Level 1:colcon.colcon_core.environment:checking '/home/ant/ros2_ws/install/my_cpp_pkg/lib/python3.10/site-packages'
[40.298s] Level 1:colcon.colcon_core.environment:checking '/home/ant/ros2_ws/install/my_cpp_pkg/bin'
[40.357s] INFO:colcon.colcon_core.shell:Creating package script '/home/ant/ros2_ws/install/my_cpp_pkg/share/my_cpp_pkg/package.ps1'
[40.360s] INFO:colcon.colcon_core.shell:Creating package descriptor '/home/ant/ros2_ws/install/my_cpp_pkg/share/my_cpp_pkg/package.dsv'
[40.364s] INFO:colcon.colcon_core.shell:Creating package script '/home/ant/ros2_ws/install/my_cpp_pkg/share/my_cpp_pkg/package.sh'
[40.367s] INFO:colcon.colcon_core.shell:Creating package script '/home/ant/ros2_ws/install/my_cpp_pkg/share/my_cpp_pkg/package.bash'
[40.370s] INFO:colcon.colcon_core.shell:Creating package script '/home/ant/ros2_ws/install/my_cpp_pkg/share/my_cpp_pkg/package.zsh'
[40.374s] Level 1:colcon.colcon_core.environment:create_file_with_runtime_dependencies(/home/ant/ros2_ws/install/my_cpp_pkg/share/colcon-core/packages/my_cpp_pkg)
[40.679s] Level 1:colcon.colcon_core.environment:create_environment_scripts_only(my_cpp_pkg)
[40.863s] Level 1:colcon.colcon_core.environment:checking '/home/ant/ros2_ws/install/my_cpp_pkg' for CMake module files
[40.878s] Level 1:colcon.colcon_core.environment:checking '/home/ant/ros2_ws/install/my_cpp_pkg' for CMake config files
[40.878s] Level 1:colcon.colcon_core.shell:create_environment_hook('my_cpp_pkg', 'cmake_prefix_path')
[41.022s] INFO:colcon.colcon_core.shell:Creating environment hook '/home/ant/ros2_ws/install/my_cpp_pkg/share/my_cpp_pkg/hook/cmake_prefix_path.ps1'
[41.026s] INFO:colcon.colcon_core.shell:Creating environment descriptor '/home/ant/ros2_ws/install/my_cpp_pkg/share/my_cpp_pkg/hook/cmake_prefix_path.dsv'
[41.028s] INFO:colcon.colcon_core.shell:Creating environment hook '/home/ant/ros2_ws/install/my_cpp_pkg/share/my_cpp_pkg/hook/cmake_prefix_path.sh'
[41.062s] Level 1:colcon.colcon_core.environment:checking '/home/ant/ros2_ws/install/my_cpp_pkg/lib'
[41.064s] Level 1:colcon.colcon_core.environment:checking '/home/ant/ros2_ws/install/my_cpp_pkg/bin'
[41.071s] Level 1:colcon.colcon_core.environment:checking '/home/ant/ros2_ws/install/my_cpp_pkg/lib/pkgconfig/my_cpp_pkg.pc'
[41.074s] Level 1:colcon.colcon_core.environment:checking '/home/ant/ros2_ws/install/my_cpp_pkg/lib/python3.10/site-packages'
[41.077s] Level 1:colcon.colcon_core.environment:checking '/home/ant/ros2_ws/install/my_cpp_pkg/bin'
[41.173s] INFO:colcon.colcon_core.shell:Creating package script '/home/ant/ros2_ws/install/my_cpp_pkg/share/my_cpp_pkg/package.ps1'
[41.174s] INFO:colcon.colcon_core.shell:Creating package descriptor '/home/ant/ros2_ws/install/my_cpp_pkg/share/my_cpp_pkg/package.dsv'
[41.176s] INFO:colcon.colcon_core.shell:Creating package script '/home/ant/ros2_ws/install/my_cpp_pkg/share/my_cpp_pkg/package.sh'
[41.180s] INFO:colcon.colcon_core.shell:Creating package script '/home/ant/ros2_ws/install/my_cpp_pkg/share/my_cpp_pkg/package.bash'
[41.183s] INFO:colcon.colcon_core.shell:Creating package script '/home/ant/ros2_ws/install/my_cpp_pkg/share/my_cpp_pkg/package.zsh'
[41.193s] Level 1:colcon.colcon_core.environment:create_file_with_runtime_dependencies(/home/ant/ros2_ws/install/my_cpp_pkg/share/colcon-core/packages/my_cpp_pkg)
[41.208s] DEBUG:colcon.colcon_parallel_executor.executor.parallel:closing loop
[41.220s] DEBUG:colcon.colcon_parallel_executor.executor.parallel:loop closed
[41.222s] DEBUG:colcon.colcon_parallel_executor.executor.parallel:run_until_complete finished with '0'
[41.227s] DEBUG:colcon.colcon_core.event_reactor:joining thread
[41.367s] INFO:colcon.colcon_core.plugin_system:Skipping extension 'colcon_notification.desktop_notification.terminal_notifier': Not used on non-Darwin systems
[41.369s] INFO:colcon.colcon_core.plugin_system:Skipping extension 'colcon_notification.desktop_notification.win32': Not used on non-Windows systems
[41.370s] INFO:colcon.colcon_notification.desktop_notification:Sending desktop notification using 'notify2'
[41.561s] DEBUG:colcon.colcon_core.event_reactor:joined thread
[41.595s] INFO:colcon.colcon_core.shell:Creating prefix script '/home/ant/ros2_ws/install/local_setup.ps1'
[41.600s] INFO:colcon.colcon_core.shell:Creating prefix util module '/home/ant/ros2_ws/install/_local_setup_util_ps1.py'
[41.608s] INFO:colcon.colcon_core.shell:Creating prefix chain script '/home/ant/ros2_ws/install/setup.ps1'
[41.722s] INFO:colcon.colcon_core.shell:Creating prefix script '/home/ant/ros2_ws/install/local_setup.sh'
[41.725s] INFO:colcon.colcon_core.shell:Creating prefix util module '/home/ant/ros2_ws/install/_local_setup_util_sh.py'
[41.726s] INFO:colcon.colcon_core.shell:Creating prefix chain script '/home/ant/ros2_ws/install/setup.sh'
[41.813s] INFO:colcon.colcon_core.shell:Creating prefix script '/home/ant/ros2_ws/install/local_setup.bash'
[41.826s] INFO:colcon.colcon_core.shell:Creating prefix chain script '/home/ant/ros2_ws/install/setup.bash'
[41.953s] INFO:colcon.colcon_core.shell:Creating prefix script '/home/ant/ros2_ws/install/local_setup.zsh'
[41.957s] INFO:colcon.colcon_core.shell:Creating prefix chain script '/home/ant/ros2_ws/install/setup.zsh'
