[0.120s] Invoking command in '/home/ant/ros2_ws/build/my_robot_bringup': AMENT_PREFIX_PATH=/home/ant/ros2_ws/install/my_py_pkg:/home/ant/ros2_ws/install/my_robot_bringup:/home/ant/ros2_ws/install/my_robot_interfaces:/home/ant/ros2_ws/install/my_new_robot_interfaces:/home/ant/ros2_ws/install/my_cpp_pkg:/home/ant/ros2_ws/install/more_interfaces:/opt/ros/humble CMAKE_PREFIX_PATH=/home/ant/ros2_ws/install/my_robot_interfaces:/home/ant/ros2_ws/install/more_interfaces:/home/ant/ros2_ws/install/my_robot_bringup:/home/ant/ros2_ws/install/my_new_robot_interfaces:/home/ant/ros2_ws/install/my_cpp_pkg:/home/ant/ros2_ws/install/my_py_pkg:/opt/ros/humble LD_LIBRARY_PATH=/home/ant/ros2_ws/install/my_robot_interfaces/lib:/home/ant/ros2_ws/install/more_interfaces/lib:/home/ant/ros2_ws/install/my_new_robot_interfaces/lib:/opt/ros/humble/opt/rviz_ogre_vendor/lib:/opt/ros/humble/lib/x86_64-linux-gnu:/opt/ros/humble/lib /usr/bin/cmake --build /home/ant/ros2_ws/build/my_robot_bringup -- -j4 -l4
[0.182s] Invoked command in '/home/ant/ros2_ws/build/my_robot_bringup' returned '0': AMENT_PREFIX_PATH=/home/ant/ros2_ws/install/my_py_pkg:/home/ant/ros2_ws/install/my_robot_bringup:/home/ant/ros2_ws/install/my_robot_interfaces:/home/ant/ros2_ws/install/my_new_robot_interfaces:/home/ant/ros2_ws/install/my_cpp_pkg:/home/ant/ros2_ws/install/more_interfaces:/opt/ros/humble CMAKE_PREFIX_PATH=/home/ant/ros2_ws/install/my_robot_interfaces:/home/ant/ros2_ws/install/more_interfaces:/home/ant/ros2_ws/install/my_robot_bringup:/home/ant/ros2_ws/install/my_new_robot_interfaces:/home/ant/ros2_ws/install/my_cpp_pkg:/home/ant/ros2_ws/install/my_py_pkg:/opt/ros/humble LD_LIBRARY_PATH=/home/ant/ros2_ws/install/my_robot_interfaces/lib:/home/ant/ros2_ws/install/more_interfaces/lib:/home/ant/ros2_ws/install/my_new_robot_interfaces/lib:/opt/ros/humble/opt/rviz_ogre_vendor/lib:/opt/ros/humble/lib/x86_64-linux-gnu:/opt/ros/humble/lib /usr/bin/cmake --build /home/ant/ros2_ws/build/my_robot_bringup -- -j4 -l4
[0.244s] Invoking command in '/home/ant/ros2_ws/build/my_robot_bringup': AMENT_PREFIX_PATH=/home/ant/ros2_ws/install/my_py_pkg:/home/ant/ros2_ws/install/my_robot_bringup:/home/ant/ros2_ws/install/my_robot_interfaces:/home/ant/ros2_ws/install/my_new_robot_interfaces:/home/ant/ros2_ws/install/my_cpp_pkg:/home/ant/ros2_ws/install/more_interfaces:/opt/ros/humble CMAKE_PREFIX_PATH=/home/ant/ros2_ws/install/my_robot_interfaces:/home/ant/ros2_ws/install/more_interfaces:/home/ant/ros2_ws/install/my_robot_bringup:/home/ant/ros2_ws/install/my_new_robot_interfaces:/home/ant/ros2_ws/install/my_cpp_pkg:/home/ant/ros2_ws/install/my_py_pkg:/opt/ros/humble LD_LIBRARY_PATH=/home/ant/ros2_ws/install/my_robot_interfaces/lib:/home/ant/ros2_ws/install/more_interfaces/lib:/home/ant/ros2_ws/install/my_new_robot_interfaces/lib:/opt/ros/humble/opt/rviz_ogre_vendor/lib:/opt/ros/humble/lib/x86_64-linux-gnu:/opt/ros/humble/lib /usr/bin/cmake --install /home/ant/ros2_ws/build/my_robot_bringup
[0.261s] -- Install configuration: ""
[0.261s] -- Execute custom install script
[0.262s] -- Up-to-date symlink: /home/ant/ros2_ws/install/my_robot_bringup/share/my_robot_bringup/launch/number_app.launch.py
[0.262s] -- Up-to-date symlink: /home/ant/ros2_ws/install/my_robot_bringup/share/ament_index/resource_index/package_run_dependencies/my_robot_bringup
[0.263s] -- Up-to-date symlink: /home/ant/ros2_ws/install/my_robot_bringup/share/ament_index/resource_index/parent_prefix_path/my_robot_bringup
[0.263s] -- Up-to-date symlink: /home/ant/ros2_ws/install/my_robot_bringup/share/my_robot_bringup/environment/ament_prefix_path.sh
[0.263s] -- Up-to-date symlink: /home/ant/ros2_ws/install/my_robot_bringup/share/my_robot_bringup/environment/ament_prefix_path.dsv
[0.264s] -- Up-to-date symlink: /home/ant/ros2_ws/install/my_robot_bringup/share/my_robot_bringup/environment/path.sh
[0.264s] -- Up-to-date symlink: /home/ant/ros2_ws/install/my_robot_bringup/share/my_robot_bringup/environment/path.dsv
[0.265s] -- Up-to-date symlink: /home/ant/ros2_ws/install/my_robot_bringup/share/my_robot_bringup/local_setup.bash
[0.265s] -- Up-to-date symlink: /home/ant/ros2_ws/install/my_robot_bringup/share/my_robot_bringup/local_setup.sh
[0.266s] -- Up-to-date symlink: /home/ant/ros2_ws/install/my_robot_bringup/share/my_robot_bringup/local_setup.zsh
[0.266s] -- Up-to-date symlink: /home/ant/ros2_ws/install/my_robot_bringup/share/my_robot_bringup/local_setup.dsv
[0.267s] -- Symlinking: /home/ant/ros2_ws/install/my_robot_bringup/share/my_robot_bringup/package.dsv
[0.288s] -- Up-to-date symlink: /home/ant/ros2_ws/install/my_robot_bringup/share/ament_index/resource_index/packages/my_robot_bringup
[0.289s] -- Up-to-date symlink: /home/ant/ros2_ws/install/my_robot_bringup/share/my_robot_bringup/cmake/my_robot_bringupConfig.cmake
[0.289s] -- Up-to-date symlink: /home/ant/ros2_ws/install/my_robot_bringup/share/my_robot_bringup/cmake/my_robot_bringupConfig-version.cmake
[0.290s] -- Up-to-date symlink: /home/ant/ros2_ws/install/my_robot_bringup/share/my_robot_bringup/package.xml
[0.295s] Invoked command in '/home/ant/ros2_ws/build/my_robot_bringup' returned '0': AMENT_PREFIX_PATH=/home/ant/ros2_ws/install/my_py_pkg:/home/ant/ros2_ws/install/my_robot_bringup:/home/ant/ros2_ws/install/my_robot_interfaces:/home/ant/ros2_ws/install/my_new_robot_interfaces:/home/ant/ros2_ws/install/my_cpp_pkg:/home/ant/ros2_ws/install/more_interfaces:/opt/ros/humble CMAKE_PREFIX_PATH=/home/ant/ros2_ws/install/my_robot_interfaces:/home/ant/ros2_ws/install/more_interfaces:/home/ant/ros2_ws/install/my_robot_bringup:/home/ant/ros2_ws/install/my_new_robot_interfaces:/home/ant/ros2_ws/install/my_cpp_pkg:/home/ant/ros2_ws/install/my_py_pkg:/opt/ros/humble LD_LIBRARY_PATH=/home/ant/ros2_ws/install/my_robot_interfaces/lib:/home/ant/ros2_ws/install/more_interfaces/lib:/home/ant/ros2_ws/install/my_new_robot_interfaces/lib:/opt/ros/humble/opt/rviz_ogre_vendor/lib:/opt/ros/humble/lib/x86_64-linux-gnu:/opt/ros/humble/lib /usr/bin/cmake --install /home/ant/ros2_ws/build/my_robot_bringup
