[0.138s] Invoking command in '/home/ant/ros2_ws/build/my_robot_bringup': AMENT_PREFIX_PATH=/home/ant/ros2_ws/install/my_py_pkg:/home/ant/ros2_ws/install/my_robot_bringup:/home/ant/ros2_ws/install/my_robot_interfaces:/home/ant/ros2_ws/install/my_new_robot_interfaces:/home/ant/ros2_ws/install/my_cpp_pkg:/home/ant/ros2_ws/install/more_interfaces:/opt/ros/humble CMAKE_PREFIX_PATH=/home/ant/ros2_ws/install/my_robot_interfaces:/home/ant/ros2_ws/install/more_interfaces:/home/ant/ros2_ws/install/my_robot_bringup:/home/ant/ros2_ws/install/my_new_robot_interfaces:/home/ant/ros2_ws/install/my_cpp_pkg:/home/ant/ros2_ws/install/my_py_pkg:/opt/ros/humble LD_LIBRARY_PATH=/home/ant/ros2_ws/install/my_robot_interfaces/lib:/home/ant/ros2_ws/install/more_interfaces/lib:/home/ant/ros2_ws/install/my_new_robot_interfaces/lib:/opt/ros/humble/opt/rviz_ogre_vendor/lib:/opt/ros/humble/lib/x86_64-linux-gnu:/opt/ros/humble/lib /usr/bin/cmake /home/ant/ros2_ws/src/my_robot_bringup -DCMAKE_INSTALL_PREFIX=/home/ant/ros2_ws/install/my_robot_bringup
[0.166s] -- Found ament_cmake: 1.3.5 (/opt/ros/humble/share/ament_cmake/cmake)
[0.394s] -- Override CMake install command with custom implementation using symlinks instead of copying resources
[0.518s] -- Configuring done
[0.526s] -- Generating done
[0.528s] -- Build files have been written to: /home/ant/ros2_ws/build/my_robot_bringup
[0.533s] Invoked command in '/home/ant/ros2_ws/build/my_robot_bringup' returned '0': AMENT_PREFIX_PATH=/home/ant/ros2_ws/install/my_py_pkg:/home/ant/ros2_ws/install/my_robot_bringup:/home/ant/ros2_ws/install/my_robot_interfaces:/home/ant/ros2_ws/install/my_new_robot_interfaces:/home/ant/ros2_ws/install/my_cpp_pkg:/home/ant/ros2_ws/install/more_interfaces:/opt/ros/humble CMAKE_PREFIX_PATH=/home/ant/ros2_ws/install/my_robot_interfaces:/home/ant/ros2_ws/install/more_interfaces:/home/ant/ros2_ws/install/my_robot_bringup:/home/ant/ros2_ws/install/my_new_robot_interfaces:/home/ant/ros2_ws/install/my_cpp_pkg:/home/ant/ros2_ws/install/my_py_pkg:/opt/ros/humble LD_LIBRARY_PATH=/home/ant/ros2_ws/install/my_robot_interfaces/lib:/home/ant/ros2_ws/install/more_interfaces/lib:/home/ant/ros2_ws/install/my_new_robot_interfaces/lib:/opt/ros/humble/opt/rviz_ogre_vendor/lib:/opt/ros/humble/lib/x86_64-linux-gnu:/opt/ros/humble/lib /usr/bin/cmake /home/ant/ros2_ws/src/my_robot_bringup -DCMAKE_INSTALL_PREFIX=/home/ant/ros2_ws/install/my_robot_bringup
[0.536s] Invoking command in '/home/ant/ros2_ws/build/my_robot_bringup': AMENT_PREFIX_PATH=/home/ant/ros2_ws/install/my_py_pkg:/home/ant/ros2_ws/install/my_robot_bringup:/home/ant/ros2_ws/install/my_robot_interfaces:/home/ant/ros2_ws/install/my_new_robot_interfaces:/home/ant/ros2_ws/install/my_cpp_pkg:/home/ant/ros2_ws/install/more_interfaces:/opt/ros/humble CMAKE_PREFIX_PATH=/home/ant/ros2_ws/install/my_robot_interfaces:/home/ant/ros2_ws/install/more_interfaces:/home/ant/ros2_ws/install/my_robot_bringup:/home/ant/ros2_ws/install/my_new_robot_interfaces:/home/ant/ros2_ws/install/my_cpp_pkg:/home/ant/ros2_ws/install/my_py_pkg:/opt/ros/humble LD_LIBRARY_PATH=/home/ant/ros2_ws/install/my_robot_interfaces/lib:/home/ant/ros2_ws/install/more_interfaces/lib:/home/ant/ros2_ws/install/my_new_robot_interfaces/lib:/opt/ros/humble/opt/rviz_ogre_vendor/lib:/opt/ros/humble/lib/x86_64-linux-gnu:/opt/ros/humble/lib /usr/bin/cmake --build /home/ant/ros2_ws/build/my_robot_bringup -- -j4 -l4
[0.592s] Invoked command in '/home/ant/ros2_ws/build/my_robot_bringup' returned '0': AMENT_PREFIX_PATH=/home/ant/ros2_ws/install/my_py_pkg:/home/ant/ros2_ws/install/my_robot_bringup:/home/ant/ros2_ws/install/my_robot_interfaces:/home/ant/ros2_ws/install/my_new_robot_interfaces:/home/ant/ros2_ws/install/my_cpp_pkg:/home/ant/ros2_ws/install/more_interfaces:/opt/ros/humble CMAKE_PREFIX_PATH=/home/ant/ros2_ws/install/my_robot_interfaces:/home/ant/ros2_ws/install/more_interfaces:/home/ant/ros2_ws/install/my_robot_bringup:/home/ant/ros2_ws/install/my_new_robot_interfaces:/home/ant/ros2_ws/install/my_cpp_pkg:/home/ant/ros2_ws/install/my_py_pkg:/opt/ros/humble LD_LIBRARY_PATH=/home/ant/ros2_ws/install/my_robot_interfaces/lib:/home/ant/ros2_ws/install/more_interfaces/lib:/home/ant/ros2_ws/install/my_new_robot_interfaces/lib:/opt/ros/humble/opt/rviz_ogre_vendor/lib:/opt/ros/humble/lib/x86_64-linux-gnu:/opt/ros/humble/lib /usr/bin/cmake --build /home/ant/ros2_ws/build/my_robot_bringup -- -j4 -l4
[0.650s] Invoking command in '/home/ant/ros2_ws/build/my_robot_bringup': AMENT_PREFIX_PATH=/home/ant/ros2_ws/install/my_py_pkg:/home/ant/ros2_ws/install/my_robot_bringup:/home/ant/ros2_ws/install/my_robot_interfaces:/home/ant/ros2_ws/install/my_new_robot_interfaces:/home/ant/ros2_ws/install/my_cpp_pkg:/home/ant/ros2_ws/install/more_interfaces:/opt/ros/humble CMAKE_PREFIX_PATH=/home/ant/ros2_ws/install/my_robot_interfaces:/home/ant/ros2_ws/install/more_interfaces:/home/ant/ros2_ws/install/my_robot_bringup:/home/ant/ros2_ws/install/my_new_robot_interfaces:/home/ant/ros2_ws/install/my_cpp_pkg:/home/ant/ros2_ws/install/my_py_pkg:/opt/ros/humble LD_LIBRARY_PATH=/home/ant/ros2_ws/install/my_robot_interfaces/lib:/home/ant/ros2_ws/install/more_interfaces/lib:/home/ant/ros2_ws/install/my_new_robot_interfaces/lib:/opt/ros/humble/opt/rviz_ogre_vendor/lib:/opt/ros/humble/lib/x86_64-linux-gnu:/opt/ros/humble/lib /usr/bin/cmake --install /home/ant/ros2_ws/build/my_robot_bringup
[0.660s] -- Install configuration: ""
[0.660s] -- Execute custom install script
[0.661s] -- Up-to-date symlink: /home/ant/ros2_ws/install/my_robot_bringup/share/my_robot_bringup/launch/number_app.launch.py
[0.661s] -- Up-to-date symlink: /home/ant/ros2_ws/install/my_robot_bringup/share/ament_index/resource_index/package_run_dependencies/my_robot_bringup
[0.662s] -- Up-to-date symlink: /home/ant/ros2_ws/install/my_robot_bringup/share/ament_index/resource_index/parent_prefix_path/my_robot_bringup
[0.662s] -- Up-to-date symlink: /home/ant/ros2_ws/install/my_robot_bringup/share/my_robot_bringup/environment/ament_prefix_path.sh
[0.662s] -- Up-to-date symlink: /home/ant/ros2_ws/install/my_robot_bringup/share/my_robot_bringup/environment/ament_prefix_path.dsv
[0.663s] -- Up-to-date symlink: /home/ant/ros2_ws/install/my_robot_bringup/share/my_robot_bringup/environment/path.sh
[0.663s] -- Up-to-date symlink: /home/ant/ros2_ws/install/my_robot_bringup/share/my_robot_bringup/environment/path.dsv
[0.663s] -- Up-to-date symlink: /home/ant/ros2_ws/install/my_robot_bringup/share/my_robot_bringup/local_setup.bash
[0.664s] -- Up-to-date symlink: /home/ant/ros2_ws/install/my_robot_bringup/share/my_robot_bringup/local_setup.sh
[0.665s] -- Up-to-date symlink: /home/ant/ros2_ws/install/my_robot_bringup/share/my_robot_bringup/local_setup.zsh
[0.665s] -- Up-to-date symlink: /home/ant/ros2_ws/install/my_robot_bringup/share/my_robot_bringup/local_setup.dsv
[0.666s] -- Symlinking: /home/ant/ros2_ws/install/my_robot_bringup/share/my_robot_bringup/package.dsv
[0.680s] -- Up-to-date symlink: /home/ant/ros2_ws/install/my_robot_bringup/share/ament_index/resource_index/packages/my_robot_bringup
[0.680s] -- Up-to-date symlink: /home/ant/ros2_ws/install/my_robot_bringup/share/my_robot_bringup/cmake/my_robot_bringupConfig.cmake
[0.680s] -- Up-to-date symlink: /home/ant/ros2_ws/install/my_robot_bringup/share/my_robot_bringup/cmake/my_robot_bringupConfig-version.cmake
[0.681s] -- Up-to-date symlink: /home/ant/ros2_ws/install/my_robot_bringup/share/my_robot_bringup/package.xml
[0.685s] Invoked command in '/home/ant/ros2_ws/build/my_robot_bringup' returned '0': AMENT_PREFIX_PATH=/home/ant/ros2_ws/install/my_py_pkg:/home/ant/ros2_ws/install/my_robot_bringup:/home/ant/ros2_ws/install/my_robot_interfaces:/home/ant/ros2_ws/install/my_new_robot_interfaces:/home/ant/ros2_ws/install/my_cpp_pkg:/home/ant/ros2_ws/install/more_interfaces:/opt/ros/humble CMAKE_PREFIX_PATH=/home/ant/ros2_ws/install/my_robot_interfaces:/home/ant/ros2_ws/install/more_interfaces:/home/ant/ros2_ws/install/my_robot_bringup:/home/ant/ros2_ws/install/my_new_robot_interfaces:/home/ant/ros2_ws/install/my_cpp_pkg:/home/ant/ros2_ws/install/my_py_pkg:/opt/ros/humble LD_LIBRARY_PATH=/home/ant/ros2_ws/install/my_robot_interfaces/lib:/home/ant/ros2_ws/install/more_interfaces/lib:/home/ant/ros2_ws/install/my_new_robot_interfaces/lib:/opt/ros/humble/opt/rviz_ogre_vendor/lib:/opt/ros/humble/lib/x86_64-linux-gnu:/opt/ros/humble/lib /usr/bin/cmake --install /home/ant/ros2_ws/build/my_robot_bringup
