[1.368s] Invoking command in '/home/ant/ros2_ws/src/my_py_pkg': CONDA_PROMPT_MODIFIER=(base) PYTHONPATH=/home/ant/ros2_ws/build/my_py_pkg/prefix_override:/home/ant/ros2_ws/install/my_py_pkg/lib/python3.10/site-packages:${PYTHONPATH} /usr/bin/python3 setup.py egg_info --egg-base ../../build/my_py_pkg build --build-base /home/ant/ros2_ws/build/my_py_pkg/build install --record /home/ant/ros2_ws/build/my_py_pkg/install.log --single-version-externally-managed
[1.760s] running egg_info
[1.761s] writing ../../build/my_py_pkg/my_py_pkg.egg-info/PKG-INFO
[1.761s] writing dependency_links to ../../build/my_py_pkg/my_py_pkg.egg-info/dependency_links.txt
[1.762s] writing entry points to ../../build/my_py_pkg/my_py_pkg.egg-info/entry_points.txt
[1.762s] writing requirements to ../../build/my_py_pkg/my_py_pkg.egg-info/requires.txt
[1.762s] writing top-level names to ../../build/my_py_pkg/my_py_pkg.egg-info/top_level.txt
[1.765s] reading manifest file '../../build/my_py_pkg/my_py_pkg.egg-info/SOURCES.txt'
[1.769s] writing manifest file '../../build/my_py_pkg/my_py_pkg.egg-info/SOURCES.txt'
[1.769s] running build
[1.769s] running build_py
[1.770s] copying my_py_pkg/number_count.py -> /home/ant/ros2_ws/build/my_py_pkg/build/lib/my_py_pkg
[1.771s] copying my_py_pkg/number_publisher.py -> /home/ant/ros2_ws/build/my_py_pkg/build/lib/my_py_pkg
[1.771s] running install
[1.772s] running install_lib
[1.773s] copying /home/ant/ros2_ws/build/my_py_pkg/build/lib/my_py_pkg/number_count.py -> /home/ant/ros2_ws/install/my_py_pkg/lib/python3.10/site-packages/my_py_pkg
[1.775s] copying /home/ant/ros2_ws/build/my_py_pkg/build/lib/my_py_pkg/number_publisher.py -> /home/ant/ros2_ws/install/my_py_pkg/lib/python3.10/site-packages/my_py_pkg
[1.775s] byte-compiling /home/ant/ros2_ws/install/my_py_pkg/lib/python3.10/site-packages/my_py_pkg/number_count.py to number_count.cpython-310.pyc
[1.776s] byte-compiling /home/ant/ros2_ws/install/my_py_pkg/lib/python3.10/site-packages/my_py_pkg/number_publisher.py to number_publisher.cpython-310.pyc
[1.777s] running install_data
[1.778s] running install_egg_info
[1.780s] removing '/home/ant/ros2_ws/install/my_py_pkg/lib/python3.10/site-packages/my_py_pkg-0.0.0-py3.10.egg-info' (and everything under it)
[1.782s] Copying ../../build/my_py_pkg/my_py_pkg.egg-info to /home/ant/ros2_ws/install/my_py_pkg/lib/python3.10/site-packages/my_py_pkg-0.0.0-py3.10.egg-info
[1.784s] running install_scripts
[1.811s] Installing number_count script to /home/ant/ros2_ws/install/my_py_pkg/lib/my_py_pkg
[1.811s] Installing number_publisher script to /home/ant/ros2_ws/install/my_py_pkg/lib/my_py_pkg
[1.812s] Installing py_node script to /home/ant/ros2_ws/install/my_py_pkg/lib/my_py_pkg
[1.812s] Installing robot_news_station script to /home/ant/ros2_ws/install/my_py_pkg/lib/my_py_pkg
[1.812s] Installing smartphone script to /home/ant/ros2_ws/install/my_py_pkg/lib/my_py_pkg
[1.813s] writing list of installed files to '/home/ant/ros2_ws/build/my_py_pkg/install.log'
[1.874s] Invoked command in '/home/ant/ros2_ws/src/my_py_pkg' returned '0': CONDA_PROMPT_MODIFIER=(base) PYTHONPATH=/home/ant/ros2_ws/build/my_py_pkg/prefix_override:/home/ant/ros2_ws/install/my_py_pkg/lib/python3.10/site-packages:${PYTHONPATH} /usr/bin/python3 setup.py egg_info --egg-base ../../build/my_py_pkg build --build-base /home/ant/ros2_ws/build/my_py_pkg/build install --record /home/ant/ros2_ws/build/my_py_pkg/install.log --single-version-externally-managed
