[7.402s] Invoking command in '/home/ant/ros2_ws/src/my_py_pkg': CMAKE_PREFIX_PATH=/home/ant/ros2_ws/install/my_robot_interfaces:/home/ant/ros2_ws/install/more_interfaces:/home/ant/ros2_ws/install/my_robot_bringup:/home/ant/ros2_ws/install/my_new_robot_interfaces:/home/ant/ros2_ws/install/my_cpp_pkg LD_LIBRARY_PATH=/home/ant/ros2_ws/install/my_robot_interfaces/lib:/home/ant/ros2_ws/install/more_interfaces/lib:/home/ant/ros2_ws/install/my_new_robot_interfaces/lib:/opt/ros/humble/opt/rviz_ogre_vendor/lib:/opt/ros/humble/lib/x86_64-linux-gnu:/opt/ros/humble/lib PYTHONPATH=/home/ant/ros2_ws/build/my_py_pkg/prefix_override:/home/ant/ros2_ws/install/my_py_pkg/lib/python3.10/site-packages:${PYTHONPATH} /usr/bin/python3 setup.py egg_info --egg-base ../../build/my_py_pkg build --build-base /home/ant/ros2_ws/build/my_py_pkg/build install --record /home/ant/ros2_ws/build/my_py_pkg/install.log --single-version-externally-managed
[9.333s] running egg_info
[9.340s] writing ../../build/my_py_pkg/my_py_pkg.egg-info/PKG-INFO
[9.353s] writing dependency_links to ../../build/my_py_pkg/my_py_pkg.egg-info/dependency_links.txt
[9.354s] writing entry points to ../../build/my_py_pkg/my_py_pkg.egg-info/entry_points.txt
[9.354s] writing requirements to ../../build/my_py_pkg/my_py_pkg.egg-info/requires.txt
[9.355s] writing top-level names to ../../build/my_py_pkg/my_py_pkg.egg-info/top_level.txt
[9.364s] reading manifest file '../../build/my_py_pkg/my_py_pkg.egg-info/SOURCES.txt'
[9.369s] writing manifest file '../../build/my_py_pkg/my_py_pkg.egg-info/SOURCES.txt'
[9.371s] running build
[9.371s] running build_py
[9.378s] copying my_py_pkg/turtle_controller.py -> /home/ant/ros2_ws/build/my_py_pkg/build/lib/my_py_pkg
[9.385s] running install
[9.390s] running install_lib
[9.417s] copying /home/ant/ros2_ws/build/my_py_pkg/build/lib/my_py_pkg/turtle_controller.py -> /home/ant/ros2_ws/install/my_py_pkg/lib/python3.10/site-packages/my_py_pkg
[9.431s] byte-compiling /home/ant/ros2_ws/install/my_py_pkg/lib/python3.10/site-packages/my_py_pkg/turtle_controller.py to turtle_controller.cpython-310.pyc
[9.447s] running install_data
[9.460s] running install_egg_info
[9.501s] removing '/home/ant/ros2_ws/install/my_py_pkg/lib/python3.10/site-packages/my_py_pkg-0.0.0-py3.10.egg-info' (and everything under it)
[9.528s] Copying ../../build/my_py_pkg/my_py_pkg.egg-info to /home/ant/ros2_ws/install/my_py_pkg/lib/python3.10/site-packages/my_py_pkg-0.0.0-py3.10.egg-info
[9.545s] running install_scripts
[9.686s] Installing add_two_ints_client script to /home/ant/ros2_ws/install/my_py_pkg/lib/my_py_pkg
[9.686s] Installing add_two_ints_client_no_oop script to /home/ant/ros2_ws/install/my_py_pkg/lib/my_py_pkg
[9.687s] Installing add_two_ints_server script to /home/ant/ros2_ws/install/my_py_pkg/lib/my_py_pkg
[9.687s] Installing battery_client script to /home/ant/ros2_ws/install/my_py_pkg/lib/my_py_pkg
[9.688s] Installing hw_status_publisher script to /home/ant/ros2_ws/install/my_py_pkg/lib/my_py_pkg
[9.688s] Installing led_panel script to /home/ant/ros2_ws/install/my_py_pkg/lib/my_py_pkg
[9.688s] Installing number_count script to /home/ant/ros2_ws/install/my_py_pkg/lib/my_py_pkg
[9.690s] Installing number_publisher script to /home/ant/ros2_ws/install/my_py_pkg/lib/my_py_pkg
[9.690s] Installing py_node script to /home/ant/ros2_ws/install/my_py_pkg/lib/my_py_pkg
[9.691s] Installing robot_news_station script to /home/ant/ros2_ws/install/my_py_pkg/lib/my_py_pkg
[9.694s] Installing smartphone script to /home/ant/ros2_ws/install/my_py_pkg/lib/my_py_pkg
[9.694s] Installing turtle_controller script to /home/ant/ros2_ws/install/my_py_pkg/lib/my_py_pkg
[9.694s] Installing turtle_spawner script to /home/ant/ros2_ws/install/my_py_pkg/lib/my_py_pkg
[9.696s] writing list of installed files to '/home/ant/ros2_ws/build/my_py_pkg/install.log'
[9.845s] Invoked command in '/home/ant/ros2_ws/src/my_py_pkg' returned '0': CMAKE_PREFIX_PATH=/home/ant/ros2_ws/install/my_robot_interfaces:/home/ant/ros2_ws/install/more_interfaces:/home/ant/ros2_ws/install/my_robot_bringup:/home/ant/ros2_ws/install/my_new_robot_interfaces:/home/ant/ros2_ws/install/my_cpp_pkg LD_LIBRARY_PATH=/home/ant/ros2_ws/install/my_robot_interfaces/lib:/home/ant/ros2_ws/install/more_interfaces/lib:/home/ant/ros2_ws/install/my_new_robot_interfaces/lib:/opt/ros/humble/opt/rviz_ogre_vendor/lib:/opt/ros/humble/lib/x86_64-linux-gnu:/opt/ros/humble/lib PYTHONPATH=/home/ant/ros2_ws/build/my_py_pkg/prefix_override:/home/ant/ros2_ws/install/my_py_pkg/lib/python3.10/site-packages:${PYTHONPATH} /usr/bin/python3 setup.py egg_info --egg-base ../../build/my_py_pkg build --build-base /home/ant/ros2_ws/build/my_py_pkg/build install --record /home/ant/ros2_ws/build/my_py_pkg/install.log --single-version-externally-managed
