[0.539s] Invoking command in '/home/ant/ros2_ws/build/my_robot_interfaces': CMAKE_PREFIX_PATH=${CMAKE_PREFIX_PATH}:/home/ant/ros2_ws/install/my_py_pkg:/opt/ros/humble CONDA_PROMPT_MODIFIER=(py310) /usr/bin/cmake /home/ant/ros2_ws/src/my_robot_interfaces -DCMAKE_INSTALL_PREFIX=/home/ant/ros2_ws/install/my_robot_interfaces
[0.614s] -- Found ament_cmake: 1.3.5 (/opt/ros/humble/share/ament_cmake/cmake)
[1.265s] -- Found rosidl_default_generators: 1.2.0 (/opt/ros/humble/share/rosidl_default_generators/cmake)
[1.271s] -- Using all available rosidl_typesupport_c: rosidl_typesupport_fastrtps_c;rosidl_typesupport_introspection_c
[1.322s] -- Found rosidl_adapter: 3.1.5 (/opt/ros/humble/share/rosidl_adapter/cmake)
[1.451s] -- Using all available rosidl_typesupport_cpp: rosidl_typesupport_fastrtps_cpp;rosidl_typesupport_introspection_cpp
[1.926s] [31mCMake Error at /opt/ros/humble/share/rosidl_adapter/cmake/rosidl_adapt_interfaces.cmake:59 (message):
[1.926s]   execute_process(/home/ant/anaconda3/envs/py310/bin/python3.10 -m
[1.927s]   rosidl_adapter --package-name my_robot_interfaces --arguments-file
[1.927s]   /home/ant/ros2_ws/build/my_robot_interfaces/rosidl_adapter__arguments__my_robot_interfaces.json
[1.927s]   --output-dir
[1.928s]   /home/ant/ros2_ws/build/my_robot_interfaces/rosidl_adapter/my_robot_interfaces
[1.928s]   --output-file
[1.930s]   /home/ant/ros2_ws/build/my_robot_interfaces/rosidl_adapter/my_robot_interfaces.idls)
[1.931s]   returned error code 1:
[1.931s] 
[1.931s]   Traceback (most recent call last):
[1.931s] 
[1.931s]     File "/home/ant/anaconda3/envs/py310/lib/python3.10/runpy.py", line 196, in _run_module_as_main
[1.932s]       return _run_code(code, main_globals, None,
[1.932s]     File "/home/ant/anaconda3/envs/py310/lib/python3.10/runpy.py", line 86, in _run_code
[1.932s]       exec(code, run_globals)
[1.932s]     File "/opt/ros/humble/local/lib/python3.10/dist-packages/rosidl_adapter/__main__.py", line 19, in <module>
[1.932s]       sys.exit(main())
[1.932s]     File "/opt/ros/humble/local/lib/python3.10/dist-packages/rosidl_adapter/main.py", line 53, in main
[1.933s]       abs_idl_file = convert_to_idl(
[1.933s]     File "/opt/ros/humble/local/lib/python3.10/dist-packages/rosidl_adapter/__init__.py", line 18, in convert_to_idl
[1.933s]       from rosidl_adapter.msg import convert_msg_to_idl
[1.933s]     File "/opt/ros/humble/local/lib/python3.10/dist-packages/rosidl_adapter/msg/__init__.py", line 16, in <module>
[1.933s]       from rosidl_adapter.resource import expand_template
[1.934s]     File "/opt/ros/humble/local/lib/python3.10/dist-packages/rosidl_adapter/resource/__init__.py", line 19, in <module>
[1.934s]       import em
[1.934s] 
[1.940s]   ModuleNotFoundError: No module named 'em'
[1.940s] 
[1.941s] Call Stack (most recent call first):
[1.941s]   /opt/ros/humble/share/rosidl_cmake/cmake/rosidl_generate_interfaces.cmake:130 (rosidl_adapt_interfaces)
[1.941s]   CMakeLists.txt:12 (rosidl_generate_interfaces)
[1.941s] 
[1.941s] [0m
[1.941s] -- Configuring incomplete, errors occurred!
[1.942s] See also "/home/ant/ros2_ws/build/my_robot_interfaces/CMakeFiles/CMakeOutput.log".
[1.960s] Invoked command in '/home/ant/ros2_ws/build/my_robot_interfaces' returned '1': CMAKE_PREFIX_PATH=${CMAKE_PREFIX_PATH}:/home/ant/ros2_ws/install/my_py_pkg:/opt/ros/humble CONDA_PROMPT_MODIFIER=(py310) /usr/bin/cmake /home/ant/ros2_ws/src/my_robot_interfaces -DCMAKE_INSTALL_PREFIX=/home/ant/ros2_ws/install/my_robot_interfaces
