[0.105s] Invoking command in '/home/ant/ros2_ws/build/my_new_robot_interfaces': CMAKE_PREFIX_PATH=${CMAKE_PREFIX_PATH}:/home/ant/ros2_ws/install/my_py_pkg:/opt/ros/humble CONDA_PROMPT_MODIFIER=(base) /usr/bin/cmake --build /home/ant/ros2_ws/build/my_new_robot_interfaces -- -j4 -l4
[0.155s] -- Found ament_cmake: 1.3.5 (/opt/ros/humble/share/ament_cmake/cmake)
[0.388s] -- Found rosidl_default_generators: 1.2.0 (/opt/ros/humble/share/rosidl_default_generators/cmake)
[0.391s] -- Using all available rosidl_typesupport_c: rosidl_typesupport_fastrtps_c;rosidl_typesupport_introspection_c
[0.394s] -- Found rosidl_adapter: 3.1.5 (/opt/ros/humble/share/rosidl_adapter/cmake)
[0.443s] -- Using all available rosidl_typesupport_cpp: rosidl_typesupport_fastrtps_cpp;rosidl_typesupport_introspection_cpp
[0.855s] -- Found ament_cmake_ros: 0.10.0 (/opt/ros/humble/share/ament_cmake_ros/cmake)
[1.150s] -- Using all available rosidl_typesupport_c: rosidl_typesupport_fastrtps_c;rosidl_typesupport_introspection_c
[1.506s] -- Using all available rosidl_typesupport_cpp: rosidl_typesupport_fastrtps_cpp;rosidl_typesupport_introspection_cpp
[1.549s] -- Found PythonInterp: /home/ant/anaconda3/bin/python3 (found suitable version "3.11.5", minimum required is "3.6") 
[1.553s] -- Found python_cmake_module: 0.10.0 (/opt/ros/humble/share/python_cmake_module/cmake)
[1.593s] -- Found PythonLibs: /home/ant/anaconda3/lib/libpython3.11.so (found suitable version "3.11.5", minimum required is "3.5") 
[1.593s] -- Using PYTHON_EXECUTABLE: /home/ant/anaconda3/bin/python3
[1.593s] -- Using PYTHON_INCLUDE_DIRS: /home/ant/anaconda3/include/python3.11
[1.593s] -- Using PYTHON_LIBRARIES: /home/ant/anaconda3/lib/libpython3.11.so
[1.633s] -- Found PythonExtra: .so  
[2.006s] -- Using numpy include directory: /home/ant/anaconda3/lib/python3.11/site-packages/numpy/core/include
[2.037s] -- Configuring done
[2.081s] -- Generating done
[2.084s] -- Build files have been written to: /home/ant/ros2_ws/build/my_new_robot_interfaces
[2.124s] [  3%] [34m[1mGenerating C code for ROS interfaces[0m
[2.149s] [  6%] [34m[1mGenerating C++ code for ROS interfaces[0m
[2.174s] [  6%] Built target ament_cmake_python_copy_my_new_robot_interfaces
[2.707s] [  6%] Built target my_new_robot_interfaces__cpp
[2.745s] [  9%] [34m[1mGenerating C++ type support for eProsima Fast-RTPS[0m
[2.762s] [ 12%] [34m[1mGenerating C++ introspection for ROS interfaces[0m
[2.894s] [ 16%] [32mBuilding C object CMakeFiles/my_new_robot_interfaces__rosidl_generator_c.dir/rosidl_generator_c/my_new_robot_interfaces/msg/detail/hardware_check__functions.c.o[0m
[2.911s] running egg_info
[2.913s] creating my_new_robot_interfaces.egg-info
[2.915s] writing my_new_robot_interfaces.egg-info/PKG-INFO
[2.915s] writing dependency_links to my_new_robot_interfaces.egg-info/dependency_links.txt
[2.916s] writing top-level names to my_new_robot_interfaces.egg-info/top_level.txt
[2.916s] writing manifest file 'my_new_robot_interfaces.egg-info/SOURCES.txt'
[2.927s] reading manifest file 'my_new_robot_interfaces.egg-info/SOURCES.txt'
[2.929s] writing manifest file 'my_new_robot_interfaces.egg-info/SOURCES.txt'
[3.004s] [ 16%] Built target ament_cmake_python_build_my_new_robot_interfaces_egg
[3.032s] [ 19%] [34m[1mGenerating C++ type support dispatch for ROS interfaces[0m
[3.086s] [ 22%] [32m[1mLinking C shared library libmy_new_robot_interfaces__rosidl_generator_c.so[0m
[3.200s] [ 22%] Built target my_new_robot_interfaces__rosidl_generator_c
[3.226s] [ 25%] [34m[1mGenerating C type support for eProsima Fast-RTPS[0m
[3.463s] [ 29%] [32mBuilding CXX object CMakeFiles/my_new_robot_interfaces__rosidl_typesupport_introspection_cpp.dir/rosidl_typesupport_introspection_cpp/my_new_robot_interfaces/msg/detail/hardware_check__type_support.cpp.o[0m
[3.489s] [ 32%] [32mBuilding CXX object CMakeFiles/my_new_robot_interfaces__rosidl_typesupport_fastrtps_cpp.dir/rosidl_typesupport_fastrtps_cpp/my_new_robot_interfaces/msg/detail/dds_fastrtps/hardware_check__type_support.cpp.o[0m
[3.673s] [ 35%] [32mBuilding CXX object CMakeFiles/my_new_robot_interfaces__rosidl_typesupport_cpp.dir/rosidl_typesupport_cpp/my_new_robot_interfaces/msg/hardware_check__type_support.cpp.o[0m
[4.005s] [ 38%] [32mBuilding CXX object CMakeFiles/my_new_robot_interfaces__rosidl_typesupport_fastrtps_c.dir/rosidl_typesupport_fastrtps_c/my_new_robot_interfaces/msg/detail/hardware_check__type_support_c.cpp.o[0m
[4.594s] [ 41%] [32m[1mLinking CXX shared library libmy_new_robot_interfaces__rosidl_typesupport_cpp.so[0m
[4.717s] [ 41%] Built target my_new_robot_interfaces__rosidl_typesupport_cpp
[4.731s] [ 45%] [32m[1mLinking CXX shared library libmy_new_robot_interfaces__rosidl_typesupport_fastrtps_cpp.so[0m
[4.757s] [ 48%] [34m[1mGenerating C introspection for ROS interfaces[0m
[4.757s] [ 51%] [32m[1mLinking CXX shared library libmy_new_robot_interfaces__rosidl_typesupport_introspection_cpp.so[0m
[5.023s] [ 51%] Built target my_new_robot_interfaces__rosidl_typesupport_fastrtps_cpp
[5.024s] [ 51%] Built target my_new_robot_interfaces__rosidl_typesupport_introspection_cpp
[5.031s] [ 54%] [34m[1mGenerating C type support dispatch for ROS interfaces[0m
[5.160s] [ 58%] [32m[1mLinking CXX shared library libmy_new_robot_interfaces__rosidl_typesupport_fastrtps_c.so[0m
[5.360s] [ 58%] Built target my_new_robot_interfaces__rosidl_typesupport_fastrtps_c
[5.454s] [ 61%] [32mBuilding C object CMakeFiles/my_new_robot_interfaces__rosidl_typesupport_introspection_c.dir/rosidl_typesupport_introspection_c/my_new_robot_interfaces/msg/detail/hardware_check__type_support.c.o[0m
[5.493s] [ 64%] [32mBuilding CXX object CMakeFiles/my_new_robot_interfaces__rosidl_typesupport_c.dir/rosidl_typesupport_c/my_new_robot_interfaces/msg/hardware_check__type_support.cpp.o[0m
[5.520s] [ 67%] [32m[1mLinking C shared library libmy_new_robot_interfaces__rosidl_typesupport_introspection_c.so[0m
[5.556s] [ 70%] [32m[1mLinking CXX shared library libmy_new_robot_interfaces__rosidl_typesupport_c.so[0m
[5.589s] [ 70%] Built target my_new_robot_interfaces__rosidl_typesupport_introspection_c
[5.620s] [ 70%] Built target my_new_robot_interfaces__rosidl_typesupport_c
[5.658s] [ 70%] Built target my_new_robot_interfaces
[5.692s] [ 74%] [34m[1mGenerating Python code for ROS interfaces[0m
[6.152s] [ 74%] Built target my_new_robot_interfaces__py
[6.182s] [ 77%] [32mBuilding C object CMakeFiles/my_new_robot_interfaces__rosidl_generator_py.dir/rosidl_generator_py/my_new_robot_interfaces/msg/_hardware_check_s.c.o[0m
[6.376s] [ 80%] [32m[1mLinking C shared library rosidl_generator_py/my_new_robot_interfaces/libmy_new_robot_interfaces__rosidl_generator_py.so[0m
[6.440s] [ 80%] Built target my_new_robot_interfaces__rosidl_generator_py
[6.479s] [ 83%] [32mBuilding C object CMakeFiles/my_new_robot_interfaces__rosidl_typesupport_c__pyext.dir/rosidl_generator_py/my_new_robot_interfaces/_my_new_robot_interfaces_s.ep.rosidl_typesupport_c.c.o[0m
[6.485s] [ 87%] [32mBuilding C object CMakeFiles/my_new_robot_interfaces__rosidl_typesupport_introspection_c__pyext.dir/rosidl_generator_py/my_new_robot_interfaces/_my_new_robot_interfaces_s.ep.rosidl_typesupport_introspection_c.c.o[0m
[6.489s] [ 90%] [32mBuilding C object CMakeFiles/my_new_robot_interfaces__rosidl_typesupport_fastrtps_c__pyext.dir/rosidl_generator_py/my_new_robot_interfaces/_my_new_robot_interfaces_s.ep.rosidl_typesupport_fastrtps_c.c.o[0m
[6.628s] [ 93%] [32m[1mLinking C shared library rosidl_generator_py/my_new_robot_interfaces/my_new_robot_interfaces_s__rosidl_typesupport_c.cpython-311-x86_64-linux-gnu.so[0m
[6.703s] [ 93%] Built target my_new_robot_interfaces__rosidl_typesupport_c__pyext
[6.712s] [ 96%] [32m[1mLinking C shared library rosidl_generator_py/my_new_robot_interfaces/my_new_robot_interfaces_s__rosidl_typesupport_introspection_c.cpython-311-x86_64-linux-gnu.so[0m
[6.715s] [100%] [32m[1mLinking C shared library rosidl_generator_py/my_new_robot_interfaces/my_new_robot_interfaces_s__rosidl_typesupport_fastrtps_c.cpython-311-x86_64-linux-gnu.so[0m
[6.778s] [100%] Built target my_new_robot_interfaces__rosidl_typesupport_introspection_c__pyext
[6.782s] [100%] Built target my_new_robot_interfaces__rosidl_typesupport_fastrtps_c__pyext
[6.800s] Invoked command in '/home/ant/ros2_ws/build/my_new_robot_interfaces' returned '0': CMAKE_PREFIX_PATH=${CMAKE_PREFIX_PATH}:/home/ant/ros2_ws/install/my_py_pkg:/opt/ros/humble CONDA_PROMPT_MODIFIER=(base) /usr/bin/cmake --build /home/ant/ros2_ws/build/my_new_robot_interfaces -- -j4 -l4
[6.922s] Invoking command in '/home/ant/ros2_ws/build/my_new_robot_interfaces': CMAKE_PREFIX_PATH=${CMAKE_PREFIX_PATH}:/home/ant/ros2_ws/install/my_py_pkg:/opt/ros/humble CONDA_PROMPT_MODIFIER=(base) /usr/bin/cmake --install /home/ant/ros2_ws/build/my_new_robot_interfaces
[6.939s] -- Install configuration: ""
[6.939s] -- Installing: /home/ant/ros2_ws/install/my_new_robot_interfaces/share/ament_index/resource_index/rosidl_interfaces/my_new_robot_interfaces
[6.939s] -- Installing: /home/ant/ros2_ws/install/my_new_robot_interfaces/include/my_new_robot_interfaces/my_new_robot_interfaces
[6.940s] -- Installing: /home/ant/ros2_ws/install/my_new_robot_interfaces/include/my_new_robot_interfaces/my_new_robot_interfaces/msg
[6.940s] -- Installing: /home/ant/ros2_ws/install/my_new_robot_interfaces/include/my_new_robot_interfaces/my_new_robot_interfaces/msg/detail
[6.940s] -- Installing: /home/ant/ros2_ws/install/my_new_robot_interfaces/include/my_new_robot_interfaces/my_new_robot_interfaces/msg/detail/hardware_check__struct.h
[6.941s] -- Installing: /home/ant/ros2_ws/install/my_new_robot_interfaces/include/my_new_robot_interfaces/my_new_robot_interfaces/msg/detail/hardware_check__type_support.h
[6.941s] -- Installing: /home/ant/ros2_ws/install/my_new_robot_interfaces/include/my_new_robot_interfaces/my_new_robot_interfaces/msg/detail/hardware_check__functions.h
[6.941s] -- Installing: /home/ant/ros2_ws/install/my_new_robot_interfaces/include/my_new_robot_interfaces/my_new_robot_interfaces/msg/detail/hardware_check__functions.c
[6.941s] -- Installing: /home/ant/ros2_ws/install/my_new_robot_interfaces/include/my_new_robot_interfaces/my_new_robot_interfaces/msg/rosidl_generator_c__visibility_control.h
[6.942s] -- Installing: /home/ant/ros2_ws/install/my_new_robot_interfaces/include/my_new_robot_interfaces/my_new_robot_interfaces/msg/hardware_check.h
[6.942s] -- Installing: /home/ant/ros2_ws/install/my_new_robot_interfaces/share/my_new_robot_interfaces/environment/library_path.sh
[6.944s] -- Installing: /home/ant/ros2_ws/install/my_new_robot_interfaces/share/my_new_robot_interfaces/environment/library_path.dsv
[6.959s] -- Installing: /home/ant/ros2_ws/install/my_new_robot_interfaces/lib/libmy_new_robot_interfaces__rosidl_generator_c.so
[6.960s] -- Set runtime path of "/home/ant/ros2_ws/install/my_new_robot_interfaces/lib/libmy_new_robot_interfaces__rosidl_generator_c.so" to ""
[6.961s] -- Up-to-date: /home/ant/ros2_ws/install/my_new_robot_interfaces/include/my_new_robot_interfaces/my_new_robot_interfaces
[6.962s] -- Up-to-date: /home/ant/ros2_ws/install/my_new_robot_interfaces/include/my_new_robot_interfaces/my_new_robot_interfaces/msg
[6.962s] -- Up-to-date: /home/ant/ros2_ws/install/my_new_robot_interfaces/include/my_new_robot_interfaces/my_new_robot_interfaces/msg/detail
[6.962s] -- Installing: /home/ant/ros2_ws/install/my_new_robot_interfaces/include/my_new_robot_interfaces/my_new_robot_interfaces/msg/detail/hardware_check__rosidl_typesupport_fastrtps_c.h
[6.962s] -- Installing: /home/ant/ros2_ws/install/my_new_robot_interfaces/include/my_new_robot_interfaces/my_new_robot_interfaces/msg/rosidl_typesupport_fastrtps_c__visibility_control.h
[6.963s] -- Installing: /home/ant/ros2_ws/install/my_new_robot_interfaces/lib/libmy_new_robot_interfaces__rosidl_typesupport_fastrtps_c.so
[6.964s] -- Set runtime path of "/home/ant/ros2_ws/install/my_new_robot_interfaces/lib/libmy_new_robot_interfaces__rosidl_typesupport_fastrtps_c.so" to ""
[6.964s] -- Up-to-date: /home/ant/ros2_ws/install/my_new_robot_interfaces/include/my_new_robot_interfaces/my_new_robot_interfaces
[6.964s] -- Up-to-date: /home/ant/ros2_ws/install/my_new_robot_interfaces/include/my_new_robot_interfaces/my_new_robot_interfaces/msg
[6.965s] -- Up-to-date: /home/ant/ros2_ws/install/my_new_robot_interfaces/include/my_new_robot_interfaces/my_new_robot_interfaces/msg/detail
[6.965s] -- Installing: /home/ant/ros2_ws/install/my_new_robot_interfaces/include/my_new_robot_interfaces/my_new_robot_interfaces/msg/detail/hardware_check__type_support.c
[6.965s] -- Installing: /home/ant/ros2_ws/install/my_new_robot_interfaces/include/my_new_robot_interfaces/my_new_robot_interfaces/msg/detail/hardware_check__rosidl_typesupport_introspection_c.h
[6.965s] -- Installing: /home/ant/ros2_ws/install/my_new_robot_interfaces/include/my_new_robot_interfaces/my_new_robot_interfaces/msg/rosidl_typesupport_introspection_c__visibility_control.h
[6.965s] -- Installing: /home/ant/ros2_ws/install/my_new_robot_interfaces/lib/libmy_new_robot_interfaces__rosidl_typesupport_introspection_c.so
[6.966s] -- Set runtime path of "/home/ant/ros2_ws/install/my_new_robot_interfaces/lib/libmy_new_robot_interfaces__rosidl_typesupport_introspection_c.so" to ""
[6.966s] -- Installing: /home/ant/ros2_ws/install/my_new_robot_interfaces/lib/libmy_new_robot_interfaces__rosidl_typesupport_c.so
[6.967s] -- Set runtime path of "/home/ant/ros2_ws/install/my_new_robot_interfaces/lib/libmy_new_robot_interfaces__rosidl_typesupport_c.so" to ""
[6.967s] -- Up-to-date: /home/ant/ros2_ws/install/my_new_robot_interfaces/include/my_new_robot_interfaces/my_new_robot_interfaces
[6.967s] -- Up-to-date: /home/ant/ros2_ws/install/my_new_robot_interfaces/include/my_new_robot_interfaces/my_new_robot_interfaces/msg
[6.967s] -- Up-to-date: /home/ant/ros2_ws/install/my_new_robot_interfaces/include/my_new_robot_interfaces/my_new_robot_interfaces/msg/detail
[6.967s] -- Installing: /home/ant/ros2_ws/install/my_new_robot_interfaces/include/my_new_robot_interfaces/my_new_robot_interfaces/msg/detail/hardware_check__traits.hpp
[6.968s] -- Installing: /home/ant/ros2_ws/install/my_new_robot_interfaces/include/my_new_robot_interfaces/my_new_robot_interfaces/msg/detail/hardware_check__struct.hpp
[6.968s] -- Installing: /home/ant/ros2_ws/install/my_new_robot_interfaces/include/my_new_robot_interfaces/my_new_robot_interfaces/msg/detail/hardware_check__builder.hpp
[6.968s] -- Installing: /home/ant/ros2_ws/install/my_new_robot_interfaces/include/my_new_robot_interfaces/my_new_robot_interfaces/msg/hardware_check.hpp
[6.968s] -- Up-to-date: /home/ant/ros2_ws/install/my_new_robot_interfaces/include/my_new_robot_interfaces/my_new_robot_interfaces
[6.968s] -- Up-to-date: /home/ant/ros2_ws/install/my_new_robot_interfaces/include/my_new_robot_interfaces/my_new_robot_interfaces/msg
[6.969s] -- Up-to-date: /home/ant/ros2_ws/install/my_new_robot_interfaces/include/my_new_robot_interfaces/my_new_robot_interfaces/msg/detail
[6.969s] -- Installing: /home/ant/ros2_ws/install/my_new_robot_interfaces/include/my_new_robot_interfaces/my_new_robot_interfaces/msg/detail/hardware_check__rosidl_typesupport_fastrtps_cpp.hpp
[6.969s] -- Installing: /home/ant/ros2_ws/install/my_new_robot_interfaces/include/my_new_robot_interfaces/my_new_robot_interfaces/msg/detail/dds_fastrtps
[6.969s] -- Installing: /home/ant/ros2_ws/install/my_new_robot_interfaces/include/my_new_robot_interfaces/my_new_robot_interfaces/msg/rosidl_typesupport_fastrtps_cpp__visibility_control.h
[6.969s] -- Installing: /home/ant/ros2_ws/install/my_new_robot_interfaces/lib/libmy_new_robot_interfaces__rosidl_typesupport_fastrtps_cpp.so
[6.970s] -- Set runtime path of "/home/ant/ros2_ws/install/my_new_robot_interfaces/lib/libmy_new_robot_interfaces__rosidl_typesupport_fastrtps_cpp.so" to ""
[6.970s] -- Up-to-date: /home/ant/ros2_ws/install/my_new_robot_interfaces/include/my_new_robot_interfaces/my_new_robot_interfaces
[6.970s] -- Up-to-date: /home/ant/ros2_ws/install/my_new_robot_interfaces/include/my_new_robot_interfaces/my_new_robot_interfaces/msg
[6.970s] -- Up-to-date: /home/ant/ros2_ws/install/my_new_robot_interfaces/include/my_new_robot_interfaces/my_new_robot_interfaces/msg/detail
[6.971s] -- Installing: /home/ant/ros2_ws/install/my_new_robot_interfaces/include/my_new_robot_interfaces/my_new_robot_interfaces/msg/detail/hardware_check__rosidl_typesupport_introspection_cpp.hpp
[6.971s] -- Installing: /home/ant/ros2_ws/install/my_new_robot_interfaces/include/my_new_robot_interfaces/my_new_robot_interfaces/msg/detail/hardware_check__type_support.cpp
[6.971s] -- Installing: /home/ant/ros2_ws/install/my_new_robot_interfaces/lib/libmy_new_robot_interfaces__rosidl_typesupport_introspection_cpp.so
[6.971s] -- Set runtime path of "/home/ant/ros2_ws/install/my_new_robot_interfaces/lib/libmy_new_robot_interfaces__rosidl_typesupport_introspection_cpp.so" to ""
[6.972s] -- Installing: /home/ant/ros2_ws/install/my_new_robot_interfaces/lib/libmy_new_robot_interfaces__rosidl_typesupport_cpp.so
[6.972s] -- Set runtime path of "/home/ant/ros2_ws/install/my_new_robot_interfaces/lib/libmy_new_robot_interfaces__rosidl_typesupport_cpp.so" to ""
[6.973s] -- Installing: /home/ant/ros2_ws/install/my_new_robot_interfaces/share/my_new_robot_interfaces/environment/pythonpath.sh
[6.973s] -- Installing: /home/ant/ros2_ws/install/my_new_robot_interfaces/share/my_new_robot_interfaces/environment/pythonpath.dsv
[6.973s] -- Installing: /home/ant/ros2_ws/install/my_new_robot_interfaces/local/lib/python3.10/dist-packages/my_new_robot_interfaces-0.0.0-py3.10.egg-info
[6.973s] -- Installing: /home/ant/ros2_ws/install/my_new_robot_interfaces/local/lib/python3.10/dist-packages/my_new_robot_interfaces-0.0.0-py3.10.egg-info/PKG-INFO
[6.973s] -- Installing: /home/ant/ros2_ws/install/my_new_robot_interfaces/local/lib/python3.10/dist-packages/my_new_robot_interfaces-0.0.0-py3.10.egg-info/dependency_links.txt
[6.974s] -- Installing: /home/ant/ros2_ws/install/my_new_robot_interfaces/local/lib/python3.10/dist-packages/my_new_robot_interfaces-0.0.0-py3.10.egg-info/top_level.txt
[6.974s] -- Installing: /home/ant/ros2_ws/install/my_new_robot_interfaces/local/lib/python3.10/dist-packages/my_new_robot_interfaces-0.0.0-py3.10.egg-info/SOURCES.txt
[6.974s] -- Installing: /home/ant/ros2_ws/install/my_new_robot_interfaces/local/lib/python3.10/dist-packages/my_new_robot_interfaces
[6.974s] -- Installing: /home/ant/ros2_ws/install/my_new_robot_interfaces/local/lib/python3.10/dist-packages/my_new_robot_interfaces/my_new_robot_interfaces_s__rosidl_typesupport_introspection_c.cpython-311-x86_64-linux-gnu.so
[6.974s] -- Installing: /home/ant/ros2_ws/install/my_new_robot_interfaces/local/lib/python3.10/dist-packages/my_new_robot_interfaces/_my_new_robot_interfaces_s.ep.rosidl_typesupport_fastrtps_c.c
[6.975s] -- Installing: /home/ant/ros2_ws/install/my_new_robot_interfaces/local/lib/python3.10/dist-packages/my_new_robot_interfaces/my_new_robot_interfaces_s__rosidl_typesupport_fastrtps_c.cpython-311-x86_64-linux-gnu.so
[6.975s] -- Installing: /home/ant/ros2_ws/install/my_new_robot_interfaces/local/lib/python3.10/dist-packages/my_new_robot_interfaces/my_new_robot_interfaces_s__rosidl_typesupport_c.cpython-311-x86_64-linux-gnu.so
[6.975s] -- Installing: /home/ant/ros2_ws/install/my_new_robot_interfaces/local/lib/python3.10/dist-packages/my_new_robot_interfaces/msg
[6.975s] -- Installing: /home/ant/ros2_ws/install/my_new_robot_interfaces/local/lib/python3.10/dist-packages/my_new_robot_interfaces/msg/__init__.py
[6.976s] -- Installing: /home/ant/ros2_ws/install/my_new_robot_interfaces/local/lib/python3.10/dist-packages/my_new_robot_interfaces/msg/_hardware_check_s.c
[6.976s] -- Installing: /home/ant/ros2_ws/install/my_new_robot_interfaces/local/lib/python3.10/dist-packages/my_new_robot_interfaces/msg/_hardware_check.py
[6.976s] -- Installing: /home/ant/ros2_ws/install/my_new_robot_interfaces/local/lib/python3.10/dist-packages/my_new_robot_interfaces/_my_new_robot_interfaces_s.ep.rosidl_typesupport_c.c
[6.976s] -- Installing: /home/ant/ros2_ws/install/my_new_robot_interfaces/local/lib/python3.10/dist-packages/my_new_robot_interfaces/libmy_new_robot_interfaces__rosidl_generator_py.so
[6.976s] -- Installing: /home/ant/ros2_ws/install/my_new_robot_interfaces/local/lib/python3.10/dist-packages/my_new_robot_interfaces/__init__.py
[6.977s] -- Installing: /home/ant/ros2_ws/install/my_new_robot_interfaces/local/lib/python3.10/dist-packages/my_new_robot_interfaces/_my_new_robot_interfaces_s.ep.rosidl_typesupport_introspection_c.c
[7.023s] Listing '/home/ant/ros2_ws/install/my_new_robot_interfaces/local/lib/python3.10/dist-packages/my_new_robot_interfaces'...
[7.023s] Compiling '/home/ant/ros2_ws/install/my_new_robot_interfaces/local/lib/python3.10/dist-packages/my_new_robot_interfaces/__init__.py'...
[7.023s] Listing '/home/ant/ros2_ws/install/my_new_robot_interfaces/local/lib/python3.10/dist-packages/my_new_robot_interfaces/msg'...
[7.023s] Compiling '/home/ant/ros2_ws/install/my_new_robot_interfaces/local/lib/python3.10/dist-packages/my_new_robot_interfaces/msg/__init__.py'...
[7.023s] Compiling '/home/ant/ros2_ws/install/my_new_robot_interfaces/local/lib/python3.10/dist-packages/my_new_robot_interfaces/msg/_hardware_check.py'...
[7.034s] -- Installing: /home/ant/ros2_ws/install/my_new_robot_interfaces/local/lib/python3.10/dist-packages/my_new_robot_interfaces/my_new_robot_interfaces_s__rosidl_typesupport_fastrtps_c.cpython-311-x86_64-linux-gnu.so
[7.036s] -- Set runtime path of "/home/ant/ros2_ws/install/my_new_robot_interfaces/local/lib/python3.10/dist-packages/my_new_robot_interfaces/my_new_robot_interfaces_s__rosidl_typesupport_fastrtps_c.cpython-311-x86_64-linux-gnu.so" to ""
[7.038s] -- Installing: /home/ant/ros2_ws/install/my_new_robot_interfaces/local/lib/python3.10/dist-packages/my_new_robot_interfaces/my_new_robot_interfaces_s__rosidl_typesupport_introspection_c.cpython-311-x86_64-linux-gnu.so
[7.039s] -- Set runtime path of "/home/ant/ros2_ws/install/my_new_robot_interfaces/local/lib/python3.10/dist-packages/my_new_robot_interfaces/my_new_robot_interfaces_s__rosidl_typesupport_introspection_c.cpython-311-x86_64-linux-gnu.so" to ""
[7.039s] -- Installing: /home/ant/ros2_ws/install/my_new_robot_interfaces/local/lib/python3.10/dist-packages/my_new_robot_interfaces/my_new_robot_interfaces_s__rosidl_typesupport_c.cpython-311-x86_64-linux-gnu.so
[7.040s] -- Set runtime path of "/home/ant/ros2_ws/install/my_new_robot_interfaces/local/lib/python3.10/dist-packages/my_new_robot_interfaces/my_new_robot_interfaces_s__rosidl_typesupport_c.cpython-311-x86_64-linux-gnu.so" to ""
[7.040s] -- Installing: /home/ant/ros2_ws/install/my_new_robot_interfaces/lib/libmy_new_robot_interfaces__rosidl_generator_py.so
[7.042s] -- Set runtime path of "/home/ant/ros2_ws/install/my_new_robot_interfaces/lib/libmy_new_robot_interfaces__rosidl_generator_py.so" to ""
[7.043s] -- Installing: /home/ant/ros2_ws/install/my_new_robot_interfaces/share/my_new_robot_interfaces/msg/HardwareCheck.idl
[7.043s] -- Installing: /home/ant/ros2_ws/install/my_new_robot_interfaces/share/my_new_robot_interfaces/msg/HardwareCheck.msg
[7.044s] -- Installing: /home/ant/ros2_ws/install/my_new_robot_interfaces/share/ament_index/resource_index/package_run_dependencies/my_new_robot_interfaces
[7.045s] -- Installing: /home/ant/ros2_ws/install/my_new_robot_interfaces/share/ament_index/resource_index/parent_prefix_path/my_new_robot_interfaces
[7.045s] -- Up-to-date: /home/ant/ros2_ws/install/my_new_robot_interfaces/share/my_new_robot_interfaces/environment/ament_prefix_path.sh
[7.045s] -- Installing: /home/ant/ros2_ws/install/my_new_robot_interfaces/share/my_new_robot_interfaces/environment/ament_prefix_path.dsv
[7.046s] -- Up-to-date: /home/ant/ros2_ws/install/my_new_robot_interfaces/share/my_new_robot_interfaces/environment/path.sh
[7.046s] -- Installing: /home/ant/ros2_ws/install/my_new_robot_interfaces/share/my_new_robot_interfaces/environment/path.dsv
[7.047s] -- Up-to-date: /home/ant/ros2_ws/install/my_new_robot_interfaces/share/my_new_robot_interfaces/local_setup.bash
[7.047s] -- Installing: /home/ant/ros2_ws/install/my_new_robot_interfaces/share/my_new_robot_interfaces/local_setup.sh
[7.047s] -- Up-to-date: /home/ant/ros2_ws/install/my_new_robot_interfaces/share/my_new_robot_interfaces/local_setup.zsh
[7.048s] -- Installing: /home/ant/ros2_ws/install/my_new_robot_interfaces/share/my_new_robot_interfaces/local_setup.dsv
[7.048s] -- Installing: /home/ant/ros2_ws/install/my_new_robot_interfaces/share/my_new_robot_interfaces/package.dsv
[7.048s] -- Up-to-date: /home/ant/ros2_ws/install/my_new_robot_interfaces/share/ament_index/resource_index/packages/my_new_robot_interfaces
[7.049s] -- Installing: /home/ant/ros2_ws/install/my_new_robot_interfaces/share/my_new_robot_interfaces/cmake/export_my_new_robot_interfaces__rosidl_generator_cExport.cmake
[7.049s] -- Installing: /home/ant/ros2_ws/install/my_new_robot_interfaces/share/my_new_robot_interfaces/cmake/export_my_new_robot_interfaces__rosidl_generator_cExport-noconfig.cmake
[7.049s] -- Installing: /home/ant/ros2_ws/install/my_new_robot_interfaces/share/my_new_robot_interfaces/cmake/export_my_new_robot_interfaces__rosidl_typesupport_fastrtps_cExport.cmake
[7.049s] -- Installing: /home/ant/ros2_ws/install/my_new_robot_interfaces/share/my_new_robot_interfaces/cmake/export_my_new_robot_interfaces__rosidl_typesupport_fastrtps_cExport-noconfig.cmake
[7.050s] -- Installing: /home/ant/ros2_ws/install/my_new_robot_interfaces/share/my_new_robot_interfaces/cmake/my_new_robot_interfaces__rosidl_typesupport_introspection_cExport.cmake
[7.050s] -- Installing: /home/ant/ros2_ws/install/my_new_robot_interfaces/share/my_new_robot_interfaces/cmake/my_new_robot_interfaces__rosidl_typesupport_introspection_cExport-noconfig.cmake
[7.050s] -- Installing: /home/ant/ros2_ws/install/my_new_robot_interfaces/share/my_new_robot_interfaces/cmake/my_new_robot_interfaces__rosidl_typesupport_cExport.cmake
[7.051s] -- Installing: /home/ant/ros2_ws/install/my_new_robot_interfaces/share/my_new_robot_interfaces/cmake/my_new_robot_interfaces__rosidl_typesupport_cExport-noconfig.cmake
[7.052s] -- Installing: /home/ant/ros2_ws/install/my_new_robot_interfaces/share/my_new_robot_interfaces/cmake/export_my_new_robot_interfaces__rosidl_generator_cppExport.cmake
[7.052s] -- Installing: /home/ant/ros2_ws/install/my_new_robot_interfaces/share/my_new_robot_interfaces/cmake/export_my_new_robot_interfaces__rosidl_typesupport_fastrtps_cppExport.cmake
[7.053s] -- Installing: /home/ant/ros2_ws/install/my_new_robot_interfaces/share/my_new_robot_interfaces/cmake/export_my_new_robot_interfaces__rosidl_typesupport_fastrtps_cppExport-noconfig.cmake
[7.053s] -- Installing: /home/ant/ros2_ws/install/my_new_robot_interfaces/share/my_new_robot_interfaces/cmake/my_new_robot_interfaces__rosidl_typesupport_introspection_cppExport.cmake
[7.054s] -- Installing: /home/ant/ros2_ws/install/my_new_robot_interfaces/share/my_new_robot_interfaces/cmake/my_new_robot_interfaces__rosidl_typesupport_introspection_cppExport-noconfig.cmake
[7.054s] -- Installing: /home/ant/ros2_ws/install/my_new_robot_interfaces/share/my_new_robot_interfaces/cmake/my_new_robot_interfaces__rosidl_typesupport_cppExport.cmake
[7.054s] -- Installing: /home/ant/ros2_ws/install/my_new_robot_interfaces/share/my_new_robot_interfaces/cmake/my_new_robot_interfaces__rosidl_typesupport_cppExport-noconfig.cmake
[7.054s] -- Installing: /home/ant/ros2_ws/install/my_new_robot_interfaces/share/my_new_robot_interfaces/cmake/export_my_new_robot_interfaces__rosidl_generator_pyExport.cmake
[7.055s] -- Installing: /home/ant/ros2_ws/install/my_new_robot_interfaces/share/my_new_robot_interfaces/cmake/export_my_new_robot_interfaces__rosidl_generator_pyExport-noconfig.cmake
[7.055s] -- Installing: /home/ant/ros2_ws/install/my_new_robot_interfaces/share/my_new_robot_interfaces/cmake/rosidl_cmake-extras.cmake
[7.055s] -- Installing: /home/ant/ros2_ws/install/my_new_robot_interfaces/share/my_new_robot_interfaces/cmake/ament_cmake_export_include_directories-extras.cmake
[7.055s] -- Installing: /home/ant/ros2_ws/install/my_new_robot_interfaces/share/my_new_robot_interfaces/cmake/ament_cmake_export_libraries-extras.cmake
[7.056s] -- Installing: /home/ant/ros2_ws/install/my_new_robot_interfaces/share/my_new_robot_interfaces/cmake/ament_cmake_export_targets-extras.cmake
[7.056s] -- Installing: /home/ant/ros2_ws/install/my_new_robot_interfaces/share/my_new_robot_interfaces/cmake/rosidl_cmake_export_typesupport_targets-extras.cmake
[7.056s] -- Installing: /home/ant/ros2_ws/install/my_new_robot_interfaces/share/my_new_robot_interfaces/cmake/ament_cmake_export_dependencies-extras.cmake
[7.056s] -- Installing: /home/ant/ros2_ws/install/my_new_robot_interfaces/share/my_new_robot_interfaces/cmake/rosidl_cmake_export_typesupport_libraries-extras.cmake
[7.057s] -- Installing: /home/ant/ros2_ws/install/my_new_robot_interfaces/share/my_new_robot_interfaces/cmake/my_new_robot_interfacesConfig.cmake
[7.057s] -- Up-to-date: /home/ant/ros2_ws/install/my_new_robot_interfaces/share/my_new_robot_interfaces/cmake/my_new_robot_interfacesConfig-version.cmake
[7.057s] -- Installing: /home/ant/ros2_ws/install/my_new_robot_interfaces/share/my_new_robot_interfaces/package.xml
[7.061s] Invoked command in '/home/ant/ros2_ws/build/my_new_robot_interfaces' returned '0': CMAKE_PREFIX_PATH=${CMAKE_PREFIX_PATH}:/home/ant/ros2_ws/install/my_py_pkg:/opt/ros/humble CONDA_PROMPT_MODIFIER=(base) /usr/bin/cmake --install /home/ant/ros2_ws/build/my_new_robot_interfaces
