[0.433s] Invoking command in '/home/ant/ros2_ws/build/my_cpp_pkg': CMAKE_PREFIX_PATH=${CMAKE_PREFIX_PATH}:/home/ant/ros2_ws/install/my_py_pkg:/opt/ros/humble CONDA_PROMPT_MODIFIER=(py310) /usr/bin/cmake /home/ant/ros2_ws/src/my_cpp_pkg -DCMAKE_INSTALL_PREFIX=/home/ant/ros2_ws/install/my_cpp_pkg
[0.697s] -- The C compiler identification is GNU 11.4.0
[1.115s] -- The CXX compiler identification is GNU 11.4.0
[1.226s] -- Detecting C compiler ABI info
[1.787s] -- Detecting C compiler ABI info - done
[1.829s] -- Check for working C compiler: /usr/bin/cc - skipped
[1.833s] -- Detecting C compile features
[1.836s] -- Detecting C compile features - done
[1.850s] -- Detecting CXX compiler ABI info
[2.494s] -- Detecting CXX compiler ABI info - done
[2.560s] -- Check for working CXX compiler: /usr/bin/c++ - skipped
[2.561s] -- Detecting CXX compile features
[2.562s] -- Detecting CXX compile features - done
[2.566s] -- Found ament_cmake: 1.3.5 (/opt/ros/humble/share/ament_cmake/cmake)
[4.034s] -- Found Python3: /home/ant/anaconda3/envs/py310/bin/python3.10 (found version "3.10.13") found components: Interpreter 
[4.352s] -- Found rclcpp: 16.0.6 (/opt/ros/humble/share/rclcpp/cmake)
[4.487s] -- Found rosidl_generator_c: 3.1.5 (/opt/ros/humble/share/rosidl_generator_c/cmake)
[4.499s] -- Found rosidl_adapter: 3.1.5 (/opt/ros/humble/share/rosidl_adapter/cmake)
[4.526s] -- Found rosidl_generator_cpp: 3.1.5 (/opt/ros/humble/share/rosidl_generator_cpp/cmake)
[4.575s] -- Using all available rosidl_typesupport_c: rosidl_typesupport_fastrtps_c;rosidl_typesupport_introspection_c
[4.622s] -- Using all available rosidl_typesupport_cpp: rosidl_typesupport_fastrtps_cpp;rosidl_typesupport_introspection_cpp
[4.807s] -- Found rmw_implementation_cmake: 6.1.1 (/opt/ros/humble/share/rmw_implementation_cmake/cmake)
[4.816s] -- Found rmw_fastrtps_cpp: 6.2.4 (/opt/ros/humble/share/rmw_fastrtps_cpp/cmake)
[5.011s] -- Found OpenSSL: /usr/lib/x86_64-linux-gnu/libcrypto.so (found version "3.0.2")  
[5.049s] -- Found FastRTPS: /opt/ros/humble/include  
[5.115s] -- Using RMW implementation 'rmw_fastrtps_cpp' as default
[5.133s] -- Looking for pthread.h
[5.268s] -- Looking for pthread.h - found
[5.269s] -- Performing Test CMAKE_HAVE_LIBC_PTHREAD
[5.401s] -- Performing Test CMAKE_HAVE_LIBC_PTHREAD - Success
[5.403s] -- Found Threads: TRUE  
[5.673s] -- Found example_interfaces: 0.9.3 (/opt/ros/humble/share/example_interfaces/cmake)
[5.913s] Traceback (most recent call last):
[5.913s]   File "/opt/ros/humble/share/ament_cmake_core/cmake/core/package_xml_2_cmake.py", line 22, in <module>
[5.913s]     from catkin_pkg.package import parse_package_string
[5.914s] ModuleNotFoundError: No module named 'catkin_pkg'
[5.918s] [31mCMake Error at /opt/ros/humble/share/ament_cmake_core/cmake/core/ament_package_xml.cmake:95 (message):
[5.918s]   execute_process(/home/ant/anaconda3/envs/py310/bin/python3.10
[5.918s]   /opt/ros/humble/share/ament_cmake_core/cmake/core/package_xml_2_cmake.py
[5.918s]   /home/ant/ros2_ws/src/my_cpp_pkg/package.xml
[5.918s]   /home/ant/ros2_ws/build/my_cpp_pkg/ament_cmake_core/package.cmake) returned
[5.918s]   error code 1
[5.919s] Call Stack (most recent call first):
[5.919s]   /opt/ros/humble/share/ament_cmake_core/cmake/core/ament_package_xml.cmake:49 (_ament_package_xml)
[5.919s]   /opt/ros/humble/share/ament_cmake_core/cmake/core/ament_package.cmake:63 (ament_package_xml)
[5.919s]   CMakeLists.txt:44 (ament_package)
[5.919s] 
[5.919s] [0m
[5.919s] -- Configuring incomplete, errors occurred!
[5.920s] See also "/home/ant/ros2_ws/build/my_cpp_pkg/CMakeFiles/CMakeOutput.log".
