[2.371s] Invoking command in '/home/ant/ros2_ws/src/my_py_pkg': AMENT_PREFIX_PATH=/home/ant/ros2_ws/install/more_interfaces:${AMENT_PREFIX_PATH} CMAKE_PREFIX_PATH=/home/ant/ros2_ws/install/my_robot_interfaces:/home/ant/ros2_ws/install/more_interfaces:/home/ant/ros2_ws/install/my_new_robot_interfaces:/home/ant/ros2_ws/install/my_cpp_pkg CONDA_PROMPT_MODIFIER=(base) LD_LIBRARY_PATH=/home/ant/ros2_ws/install/my_robot_interfaces/lib:/home/ant/ros2_ws/install/more_interfaces/lib:/home/ant/ros2_ws/install/my_new_robot_interfaces/lib:/opt/ros/humble/opt/rviz_ogre_vendor/lib:/opt/ros/humble/lib/x86_64-linux-gnu:/opt/ros/humble/lib PYTHONPATH=/home/ant/ros2_ws/build/my_py_pkg/prefix_override:/home/ant/ros2_ws/install/my_py_pkg/lib/python3.10/site-packages:/home/ant/ros2_ws/install/more_interfaces/local/lib/python3.10/dist-packages:${PYTHONPATH} /usr/bin/python3 setup.py egg_info --egg-base ../../build/my_py_pkg build --build-base /home/ant/ros2_ws/build/my_py_pkg/build install --record /home/ant/ros2_ws/build/my_py_pkg/install.log --single-version-externally-managed
[3.161s] running egg_info
[3.163s] creating ../../build/my_py_pkg/my_py_pkg.egg-info
[3.163s] writing ../../build/my_py_pkg/my_py_pkg.egg-info/PKG-INFO
[3.164s] writing dependency_links to ../../build/my_py_pkg/my_py_pkg.egg-info/dependency_links.txt
[3.164s] writing entry points to ../../build/my_py_pkg/my_py_pkg.egg-info/entry_points.txt
[3.165s] writing requirements to ../../build/my_py_pkg/my_py_pkg.egg-info/requires.txt
[3.165s] writing top-level names to ../../build/my_py_pkg/my_py_pkg.egg-info/top_level.txt
[3.165s] writing manifest file '../../build/my_py_pkg/my_py_pkg.egg-info/SOURCES.txt'
[3.171s] reading manifest file '../../build/my_py_pkg/my_py_pkg.egg-info/SOURCES.txt'
[3.173s] writing manifest file '../../build/my_py_pkg/my_py_pkg.egg-info/SOURCES.txt'
[3.173s] running build
[3.174s] running build_py
[3.174s] creating /home/ant/ros2_ws/build/my_py_pkg/build
[3.175s] creating /home/ant/ros2_ws/build/my_py_pkg/build/lib
[3.175s] creating /home/ant/ros2_ws/build/my_py_pkg/build/lib/my_py_pkg
[3.175s] copying my_py_pkg/add_two_ints_server.py -> /home/ant/ros2_ws/build/my_py_pkg/build/lib/my_py_pkg
[3.176s] copying my_py_pkg/py_node_template.py -> /home/ant/ros2_ws/build/my_py_pkg/build/lib/my_py_pkg
[3.177s] copying my_py_pkg/add_two_ints_client.py -> /home/ant/ros2_ws/build/my_py_pkg/build/lib/my_py_pkg
[3.178s] copying my_py_pkg/hw_status_publisher.py -> /home/ant/ros2_ws/build/my_py_pkg/build/lib/my_py_pkg
[3.179s] copying my_py_pkg/number_count.py -> /home/ant/ros2_ws/build/my_py_pkg/build/lib/my_py_pkg
[3.179s] copying my_py_pkg/smartphone.py -> /home/ant/ros2_ws/build/my_py_pkg/build/lib/my_py_pkg
[3.180s] copying my_py_pkg/robot_news_station.py -> /home/ant/ros2_ws/build/my_py_pkg/build/lib/my_py_pkg
[3.181s] copying my_py_pkg/add_two_ints_client_no_oop.py -> /home/ant/ros2_ws/build/my_py_pkg/build/lib/my_py_pkg
[3.183s] copying my_py_pkg/__init__.py -> /home/ant/ros2_ws/build/my_py_pkg/build/lib/my_py_pkg
[3.183s] copying my_py_pkg/my_first_node.py -> /home/ant/ros2_ws/build/my_py_pkg/build/lib/my_py_pkg
[3.184s] copying my_py_pkg/number_publisher.py -> /home/ant/ros2_ws/build/my_py_pkg/build/lib/my_py_pkg
[3.186s] running install
[3.188s] running install_lib
[3.190s] creating /home/ant/ros2_ws/install/my_py_pkg/lib/python3.10/site-packages/my_py_pkg
[3.191s] copying /home/ant/ros2_ws/build/my_py_pkg/build/lib/my_py_pkg/add_two_ints_server.py -> /home/ant/ros2_ws/install/my_py_pkg/lib/python3.10/site-packages/my_py_pkg
[3.191s] copying /home/ant/ros2_ws/build/my_py_pkg/build/lib/my_py_pkg/py_node_template.py -> /home/ant/ros2_ws/install/my_py_pkg/lib/python3.10/site-packages/my_py_pkg
[3.192s] copying /home/ant/ros2_ws/build/my_py_pkg/build/lib/my_py_pkg/add_two_ints_client.py -> /home/ant/ros2_ws/install/my_py_pkg/lib/python3.10/site-packages/my_py_pkg
[3.193s] copying /home/ant/ros2_ws/build/my_py_pkg/build/lib/my_py_pkg/hw_status_publisher.py -> /home/ant/ros2_ws/install/my_py_pkg/lib/python3.10/site-packages/my_py_pkg
[3.195s] copying /home/ant/ros2_ws/build/my_py_pkg/build/lib/my_py_pkg/number_count.py -> /home/ant/ros2_ws/install/my_py_pkg/lib/python3.10/site-packages/my_py_pkg
[3.195s] copying /home/ant/ros2_ws/build/my_py_pkg/build/lib/my_py_pkg/smartphone.py -> /home/ant/ros2_ws/install/my_py_pkg/lib/python3.10/site-packages/my_py_pkg
[3.195s] copying /home/ant/ros2_ws/build/my_py_pkg/build/lib/my_py_pkg/robot_news_station.py -> /home/ant/ros2_ws/install/my_py_pkg/lib/python3.10/site-packages/my_py_pkg
[3.198s] copying /home/ant/ros2_ws/build/my_py_pkg/build/lib/my_py_pkg/add_two_ints_client_no_oop.py -> /home/ant/ros2_ws/install/my_py_pkg/lib/python3.10/site-packages/my_py_pkg
[3.200s] copying /home/ant/ros2_ws/build/my_py_pkg/build/lib/my_py_pkg/__init__.py -> /home/ant/ros2_ws/install/my_py_pkg/lib/python3.10/site-packages/my_py_pkg
[3.201s] copying /home/ant/ros2_ws/build/my_py_pkg/build/lib/my_py_pkg/my_first_node.py -> /home/ant/ros2_ws/install/my_py_pkg/lib/python3.10/site-packages/my_py_pkg
[3.202s] copying /home/ant/ros2_ws/build/my_py_pkg/build/lib/my_py_pkg/number_publisher.py -> /home/ant/ros2_ws/install/my_py_pkg/lib/python3.10/site-packages/my_py_pkg
[3.203s] byte-compiling /home/ant/ros2_ws/install/my_py_pkg/lib/python3.10/site-packages/my_py_pkg/add_two_ints_server.py to add_two_ints_server.cpython-310.pyc
[3.204s] byte-compiling /home/ant/ros2_ws/install/my_py_pkg/lib/python3.10/site-packages/my_py_pkg/py_node_template.py to py_node_template.cpython-310.pyc
[3.205s] byte-compiling /home/ant/ros2_ws/install/my_py_pkg/lib/python3.10/site-packages/my_py_pkg/add_two_ints_client.py to add_two_ints_client.cpython-310.pyc
[3.206s] byte-compiling /home/ant/ros2_ws/install/my_py_pkg/lib/python3.10/site-packages/my_py_pkg/hw_status_publisher.py to hw_status_publisher.cpython-310.pyc
[3.207s] byte-compiling /home/ant/ros2_ws/install/my_py_pkg/lib/python3.10/site-packages/my_py_pkg/number_count.py to number_count.cpython-310.pyc
[3.208s] byte-compiling /home/ant/ros2_ws/install/my_py_pkg/lib/python3.10/site-packages/my_py_pkg/smartphone.py to smartphone.cpython-310.pyc
[3.209s] byte-compiling /home/ant/ros2_ws/install/my_py_pkg/lib/python3.10/site-packages/my_py_pkg/robot_news_station.py to robot_news_station.cpython-310.pyc
[3.210s] byte-compiling /home/ant/ros2_ws/install/my_py_pkg/lib/python3.10/site-packages/my_py_pkg/add_two_ints_client_no_oop.py to add_two_ints_client_no_oop.cpython-310.pyc
[3.211s] byte-compiling /home/ant/ros2_ws/install/my_py_pkg/lib/python3.10/site-packages/my_py_pkg/__init__.py to __init__.cpython-310.pyc
[3.212s] byte-compiling /home/ant/ros2_ws/install/my_py_pkg/lib/python3.10/site-packages/my_py_pkg/my_first_node.py to my_first_node.cpython-310.pyc
[3.215s] byte-compiling /home/ant/ros2_ws/install/my_py_pkg/lib/python3.10/site-packages/my_py_pkg/number_publisher.py to number_publisher.cpython-310.pyc
[3.220s] running install_data
[3.222s] creating /home/ant/ros2_ws/install/my_py_pkg/share/ament_index
[3.223s] creating /home/ant/ros2_ws/install/my_py_pkg/share/ament_index/resource_index
[3.223s] creating /home/ant/ros2_ws/install/my_py_pkg/share/ament_index/resource_index/packages
[3.223s] copying resource/my_py_pkg -> /home/ant/ros2_ws/install/my_py_pkg/share/ament_index/resource_index/packages
[3.223s] copying package.xml -> /home/ant/ros2_ws/install/my_py_pkg/share/my_py_pkg
[3.224s] running install_egg_info
[3.239s] Copying ../../build/my_py_pkg/my_py_pkg.egg-info to /home/ant/ros2_ws/install/my_py_pkg/lib/python3.10/site-packages/my_py_pkg-0.0.0-py3.10.egg-info
[3.242s] running install_scripts
[3.289s] Installing add_two_ints_client script to /home/ant/ros2_ws/install/my_py_pkg/lib/my_py_pkg
[3.290s] Installing add_two_ints_client_no_oop script to /home/ant/ros2_ws/install/my_py_pkg/lib/my_py_pkg
[3.291s] Installing add_two_ints_server script to /home/ant/ros2_ws/install/my_py_pkg/lib/my_py_pkg
[3.291s] Installing hw_status_publisher script to /home/ant/ros2_ws/install/my_py_pkg/lib/my_py_pkg
[3.291s] Installing number_count script to /home/ant/ros2_ws/install/my_py_pkg/lib/my_py_pkg
[3.292s] Installing number_publisher script to /home/ant/ros2_ws/install/my_py_pkg/lib/my_py_pkg
[3.293s] Installing py_node script to /home/ant/ros2_ws/install/my_py_pkg/lib/my_py_pkg
[3.293s] Installing robot_news_station script to /home/ant/ros2_ws/install/my_py_pkg/lib/my_py_pkg
[3.294s] Installing smartphone script to /home/ant/ros2_ws/install/my_py_pkg/lib/my_py_pkg
[3.295s] writing list of installed files to '/home/ant/ros2_ws/build/my_py_pkg/install.log'
[3.382s] Invoked command in '/home/ant/ros2_ws/src/my_py_pkg' returned '0': AMENT_PREFIX_PATH=/home/ant/ros2_ws/install/more_interfaces:${AMENT_PREFIX_PATH} CMAKE_PREFIX_PATH=/home/ant/ros2_ws/install/my_robot_interfaces:/home/ant/ros2_ws/install/more_interfaces:/home/ant/ros2_ws/install/my_new_robot_interfaces:/home/ant/ros2_ws/install/my_cpp_pkg CONDA_PROMPT_MODIFIER=(base) LD_LIBRARY_PATH=/home/ant/ros2_ws/install/my_robot_interfaces/lib:/home/ant/ros2_ws/install/more_interfaces/lib:/home/ant/ros2_ws/install/my_new_robot_interfaces/lib:/opt/ros/humble/opt/rviz_ogre_vendor/lib:/opt/ros/humble/lib/x86_64-linux-gnu:/opt/ros/humble/lib PYTHONPATH=/home/ant/ros2_ws/build/my_py_pkg/prefix_override:/home/ant/ros2_ws/install/my_py_pkg/lib/python3.10/site-packages:/home/ant/ros2_ws/install/more_interfaces/local/lib/python3.10/dist-packages:${PYTHONPATH} /usr/bin/python3 setup.py egg_info --egg-base ../../build/my_py_pkg build --build-base /home/ant/ros2_ws/build/my_py_pkg/build install --record /home/ant/ros2_ws/build/my_py_pkg/install.log --single-version-externally-managed
