[  3%] Built target more_interfaces__cpp
[ 12%] Built target more_interfaces__rosidl_generator_c
[ 12%] Built target ament_cmake_python_copy_more_interfaces
[ 22%] Built target more_interfaces__rosidl_typesupport_fastrtps_cpp
[ 32%] Built target more_interfaces__rosidl_typesupport_cpp
[ 41%] Built target more_interfaces__rosidl_typesupport_introspection_cpp
[ 51%] Built target more_interfaces__rosidl_typesupport_c
[ 61%] Built target more_interfaces__rosidl_typesupport_introspection_c
[ 70%] Built target more_interfaces__rosidl_typesupport_fastrtps_c
[ 70%] Built target more_interfaces
[ 74%] Built target more_interfaces__py
[ 80%] Built target more_interfaces__rosidl_generator_py
[ 87%] Built target more_interfaces__rosidl_typesupport_fastrtps_c__pyext
[ 93%] Built target more_interfaces__rosidl_typesupport_c__pyext
[100%] Built target more_interfaces__rosidl_typesupport_introspection_c__pyext
running egg_info
writing more_interfaces.egg-info/PKG-INFO
writing dependency_links to more_interfaces.egg-info/dependency_links.txt
writing top-level names to more_interfaces.egg-info/top_level.txt
reading manifest file 'more_interfaces.egg-info/SOURCES.txt'
writing manifest file 'more_interfaces.egg-info/SOURCES.txt'
[100%] Built target ament_cmake_python_build_more_interfaces_egg
-- Install configuration: ""
-- Installing: /home/ant/ros2_ws/install/more_interfaces/share/ament_index/resource_index/rosidl_interfaces/more_interfaces
-- Installing: /home/ant/ros2_ws/install/more_interfaces/include/more_interfaces/more_interfaces
-- Installing: /home/ant/ros2_ws/install/more_interfaces/include/more_interfaces/more_interfaces/msg
-- Installing: /home/ant/ros2_ws/install/more_interfaces/include/more_interfaces/more_interfaces/msg/detail
-- Installing: /home/ant/ros2_ws/install/more_interfaces/include/more_interfaces/more_interfaces/msg/detail/address_book__type_support.h
-- Installing: /home/ant/ros2_ws/install/more_interfaces/include/more_interfaces/more_interfaces/msg/detail/address_book__struct.h
-- Installing: /home/ant/ros2_ws/install/more_interfaces/include/more_interfaces/more_interfaces/msg/detail/address_book__functions.c
-- Installing: /home/ant/ros2_ws/install/more_interfaces/include/more_interfaces/more_interfaces/msg/detail/address_book__functions.h
-- Installing: /home/ant/ros2_ws/install/more_interfaces/include/more_interfaces/more_interfaces/msg/rosidl_generator_c__visibility_control.h
-- Installing: /home/ant/ros2_ws/install/more_interfaces/include/more_interfaces/more_interfaces/msg/address_book.h
-- Installing: /home/ant/ros2_ws/install/more_interfaces/share/more_interfaces/environment/library_path.sh
-- Installing: /home/ant/ros2_ws/install/more_interfaces/share/more_interfaces/environment/library_path.dsv
-- Installing: /home/ant/ros2_ws/install/more_interfaces/lib/libmore_interfaces__rosidl_generator_c.so
-- Set runtime path of "/home/ant/ros2_ws/install/more_interfaces/lib/libmore_interfaces__rosidl_generator_c.so" to ""
-- Up-to-date: /home/ant/ros2_ws/install/more_interfaces/include/more_interfaces/more_interfaces
-- Up-to-date: /home/ant/ros2_ws/install/more_interfaces/include/more_interfaces/more_interfaces/msg
-- Up-to-date: /home/ant/ros2_ws/install/more_interfaces/include/more_interfaces/more_interfaces/msg/detail
-- Installing: /home/ant/ros2_ws/install/more_interfaces/include/more_interfaces/more_interfaces/msg/detail/address_book__rosidl_typesupport_fastrtps_c.h
-- Installing: /home/ant/ros2_ws/install/more_interfaces/include/more_interfaces/more_interfaces/msg/rosidl_typesupport_fastrtps_c__visibility_control.h
-- Installing: /home/ant/ros2_ws/install/more_interfaces/lib/libmore_interfaces__rosidl_typesupport_fastrtps_c.so
-- Set runtime path of "/home/ant/ros2_ws/install/more_interfaces/lib/libmore_interfaces__rosidl_typesupport_fastrtps_c.so" to ""
-- Up-to-date: /home/ant/ros2_ws/install/more_interfaces/include/more_interfaces/more_interfaces
-- Up-to-date: /home/ant/ros2_ws/install/more_interfaces/include/more_interfaces/more_interfaces/msg
-- Up-to-date: /home/ant/ros2_ws/install/more_interfaces/include/more_interfaces/more_interfaces/msg/detail
-- Installing: /home/ant/ros2_ws/install/more_interfaces/include/more_interfaces/more_interfaces/msg/detail/address_book__type_support.c
-- Installing: /home/ant/ros2_ws/install/more_interfaces/include/more_interfaces/more_interfaces/msg/detail/address_book__rosidl_typesupport_introspection_c.h
-- Installing: /home/ant/ros2_ws/install/more_interfaces/include/more_interfaces/more_interfaces/msg/rosidl_typesupport_introspection_c__visibility_control.h
-- Installing: /home/ant/ros2_ws/install/more_interfaces/lib/libmore_interfaces__rosidl_typesupport_introspection_c.so
-- Set runtime path of "/home/ant/ros2_ws/install/more_interfaces/lib/libmore_interfaces__rosidl_typesupport_introspection_c.so" to ""
-- Installing: /home/ant/ros2_ws/install/more_interfaces/lib/libmore_interfaces__rosidl_typesupport_c.so
-- Set runtime path of "/home/ant/ros2_ws/install/more_interfaces/lib/libmore_interfaces__rosidl_typesupport_c.so" to ""
-- Up-to-date: /home/ant/ros2_ws/install/more_interfaces/include/more_interfaces/more_interfaces
-- Up-to-date: /home/ant/ros2_ws/install/more_interfaces/include/more_interfaces/more_interfaces/msg
-- Up-to-date: /home/ant/ros2_ws/install/more_interfaces/include/more_interfaces/more_interfaces/msg/detail
-- Installing: /home/ant/ros2_ws/install/more_interfaces/include/more_interfaces/more_interfaces/msg/detail/address_book__builder.hpp
-- Installing: /home/ant/ros2_ws/install/more_interfaces/include/more_interfaces/more_interfaces/msg/detail/address_book__struct.hpp
-- Installing: /home/ant/ros2_ws/install/more_interfaces/include/more_interfaces/more_interfaces/msg/detail/address_book__traits.hpp
-- Installing: /home/ant/ros2_ws/install/more_interfaces/include/more_interfaces/more_interfaces/msg/address_book.hpp
-- Up-to-date: /home/ant/ros2_ws/install/more_interfaces/include/more_interfaces/more_interfaces
-- Up-to-date: /home/ant/ros2_ws/install/more_interfaces/include/more_interfaces/more_interfaces/msg
-- Up-to-date: /home/ant/ros2_ws/install/more_interfaces/include/more_interfaces/more_interfaces/msg/detail
-- Installing: /home/ant/ros2_ws/install/more_interfaces/include/more_interfaces/more_interfaces/msg/detail/address_book__rosidl_typesupport_fastrtps_cpp.hpp
-- Installing: /home/ant/ros2_ws/install/more_interfaces/include/more_interfaces/more_interfaces/msg/detail/dds_fastrtps
-- Installing: /home/ant/ros2_ws/install/more_interfaces/include/more_interfaces/more_interfaces/msg/rosidl_typesupport_fastrtps_cpp__visibility_control.h
-- Installing: /home/ant/ros2_ws/install/more_interfaces/lib/libmore_interfaces__rosidl_typesupport_fastrtps_cpp.so
-- Set runtime path of "/home/ant/ros2_ws/install/more_interfaces/lib/libmore_interfaces__rosidl_typesupport_fastrtps_cpp.so" to ""
-- Up-to-date: /home/ant/ros2_ws/install/more_interfaces/include/more_interfaces/more_interfaces
-- Up-to-date: /home/ant/ros2_ws/install/more_interfaces/include/more_interfaces/more_interfaces/msg
-- Up-to-date: /home/ant/ros2_ws/install/more_interfaces/include/more_interfaces/more_interfaces/msg/detail
-- Installing: /home/ant/ros2_ws/install/more_interfaces/include/more_interfaces/more_interfaces/msg/detail/address_book__type_support.cpp
-- Installing: /home/ant/ros2_ws/install/more_interfaces/include/more_interfaces/more_interfaces/msg/detail/address_book__rosidl_typesupport_introspection_cpp.hpp
-- Installing: /home/ant/ros2_ws/install/more_interfaces/lib/libmore_interfaces__rosidl_typesupport_introspection_cpp.so
-- Set runtime path of "/home/ant/ros2_ws/install/more_interfaces/lib/libmore_interfaces__rosidl_typesupport_introspection_cpp.so" to ""
-- Installing: /home/ant/ros2_ws/install/more_interfaces/lib/libmore_interfaces__rosidl_typesupport_cpp.so
-- Set runtime path of "/home/ant/ros2_ws/install/more_interfaces/lib/libmore_interfaces__rosidl_typesupport_cpp.so" to ""
-- Installing: /home/ant/ros2_ws/install/more_interfaces/share/more_interfaces/environment/pythonpath.sh
-- Installing: /home/ant/ros2_ws/install/more_interfaces/share/more_interfaces/environment/pythonpath.dsv
-- Installing: /home/ant/ros2_ws/install/more_interfaces/local/lib/python3.10/dist-packages/more_interfaces-0.0.0-py3.10.egg-info
-- Installing: /home/ant/ros2_ws/install/more_interfaces/local/lib/python3.10/dist-packages/more_interfaces-0.0.0-py3.10.egg-info/PKG-INFO
-- Installing: /home/ant/ros2_ws/install/more_interfaces/local/lib/python3.10/dist-packages/more_interfaces-0.0.0-py3.10.egg-info/dependency_links.txt
-- Installing: /home/ant/ros2_ws/install/more_interfaces/local/lib/python3.10/dist-packages/more_interfaces-0.0.0-py3.10.egg-info/top_level.txt
-- Installing: /home/ant/ros2_ws/install/more_interfaces/local/lib/python3.10/dist-packages/more_interfaces-0.0.0-py3.10.egg-info/SOURCES.txt
-- Installing: /home/ant/ros2_ws/install/more_interfaces/local/lib/python3.10/dist-packages/more_interfaces
-- Installing: /home/ant/ros2_ws/install/more_interfaces/local/lib/python3.10/dist-packages/more_interfaces/_more_interfaces_s.ep.rosidl_typesupport_introspection_c.c
-- Installing: /home/ant/ros2_ws/install/more_interfaces/local/lib/python3.10/dist-packages/more_interfaces/libmore_interfaces__rosidl_generator_py.so
-- Installing: /home/ant/ros2_ws/install/more_interfaces/local/lib/python3.10/dist-packages/more_interfaces/_more_interfaces_s.ep.rosidl_typesupport_c.c
-- Installing: /home/ant/ros2_ws/install/more_interfaces/local/lib/python3.10/dist-packages/more_interfaces/more_interfaces_s__rosidl_typesupport_introspection_c.cpython-311-x86_64-linux-gnu.so
-- Installing: /home/ant/ros2_ws/install/more_interfaces/local/lib/python3.10/dist-packages/more_interfaces/more_interfaces_s__rosidl_typesupport_fastrtps_c.cpython-311-x86_64-linux-gnu.so
-- Installing: /home/ant/ros2_ws/install/more_interfaces/local/lib/python3.10/dist-packages/more_interfaces/msg
-- Installing: /home/ant/ros2_ws/install/more_interfaces/local/lib/python3.10/dist-packages/more_interfaces/msg/_address_book_s.c
-- Installing: /home/ant/ros2_ws/install/more_interfaces/local/lib/python3.10/dist-packages/more_interfaces/msg/__init__.py
-- Installing: /home/ant/ros2_ws/install/more_interfaces/local/lib/python3.10/dist-packages/more_interfaces/msg/_address_book.py
-- Installing: /home/ant/ros2_ws/install/more_interfaces/local/lib/python3.10/dist-packages/more_interfaces/_more_interfaces_s.ep.rosidl_typesupport_fastrtps_c.c
-- Installing: /home/ant/ros2_ws/install/more_interfaces/local/lib/python3.10/dist-packages/more_interfaces/more_interfaces_s__rosidl_typesupport_c.cpython-311-x86_64-linux-gnu.so
-- Installing: /home/ant/ros2_ws/install/more_interfaces/local/lib/python3.10/dist-packages/more_interfaces/__init__.py
Listing '/home/ant/ros2_ws/install/more_interfaces/local/lib/python3.10/dist-packages/more_interfaces'...
Compiling '/home/ant/ros2_ws/install/more_interfaces/local/lib/python3.10/dist-packages/more_interfaces/__init__.py'...
Listing '/home/ant/ros2_ws/install/more_interfaces/local/lib/python3.10/dist-packages/more_interfaces/msg'...
Compiling '/home/ant/ros2_ws/install/more_interfaces/local/lib/python3.10/dist-packages/more_interfaces/msg/__init__.py'...
Compiling '/home/ant/ros2_ws/install/more_interfaces/local/lib/python3.10/dist-packages/more_interfaces/msg/_address_book.py'...
-- Installing: /home/ant/ros2_ws/install/more_interfaces/local/lib/python3.10/dist-packages/more_interfaces/more_interfaces_s__rosidl_typesupport_fastrtps_c.cpython-311-x86_64-linux-gnu.so
-- Set runtime path of "/home/ant/ros2_ws/install/more_interfaces/local/lib/python3.10/dist-packages/more_interfaces/more_interfaces_s__rosidl_typesupport_fastrtps_c.cpython-311-x86_64-linux-gnu.so" to ""
-- Installing: /home/ant/ros2_ws/install/more_interfaces/local/lib/python3.10/dist-packages/more_interfaces/more_interfaces_s__rosidl_typesupport_introspection_c.cpython-311-x86_64-linux-gnu.so
-- Set runtime path of "/home/ant/ros2_ws/install/more_interfaces/local/lib/python3.10/dist-packages/more_interfaces/more_interfaces_s__rosidl_typesupport_introspection_c.cpython-311-x86_64-linux-gnu.so" to ""
-- Installing: /home/ant/ros2_ws/install/more_interfaces/local/lib/python3.10/dist-packages/more_interfaces/more_interfaces_s__rosidl_typesupport_c.cpython-311-x86_64-linux-gnu.so
-- Set runtime path of "/home/ant/ros2_ws/install/more_interfaces/local/lib/python3.10/dist-packages/more_interfaces/more_interfaces_s__rosidl_typesupport_c.cpython-311-x86_64-linux-gnu.so" to ""
-- Installing: /home/ant/ros2_ws/install/more_interfaces/lib/libmore_interfaces__rosidl_generator_py.so
-- Set runtime path of "/home/ant/ros2_ws/install/more_interfaces/lib/libmore_interfaces__rosidl_generator_py.so" to ""
-- Installing: /home/ant/ros2_ws/install/more_interfaces/share/more_interfaces/msg/AddressBook.idl
-- Installing: /home/ant/ros2_ws/install/more_interfaces/share/more_interfaces/msg/AddressBook.msg
-- Installing: /home/ant/ros2_ws/install/more_interfaces/share/ament_index/resource_index/package_run_dependencies/more_interfaces
-- Installing: /home/ant/ros2_ws/install/more_interfaces/share/ament_index/resource_index/parent_prefix_path/more_interfaces
-- Installing: /home/ant/ros2_ws/install/more_interfaces/share/more_interfaces/environment/ament_prefix_path.sh
-- Installing: /home/ant/ros2_ws/install/more_interfaces/share/more_interfaces/environment/ament_prefix_path.dsv
-- Installing: /home/ant/ros2_ws/install/more_interfaces/share/more_interfaces/environment/path.sh
-- Installing: /home/ant/ros2_ws/install/more_interfaces/share/more_interfaces/environment/path.dsv
-- Installing: /home/ant/ros2_ws/install/more_interfaces/share/more_interfaces/local_setup.bash
-- Installing: /home/ant/ros2_ws/install/more_interfaces/share/more_interfaces/local_setup.sh
-- Installing: /home/ant/ros2_ws/install/more_interfaces/share/more_interfaces/local_setup.zsh
-- Installing: /home/ant/ros2_ws/install/more_interfaces/share/more_interfaces/local_setup.dsv
-- Installing: /home/ant/ros2_ws/install/more_interfaces/share/more_interfaces/package.dsv
-- Installing: /home/ant/ros2_ws/install/more_interfaces/share/ament_index/resource_index/packages/more_interfaces
-- Installing: /home/ant/ros2_ws/install/more_interfaces/share/more_interfaces/cmake/export_more_interfaces__rosidl_generator_cExport.cmake
-- Installing: /home/ant/ros2_ws/install/more_interfaces/share/more_interfaces/cmake/export_more_interfaces__rosidl_generator_cExport-noconfig.cmake
-- Installing: /home/ant/ros2_ws/install/more_interfaces/share/more_interfaces/cmake/export_more_interfaces__rosidl_typesupport_fastrtps_cExport.cmake
-- Installing: /home/ant/ros2_ws/install/more_interfaces/share/more_interfaces/cmake/export_more_interfaces__rosidl_typesupport_fastrtps_cExport-noconfig.cmake
-- Installing: /home/ant/ros2_ws/install/more_interfaces/share/more_interfaces/cmake/more_interfaces__rosidl_typesupport_introspection_cExport.cmake
-- Installing: /home/ant/ros2_ws/install/more_interfaces/share/more_interfaces/cmake/more_interfaces__rosidl_typesupport_introspection_cExport-noconfig.cmake
-- Installing: /home/ant/ros2_ws/install/more_interfaces/share/more_interfaces/cmake/more_interfaces__rosidl_typesupport_cExport.cmake
-- Installing: /home/ant/ros2_ws/install/more_interfaces/share/more_interfaces/cmake/more_interfaces__rosidl_typesupport_cExport-noconfig.cmake
-- Installing: /home/ant/ros2_ws/install/more_interfaces/share/more_interfaces/cmake/export_more_interfaces__rosidl_generator_cppExport.cmake
-- Installing: /home/ant/ros2_ws/install/more_interfaces/share/more_interfaces/cmake/export_more_interfaces__rosidl_typesupport_fastrtps_cppExport.cmake
-- Installing: /home/ant/ros2_ws/install/more_interfaces/share/more_interfaces/cmake/export_more_interfaces__rosidl_typesupport_fastrtps_cppExport-noconfig.cmake
-- Installing: /home/ant/ros2_ws/install/more_interfaces/share/more_interfaces/cmake/more_interfaces__rosidl_typesupport_introspection_cppExport.cmake
-- Installing: /home/ant/ros2_ws/install/more_interfaces/share/more_interfaces/cmake/more_interfaces__rosidl_typesupport_introspection_cppExport-noconfig.cmake
-- Installing: /home/ant/ros2_ws/install/more_interfaces/share/more_interfaces/cmake/more_interfaces__rosidl_typesupport_cppExport.cmake
-- Installing: /home/ant/ros2_ws/install/more_interfaces/share/more_interfaces/cmake/more_interfaces__rosidl_typesupport_cppExport-noconfig.cmake
-- Installing: /home/ant/ros2_ws/install/more_interfaces/share/more_interfaces/cmake/export_more_interfaces__rosidl_generator_pyExport.cmake
-- Installing: /home/ant/ros2_ws/install/more_interfaces/share/more_interfaces/cmake/export_more_interfaces__rosidl_generator_pyExport-noconfig.cmake
-- Installing: /home/ant/ros2_ws/install/more_interfaces/share/more_interfaces/cmake/rosidl_cmake-extras.cmake
-- Installing: /home/ant/ros2_ws/install/more_interfaces/share/more_interfaces/cmake/ament_cmake_export_include_directories-extras.cmake
-- Installing: /home/ant/ros2_ws/install/more_interfaces/share/more_interfaces/cmake/ament_cmake_export_libraries-extras.cmake
-- Installing: /home/ant/ros2_ws/install/more_interfaces/share/more_interfaces/cmake/ament_cmake_export_targets-extras.cmake
-- Installing: /home/ant/ros2_ws/install/more_interfaces/share/more_interfaces/cmake/rosidl_cmake_export_typesupport_targets-extras.cmake
-- Installing: /home/ant/ros2_ws/install/more_interfaces/share/more_interfaces/cmake/ament_cmake_export_dependencies-extras.cmake
-- Installing: /home/ant/ros2_ws/install/more_interfaces/share/more_interfaces/cmake/rosidl_cmake_export_typesupport_libraries-extras.cmake
-- Installing: /home/ant/ros2_ws/install/more_interfaces/share/more_interfaces/cmake/more_interfacesConfig.cmake
-- Installing: /home/ant/ros2_ws/install/more_interfaces/share/more_interfaces/cmake/more_interfacesConfig-version.cmake
-- Installing: /home/ant/ros2_ws/install/more_interfaces/share/more_interfaces/package.xml
